[[1;34mINFO[m] Scanning for projects...
[[1;34mINFO[m] [1m------------------------------------------------------------------------[m
[[1;34mINFO[m] [1mReactor Build Order:[m
[[1;34mINFO[m] 
[[1;34mINFO[m] Apache RocketMQ 4.9.3-SNAPSHOT                                     [pom]
[[1;34mINFO[m] rocketmq-logging 4.9.3-SNAPSHOT                                    [jar]
[[1;34mINFO[m] rocketmq-remoting 4.9.3-SNAPSHOT                                   [jar]
[[1;34mINFO[m] rocketmq-common 4.9.3-SNAPSHOT                                     [jar]
[[1;34mINFO[m] rocketmq-client 4.9.3-SNAPSHOT                                     [jar]
[[1;34mINFO[m] rocketmq-store 4.9.3-SNAPSHOT                                      [jar]
[[1;34mINFO[m] rocketmq-srvutil 4.9.3-SNAPSHOT                                    [jar]
[[1;34mINFO[m] rocketmq-filter 4.9.3-SNAPSHOT                                     [jar]
[[1;34mINFO[m] rocketmq-acl 4.9.3-SNAPSHOT                                        [jar]
[[1;34mINFO[m] rocketmq-broker 4.9.3-SNAPSHOT                                     [jar]
[[1;34mINFO[m] rocketmq-tools 4.9.3-SNAPSHOT                                      [jar]
[[1;34mINFO[m] rocketmq-namesrv 4.9.3-SNAPSHOT                                    [jar]
[[1;34mINFO[m] rocketmq-logappender 4.9.3-SNAPSHOT                                [jar]
[[1;34mINFO[m] rocketmq-test 4.9.3-SNAPSHOT                                       [jar]
[[1;34mINFO[m] rocketmq-distribution 4.9.3-SNAPSHOT                               [pom]
[[1;34mINFO[m] rocketmq-openmessaging 4.9.3-SNAPSHOT                              [jar]
[[1;34mINFO[m] rocketmq-example 4.9.3-SNAPSHOT                                    [jar]
[[1;34mINFO[m] 
[[1;34mINFO[m] [1m------------------< [0;36morg.apache.rocketmq:rocketmq-all[0;1m >------------------[m
[[1;34mINFO[m] [1mBuilding Apache RocketMQ 4.9.3-SNAPSHOT 4.9.3-SNAPSHOT            [1/17][m
[[1;34mINFO[m] [1m--------------------------------[ pom ]---------------------------------[m
[[1;34mINFO[m] 
[[1;34mINFO[m] [1m>>> [0;32mtestrunner-maven-plugin:1.2:testplugin[m [1m(default-cli)[0;1m > [0;1mtest-compile[m @ [36mrocketmq-all[0;1m >>>[m
[[1;34mINFO[m] 
[[1;34mINFO[m] [1m--- [0;32mmaven-enforcer-plugin:1.4.1:enforce[m [1m(enforce-ban-circular-dependencies)[m @ [36mrocketmq-all[0;1m ---[m
[[1;34mINFO[m] 
[[1;34mINFO[m] [1m--- [0;32mjacoco-maven-plugin:0.8.5:prepare-agent[m [1m(default-prepare-agent)[m @ [36mrocketmq-all[0;1m ---[m
[[1;34mINFO[m] argLine set to -javaagent:/home/ch61/.m2/repository/org/jacoco/org.jacoco.agent/0.8.5/org.jacoco.agent-0.8.5-runtime.jar=destfile=/home/ch61/rocketmq/target/jacoco.exec
[[1;34mINFO[m] 
[[1;34mINFO[m] [1m--- [0;32mmaven-remote-resources-plugin:1.5:process[m [1m(process-resource-bundles)[m @ [36mrocketmq-all[0;1m ---[m
[[1;34mINFO[m] 
[[1;34mINFO[m] [1m<<< [0;32mtestrunner-maven-plugin:1.2:testplugin[m [1m(default-cli)[0;1m < [0;1mtest-compile[m @ [36mrocketmq-all[0;1m <<<[m
[[1;34mINFO[m] 
[[1;34mINFO[m] 
[[1;34mINFO[m] [1m--- [0;32mtestrunner-maven-plugin:1.2:testplugin[m [1m(default-cli)[m @ [36mrocketmq-all[0;1m ---[m
[[1;34mINFO[m] Accessing cachePath: 
[[1;34mINFO[m] No timeout specified. Using randomize.rounds: 10
[[1;34mINFO[m] ROUNDS_CALCULATED: Giving org.apache.rocketmq:rocketmq-all:4.9.3-SNAPSHOT 10 rounds to run for random-class-method
[[1;34mINFO[m] Accessing cachePath: 
[[1;34mINFO[m] Accessing cachePath: 
[[1;34mINFO[m] Accessing cachePath: 
[[1;34mINFO[m] Module is not using a supported test framework (probably not JUnit), or there is no test.
---------------------------------------------------
ERROR (WRITE_ERROR_STDOUT_STRING): org.apache.rocketmq:rocketmq-all:4.9.3-SNAPSHOT
Message was:
Module is not using a supported test framework (probably not JUnit), or there is no test.
[[1;34mINFO[m] Accessing cachePath: 
[[1;34mINFO[m] Accessing cachePath: 
TRY_COPY_ALL_FAILING_TEST_OUTPUT
[[1;34mINFO[m] 
[[1;34mINFO[m] [1m----------------< [0;36morg.apache.rocketmq:rocketmq-logging[0;1m >----------------[m
[[1;34mINFO[m] [1mBuilding rocketmq-logging 4.9.3-SNAPSHOT 4.9.3-SNAPSHOT           [2/17][m
[[1;34mINFO[m] [1m--------------------------------[ jar ]---------------------------------[m
[[1;34mINFO[m] 
[[1;34mINFO[m] [1m>>> [0;32mtestrunner-maven-plugin:1.2:testplugin[m [1m(default-cli)[0;1m > [0;1mtest-compile[m @ [36mrocketmq-logging[0;1m >>>[m
[[1;34mINFO[m] 
[[1;34mINFO[m] [1m--- [0;32mmaven-enforcer-plugin:1.4.1:enforce[m [1m(enforce-ban-circular-dependencies)[m @ [36mrocketmq-logging[0;1m ---[m
[[1;34mINFO[m] 
[[1;34mINFO[m] [1m--- [0;32mjacoco-maven-plugin:0.8.5:prepare-agent[m [1m(default-prepare-agent)[m @ [36mrocketmq-logging[0;1m ---[m
[[1;34mINFO[m] argLine set to -javaagent:/home/ch61/.m2/repository/org/jacoco/org.jacoco.agent/0.8.5/org.jacoco.agent-0.8.5-runtime.jar=destfile=/home/ch61/rocketmq/logging/target/jacoco.exec
[[1;34mINFO[m] 
[[1;34mINFO[m] [1m--- [0;32mmaven-remote-resources-plugin:1.5:process[m [1m(process-resource-bundles)[m @ [36mrocketmq-logging[0;1m ---[m
[[1;34mINFO[m] 
[[1;34mINFO[m] [1m--- [0;32mmaven-resources-plugin:3.0.2:resources[m [1m(default-resources)[m @ [36mrocketmq-logging[0;1m ---[m
[[1;34mINFO[m] Using 'UTF-8' encoding to copy filtered resources.
[[1;34mINFO[m] skip non existing resourceDirectory /home/ch61/rocketmq/logging/src/main/resources
[[1;34mINFO[m] Copying 3 resources
[[1;34mINFO[m] 
[[1;34mINFO[m] [1m--- [0;32mmaven-compiler-plugin:3.5.1:compile[m [1m(default-compile)[m @ [36mrocketmq-logging[0;1m ---[m
[[1;34mINFO[m] Changes detected - recompiling the module!
[[1;34mINFO[m] Compiling 12 source files to /home/ch61/rocketmq/logging/target/classes
[[1;34mINFO[m] 
[[1;34mINFO[m] [1m--- [0;32mmaven-resources-plugin:3.0.2:testResources[m [1m(default-testResources)[m @ [36mrocketmq-logging[0;1m ---[m
[[1;34mINFO[m] Using 'UTF-8' encoding to copy filtered resources.
[[1;34mINFO[m] Copying 1 resource
[[1;34mINFO[m] Copying 3 resources
[[1;34mINFO[m] 
[[1;34mINFO[m] [1m--- [0;32mmaven-compiler-plugin:3.5.1:testCompile[m [1m(default-testCompile)[m @ [36mrocketmq-logging[0;1m ---[m
[[1;34mINFO[m] Nothing to compile - all classes are up to date
[[1;34mINFO[m] 
[[1;34mINFO[m] [1m<<< [0;32mtestrunner-maven-plugin:1.2:testplugin[m [1m(default-cli)[0;1m < [0;1mtest-compile[m @ [36mrocketmq-logging[0;1m <<<[m
[[1;34mINFO[m] 
[[1;34mINFO[m] 
[[1;34mINFO[m] [1m--- [0;32mtestrunner-maven-plugin:1.2:testplugin[m [1m(default-cli)[m @ [36mrocketmq-logging[0;1m ---[m
[[1;34mINFO[m] Accessing cachePath: 
[[1;34mINFO[m] No timeout specified. Using randomize.rounds: 10
[[1;34mINFO[m] ROUNDS_CALCULATED: Giving org.apache.rocketmq:rocketmq-logging:4.9.3-SNAPSHOT 10 rounds to run for random-class-method
[[1;34mINFO[m] Accessing cachePath: 
[[1;34mINFO[m] Accessing cachePath: 
[[1;34mINFO[m] Accessing cachePath: 
[[1;34mINFO[m] Accessing cachePath: 
[[1;34mINFO[m] Getting original order by parsing logs. ignoreExisting set to: false
[[1;34mINFO[m] Accessing cachePath: 
[INFO] Getting original results (21 tests).
[[1;34mINFO[m] Accessing cachePath: 
[[1;34mINFO[m] Accessing cachePath: 
[[1;34mINFO[m] Accessing cachePath: 
[[1;34mINFO[m] Accessing cachePath: 
[[1;34mINFO[m] Accessing cachePath: 
[[1;34mINFO[m] Created dependent test detector (class edu.illinois.cs.dt.tools.detection.detectors.RandomDetector).
[[1;34mINFO[m] Accessing cachePath: 
[[1;34mINFO[m] Accessing cachePath: 
[[1;34mINFO[m] Accessing cachePath: 
[[1;34mINFO[m] Accessing cachePath: 
[INFO] Found 0 tests in round 1 of 10 (0.0 seconds elapsed (1.0 total), 0.0 seconds remaining).
[[1;34mINFO[m] Accessing cachePath: 
[[1;34mINFO[m] Accessing cachePath: 
[[1;34mINFO[m] Accessing cachePath: 
[[1;34mINFO[m] Accessing cachePath: 
[INFO] Found 0 tests in round 2 of 10 (1.0 seconds elapsed (1.8 total), 3.8 seconds remaining).
[[1;34mINFO[m] Accessing cachePath: 
[[1;34mINFO[m] Accessing cachePath: 
[[1;34mINFO[m] Accessing cachePath: 
[[1;34mINFO[m] Accessing cachePath: 
[INFO] Found 0 tests in round 3 of 10 (1.8 seconds elapsed (2.7 total), 4.2 seconds remaining).
[[1;34mINFO[m] Accessing cachePath: 
[[1;34mINFO[m] Accessing cachePath: 
[[1;34mINFO[m] Accessing cachePath: 
[[1;34mINFO[m] Accessing cachePath: 
[INFO] Found 0 tests in round 4 of 10 (2.7 seconds elapsed (3.6 total), 4.1 seconds remaining).
[[1;34mINFO[m] Accessing cachePath: 
[[1;34mINFO[m] Accessing cachePath: 
[[1;34mINFO[m] Accessing cachePath: 
[[1;34mINFO[m] Accessing cachePath: 
[INFO] Found 0 tests in round 5 of 10 (3.6 seconds elapsed (4.5 total), 3.6 seconds remaining).
[[1;34mINFO[m] Accessing cachePath: 
[[1;34mINFO[m] Accessing cachePath: 
[[1;34mINFO[m] Accessing cachePath: 
[[1;34mINFO[m] Accessing cachePath: 
[INFO] Found 0 tests in round 6 of 10 (4.5 seconds elapsed (5.5 total), 3.0 seconds remaining).
[[1;34mINFO[m] Accessing cachePath: 
[[1;34mINFO[m] Accessing cachePath: 
[[1;34mINFO[m] Accessing cachePath: 
[[1;34mINFO[m] Accessing cachePath: 
[INFO] Found 0 tests in round 7 of 10 (5.5 seconds elapsed (6.4 total), 2.4 seconds remaining).
[[1;34mINFO[m] Accessing cachePath: 
[[1;34mINFO[m] Accessing cachePath: 
[[1;34mINFO[m] Accessing cachePath: 
[[1;34mINFO[m] Accessing cachePath: 
[INFO] Found 0 tests in round 8 of 10 (6.4 seconds elapsed (7.3 total), 1.6 seconds remaining).
[[1;34mINFO[m] Accessing cachePath: 
[[1;34mINFO[m] Accessing cachePath: 
[[1;34mINFO[m] Accessing cachePath: 
[[1;34mINFO[m] Accessing cachePath: 
[INFO] Found 0 tests in round 9 of 10 (7.3 seconds elapsed (8.4 total), 0.8 seconds remaining).
[[1;34mINFO[m] Accessing cachePath: 
[[1;34mINFO[m] Accessing cachePath: 
[[1;34mINFO[m] Accessing cachePath: 
[[1;34mINFO[m] Accessing cachePath: 
[INFO] Found 0 tests in round 10 of 10 (8.4 seconds elapsed (9.4 total), 0.0 seconds remaining).

[INFO] Found 0 tests, writing list to /home/ch61/rocketmq/logging/.dtfixingtools/detection-results/list.txt and dt lists to /home/ch61/rocketmq/logging/.dtfixingtools/detection-results/flaky-lists.json
TRY_COPY_ALL_FAILING_TEST_OUTPUT
[[1;34mINFO[m] 
[[1;34mINFO[m] [1m---------------< [0;36morg.apache.rocketmq:rocketmq-remoting[0;1m >----------------[m
[[1;34mINFO[m] [1mBuilding rocketmq-remoting 4.9.3-SNAPSHOT 4.9.3-SNAPSHOT          [3/17][m
[[1;34mINFO[m] [1m--------------------------------[ jar ]---------------------------------[m
[[1;34mINFO[m] 
[[1;34mINFO[m] [1m>>> [0;32mtestrunner-maven-plugin:1.2:testplugin[m [1m(default-cli)[0;1m > [0;1mtest-compile[m @ [36mrocketmq-remoting[0;1m >>>[m
[[1;34mINFO[m] 
[[1;34mINFO[m] [1m--- [0;32mmaven-enforcer-plugin:1.4.1:enforce[m [1m(enforce-ban-circular-dependencies)[m @ [36mrocketmq-remoting[0;1m ---[m
[[1;34mINFO[m] 
[[1;34mINFO[m] [1m--- [0;32mjacoco-maven-plugin:0.8.5:prepare-agent[m [1m(default-prepare-agent)[m @ [36mrocketmq-remoting[0;1m ---[m
[[1;34mINFO[m] argLine set to -javaagent:/home/ch61/.m2/repository/org/jacoco/org.jacoco.agent/0.8.5/org.jacoco.agent-0.8.5-runtime.jar=destfile=/home/ch61/rocketmq/remoting/target/jacoco.exec
[[1;34mINFO[m] 
[[1;34mINFO[m] [1m--- [0;32mmaven-remote-resources-plugin:1.5:process[m [1m(process-resource-bundles)[m @ [36mrocketmq-remoting[0;1m ---[m
[[1;34mINFO[m] 
[[1;34mINFO[m] [1m--- [0;32mmaven-resources-plugin:3.0.2:resources[m [1m(default-resources)[m @ [36mrocketmq-remoting[0;1m ---[m
[[1;34mINFO[m] Using 'UTF-8' encoding to copy filtered resources.
[[1;34mINFO[m] skip non existing resourceDirectory /home/ch61/rocketmq/remoting/src/main/resources
[[1;34mINFO[m] Copying 3 resources
[[1;34mINFO[m] 
[[1;34mINFO[m] [1m--- [0;32mmaven-compiler-plugin:3.5.1:compile[m [1m(default-compile)[m @ [36mrocketmq-remoting[0;1m ---[m
[[1;34mINFO[m] Nothing to compile - all classes are up to date
[[1;34mINFO[m] 
[[1;34mINFO[m] [1m--- [0;32mmaven-resources-plugin:3.0.2:testResources[m [1m(default-testResources)[m @ [36mrocketmq-remoting[0;1m ---[m
[[1;34mINFO[m] Using 'UTF-8' encoding to copy filtered resources.
[[1;34mINFO[m] Copying 10 resources
[[1;34mINFO[m] Copying 3 resources
[[1;34mINFO[m] 
[[1;34mINFO[m] [1m--- [0;32mmaven-compiler-plugin:3.5.1:testCompile[m [1m(default-testCompile)[m @ [36mrocketmq-remoting[0;1m ---[m
[[1;34mINFO[m] Nothing to compile - all classes are up to date
[[1;34mINFO[m] 
[[1;34mINFO[m] [1m<<< [0;32mtestrunner-maven-plugin:1.2:testplugin[m [1m(default-cli)[0;1m < [0;1mtest-compile[m @ [36mrocketmq-remoting[0;1m <<<[m
[[1;34mINFO[m] 
[[1;34mINFO[m] 
[[1;34mINFO[m] [1m--- [0;32mtestrunner-maven-plugin:1.2:testplugin[m [1m(default-cli)[m @ [36mrocketmq-remoting[0;1m ---[m
[[1;34mINFO[m] Accessing cachePath: 
[[1;34mINFO[m] No timeout specified. Using randomize.rounds: 10
[[1;34mINFO[m] ROUNDS_CALCULATED: Giving org.apache.rocketmq:rocketmq-remoting:4.9.3-SNAPSHOT 10 rounds to run for random-class-method
[[1;34mINFO[m] Accessing cachePath: 
[[1;34mINFO[m] Accessing cachePath: 
[[1;34mINFO[m] Accessing cachePath: 
[[1;34mINFO[m] Accessing cachePath: 
[[1;34mINFO[m] Getting original order by parsing logs. ignoreExisting set to: false
[[1;34mINFO[m] Accessing cachePath: 
[INFO] Getting original results (41 tests).
[[1;34mINFO[m] Accessing cachePath: 
[[1;34mINFO[m] Accessing cachePath: 
[[1;34mINFO[m] Accessing cachePath: 
[[1;34mINFO[m] Accessing cachePath: 
[[1;34mINFO[m] Accessing cachePath: 
[[1;34mINFO[m] Accessing cachePath: 
[[1;34mINFO[m] Accessing cachePath: 
[[1;34mINFO[m] Accessing cachePath: 
[[1;34mINFO[m] Accessing cachePath: 
[[1;34mINFO[m] Accessing cachePath: 
[[1;34mINFO[m] Accessing cachePath: 
[[1;34mINFO[m] Accessing cachePath: 
[[1;34mINFO[m] No passing order for tests (3 runs). Continuing anyway with last run.
[[1;34mINFO[m] Accessing cachePath: 
[[1;34mINFO[m] Created dependent test detector (class edu.illinois.cs.dt.tools.detection.detectors.RandomDetector).
[[1;34mINFO[m] Accessing cachePath: 
[[1;34mINFO[m] Accessing cachePath: 
[[1;34mINFO[m] Accessing cachePath: 
[[1;34mINFO[m] Accessing cachePath: 
[INFO] Found 0 tests in round 1 of 10 (0.0 seconds elapsed (2.4 total), 0.0 seconds remaining).
[[1;34mINFO[m] Accessing cachePath: 
[[1;34mINFO[m] Accessing cachePath: 
[[1;34mINFO[m] Accessing cachePath: 
[[1;34mINFO[m] Accessing cachePath: 
[[1;34mINFO[m] Accessing cachePath: 
[[1;34mINFO[m] Accessing cachePath: 
[[1;34mINFO[m] Accessing cachePath: 
Verified org.apache.rocketmq.remoting.RemotingServerTest.testInvokeOneway, status: expected PASS, got PASS
[[1;34mINFO[m] Accessing cachePath: 
[[1;34mINFO[m] Accessing cachePath: 
Verified org.apache.rocketmq.remoting.RemotingServerTest.testInvokeOneway, status: expected ERROR, got ERROR
[[1;34mINFO[m] Accessing cachePath: 
[[1;34mINFO[m] Accessing cachePath: 
[[1;34mINFO[m] Accessing cachePath: 
Verified org.apache.rocketmq.remoting.RemotingServerTest.testInvokeAsync, status: expected PASS, got PASS
[[1;34mINFO[m] Accessing cachePath: 
[[1;34mINFO[m] Accessing cachePath: 
Verified org.apache.rocketmq.remoting.RemotingServerTest.testInvokeAsync, status: expected ERROR, got ERROR
[[1;34mINFO[m] Accessing cachePath: 
[[1;34mINFO[m] Accessing cachePath: 
[[1;34mINFO[m] Accessing cachePath: 
Verified org.apache.rocketmq.remoting.RemotingServerTest.testInvokeSync, status: expected PASS, got PASS
[[1;34mINFO[m] Accessing cachePath: 
[[1;34mINFO[m] Accessing cachePath: 
Verified org.apache.rocketmq.remoting.RemotingServerTest.testInvokeSync, status: expected SKIPPED, got SKIPPED
[INFO] Found 3 tests in round 2 of 10 (2.4 seconds elapsed (13.0 total), 9.6 seconds remaining).
[[1;34mINFO[m] Accessing cachePath: 
[[1;34mINFO[m] Accessing cachePath: 
[[1;34mINFO[m] Accessing cachePath: 
[[1;34mINFO[m] Accessing cachePath: 
[INFO] Found 0 tests in round 1 of 10 (0.0 seconds elapsed (15.3 total), 0.0 seconds remaining).
[[1;34mINFO[m] Accessing cachePath: 
[[1;34mINFO[m] Accessing cachePath: 
[[1;34mINFO[m] Accessing cachePath: 
[[1;34mINFO[m] Accessing cachePath: 
[INFO] Found 0 tests in round 2 of 10 (2.3 seconds elapsed (17.2 total), 9.3 seconds remaining).
[[1;34mINFO[m] Accessing cachePath: 
[[1;34mINFO[m] Accessing cachePath: 
[[1;34mINFO[m] Accessing cachePath: 
[[1;34mINFO[m] Accessing cachePath: 
[INFO] Found 0 tests in round 3 of 10 (4.2 seconds elapsed (19.6 total), 9.8 seconds remaining).
[[1;34mINFO[m] Accessing cachePath: 
[[1;34mINFO[m] Accessing cachePath: 
[[1;34mINFO[m] Accessing cachePath: 
[[1;34mINFO[m] Accessing cachePath: 
[INFO] Found 0 tests in round 4 of 10 (6.7 seconds elapsed (22.1 total), 10.0 seconds remaining).
[[1;34mINFO[m] Accessing cachePath: 
[[1;34mINFO[m] Accessing cachePath: 
[[1;34mINFO[m] Accessing cachePath: 
[[1;34mINFO[m] Accessing cachePath: 
[INFO] Found 0 tests in round 5 of 10 (9.2 seconds elapsed (24.6 total), 9.2 seconds remaining).
[[1;34mINFO[m] Accessing cachePath: 
[[1;34mINFO[m] Accessing cachePath: 
[[1;34mINFO[m] Accessing cachePath: 
[[1;34mINFO[m] Accessing cachePath: 
[INFO] Found 0 tests in round 6 of 10 (11.6 seconds elapsed (26.5 total), 7.7 seconds remaining).
[[1;34mINFO[m] Accessing cachePath: 
[[1;34mINFO[m] Accessing cachePath: 
[[1;34mINFO[m] Accessing cachePath: 
[[1;34mINFO[m] Accessing cachePath: 
[INFO] Found 0 tests in round 7 of 10 (13.6 seconds elapsed (28.5 total), 5.8 seconds remaining).
[[1;34mINFO[m] Accessing cachePath: 
[[1;34mINFO[m] Accessing cachePath: 
[[1;34mINFO[m] Accessing cachePath: 
[[1;34mINFO[m] Accessing cachePath: 
[INFO] Found 0 tests in round 8 of 10 (15.5 seconds elapsed (30.9 total), 3.9 seconds remaining).
[[1;34mINFO[m] Accessing cachePath: 
[[1;34mINFO[m] Accessing cachePath: 
[[1;34mINFO[m] Accessing cachePath: 
[[1;34mINFO[m] Accessing cachePath: 
[INFO] Found 0 tests in round 9 of 10 (17.9 seconds elapsed (33.4 total), 2.0 seconds remaining).
[[1;34mINFO[m] Accessing cachePath: 
[[1;34mINFO[m] Accessing cachePath: 
[[1;34mINFO[m] Accessing cachePath: 
[[1;34mINFO[m] Accessing cachePath: 
[INFO] Found 0 tests in round 10 of 10 (20.5 seconds elapsed (35.3 total), 0.0 seconds remaining).

[INFO] Found 3 tests, writing list to /home/ch61/rocketmq/remoting/.dtfixingtools/detection-results/list.txt and dt lists to /home/ch61/rocketmq/remoting/.dtfixingtools/detection-results/flaky-lists.json
TRY_COPY_ALL_FAILING_TEST_OUTPUT
[[1;34mINFO[m] 
[[1;34mINFO[m] [1m----------------< [0;36morg.apache.rocketmq:rocketmq-common[0;1m >-----------------[m
[[1;34mINFO[m] [1mBuilding rocketmq-common 4.9.3-SNAPSHOT 4.9.3-SNAPSHOT            [4/17][m
[[1;34mINFO[m] [1m--------------------------------[ jar ]---------------------------------[m
[[1;34mINFO[m] 
[[1;34mINFO[m] [1m>>> [0;32mtestrunner-maven-plugin:1.2:testplugin[m [1m(default-cli)[0;1m > [0;1mtest-compile[m @ [36mrocketmq-common[0;1m >>>[m
[[1;34mINFO[m] 
[[1;34mINFO[m] [1m--- [0;32mmaven-enforcer-plugin:1.4.1:enforce[m [1m(enforce-ban-circular-dependencies)[m @ [36mrocketmq-common[0;1m ---[m
[[1;34mINFO[m] 
[[1;34mINFO[m] [1m--- [0;32mjacoco-maven-plugin:0.8.5:prepare-agent[m [1m(default-prepare-agent)[m @ [36mrocketmq-common[0;1m ---[m
[[1;34mINFO[m] argLine set to -javaagent:/home/ch61/.m2/repository/org/jacoco/org.jacoco.agent/0.8.5/org.jacoco.agent-0.8.5-runtime.jar=destfile=/home/ch61/rocketmq/common/target/jacoco.exec
[[1;34mINFO[m] 
[[1;34mINFO[m] [1m--- [0;32mmaven-remote-resources-plugin:1.5:process[m [1m(process-resource-bundles)[m @ [36mrocketmq-common[0;1m ---[m
[[1;34mINFO[m] 
[[1;34mINFO[m] [1m--- [0;32mmaven-resources-plugin:3.0.2:resources[m [1m(default-resources)[m @ [36mrocketmq-common[0;1m ---[m
[[1;34mINFO[m] Using 'UTF-8' encoding to copy filtered resources.
[[1;34mINFO[m] skip non existing resourceDirectory /home/ch61/rocketmq/common/src/main/resources
[[1;34mINFO[m] Copying 3 resources
[[1;34mINFO[m] 
[[1;34mINFO[m] [1m--- [0;32mmaven-compiler-plugin:3.5.1:compile[m [1m(default-compile)[m @ [36mrocketmq-common[0;1m ---[m
[[1;34mINFO[m] Nothing to compile - all classes are up to date
[[1;34mINFO[m] 
[[1;34mINFO[m] [1m--- [0;32mmaven-resources-plugin:3.0.2:testResources[m [1m(default-testResources)[m @ [36mrocketmq-common[0;1m ---[m
[[1;34mINFO[m] Using 'UTF-8' encoding to copy filtered resources.
[[1;34mINFO[m] skip non existing resourceDirectory /home/ch61/rocketmq/common/src/test/resources
[[1;34mINFO[m] Copying 3 resources
[[1;34mINFO[m] 
[[1;34mINFO[m] [1m--- [0;32mmaven-compiler-plugin:3.5.1:testCompile[m [1m(default-testCompile)[m @ [36mrocketmq-common[0;1m ---[m
[[1;34mINFO[m] Nothing to compile - all classes are up to date
[[1;34mINFO[m] 
[[1;34mINFO[m] [1m<<< [0;32mtestrunner-maven-plugin:1.2:testplugin[m [1m(default-cli)[0;1m < [0;1mtest-compile[m @ [36mrocketmq-common[0;1m <<<[m
[[1;34mINFO[m] 
[[1;34mINFO[m] 
[[1;34mINFO[m] [1m--- [0;32mtestrunner-maven-plugin:1.2:testplugin[m [1m(default-cli)[m @ [36mrocketmq-common[0;1m ---[m
[[1;34mINFO[m] Accessing cachePath: 
[[1;34mINFO[m] No timeout specified. Using randomize.rounds: 10
[[1;34mINFO[m] ROUNDS_CALCULATED: Giving org.apache.rocketmq:rocketmq-common:4.9.3-SNAPSHOT 10 rounds to run for random-class-method
[[1;34mINFO[m] Accessing cachePath: 
[[1;34mINFO[m] Accessing cachePath: 
[[1;34mINFO[m] Accessing cachePath: 
[[1;34mINFO[m] Accessing cachePath: 
[[1;34mINFO[m] Getting original order by parsing logs. ignoreExisting set to: false
[[1;34mINFO[m] Accessing cachePath: 
[INFO] Getting original results (129 tests).
[[1;34mINFO[m] Accessing cachePath: 
[[1;34mINFO[m] Accessing cachePath: 
[[1;34mINFO[m] Accessing cachePath: 
[[1;34mINFO[m] Accessing cachePath: 
[[1;34mINFO[m] Accessing cachePath: 
[[1;34mINFO[m] Created dependent test detector (class edu.illinois.cs.dt.tools.detection.detectors.RandomDetector).
[[1;34mINFO[m] Accessing cachePath: 
[[1;34mINFO[m] Accessing cachePath: 
[[1;34mINFO[m] Accessing cachePath: 
[[1;34mINFO[m] Accessing cachePath: 
[INFO] Found 0 tests in round 1 of 10 (0.0 seconds elapsed (6.4 total), 0.0 seconds remaining).
[[1;34mINFO[m] Accessing cachePath: 
[[1;34mINFO[m] Accessing cachePath: 
[[1;34mINFO[m] Accessing cachePath: 
[[1;34mINFO[m] Accessing cachePath: 
[INFO] Found 0 tests in round 2 of 10 (6.4 seconds elapsed (12.9 total), 25.8 seconds remaining).
[[1;34mINFO[m] Accessing cachePath: 
[[1;34mINFO[m] Accessing cachePath: 
[[1;34mINFO[m] Accessing cachePath: 
[[1;34mINFO[m] Accessing cachePath: 
[INFO] Found 0 tests in round 3 of 10 (12.9 seconds elapsed (19.3 total), 30.1 seconds remaining).
[[1;34mINFO[m] Accessing cachePath: 
[[1;34mINFO[m] Accessing cachePath: 
[[1;34mINFO[m] Accessing cachePath: 
[[1;34mINFO[m] Accessing cachePath: 
[INFO] Found 0 tests in round 4 of 10 (19.3 seconds elapsed (25.6 total), 28.9 seconds remaining).
[[1;34mINFO[m] Accessing cachePath: 
[[1;34mINFO[m] Accessing cachePath: 
[[1;34mINFO[m] Accessing cachePath: 
[[1;34mINFO[m] Accessing cachePath: 
[INFO] Found 0 tests in round 5 of 10 (25.6 seconds elapsed (32.1 total), 25.6 seconds remaining).
[[1;34mINFO[m] Accessing cachePath: 
[[1;34mINFO[m] Accessing cachePath: 
[[1;34mINFO[m] Accessing cachePath: 
[[1;34mINFO[m] Accessing cachePath: 
[INFO] Found 0 tests in round 6 of 10 (32.1 seconds elapsed (38.4 total), 21.4 seconds remaining).
[[1;34mINFO[m] Accessing cachePath: 
[[1;34mINFO[m] Accessing cachePath: 
[[1;34mINFO[m] Accessing cachePath: 
[[1;34mINFO[m] Accessing cachePath: 
[INFO] Found 0 tests in round 7 of 10 (38.4 seconds elapsed (44.8 total), 16.5 seconds remaining).
[[1;34mINFO[m] Accessing cachePath: 
[[1;34mINFO[m] Accessing cachePath: 
[[1;34mINFO[m] Accessing cachePath: 
[[1;34mINFO[m] Accessing cachePath: 
[INFO] Found 0 tests in round 8 of 10 (44.8 seconds elapsed (51.3 total), 11.2 seconds remaining).
[[1;34mINFO[m] Accessing cachePath: 
[[1;34mINFO[m] Accessing cachePath: 
[[1;34mINFO[m] Accessing cachePath: 
[[1;34mINFO[m] Accessing cachePath: 
[INFO] Found 0 tests in round 9 of 10 (51.3 seconds elapsed (57.8 total), 5.7 seconds remaining).
[[1;34mINFO[m] Accessing cachePath: 
[[1;34mINFO[m] Accessing cachePath: 
[[1;34mINFO[m] Accessing cachePath: 
[[1;34mINFO[m] Accessing cachePath: 
[INFO] Found 0 tests in round 10 of 10 (57.8 seconds elapsed (64.1 total), 0.0 seconds remaining).

[INFO] Found 0 tests, writing list to /home/ch61/rocketmq/common/.dtfixingtools/detection-results/list.txt and dt lists to /home/ch61/rocketmq/common/.dtfixingtools/detection-results/flaky-lists.json
TRY_COPY_ALL_FAILING_TEST_OUTPUT
[[1;34mINFO[m] 
[[1;34mINFO[m] [1m----------------< [0;36morg.apache.rocketmq:rocketmq-client[0;1m >-----------------[m
[[1;34mINFO[m] [1mBuilding rocketmq-client 4.9.3-SNAPSHOT 4.9.3-SNAPSHOT            [5/17][m
[[1;34mINFO[m] [1m--------------------------------[ jar ]---------------------------------[m
[[1;34mINFO[m] 
[[1;34mINFO[m] [1m>>> [0;32mtestrunner-maven-plugin:1.2:testplugin[m [1m(default-cli)[0;1m > [0;1mtest-compile[m @ [36mrocketmq-client[0;1m >>>[m
[[1;34mINFO[m] 
[[1;34mINFO[m] [1m--- [0;32mmaven-enforcer-plugin:1.4.1:enforce[m [1m(enforce-ban-circular-dependencies)[m @ [36mrocketmq-client[0;1m ---[m
[[1;34mINFO[m] 
[[1;34mINFO[m] [1m--- [0;32mjacoco-maven-plugin:0.8.5:prepare-agent[m [1m(default-prepare-agent)[m @ [36mrocketmq-client[0;1m ---[m
[[1;34mINFO[m] argLine set to -javaagent:/home/ch61/.m2/repository/org/jacoco/org.jacoco.agent/0.8.5/org.jacoco.agent-0.8.5-runtime.jar=destfile=/home/ch61/rocketmq/client/target/jacoco.exec
[[1;34mINFO[m] 
[[1;34mINFO[m] [1m--- [0;32mmaven-remote-resources-plugin:1.5:process[m [1m(process-resource-bundles)[m @ [36mrocketmq-client[0;1m ---[m
[[1;34mINFO[m] 
[[1;34mINFO[m] [1m--- [0;32mmaven-resources-plugin:3.0.2:resources[m [1m(default-resources)[m @ [36mrocketmq-client[0;1m ---[m
[[1;34mINFO[m] Using 'UTF-8' encoding to copy filtered resources.
[[1;34mINFO[m] skip non existing resourceDirectory /home/ch61/rocketmq/client/src/main/resources
[[1;34mINFO[m] Copying 3 resources
[[1;34mINFO[m] 
[[1;34mINFO[m] [1m--- [0;32mmaven-compiler-plugin:3.5.1:compile[m [1m(default-compile)[m @ [36mrocketmq-client[0;1m ---[m
[[1;34mINFO[m] Changes detected - recompiling the module!
[[1;34mINFO[m] Compiling 127 source files to /home/ch61/rocketmq/client/target/classes
[[1;33mWARNING[m] /home/ch61/rocketmq/client/src/main/java/org/apache/rocketmq/client/consumer/DefaultMQPullConsumer.java:[27,48] org.apache.rocketmq.client.impl.consumer.DefaultMQPullConsumerImpl in org.apache.rocketmq.client.impl.consumer has been deprecated
[[1;33mWARNING[m] /home/ch61/rocketmq/client/src/main/java/org/apache/rocketmq/client/impl/factory/MQClientInstance.java:[49,48] org.apache.rocketmq.client.impl.consumer.DefaultMQPullConsumerImpl in org.apache.rocketmq.client.impl.consumer has been deprecated
[[1;33mWARNING[m] /home/ch61/rocketmq/client/src/main/java/org/apache/rocketmq/client/impl/MQClientAPIImpl.java:[74,48] org.apache.rocketmq.common.protocol.body.GetConsumerStatusBody in org.apache.rocketmq.common.protocol.body has been deprecated
[[1;33mWARNING[m] /home/ch61/rocketmq/client/src/main/java/org/apache/rocketmq/client/impl/ClientRemotingProcessor.java:[41,48] org.apache.rocketmq.common.protocol.body.GetConsumerStatusBody in org.apache.rocketmq.common.protocol.body has been deprecated
[[1;33mWARNING[m] /home/ch61/rocketmq/client/src/main/java/org/apache/rocketmq/client/MQHelper.java:[21,43] org.apache.rocketmq.client.consumer.DefaultMQPullConsumer in org.apache.rocketmq.client.consumer has been deprecated
[[1;33mWARNING[m] /home/ch61/rocketmq/client/src/main/java/org/apache/rocketmq/client/impl/factory/MQClientInstance.java:[243,43] getDefaultMQProducerImpl() in org.apache.rocketmq.client.producer.DefaultMQProducer has been deprecated
[[1;33mWARNING[m] /home/ch61/rocketmq/client/src/main/java/org/apache/rocketmq/client/impl/factory/MQClientInstance.java:[847,43] getDefaultMQProducerImpl() in org.apache.rocketmq.client.producer.DefaultMQProducer has been deprecated
[[1;33mWARNING[m] /home/ch61/rocketmq/client/src/main/java/org/apache/rocketmq/client/impl/factory/MQClientInstance.java:[1143,52] org.apache.rocketmq.client.impl.consumer.DefaultMQPullConsumerImpl in org.apache.rocketmq.client.impl.consumer has been deprecated
[[1;33mWARNING[m] /home/ch61/rocketmq/client/src/main/java/org/apache/rocketmq/client/impl/factory/MQClientInstance.java:[1144,13] org.apache.rocketmq.client.impl.consumer.DefaultMQPullConsumerImpl in org.apache.rocketmq.client.impl.consumer has been deprecated
[[1;33mWARNING[m] /home/ch61/rocketmq/client/src/main/java/org/apache/rocketmq/client/impl/factory/MQClientInstance.java:[1144,51] org.apache.rocketmq.client.impl.consumer.DefaultMQPullConsumerImpl in org.apache.rocketmq.client.impl.consumer has been deprecated
[[1;33mWARNING[m] /home/ch61/rocketmq/client/src/main/java/org/apache/rocketmq/client/impl/producer/MQProducerInner.java:[30,5] org.apache.rocketmq.client.producer.TransactionCheckListener in org.apache.rocketmq.client.producer has been deprecated
[[1;33mWARNING[m] /home/ch61/rocketmq/client/src/main/java/org/apache/rocketmq/client/impl/MQClientAPIImpl.java:[1670,21] org.apache.rocketmq.common.protocol.body.GetConsumerStatusBody in org.apache.rocketmq.common.protocol.body has been deprecated
[[1;33mWARNING[m] /home/ch61/rocketmq/client/src/main/java/org/apache/rocketmq/client/impl/MQClientAPIImpl.java:[1670,99] org.apache.rocketmq.common.protocol.body.GetConsumerStatusBody in org.apache.rocketmq.common.protocol.body has been deprecated
[[1;33mWARNING[m] /home/ch61/rocketmq/client/src/main/java/org/apache/rocketmq/client/impl/MQClientAPIImpl.java:[1670,50] org.apache.rocketmq.common.protocol.body.GetConsumerStatusBody in org.apache.rocketmq.common.protocol.body has been deprecated
[[1;33mWARNING[m] /home/ch61/rocketmq/client/src/main/java/org/apache/rocketmq/client/producer/DefaultMQProducer.java:[394,35] send(org.apache.rocketmq.common.message.Message,org.apache.rocketmq.client.producer.SendCallback,long) in org.apache.rocketmq.client.impl.producer.DefaultMQProducerImpl has been deprecated
[[1;33mWARNING[m] /home/ch61/rocketmq/client/src/main/java/org/apache/rocketmq/client/producer/DefaultMQProducer.java:[483,35] send(org.apache.rocketmq.common.message.Message,org.apache.rocketmq.common.message.MessageQueue,org.apache.rocketmq.client.producer.SendCallback,long) in org.apache.rocketmq.client.impl.producer.DefaultMQProducerImpl has been deprecated
[[1;33mWARNING[m] /home/ch61/rocketmq/client/src/main/java/org/apache/rocketmq/client/producer/DefaultMQProducer.java:[577,35] send(org.apache.rocketmq.common.message.Message,org.apache.rocketmq.client.producer.MessageQueueSelector,java.lang.Object,org.apache.rocketmq.client.producer.SendCallback,long) in org.apache.rocketmq.client.impl.producer.DefaultMQProducerImpl has been deprecated
[[1;33mWARNING[m] /home/ch61/rocketmq/client/src/main/java/org/apache/rocketmq/client/producer/DefaultMQProducer.java:[734,72] org.apache.rocketmq.client.producer.LocalTransactionExecuter in org.apache.rocketmq.client.producer has been deprecated
[[1;33mWARNING[m] /home/ch61/rocketmq/client/src/main/java/org/apache/rocketmq/client/producer/DefaultMQProducer.java:[939,35] send(org.apache.rocketmq.common.message.Message,org.apache.rocketmq.client.producer.SendCallback,long) in org.apache.rocketmq.client.impl.producer.DefaultMQProducerImpl has been deprecated
[[1;33mWARNING[m] /home/ch61/rocketmq/client/src/main/java/org/apache/rocketmq/client/producer/DefaultMQProducer.java:[951,35] send(org.apache.rocketmq.common.message.Message,org.apache.rocketmq.common.message.MessageQueue,org.apache.rocketmq.client.producer.SendCallback,long) in org.apache.rocketmq.client.impl.producer.DefaultMQProducerImpl has been deprecated
[[1;33mWARNING[m] /home/ch61/rocketmq/client/src/main/java/org/apache/rocketmq/client/producer/MQProducer.java:[85,15] org.apache.rocketmq.client.producer.LocalTransactionExecuter in org.apache.rocketmq.client.producer has been deprecated
[[1;33mWARNING[m] /home/ch61/rocketmq/client/src/main/java/org/apache/rocketmq/client/impl/producer/DefaultMQProducerImpl.java:[346,17] org.apache.rocketmq.client.producer.TransactionCheckListener in org.apache.rocketmq.client.producer has been deprecated
[[1;33mWARNING[m] /home/ch61/rocketmq/client/src/main/java/org/apache/rocketmq/client/impl/producer/DefaultMQProducerImpl.java:[1249,15] org.apache.rocketmq.client.producer.LocalTransactionExecuter in org.apache.rocketmq.client.producer has been deprecated
[[1;33mWARNING[m] /home/ch61/rocketmq/client/src/main/java/org/apache/rocketmq/client/impl/consumer/ProcessQueue.java:[78,25] getDefaultMQPushConsumerImpl() in org.apache.rocketmq.client.consumer.DefaultMQPushConsumer has been deprecated
[[1;33mWARNING[m] /home/ch61/rocketmq/client/src/main/java/org/apache/rocketmq/client/impl/consumer/ProcessQueue.java:[103,29] sendMessageBack(org.apache.rocketmq.common.message.MessageExt,int) in org.apache.rocketmq.client.consumer.DefaultMQPushConsumer has been deprecated
[[1;33mWARNING[m] /home/ch61/rocketmq/client/src/main/java/org/apache/rocketmq/client/consumer/DefaultMQPushConsumer.java:[777,17] subscribe(java.lang.String,java.lang.String,java.lang.String) in org.apache.rocketmq.client.consumer.MQPushConsumer has been deprecated
[[1;33mWARNING[m] /home/ch61/rocketmq/client/src/main/java/org/apache/rocketmq/client/impl/consumer/DefaultMQPushConsumerImpl.java:[601,47] getOffsetStore() in org.apache.rocketmq.client.consumer.DefaultMQPushConsumer has been deprecated
[[1;33mWARNING[m] /home/ch61/rocketmq/client/src/main/java/org/apache/rocketmq/client/impl/consumer/DefaultMQPushConsumerImpl.java:[602,66] getOffsetStore() in org.apache.rocketmq.client.consumer.DefaultMQPushConsumer has been deprecated
[[1;33mWARNING[m] /home/ch61/rocketmq/client/src/main/java/org/apache/rocketmq/client/impl/consumer/DefaultMQPushConsumerImpl.java:[614,47] setOffsetStore(org.apache.rocketmq.client.consumer.store.OffsetStore) in org.apache.rocketmq.client.consumer.DefaultMQPushConsumer has been deprecated
[[1;33mWARNING[m] /home/ch61/rocketmq/client/src/main/java/org/apache/rocketmq/client/impl/consumer/RebalancePullImpl.java:[30,19] org.apache.rocketmq.client.impl.consumer.DefaultMQPullConsumerImpl in org.apache.rocketmq.client.impl.consumer has been deprecated
[[1;33mWARNING[m] /home/ch61/rocketmq/client/src/main/java/org/apache/rocketmq/client/impl/consumer/RebalancePullImpl.java:[32,30] org.apache.rocketmq.client.impl.consumer.DefaultMQPullConsumerImpl in org.apache.rocketmq.client.impl.consumer has been deprecated
[[1;33mWARNING[m] /home/ch61/rocketmq/client/src/main/java/org/apache/rocketmq/client/impl/consumer/RebalancePullImpl.java:[38,43] org.apache.rocketmq.client.impl.consumer.DefaultMQPullConsumerImpl in org.apache.rocketmq.client.impl.consumer has been deprecated
[[1;33mWARNING[m] /home/ch61/rocketmq/client/src/main/java/org/apache/rocketmq/client/MQHelper.java:[53,9] org.apache.rocketmq.client.consumer.DefaultMQPullConsumer in org.apache.rocketmq.client.consumer has been deprecated
[[1;33mWARNING[m] /home/ch61/rocketmq/client/src/main/java/org/apache/rocketmq/client/MQHelper.java:[53,46] org.apache.rocketmq.client.consumer.DefaultMQPullConsumer in org.apache.rocketmq.client.consumer has been deprecated
[[1;33mWARNING[m] /home/ch61/rocketmq/client/src/main/java/org/apache/rocketmq/client/MQHelper.java:[64,43] searchOffset(org.apache.rocketmq.common.message.MessageQueue,long) in org.apache.rocketmq.client.consumer.DefaultMQPullConsumer has been deprecated
[[1;33mWARNING[m] /home/ch61/rocketmq/client/src/main/java/org/apache/rocketmq/client/MQHelper.java:[77,25] getDefaultMQPullConsumerImpl() in org.apache.rocketmq.client.consumer.DefaultMQPullConsumer has been deprecated
[[1;33mWARNING[m] /home/ch61/rocketmq/client/src/main/java/org/apache/rocketmq/client/trace/AsyncTraceDispatcher.java:[370,87] getDefaultMQProducerImpl() in org.apache.rocketmq.client.producer.DefaultMQProducer has been deprecated
[[1;33mWARNING[m] /home/ch61/rocketmq/client/src/main/java/org/apache/rocketmq/client/producer/TransactionMQProducer.java:[26,13] org.apache.rocketmq.client.producer.TransactionCheckListener in org.apache.rocketmq.client.producer has been deprecated
[[1;33mWARNING[m] /home/ch61/rocketmq/client/src/main/java/org/apache/rocketmq/client/producer/TransactionMQProducer.java:[97,12] org.apache.rocketmq.client.producer.TransactionCheckListener in org.apache.rocketmq.client.producer has been deprecated
[[1;33mWARNING[m] /home/ch61/rocketmq/client/src/main/java/org/apache/rocketmq/client/consumer/MQPullConsumerScheduleService.java:[45,13] org.apache.rocketmq.client.consumer.DefaultMQPullConsumer in org.apache.rocketmq.client.consumer has been deprecated
[[1;33mWARNING[m] /home/ch61/rocketmq/client/src/main/java/org/apache/rocketmq/client/consumer/MQPullConsumerScheduleService.java:[52,42] org.apache.rocketmq.client.consumer.DefaultMQPullConsumer in org.apache.rocketmq.client.consumer has been deprecated
[[1;33mWARNING[m] /home/ch61/rocketmq/client/src/main/java/org/apache/rocketmq/client/consumer/MQPullConsumerScheduleService.java:[57,42] org.apache.rocketmq.client.consumer.DefaultMQPullConsumer in org.apache.rocketmq.client.consumer has been deprecated
[[1;33mWARNING[m] /home/ch61/rocketmq/client/src/main/java/org/apache/rocketmq/client/consumer/MQPullConsumerScheduleService.java:[129,12] org.apache.rocketmq.client.consumer.DefaultMQPullConsumer in org.apache.rocketmq.client.consumer has been deprecated
[[1;33mWARNING[m] /home/ch61/rocketmq/client/src/main/java/org/apache/rocketmq/client/consumer/MQPullConsumerScheduleService.java:[133,42] org.apache.rocketmq.client.consumer.DefaultMQPullConsumer in org.apache.rocketmq.client.consumer has been deprecated
[[1;33mWARNING[m] /home/ch61/rocketmq/client/src/main/java/org/apache/rocketmq/client/impl/consumer/ConsumeMessageOrderlyService.java:[381,39] getDefaultMQPushConsumerImpl() in org.apache.rocketmq.client.consumer.DefaultMQPushConsumer has been deprecated
[[1;33mWARNING[m] /home/ch61/rocketmq/client/src/main/java/org/apache/rocketmq/client/impl/consumer/ConsumeMessageOrderlyService.java:[501,56] ROLLBACK in org.apache.rocketmq.client.consumer.listener.ConsumeOrderlyStatus has been deprecated
[[1;33mWARNING[m] /home/ch61/rocketmq/client/src/main/java/org/apache/rocketmq/client/impl/consumer/ConsumeMessageOrderlyService.java:[535,111] COMMIT in org.apache.rocketmq.client.consumer.listener.ConsumeOrderlyStatus has been deprecated
[[1;34mINFO[m] /home/ch61/rocketmq/client/src/main/java/org/apache/rocketmq/client/impl/factory/MQClientInstance.java: Some input files use unchecked or unsafe operations.
[[1;34mINFO[m] /home/ch61/rocketmq/client/src/main/java/org/apache/rocketmq/client/impl/factory/MQClientInstance.java: Recompile with -Xlint:unchecked for details.
[[1;34mINFO[m] 
[[1;34mINFO[m] [1m--- [0;32mmaven-resources-plugin:3.0.2:testResources[m [1m(default-testResources)[m @ [36mrocketmq-client[0;1m ---[m
[[1;34mINFO[m] Using 'UTF-8' encoding to copy filtered resources.
[[1;34mINFO[m] Copying 1 resource
[[1;34mINFO[m] Copying 3 resources
[[1;34mINFO[m] 
[[1;34mINFO[m] [1m--- [0;32mmaven-compiler-plugin:3.5.1:testCompile[m [1m(default-testCompile)[m @ [36mrocketmq-client[0;1m ---[m
[[1;34mINFO[m] Changes detected - recompiling the module!
[[1;34mINFO[m] Compiling 31 source files to /home/ch61/rocketmq/client/target/test-classes
[[1;33mWARNING[m] /home/ch61/rocketmq/client/src/test/java/org/apache/rocketmq/client/impl/MQClientAPIImplTest.java:[46,19] org.mockito.Matchers in org.mockito has been deprecated
[[1;33mWARNING[m] /home/ch61/rocketmq/client/src/test/java/org/apache/rocketmq/client/impl/MQClientAPIImplTest.java:[46,19] org.mockito.Matchers in org.mockito has been deprecated
[[1;33mWARNING[m] /home/ch61/rocketmq/client/src/test/java/org/apache/rocketmq/client/impl/MQClientAPIImplTest.java:[46,19] org.mockito.Matchers in org.mockito has been deprecated
[[1;33mWARNING[m] /home/ch61/rocketmq/client/src/test/java/org/apache/rocketmq/client/trace/DefaultMQLitePullConsumerWithTraceTest.java:[200,37] getDefaultMQProducerImpl() in org.apache.rocketmq.client.producer.DefaultMQProducer has been deprecated
[[1;33mWARNING[m] /home/ch61/rocketmq/client/src/test/java/org/apache/rocketmq/client/trace/DefaultMQLitePullConsumerWithTraceTest.java:[222,125] getDefaultMQProducerImpl() in org.apache.rocketmq.client.producer.DefaultMQProducer has been deprecated
[[1;33mWARNING[m] /home/ch61/rocketmq/client/src/test/java/org/apache/rocketmq/client/trace/DefaultMQLitePullConsumerWithTraceTest.java:[222,22] getDefaultMQProducerImpl() in org.apache.rocketmq.client.producer.DefaultMQProducer has been deprecated
[[1;33mWARNING[m] /home/ch61/rocketmq/client/src/test/java/org/apache/rocketmq/client/trace/DefaultMQProducerWithTraceTest.java:[102,27] getDefaultMQProducerImpl() in org.apache.rocketmq.client.producer.DefaultMQProducer has been deprecated
[[1;33mWARNING[m] /home/ch61/rocketmq/client/src/test/java/org/apache/rocketmq/client/trace/DefaultMQProducerWithTraceTest.java:[106,37] getDefaultMQProducerImpl() in org.apache.rocketmq.client.producer.DefaultMQProducer has been deprecated
[[1;33mWARNING[m] /home/ch61/rocketmq/client/src/test/java/org/apache/rocketmq/client/trace/DefaultMQProducerWithTraceTest.java:[112,110] getDefaultMQProducerImpl() in org.apache.rocketmq.client.producer.DefaultMQProducer has been deprecated
[[1;33mWARNING[m] /home/ch61/rocketmq/client/src/test/java/org/apache/rocketmq/client/trace/DefaultMQProducerWithTraceTest.java:[112,17] getDefaultMQProducerImpl() in org.apache.rocketmq.client.producer.DefaultMQProducer has been deprecated
[[1;33mWARNING[m] /home/ch61/rocketmq/client/src/test/java/org/apache/rocketmq/client/trace/DefaultMQProducerWithTraceTest.java:[124,125] getDefaultMQProducerImpl() in org.apache.rocketmq.client.producer.DefaultMQProducer has been deprecated
[[1;33mWARNING[m] /home/ch61/rocketmq/client/src/test/java/org/apache/rocketmq/client/trace/DefaultMQProducerWithTraceTest.java:[124,22] getDefaultMQProducerImpl() in org.apache.rocketmq.client.producer.DefaultMQProducer has been deprecated
[[1;33mWARNING[m] /home/ch61/rocketmq/client/src/test/java/org/apache/rocketmq/client/trace/TransactionMQProducerWithOpenTracingTest.java:[104,17] getDefaultMQProducerImpl() in org.apache.rocketmq.client.producer.DefaultMQProducer has been deprecated
[[1;33mWARNING[m] /home/ch61/rocketmq/client/src/test/java/org/apache/rocketmq/client/trace/TransactionMQProducerWithOpenTracingTest.java:[105,17] getDefaultMQProducerImpl() in org.apache.rocketmq.client.producer.DefaultMQProducer has been deprecated
[[1;33mWARNING[m] /home/ch61/rocketmq/client/src/test/java/org/apache/rocketmq/client/trace/TransactionMQProducerWithOpenTracingTest.java:[115,27] getDefaultMQProducerImpl() in org.apache.rocketmq.client.producer.DefaultMQProducer has been deprecated
[[1;33mWARNING[m] /home/ch61/rocketmq/client/src/test/java/org/apache/rocketmq/client/trace/TransactionMQProducerWithOpenTracingTest.java:[121,110] getDefaultMQProducerImpl() in org.apache.rocketmq.client.producer.DefaultMQProducer has been deprecated
[[1;33mWARNING[m] /home/ch61/rocketmq/client/src/test/java/org/apache/rocketmq/client/trace/TransactionMQProducerWithOpenTracingTest.java:[121,17] getDefaultMQProducerImpl() in org.apache.rocketmq.client.producer.DefaultMQProducer has been deprecated
[[1;33mWARNING[m] /home/ch61/rocketmq/client/src/test/java/org/apache/rocketmq/client/trace/TransactionMQProducerWithOpenTracingTest.java:[133,115] getDefaultMQProducerImpl() in org.apache.rocketmq.client.producer.DefaultMQProducer has been deprecated
[[1;33mWARNING[m] /home/ch61/rocketmq/client/src/test/java/org/apache/rocketmq/client/trace/TransactionMQProducerWithOpenTracingTest.java:[133,17] getDefaultMQProducerImpl() in org.apache.rocketmq.client.producer.DefaultMQProducer has been deprecated
[[1;33mWARNING[m] /home/ch61/rocketmq/client/src/test/java/org/apache/rocketmq/client/impl/MQClientAPIImplTest.java:[342,45] org.mockito.Matchers in org.mockito has been deprecated
[[1;33mWARNING[m] /home/ch61/rocketmq/client/src/test/java/org/apache/rocketmq/client/impl/MQClientAPIImplTest.java:[342,104] org.mockito.Matchers in org.mockito has been deprecated
[[1;33mWARNING[m] /home/ch61/rocketmq/client/src/test/java/org/apache/rocketmq/client/impl/MQClientAPIImplTest.java:[342,67] org.mockito.Matchers in org.mockito has been deprecated
[[1;33mWARNING[m] /home/ch61/rocketmq/client/src/test/java/org/apache/rocketmq/client/impl/MQClientAPIImplTest.java:[342,124] org.mockito.Matchers in org.mockito has been deprecated
[[1;33mWARNING[m] /home/ch61/rocketmq/client/src/test/java/org/apache/rocketmq/client/consumer/DefaultLitePullConsumerTest.java:[489,36] computePullFromWhere(org.apache.rocketmq.common.message.MessageQueue) in org.apache.rocketmq.client.impl.consumer.RebalanceImpl has been deprecated
[[1;33mWARNING[m] /home/ch61/rocketmq/client/src/test/java/org/apache/rocketmq/client/consumer/DefaultLitePullConsumerTest.java:[499,36] computePullFromWhere(org.apache.rocketmq.common.message.MessageQueue) in org.apache.rocketmq.client.impl.consumer.RebalanceImpl has been deprecated
[[1;33mWARNING[m] /home/ch61/rocketmq/client/src/test/java/org/apache/rocketmq/client/consumer/DefaultLitePullConsumerTest.java:[511,36] computePullFromWhere(org.apache.rocketmq.common.message.MessageQueue) in org.apache.rocketmq.client.impl.consumer.RebalanceImpl has been deprecated
[[1;33mWARNING[m] /home/ch61/rocketmq/client/src/test/java/org/apache/rocketmq/client/consumer/DefaultLitePullConsumerTest.java:[523,36] computePullFromWhere(org.apache.rocketmq.common.message.MessageQueue) in org.apache.rocketmq.client.impl.consumer.RebalanceImpl has been deprecated
[[1;33mWARNING[m] /home/ch61/rocketmq/client/src/test/java/org/apache/rocketmq/client/impl/consumer/ConsumeMessageOrderlyServiceTest.java:[50,37] COMMIT in org.apache.rocketmq.client.consumer.listener.ConsumeOrderlyStatus has been deprecated
[[1;33mWARNING[m] /home/ch61/rocketmq/client/src/test/java/org/apache/rocketmq/client/impl/consumer/ConsumeMessageOrderlyServiceTest.java:[51,37] ROLLBACK in org.apache.rocketmq.client.consumer.listener.ConsumeOrderlyStatus has been deprecated
[[1;33mWARNING[m] /home/ch61/rocketmq/client/src/test/java/org/apache/rocketmq/client/impl/consumer/ConsumeMessageOrderlyServiceTest.java:[63,118] getDefaultMQPushConsumerImpl() in org.apache.rocketmq.client.consumer.DefaultMQPushConsumer has been deprecated
[[1;33mWARNING[m] /home/ch61/rocketmq/client/src/test/java/org/apache/rocketmq/client/impl/consumer/ConsumeMessageOrderlyServiceTest.java:[80,114] getDefaultMQPushConsumerImpl() in org.apache.rocketmq.client.consumer.DefaultMQPushConsumer has been deprecated
[[1;33mWARNING[m] /home/ch61/rocketmq/client/src/test/java/org/apache/rocketmq/client/producer/DefaultMQProducerTest.java:[102,27] getDefaultMQProducerImpl() in org.apache.rocketmq.client.producer.DefaultMQProducer has been deprecated
[[1;33mWARNING[m] /home/ch61/rocketmq/client/src/test/java/org/apache/rocketmq/client/producer/DefaultMQProducerTest.java:[108,110] getDefaultMQProducerImpl() in org.apache.rocketmq.client.producer.DefaultMQProducer has been deprecated
[[1;33mWARNING[m] /home/ch61/rocketmq/client/src/test/java/org/apache/rocketmq/client/producer/DefaultMQProducerTest.java:[108,17] getDefaultMQProducerImpl() in org.apache.rocketmq.client.producer.DefaultMQProducer has been deprecated
[[1;33mWARNING[m] /home/ch61/rocketmq/client/src/test/java/org/apache/rocketmq/client/producer/DefaultMQProducerTest.java:[332,77] getDefaultMQProducerImpl() in org.apache.rocketmq.client.producer.DefaultMQProducer has been deprecated
[[1;33mWARNING[m] /home/ch61/rocketmq/client/src/test/java/org/apache/rocketmq/client/producer/DefaultMQProducerTest.java:[306,17] getDefaultMQProducerImpl() in org.apache.rocketmq.client.producer.DefaultMQProducer has been deprecated
[[1;33mWARNING[m] /home/ch61/rocketmq/client/src/test/java/org/apache/rocketmq/client/producer/DefaultMQProducerTest.java:[363,76] getDefaultMQProducerImpl() in org.apache.rocketmq.client.producer.DefaultMQProducer has been deprecated
[[1;33mWARNING[m] /home/ch61/rocketmq/client/src/test/java/org/apache/rocketmq/client/trace/DefaultMQConsumerWithTraceTest.java:[141,66] getDefaultMQPushConsumerImpl() in org.apache.rocketmq.client.consumer.DefaultMQPushConsumer has been deprecated
[[1;33mWARNING[m] /home/ch61/rocketmq/client/src/test/java/org/apache/rocketmq/client/trace/DefaultMQConsumerWithTraceTest.java:[149,67] getDefaultMQPushConsumerImpl() in org.apache.rocketmq.client.consumer.DefaultMQPushConsumer has been deprecated
[[1;33mWARNING[m] /home/ch61/rocketmq/client/src/test/java/org/apache/rocketmq/client/trace/DefaultMQConsumerWithTraceTest.java:[170,37] getDefaultMQProducerImpl() in org.apache.rocketmq.client.producer.DefaultMQProducer has been deprecated
[[1;33mWARNING[m] /home/ch61/rocketmq/client/src/test/java/org/apache/rocketmq/client/trace/DefaultMQConsumerWithTraceTest.java:[181,21] getDefaultMQPushConsumerImpl() in org.apache.rocketmq.client.consumer.DefaultMQPushConsumer has been deprecated
[[1;33mWARNING[m] /home/ch61/rocketmq/client/src/test/java/org/apache/rocketmq/client/trace/DefaultMQConsumerWithTraceTest.java:[207,21] getDefaultMQPushConsumerImpl() in org.apache.rocketmq.client.consumer.DefaultMQPushConsumer has been deprecated
[[1;33mWARNING[m] /home/ch61/rocketmq/client/src/test/java/org/apache/rocketmq/client/trace/DefaultMQConsumerWithTraceTest.java:[217,125] getDefaultMQProducerImpl() in org.apache.rocketmq.client.producer.DefaultMQProducer has been deprecated
[[1;33mWARNING[m] /home/ch61/rocketmq/client/src/test/java/org/apache/rocketmq/client/trace/DefaultMQConsumerWithTraceTest.java:[217,22] getDefaultMQProducerImpl() in org.apache.rocketmq.client.producer.DefaultMQProducer has been deprecated
[[1;33mWARNING[m] /home/ch61/rocketmq/client/src/test/java/org/apache/rocketmq/client/trace/DefaultMQConsumerWithTraceTest.java:[221,128] getDefaultMQPushConsumerImpl() in org.apache.rocketmq.client.consumer.DefaultMQPushConsumer has been deprecated
[[1;33mWARNING[m] /home/ch61/rocketmq/client/src/test/java/org/apache/rocketmq/client/trace/DefaultMQConsumerWithTraceTest.java:[221,21] getDefaultMQPushConsumerImpl() in org.apache.rocketmq.client.consumer.DefaultMQPushConsumer has been deprecated
[[1;33mWARNING[m] /home/ch61/rocketmq/client/src/test/java/org/apache/rocketmq/client/trace/DefaultMQProducerWithOpenTracingTest.java:[88,17] getDefaultMQProducerImpl() in org.apache.rocketmq.client.producer.DefaultMQProducer has been deprecated
[[1;33mWARNING[m] /home/ch61/rocketmq/client/src/test/java/org/apache/rocketmq/client/trace/DefaultMQProducerWithOpenTracingTest.java:[97,27] getDefaultMQProducerImpl() in org.apache.rocketmq.client.producer.DefaultMQProducer has been deprecated
[[1;33mWARNING[m] /home/ch61/rocketmq/client/src/test/java/org/apache/rocketmq/client/trace/DefaultMQProducerWithOpenTracingTest.java:[103,110] getDefaultMQProducerImpl() in org.apache.rocketmq.client.producer.DefaultMQProducer has been deprecated
[[1;33mWARNING[m] /home/ch61/rocketmq/client/src/test/java/org/apache/rocketmq/client/trace/DefaultMQProducerWithOpenTracingTest.java:[103,17] getDefaultMQProducerImpl() in org.apache.rocketmq.client.producer.DefaultMQProducer has been deprecated
[[1;33mWARNING[m] /home/ch61/rocketmq/client/src/test/java/org/apache/rocketmq/client/trace/DefaultMQProducerWithOpenTracingTest.java:[115,115] getDefaultMQProducerImpl() in org.apache.rocketmq.client.producer.DefaultMQProducer has been deprecated
[[1;33mWARNING[m] /home/ch61/rocketmq/client/src/test/java/org/apache/rocketmq/client/trace/DefaultMQProducerWithOpenTracingTest.java:[115,17] getDefaultMQProducerImpl() in org.apache.rocketmq.client.producer.DefaultMQProducer has been deprecated
[[1;33mWARNING[m] /home/ch61/rocketmq/client/src/test/java/org/apache/rocketmq/client/consumer/DefaultMQPushConsumerTest.java:[135,66] getDefaultMQPushConsumerImpl() in org.apache.rocketmq.client.consumer.DefaultMQPushConsumer has been deprecated
[[1;33mWARNING[m] /home/ch61/rocketmq/client/src/test/java/org/apache/rocketmq/client/consumer/DefaultMQPushConsumerTest.java:[136,67] getDefaultMQPushConsumerImpl() in org.apache.rocketmq.client.consumer.DefaultMQPushConsumer has been deprecated
[[1;33mWARNING[m] /home/ch61/rocketmq/client/src/test/java/org/apache/rocketmq/client/consumer/DefaultMQPushConsumerTest.java:[167,42] getOffsetStore() in org.apache.rocketmq.client.consumer.DefaultMQPushConsumer has been deprecated
[[1;33mWARNING[m] /home/ch61/rocketmq/client/src/test/java/org/apache/rocketmq/client/consumer/DefaultMQPushConsumerTest.java:[174,128] getDefaultMQPushConsumerImpl() in org.apache.rocketmq.client.consumer.DefaultMQPushConsumer has been deprecated
[[1;33mWARNING[m] /home/ch61/rocketmq/client/src/test/java/org/apache/rocketmq/client/consumer/DefaultMQPushConsumerTest.java:[174,21] getDefaultMQPushConsumerImpl() in org.apache.rocketmq.client.consumer.DefaultMQPushConsumer has been deprecated
[[1;33mWARNING[m] /home/ch61/rocketmq/client/src/test/java/org/apache/rocketmq/client/consumer/DefaultMQPushConsumerTest.java:[207,123] getDefaultMQPushConsumerImpl() in org.apache.rocketmq.client.consumer.DefaultMQPushConsumer has been deprecated
[[1;33mWARNING[m] /home/ch61/rocketmq/client/src/test/java/org/apache/rocketmq/client/consumer/DefaultMQPushConsumerTest.java:[207,21] getDefaultMQPushConsumerImpl() in org.apache.rocketmq.client.consumer.DefaultMQPushConsumer has been deprecated
[[1;33mWARNING[m] /home/ch61/rocketmq/client/src/test/java/org/apache/rocketmq/client/consumer/DefaultMQPushConsumerTest.java:[208,21] getDefaultMQPushConsumerImpl() in org.apache.rocketmq.client.consumer.DefaultMQPushConsumer has been deprecated
[[1;33mWARNING[m] /home/ch61/rocketmq/client/src/test/java/org/apache/rocketmq/client/consumer/DefaultMQPushConsumerTest.java:[209,21] getDefaultMQPushConsumerImpl() in org.apache.rocketmq.client.consumer.DefaultMQPushConsumer has been deprecated
[[1;33mWARNING[m] /home/ch61/rocketmq/client/src/test/java/org/apache/rocketmq/client/consumer/DefaultMQPushConsumerTest.java:[266,128] getDefaultMQPushConsumerImpl() in org.apache.rocketmq.client.consumer.DefaultMQPushConsumer has been deprecated
[[1;33mWARNING[m] /home/ch61/rocketmq/client/src/test/java/org/apache/rocketmq/client/consumer/DefaultMQPushConsumerTest.java:[266,21] getDefaultMQPushConsumerImpl() in org.apache.rocketmq.client.consumer.DefaultMQPushConsumer has been deprecated
[[1;33mWARNING[m] /home/ch61/rocketmq/client/src/test/java/org/apache/rocketmq/client/consumer/DefaultMQPushConsumerTest.java:[333,67] getDefaultMQPushConsumerImpl() in org.apache.rocketmq.client.consumer.DefaultMQPushConsumer has been deprecated
[[1;33mWARNING[m] /home/ch61/rocketmq/client/src/test/java/org/apache/rocketmq/client/consumer/DefaultMQPushConsumerTest.java:[332,21] getDefaultMQPushConsumerImpl() in org.apache.rocketmq.client.consumer.DefaultMQPushConsumer has been deprecated
[[1;33mWARNING[m] /home/ch61/rocketmq/client/src/test/java/org/apache/rocketmq/client/consumer/DefaultMQPushConsumerTest.java:[339,21] getDefaultMQPushConsumerImpl() in org.apache.rocketmq.client.consumer.DefaultMQPushConsumer has been deprecated
[[1;33mWARNING[m] /home/ch61/rocketmq/client/src/test/java/org/apache/rocketmq/client/consumer/DefaultMQPullConsumerTest.java:[60,13] org.apache.rocketmq.client.consumer.DefaultMQPullConsumer in org.apache.rocketmq.client.consumer has been deprecated
[[1;33mWARNING[m] /home/ch61/rocketmq/client/src/test/java/org/apache/rocketmq/client/consumer/DefaultMQPullConsumerTest.java:[67,28] org.apache.rocketmq.client.consumer.DefaultMQPullConsumer in org.apache.rocketmq.client.consumer has been deprecated
[[1;33mWARNING[m] /home/ch61/rocketmq/client/src/test/java/org/apache/rocketmq/client/consumer/DefaultMQPullConsumerTest.java:[70,53] getDefaultMQPullConsumerImpl() in org.apache.rocketmq.client.consumer.DefaultMQPullConsumer has been deprecated
[[1;33mWARNING[m] /home/ch61/rocketmq/client/src/test/java/org/apache/rocketmq/client/consumer/DefaultMQPullConsumerTest.java:[89,42] getOffsetStore() in org.apache.rocketmq.client.consumer.DefaultMQPullConsumer has been deprecated
[[1;33mWARNING[m] /home/ch61/rocketmq/client/src/test/java/org/apache/rocketmq/client/trace/DefaultMQConsumerWithOpenTracingTest.java:[131,21] getDefaultMQPushConsumerImpl() in org.apache.rocketmq.client.consumer.DefaultMQPushConsumer has been deprecated
[[1;33mWARNING[m] /home/ch61/rocketmq/client/src/test/java/org/apache/rocketmq/client/trace/DefaultMQConsumerWithOpenTracingTest.java:[138,21] setOffsetStore(org.apache.rocketmq.client.consumer.store.OffsetStore) in org.apache.rocketmq.client.consumer.DefaultMQPushConsumer has been deprecated
[[1;33mWARNING[m] /home/ch61/rocketmq/client/src/test/java/org/apache/rocketmq/client/trace/DefaultMQConsumerWithOpenTracingTest.java:[148,66] getDefaultMQPushConsumerImpl() in org.apache.rocketmq.client.consumer.DefaultMQPushConsumer has been deprecated
[[1;33mWARNING[m] /home/ch61/rocketmq/client/src/test/java/org/apache/rocketmq/client/trace/DefaultMQConsumerWithOpenTracingTest.java:[177,128] getDefaultMQPushConsumerImpl() in org.apache.rocketmq.client.consumer.DefaultMQPushConsumer has been deprecated
[[1;33mWARNING[m] /home/ch61/rocketmq/client/src/test/java/org/apache/rocketmq/client/trace/DefaultMQConsumerWithOpenTracingTest.java:[177,21] getDefaultMQPushConsumerImpl() in org.apache.rocketmq.client.consumer.DefaultMQPushConsumer has been deprecated
[[1;33mWARNING[m] /home/ch61/rocketmq/client/src/test/java/org/apache/rocketmq/client/trace/TransactionMQProducerWithTraceTest.java:[116,27] getDefaultMQProducerImpl() in org.apache.rocketmq.client.producer.DefaultMQProducer has been deprecated
[[1;33mWARNING[m] /home/ch61/rocketmq/client/src/test/java/org/apache/rocketmq/client/trace/TransactionMQProducerWithTraceTest.java:[120,37] getDefaultMQProducerImpl() in org.apache.rocketmq.client.producer.DefaultMQProducer has been deprecated
[[1;33mWARNING[m] /home/ch61/rocketmq/client/src/test/java/org/apache/rocketmq/client/trace/TransactionMQProducerWithTraceTest.java:[126,110] getDefaultMQProducerImpl() in org.apache.rocketmq.client.producer.DefaultMQProducer has been deprecated
[[1;33mWARNING[m] /home/ch61/rocketmq/client/src/test/java/org/apache/rocketmq/client/trace/TransactionMQProducerWithTraceTest.java:[126,17] getDefaultMQProducerImpl() in org.apache.rocketmq.client.producer.DefaultMQProducer has been deprecated
[[1;33mWARNING[m] /home/ch61/rocketmq/client/src/test/java/org/apache/rocketmq/client/trace/TransactionMQProducerWithTraceTest.java:[132,32] getDefaultMQProducerImpl() in org.apache.rocketmq.client.producer.DefaultMQProducer has been deprecated
[[1;33mWARNING[m] /home/ch61/rocketmq/client/src/test/java/org/apache/rocketmq/client/trace/TransactionMQProducerWithTraceTest.java:[144,125] getDefaultMQProducerImpl() in org.apache.rocketmq.client.producer.DefaultMQProducer has been deprecated
[[1;33mWARNING[m] /home/ch61/rocketmq/client/src/test/java/org/apache/rocketmq/client/trace/TransactionMQProducerWithTraceTest.java:[144,22] getDefaultMQProducerImpl() in org.apache.rocketmq.client.producer.DefaultMQProducer has been deprecated
[[1;33mWARNING[m] /home/ch61/rocketmq/client/src/test/java/org/apache/rocketmq/client/impl/consumer/ConsumeMessageConcurrentlyServiceTest.java:[97,66] getDefaultMQPushConsumerImpl() in org.apache.rocketmq.client.consumer.DefaultMQPushConsumer has been deprecated
[[1;33mWARNING[m] /home/ch61/rocketmq/client/src/test/java/org/apache/rocketmq/client/impl/consumer/ConsumeMessageConcurrentlyServiceTest.java:[98,67] getDefaultMQPushConsumerImpl() in org.apache.rocketmq.client.consumer.DefaultMQPushConsumer has been deprecated
[[1;33mWARNING[m] /home/ch61/rocketmq/client/src/test/java/org/apache/rocketmq/client/impl/consumer/ConsumeMessageConcurrentlyServiceTest.java:[119,21] getDefaultMQPushConsumerImpl() in org.apache.rocketmq.client.consumer.DefaultMQPushConsumer has been deprecated
[[1;33mWARNING[m] /home/ch61/rocketmq/client/src/test/java/org/apache/rocketmq/client/impl/consumer/ConsumeMessageConcurrentlyServiceTest.java:[145,21] getDefaultMQPushConsumerImpl() in org.apache.rocketmq.client.consumer.DefaultMQPushConsumer has been deprecated
[[1;33mWARNING[m] /home/ch61/rocketmq/client/src/test/java/org/apache/rocketmq/client/impl/consumer/ConsumeMessageConcurrentlyServiceTest.java:[154,109] getDefaultMQPushConsumerImpl() in org.apache.rocketmq.client.consumer.DefaultMQPushConsumer has been deprecated
[[1;33mWARNING[m] /home/ch61/rocketmq/client/src/test/java/org/apache/rocketmq/client/impl/consumer/ConsumeMessageConcurrentlyServiceTest.java:[163,21] getDefaultMQPushConsumerImpl() in org.apache.rocketmq.client.consumer.DefaultMQPushConsumer has been deprecated
[[1;33mWARNING[m] /home/ch61/rocketmq/client/src/test/java/org/apache/rocketmq/client/impl/consumer/ConsumeMessageConcurrentlyServiceTest.java:[171,137] getDefaultMQPushConsumerImpl() in org.apache.rocketmq.client.consumer.DefaultMQPushConsumer has been deprecated
[[1;33mWARNING[m] /home/ch61/rocketmq/client/src/test/java/org/apache/rocketmq/client/impl/consumer/ConsumeMessageConcurrentlyServiceTest.java:[179,82] getDefaultMQPushConsumerImpl() in org.apache.rocketmq.client.consumer.DefaultMQPushConsumer has been deprecated
[[1;33mWARNING[m] /home/ch61/rocketmq/client/src/test/java/org/apache/rocketmq/client/impl/consumer/DefaultMQPushConsumerImplTest.java:[34,56] none() in org.junit.rules.ExpectedException has been deprecated
[[1;34mINFO[m] /home/ch61/rocketmq/client/src/test/java/org/apache/rocketmq/client/trace/DefaultMQLitePullConsumerWithTraceTest.java: Some input files use unchecked or unsafe operations.
[[1;34mINFO[m] /home/ch61/rocketmq/client/src/test/java/org/apache/rocketmq/client/trace/DefaultMQLitePullConsumerWithTraceTest.java: Recompile with -Xlint:unchecked for details.
[[1;34mINFO[m] 
[[1;34mINFO[m] [1m<<< [0;32mtestrunner-maven-plugin:1.2:testplugin[m [1m(default-cli)[0;1m < [0;1mtest-compile[m @ [36mrocketmq-client[0;1m <<<[m
[[1;34mINFO[m] 
[[1;34mINFO[m] 
[[1;34mINFO[m] [1m--- [0;32mtestrunner-maven-plugin:1.2:testplugin[m [1m(default-cli)[m @ [36mrocketmq-client[0;1m ---[m
[[1;34mINFO[m] Accessing cachePath: 
[[1;34mINFO[m] No timeout specified. Using randomize.rounds: 10
[[1;34mINFO[m] ROUNDS_CALCULATED: Giving org.apache.rocketmq:rocketmq-client:4.9.3-SNAPSHOT 10 rounds to run for random-class-method
[[1;34mINFO[m] Accessing cachePath: 
[[1;34mINFO[m] Accessing cachePath: 
[[1;34mINFO[m] Accessing cachePath: 
[[1;34mINFO[m] Accessing cachePath: 
[[1;34mINFO[m] Getting original order by parsing logs. ignoreExisting set to: false
[[1;34mINFO[m] Accessing cachePath: 
[INFO] Getting original results (134 tests).
[[1;34mINFO[m] Accessing cachePath: 
[[1;34mINFO[m] Accessing cachePath: 
[[1;34mINFO[m] Accessing cachePath: 
[[1;34mINFO[m] Accessing cachePath: 
[[1;34mINFO[m] Accessing cachePath: 
[[1;34mINFO[m] Created dependent test detector (class edu.illinois.cs.dt.tools.detection.detectors.RandomDetector).
[[1;34mINFO[m] Accessing cachePath: 
[[1;34mINFO[m] Accessing cachePath: 
[[1;34mINFO[m] Accessing cachePath: 
[[1;34mINFO[m] Accessing cachePath: 
[INFO] Found 0 tests in round 1 of 10 (0.0 seconds elapsed (64.7 total), 0.0 seconds remaining).
[[1;34mINFO[m] Accessing cachePath: 
[[1;34mINFO[m] Accessing cachePath: 
[[1;34mINFO[m] Accessing cachePath: 
[[1;34mINFO[m] Accessing cachePath: 
[INFO] Found 0 tests in round 2 of 10 (64.7 seconds elapsed (371.0 total), 258.7 seconds remaining).
[[1;34mINFO[m] Accessing cachePath: 
[[1;34mINFO[m] Accessing cachePath: 
---------------------------------------------------
ERROR (WRITE_ERROR_STDOUT_THROWABLE): org.apache.rocketmq:rocketmq-client:4.9.3-SNAPSHOT
java.lang.IllegalThreadStateException: process hasn't exited
	at java.lang.UNIXProcess.exitValue(UNIXProcess.java:421)
	at edu.illinois.cs.testrunner.runner.Runner.$anonfun$runWithCp$3(Runner.scala:62)
	at edu.illinois.cs.testrunner.util.TempFiles$.$anonfun$withProperties$2(TempFiles.scala:38)
	at edu.illinois.cs.testrunner.util.autoClose.$anonfun$autoCloseTry$1(autoClose.scala:7)
	at scala.util.Try$.apply(Try.scala:209)
	at edu.illinois.cs.testrunner.util.autoClose.autoCloseTry(autoClose.scala:7)
	at edu.illinois.cs.testrunner.util.autoClose.apply(autoClose.scala:24)
	at edu.illinois.cs.testrunner.util.TempFiles$.$anonfun$withProperties$1(TempFiles.scala:36)
	at edu.illinois.cs.testrunner.util.TempFiles$.$anonfun$withTempFile$1(TempFiles.scala:17)
	at scala.util.Try$.apply(Try.scala:209)
	at edu.illinois.cs.testrunner.util.TempFiles$.withTempFile(TempFiles.scala:17)
	at edu.illinois.cs.testrunner.util.TempFiles$.withProperties(TempFiles.scala:36)
	at edu.illinois.cs.testrunner.runner.Runner.$anonfun$runWithCp$2(Runner.scala:50)
	at edu.illinois.cs.testrunner.util.TempFiles$.$anonfun$withTempFile$1(TempFiles.scala:17)
	at scala.util.Try$.apply(Try.scala:209)
	at edu.illinois.cs.testrunner.util.TempFiles$.withTempFile(TempFiles.scala:17)
	at edu.illinois.cs.testrunner.runner.Runner.$anonfun$runWithCp$1(Runner.scala:49)
	at edu.illinois.cs.testrunner.util.TempFiles$.$anonfun$withSeq$1(TempFiles.scala:31)
	at edu.illinois.cs.testrunner.util.TempFiles$.$anonfun$withTempFile$1(TempFiles.scala:17)
	at scala.util.Try$.apply(Try.scala:209)
	at edu.illinois.cs.testrunner.util.TempFiles$.withTempFile(TempFiles.scala:17)
	at edu.illinois.cs.testrunner.util.TempFiles$.withSeq(TempFiles.scala:25)
	at edu.illinois.cs.testrunner.runner.Runner.runWithCp(Runner.scala:48)
	at edu.illinois.cs.testrunner.runner.Runner.runWithCp$(Runner.scala:47)
	at edu.illinois.cs.testrunner.runner.SmartRunner.runWithCp(SmartRunner.scala:22)
	at edu.illinois.cs.dt.tools.runner.InstrumentingSmartRunner.lambda$runWithCp$0(InstrumentingSmartRunner.java:56)
	at edu.illinois.cs.testrunner.util.TempFiles$.$anonfun$withTempFile$1(TempFiles.scala:17)
	at scala.util.Try$.apply(Try.scala:209)
	at edu.illinois.cs.testrunner.util.TempFiles$.withTempFile(TempFiles.scala:17)
	at edu.illinois.cs.testrunner.util.TempFiles.withTempFile(TempFiles.scala)
	at edu.illinois.cs.dt.tools.runner.InstrumentingSmartRunner.runWithCp(InstrumentingSmartRunner.java:52)
	at edu.illinois.cs.testrunner.runner.Runner.run(Runner.scala:33)
	at edu.illinois.cs.testrunner.runner.Runner.run$(Runner.scala:33)
	at edu.illinois.cs.testrunner.runner.SmartRunner.run(SmartRunner.scala:29)
	at edu.illinois.cs.testrunner.runner.Runner.runList(Runner.scala:28)
	at edu.illinois.cs.testrunner.runner.Runner.runList$(Runner.scala:27)
	at edu.illinois.cs.testrunner.runner.SmartRunner.runList(SmartRunner.scala:22)
	at edu.illinois.cs.dt.tools.detection.detectors.ExecutingDetector.runList(ExecutingDetector.java:50)
	at edu.illinois.cs.dt.tools.detection.detectors.RandomDetector.results(RandomDetector.java:42)
	at edu.illinois.cs.dt.tools.detection.detectors.ExecutingDetector$RunnerIterator.generateDetectionRound(ExecutingDetector.java:134)
	at edu.illinois.cs.dt.tools.detection.detectors.ExecutingDetector$RunnerIterator.generate(ExecutingDetector.java:151)
	at edu.illinois.cs.dt.tools.detection.detectors.ExecutingDetector$RunnerIterator.hasNext(ExecutingDetector.java:113)
	at java.util.Iterator.forEachRemaining(Iterator.java:115)
	at java.util.Spliterators$IteratorSpliterator.forEachRemaining(Spliterators.java:1801)
	at java.util.stream.AbstractPipeline.copyInto(AbstractPipeline.java:482)
	at java.util.stream.AbstractPipeline.wrapAndCopyInto(AbstractPipeline.java:472)
	at java.util.stream.ReduceOps$ReduceOp.evaluateSequential(ReduceOps.java:708)
	at java.util.stream.AbstractPipeline.evaluate(AbstractPipeline.java:234)
	at java.util.stream.ReferencePipeline.collect(ReferencePipeline.java:566)
	at edu.illinois.cs.dt.tools.runner.data.DependentTestList.<init>(DependentTestList.java:64)
	at edu.illinois.cs.dt.tools.detection.detectors.ExecutingDetector.writeTo(ExecutingDetector.java:90)
	at edu.illinois.cs.dt.tools.detection.DetectorPlugin.detectorExecute(DetectorPlugin.java:242)
	at edu.illinois.cs.dt.tools.detection.DetectorPlugin.lambda$execute$5(DetectorPlugin.java:201)
	at edu.illinois.cs.dt.tools.utility.ErrorLogger.runAndLogError(ErrorLogger.java:39)
	at edu.illinois.cs.dt.tools.detection.DetectorPlugin.execute(DetectorPlugin.java:201)
	at sun.reflect.NativeMethodAccessorImpl.invoke0(Native Method)
	at sun.reflect.NativeMethodAccessorImpl.invoke(NativeMethodAccessorImpl.java:62)
	at sun.reflect.DelegatingMethodAccessorImpl.invoke(DelegatingMethodAccessorImpl.java:43)
	at java.lang.reflect.Method.invoke(Method.java:498)
	at edu.illinois.cs.testrunner.mavenplugin.TestPluginPlugin.execute(TestPluginPlugin.scala:51)
	at org.apache.maven.plugin.DefaultBuildPluginManager.executeMojo(DefaultBuildPluginManager.java:137)
	at org.apache.maven.lifecycle.internal.MojoExecutor.execute(MojoExecutor.java:210)
	at org.apache.maven.lifecycle.internal.MojoExecutor.execute(MojoExecutor.java:156)
	at org.apache.maven.lifecycle.internal.MojoExecutor.execute(MojoExecutor.java:148)
	at org.apache.maven.lifecycle.internal.LifecycleModuleBuilder.buildProject(LifecycleModuleBuilder.java:117)
	at org.apache.maven.lifecycle.internal.LifecycleModuleBuilder.buildProject(LifecycleModuleBuilder.java:81)
	at org.apache.maven.lifecycle.internal.builder.singlethreaded.SingleThreadedBuilder.build(SingleThreadedBuilder.java:56)
	at org.apache.maven.lifecycle.internal.LifecycleStarter.execute(LifecycleStarter.java:128)
	at org.apache.maven.DefaultMaven.doExecute(DefaultMaven.java:305)
	at org.apache.maven.DefaultMaven.doExecute(DefaultMaven.java:192)
	at org.apache.maven.DefaultMaven.execute(DefaultMaven.java:105)
	at org.apache.maven.cli.MavenCli.execute(MavenCli.java:956)
	at org.apache.maven.cli.MavenCli.doMain(MavenCli.java:288)
	at org.apache.maven.cli.MavenCli.main(MavenCli.java:192)
	at sun.reflect.NativeMethodAccessorImpl.invoke0(Native Method)
	at sun.reflect.NativeMethodAccessorImpl.invoke(NativeMethodAccessorImpl.java:62)
	at sun.reflect.DelegatingMethodAccessorImpl.invoke(DelegatingMethodAccessorImpl.java:43)
	at java.lang.reflect.Method.invoke(Method.java:498)
	at org.codehaus.plexus.classworlds.launcher.Launcher.launchEnhanced(Launcher.java:289)
	at org.codehaus.plexus.classworlds.launcher.Launcher.launch(Launcher.java:229)
	at org.codehaus.plexus.classworlds.launcher.Launcher.mainWithExitCode(Launcher.java:415)
	at org.codehaus.plexus.classworlds.launcher.Launcher.main(Launcher.java:356)
[[1;34mINFO[m] Accessing cachePath: 
[[1;34mINFO[m] Accessing cachePath: 
TRY_COPY_ALL_FAILING_TEST_OUTPUT
[[1;34mINFO[m] 
[[1;34mINFO[m] [1m-----------------< [0;36morg.apache.rocketmq:rocketmq-store[0;1m >-----------------[m
[[1;34mINFO[m] [1mBuilding rocketmq-store 4.9.3-SNAPSHOT 4.9.3-SNAPSHOT             [6/17][m
[[1;34mINFO[m] [1m--------------------------------[ jar ]---------------------------------[m
[[1;34mINFO[m] 
[[1;34mINFO[m] [1m>>> [0;32mtestrunner-maven-plugin:1.2:testplugin[m [1m(default-cli)[0;1m > [0;1mtest-compile[m @ [36mrocketmq-store[0;1m >>>[m
Downloading from central: https://repo.maven.apache.org/maven2/io/openmessaging/storage/dledger/0.2.2/dledger-0.2.2.pom
Progress (1): 1.4/11 kBProgress (1): 2.7/11 kBProgress (1): 4.1/11 kBProgress (1): 5.5/11 kBProgress (1): 6.9/11 kBProgress (1): 8.2/11 kBProgress (1): 9.6/11 kBProgress (1): 11 kB                       Downloaded from central: https://repo.maven.apache.org/maven2/io/openmessaging/storage/dledger/0.2.2/dledger-0.2.2.pom (11 kB at 41 kB/s)
Downloading from central: https://repo.maven.apache.org/maven2/com/beust/jcommander/1.72/jcommander-1.72.pom
Progress (1): 1.2 kB                    Downloaded from central: https://repo.maven.apache.org/maven2/com/beust/jcommander/1.72/jcommander-1.72.pom (1.2 kB at 86 kB/s)
Downloading from central: https://repo.maven.apache.org/maven2/io/openmessaging/storage/dledger/0.2.2/dledger-0.2.2.jar
Downloading from central: https://repo.maven.apache.org/maven2/com/beust/jcommander/1.72/jcommander-1.72.jar
Progress (1): 1.4/173 kBProgress (1): 2.7/173 kBProgress (1): 4.1/173 kBProgress (1): 5.5/173 kBProgress (1): 6.9/173 kBProgress (1): 8.2/173 kBProgress (1): 9.6/173 kBProgress (1): 11/173 kB Progress (1): 12/173 kBProgress (1): 14/173 kBProgress (1): 15/173 kBProgress (1): 16/173 kBProgress (1): 18/173 kBProgress (1): 19/173 kBProgress (1): 21/173 kBProgress (1): 22/173 kBProgress (1): 23/173 kBProgress (1): 25/173 kBProgress (1): 26/173 kBProgress (1): 27/173 kBProgress (1): 29/173 kBProgress (1): 30/173 kBProgress (1): 32/173 kBProgress (1): 33/173 kBProgress (1): 34/173 kBProgress (1): 36/173 kBProgress (1): 37/173 kBProgress (1): 38/173 kBProgress (1): 40/173 kBProgress (1): 41/173 kBProgress (1): 43/173 kBProgress (1): 44/173 kBProgress (1): 45/173 kBProgress (1): 47/173 kBProgress (1): 48/173 kBProgress (1): 49/173 kBProgress (1): 51/173 kBProgress (1): 52/173 kBProgress (2): 52/173 kB | 1.4/69 kBProgress (2): 52/173 kB | 2.7/69 kBProgress (2): 52/173 kB | 4.1/69 kBProgress (2): 52/173 kB | 5.5/69 kBProgress (2): 52/173 kB | 6.9/69 kBProgress (2): 52/173 kB | 8.2/69 kBProgress (2): 52/173 kB | 9.6/69 kBProgress (2): 52/173 kB | 11/69 kB Progress (2): 52/173 kB | 12/69 kBProgress (2): 52/173 kB | 14/69 kBProgress (2): 52/173 kB | 15/69 kBProgress (2): 52/173 kB | 16/69 kBProgress (2): 52/173 kB | 18/69 kBProgress (2): 52/173 kB | 19/69 kBProgress (2): 52/173 kB | 21/69 kBProgress (2): 52/173 kB | 22/69 kBProgress (2): 52/173 kB | 23/69 kBProgress (2): 52/173 kB | 25/69 kBProgress (2): 52/173 kB | 26/69 kBProgress (2): 52/173 kB | 27/69 kBProgress (2): 56/173 kB | 27/69 kBProgress (2): 60/173 kB | 27/69 kBProgress (2): 64/173 kB | 27/69 kBProgress (2): 68/173 kB | 27/69 kBProgress (2): 68/173 kB | 29/69 kBProgress (2): 73/173 kB | 29/69 kBProgress (2): 77/173 kB | 29/69 kBProgress (2): 81/173 kB | 29/69 kBProgress (2): 85/173 kB | 29/69 kBProgress (2): 89/173 kB | 29/69 kBProgress (2): 93/173 kB | 29/69 kBProgress (2): 97/173 kB | 29/69 kBProgress (2): 101/173 kB | 29/69 kBProgress (2): 105/173 kB | 29/69 kBProgress (2): 109/173 kB | 29/69 kBProgress (2): 114/173 kB | 29/69 kBProgress (2): 114/173 kB | 30/69 kBProgress (2): 114/173 kB | 32/69 kBProgress (2): 114/173 kB | 33/69 kBProgress (2): 118/173 kB | 33/69 kBProgress (2): 118/173 kB | 34/69 kBProgress (2): 118/173 kB | 36/69 kBProgress (2): 118/173 kB | 37/69 kBProgress (2): 118/173 kB | 38/69 kBProgress (2): 122/173 kB | 38/69 kBProgress (2): 122/173 kB | 40/69 kBProgress (2): 122/173 kB | 41/69 kBProgress (2): 122/173 kB | 43/69 kBProgress (2): 122/173 kB | 44/69 kBProgress (2): 122/173 kB | 45/69 kBProgress (2): 126/173 kB | 45/69 kBProgress (2): 130/173 kB | 45/69 kBProgress (2): 134/173 kB | 45/69 kBProgress (2): 134/173 kB | 47/69 kBProgress (2): 134/173 kB | 48/69 kBProgress (2): 134/173 kB | 49/69 kBProgress (2): 134/173 kB | 51/69 kBProgress (2): 134/173 kB | 52/69 kBProgress (2): 134/173 kB | 53/69 kBProgress (2): 134/173 kB | 55/69 kBProgress (2): 134/173 kB | 56/69 kBProgress (2): 134/173 kB | 58/69 kBProgress (2): 134/173 kB | 59/69 kBProgress (2): 134/173 kB | 60/69 kBProgress (2): 134/173 kB | 62/69 kBProgress (2): 134/173 kB | 63/69 kBProgress (2): 134/173 kB | 64/69 kBProgress (2): 134/173 kB | 66/69 kBProgress (2): 134/173 kB | 69 kB   Progress (2): 138/173 kB | 69 kBProgress (2): 142/173 kB | 69 kBProgress (2): 146/173 kB | 69 kBProgress (2): 150/173 kB | 69 kBProgress (2): 154/173 kB | 69 kBProgress (2): 159/173 kB | 69 kBProgress (2): 163/173 kB | 69 kBProgress (2): 167/173 kB | 69 kBProgress (2): 171/173 kB | 69 kBProgress (2): 173 kB | 69 kB                                Downloaded from central: https://repo.maven.apache.org/maven2/com/beust/jcommander/1.72/jcommander-1.72.jar (69 kB at 729 kB/s)
Downloaded from central: https://repo.maven.apache.org/maven2/io/openmessaging/storage/dledger/0.2.2/dledger-0.2.2.jar (173 kB at 1.5 MB/s)
[[1;34mINFO[m] 
[[1;34mINFO[m] [1m--- [0;32mmaven-enforcer-plugin:1.4.1:enforce[m [1m(enforce-ban-circular-dependencies)[m @ [36mrocketmq-store[0;1m ---[m
[[1;34mINFO[m] 
[[1;34mINFO[m] [1m--- [0;32mjacoco-maven-plugin:0.8.5:prepare-agent[m [1m(default-prepare-agent)[m @ [36mrocketmq-store[0;1m ---[m
[[1;34mINFO[m] argLine set to -javaagent:/home/ch61/.m2/repository/org/jacoco/org.jacoco.agent/0.8.5/org.jacoco.agent-0.8.5-runtime.jar=destfile=/home/ch61/rocketmq/store/target/jacoco.exec
[[1;34mINFO[m] 
[[1;34mINFO[m] [1m--- [0;32mmaven-remote-resources-plugin:1.5:process[m [1m(process-resource-bundles)[m @ [36mrocketmq-store[0;1m ---[m
[[1;34mINFO[m] 
[[1;34mINFO[m] [1m--- [0;32mmaven-resources-plugin:3.0.2:resources[m [1m(default-resources)[m @ [36mrocketmq-store[0;1m ---[m
[[1;34mINFO[m] Using 'UTF-8' encoding to copy filtered resources.
[[1;34mINFO[m] skip non existing resourceDirectory /home/ch61/rocketmq/store/src/main/resources
[[1;34mINFO[m] Copying 3 resources
[[1;34mINFO[m] 
[[1;34mINFO[m] [1m--- [0;32mmaven-compiler-plugin:3.5.1:compile[m [1m(default-compile)[m @ [36mrocketmq-store[0;1m ---[m
[[1;34mINFO[m] Changes detected - recompiling the module!
[[1;34mINFO[m] Compiling 50 source files to /home/ch61/rocketmq/store/target/classes
[[1;33mWARNING[m] /home/ch61/rocketmq/store/src/main/java/org/apache/rocketmq/store/TransientStorePool.java:[29,18] sun.nio.ch.DirectBuffer is internal proprietary API and may be removed in a future release
[[1;33mWARNING[m] /home/ch61/rocketmq/store/src/main/java/org/apache/rocketmq/store/MappedFile.java:[43,18] sun.nio.ch.DirectBuffer is internal proprietary API and may be removed in a future release
[[1;33mWARNING[m] /home/ch61/rocketmq/store/src/main/java/org/apache/rocketmq/store/DefaultMessageStore.java:[1407,27] recoverAbnormally(long) in org.apache.rocketmq.store.CommitLog has been deprecated
[[1;33mWARNING[m] /home/ch61/rocketmq/store/src/main/java/org/apache/rocketmq/store/TransientStorePool.java:[53,36] sun.nio.ch.DirectBuffer is internal proprietary API and may be removed in a future release
[[1;33mWARNING[m] /home/ch61/rocketmq/store/src/main/java/org/apache/rocketmq/store/TransientStorePool.java:[63,36] sun.nio.ch.DirectBuffer is internal proprietary API and may be removed in a future release
[[1;33mWARNING[m] /home/ch61/rocketmq/store/src/main/java/org/apache/rocketmq/store/MappedFile.java:[555,32] sun.nio.ch.DirectBuffer is internal proprietary API and may be removed in a future release
[[1;33mWARNING[m] /home/ch61/rocketmq/store/src/main/java/org/apache/rocketmq/store/MappedFile.java:[570,32] sun.nio.ch.DirectBuffer is internal proprietary API and may be removed in a future release
[[1;33mWARNING[m] /home/ch61/rocketmq/store/src/main/java/org/apache/rocketmq/store/dledger/DLedgerCommitLog.java:[321,17] recoverAbnormally(long) in org.apache.rocketmq.store.CommitLog has been deprecated
[[1;34mINFO[m] 
[[1;34mINFO[m] [1m--- [0;32mmaven-resources-plugin:3.0.2:testResources[m [1m(default-testResources)[m @ [36mrocketmq-store[0;1m ---[m
[[1;34mINFO[m] Using 'UTF-8' encoding to copy filtered resources.
[[1;34mINFO[m] Copying 1 resource
[[1;34mINFO[m] Copying 3 resources
[[1;34mINFO[m] 
[[1;34mINFO[m] [1m--- [0;32mmaven-compiler-plugin:3.5.1:testCompile[m [1m(default-testCompile)[m @ [36mrocketmq-store[0;1m ---[m
[[1;34mINFO[m] Changes detected - recompiling the module!
[[1;34mINFO[m] Compiling 23 source files to /home/ch61/rocketmq/store/target/test-classes
[[1;34mINFO[m] /home/ch61/rocketmq/store/src/test/java/org/apache/rocketmq/store/ScheduleMessageServiceTest.java: Some input files use unchecked or unsafe operations.
[[1;34mINFO[m] /home/ch61/rocketmq/store/src/test/java/org/apache/rocketmq/store/ScheduleMessageServiceTest.java: Recompile with -Xlint:unchecked for details.
[[1;34mINFO[m] 
[[1;34mINFO[m] [1m<<< [0;32mtestrunner-maven-plugin:1.2:testplugin[m [1m(default-cli)[0;1m < [0;1mtest-compile[m @ [36mrocketmq-store[0;1m <<<[m
[[1;34mINFO[m] 
[[1;34mINFO[m] 
[[1;34mINFO[m] [1m--- [0;32mtestrunner-maven-plugin:1.2:testplugin[m [1m(default-cli)[m @ [36mrocketmq-store[0;1m ---[m
[[1;34mINFO[m] Accessing cachePath: 
[[1;34mINFO[m] No timeout specified. Using randomize.rounds: 10
[[1;34mINFO[m] ROUNDS_CALCULATED: Giving org.apache.rocketmq:rocketmq-store:4.9.3-SNAPSHOT 10 rounds to run for random-class-method
[[1;34mINFO[m] Accessing cachePath: 
[[1;34mINFO[m] Accessing cachePath: 
[[1;34mINFO[m] Accessing cachePath: 
[[1;34mINFO[m] Accessing cachePath: 
[[1;34mINFO[m] Getting original order by parsing logs. ignoreExisting set to: false
[[1;34mINFO[m] Accessing cachePath: 
[INFO] Getting original results (88 tests).
[[1;34mINFO[m] Accessing cachePath: 
[[1;34mINFO[m] Accessing cachePath: 
[[1;34mINFO[m] Accessing cachePath: 
[[1;34mINFO[m] Accessing cachePath: 
[[1;34mINFO[m] Accessing cachePath: 
[[1;34mINFO[m] Created dependent test detector (class edu.illinois.cs.dt.tools.detection.detectors.RandomDetector).
[[1;34mINFO[m] Accessing cachePath: 
[[1;34mINFO[m] Accessing cachePath: 
[[1;34mINFO[m] Accessing cachePath: 
[[1;34mINFO[m] Accessing cachePath: 
[INFO] Found 0 tests in round 1 of 10 (0.0 seconds elapsed (204.3 total), 0.0 seconds remaining).
[[1;34mINFO[m] Accessing cachePath: 
[[1;34mINFO[m] Accessing cachePath: 
[[1;34mINFO[m] Accessing cachePath: 
[[1;34mINFO[m] Accessing cachePath: 
[INFO] Found 0 tests in round 2 of 10 (204.3 seconds elapsed (407.0 total), 817.2 seconds remaining).
[[1;34mINFO[m] Accessing cachePath: 
[[1;34mINFO[m] Accessing cachePath: 
[[1;34mINFO[m] Accessing cachePath: 
[[1;34mINFO[m] Accessing cachePath: 
[INFO] Found 0 tests in round 3 of 10 (407.0 seconds elapsed (611.9 total), 949.8 seconds remaining).
[[1;34mINFO[m] Accessing cachePath: 
[[1;34mINFO[m] Accessing cachePath: 
[[1;34mINFO[m] Accessing cachePath: 
[[1;34mINFO[m] Accessing cachePath: 
[INFO] Found 0 tests in round 4 of 10 (611.9 seconds elapsed (815.6 total), 917.8 seconds remaining).
[[1;34mINFO[m] Accessing cachePath: 
[[1;34mINFO[m] Accessing cachePath: 
[[1;34mINFO[m] Accessing cachePath: 
[[1;34mINFO[m] Accessing cachePath: 
[INFO] Found 0 tests in round 5 of 10 (815.6 seconds elapsed (1020.7 total), 815.6 seconds remaining).
[[1;34mINFO[m] Accessing cachePath: 
[[1;34mINFO[m] Accessing cachePath: 
[[1;34mINFO[m] Accessing cachePath: 
[[1;34mINFO[m] Accessing cachePath: 
[INFO] Found 0 tests in round 6 of 10 (1020.7 seconds elapsed (1224.1 total), 680.5 seconds remaining).
[[1;34mINFO[m] Accessing cachePath: 
[[1;34mINFO[m] Accessing cachePath: 
[[1;34mINFO[m] Accessing cachePath: 
[[1;34mINFO[m] Accessing cachePath: 
[INFO] Found 0 tests in round 7 of 10 (1224.1 seconds elapsed (1427.3 total), 524.6 seconds remaining).
[[1;34mINFO[m] Accessing cachePath: 
[[1;34mINFO[m] Accessing cachePath: 
[[1;34mINFO[m] Accessing cachePath: 
[[1;34mINFO[m] Accessing cachePath: 
[INFO] Found 0 tests in round 8 of 10 (1427.3 seconds elapsed (1631.1 total), 356.8 seconds remaining).
[[1;34mINFO[m] Accessing cachePath: 
[[1;34mINFO[m] Accessing cachePath: 
[[1;34mINFO[m] Accessing cachePath: 
[[1;34mINFO[m] Accessing cachePath: 
[INFO] Found 0 tests in round 9 of 10 (1631.1 seconds elapsed (1834.8 total), 181.2 seconds remaining).
[[1;34mINFO[m] Accessing cachePath: 
[[1;34mINFO[m] Accessing cachePath: 
[[1;34mINFO[m] Accessing cachePath: 
[[1;34mINFO[m] Accessing cachePath: 
[INFO] Found 0 tests in round 10 of 10 (1834.8 seconds elapsed (2038.7 total), 0.0 seconds remaining).

[INFO] Found 0 tests, writing list to /home/ch61/rocketmq/store/.dtfixingtools/detection-results/list.txt and dt lists to /home/ch61/rocketmq/store/.dtfixingtools/detection-results/flaky-lists.json
TRY_COPY_ALL_FAILING_TEST_OUTPUT
[[1;34mINFO[m] 
[[1;34mINFO[m] [1m----------------< [0;36morg.apache.rocketmq:rocketmq-srvutil[0;1m >----------------[m
[[1;34mINFO[m] [1mBuilding rocketmq-srvutil 4.9.3-SNAPSHOT 4.9.3-SNAPSHOT           [7/17][m
[[1;34mINFO[m] [1m--------------------------------[ jar ]---------------------------------[m
[[1;34mINFO[m] 
[[1;34mINFO[m] [1m>>> [0;32mtestrunner-maven-plugin:1.2:testplugin[m [1m(default-cli)[0;1m > [0;1mtest-compile[m @ [36mrocketmq-srvutil[0;1m >>>[m
[[1;34mINFO[m] 
[[1;34mINFO[m] [1m--- [0;32mmaven-enforcer-plugin:1.4.1:enforce[m [1m(enforce-ban-circular-dependencies)[m @ [36mrocketmq-srvutil[0;1m ---[m
[[1;34mINFO[m] 
[[1;34mINFO[m] [1m--- [0;32mjacoco-maven-plugin:0.8.5:prepare-agent[m [1m(default-prepare-agent)[m @ [36mrocketmq-srvutil[0;1m ---[m
[[1;34mINFO[m] argLine set to -javaagent:/home/ch61/.m2/repository/org/jacoco/org.jacoco.agent/0.8.5/org.jacoco.agent-0.8.5-runtime.jar=destfile=/home/ch61/rocketmq/srvutil/target/jacoco.exec
[[1;34mINFO[m] 
[[1;34mINFO[m] [1m--- [0;32mmaven-remote-resources-plugin:1.5:process[m [1m(process-resource-bundles)[m @ [36mrocketmq-srvutil[0;1m ---[m
[[1;34mINFO[m] 
[[1;34mINFO[m] [1m--- [0;32mmaven-resources-plugin:3.0.2:resources[m [1m(default-resources)[m @ [36mrocketmq-srvutil[0;1m ---[m
[[1;34mINFO[m] Using 'UTF-8' encoding to copy filtered resources.
[[1;34mINFO[m] skip non existing resourceDirectory /home/ch61/rocketmq/srvutil/src/main/resources
[[1;34mINFO[m] Copying 3 resources
[[1;34mINFO[m] 
[[1;34mINFO[m] [1m--- [0;32mmaven-compiler-plugin:3.5.1:compile[m [1m(default-compile)[m @ [36mrocketmq-srvutil[0;1m ---[m
[[1;34mINFO[m] Changes detected - recompiling the module!
[[1;34mINFO[m] Compiling 3 source files to /home/ch61/rocketmq/srvutil/target/classes
[[1;34mINFO[m] 
[[1;34mINFO[m] [1m--- [0;32mmaven-resources-plugin:3.0.2:testResources[m [1m(default-testResources)[m @ [36mrocketmq-srvutil[0;1m ---[m
[[1;34mINFO[m] Using 'UTF-8' encoding to copy filtered resources.
[[1;34mINFO[m] skip non existing resourceDirectory /home/ch61/rocketmq/srvutil/src/test/resources
[[1;34mINFO[m] Copying 3 resources
[[1;34mINFO[m] 
[[1;34mINFO[m] [1m--- [0;32mmaven-compiler-plugin:3.5.1:testCompile[m [1m(default-testCompile)[m @ [36mrocketmq-srvutil[0;1m ---[m
[[1;34mINFO[m] No sources to compile
[[1;34mINFO[m] 
[[1;34mINFO[m] [1m<<< [0;32mtestrunner-maven-plugin:1.2:testplugin[m [1m(default-cli)[0;1m < [0;1mtest-compile[m @ [36mrocketmq-srvutil[0;1m <<<[m
[[1;34mINFO[m] 
[[1;34mINFO[m] 
[[1;34mINFO[m] [1m--- [0;32mtestrunner-maven-plugin:1.2:testplugin[m [1m(default-cli)[m @ [36mrocketmq-srvutil[0;1m ---[m
[[1;34mINFO[m] Accessing cachePath: 
[[1;34mINFO[m] No timeout specified. Using randomize.rounds: 10
[[1;34mINFO[m] ROUNDS_CALCULATED: Giving org.apache.rocketmq:rocketmq-srvutil:4.9.3-SNAPSHOT 10 rounds to run for random-class-method
[[1;34mINFO[m] Accessing cachePath: 
[[1;34mINFO[m] Accessing cachePath: 
[[1;34mINFO[m] Accessing cachePath: 
[[1;34mINFO[m] Module is not using a supported test framework (probably not JUnit), or there is no test.
---------------------------------------------------
ERROR (WRITE_ERROR_STDOUT_STRING): org.apache.rocketmq:rocketmq-srvutil:4.9.3-SNAPSHOT
Message was:
Module is not using a supported test framework (probably not JUnit), or there is no test.
[[1;34mINFO[m] Accessing cachePath: 
[[1;34mINFO[m] Accessing cachePath: 
TRY_COPY_ALL_FAILING_TEST_OUTPUT
[[1;34mINFO[m] 
[[1;34mINFO[m] [1m----------------< [0;36morg.apache.rocketmq:rocketmq-filter[0;1m >-----------------[m
[[1;34mINFO[m] [1mBuilding rocketmq-filter 4.9.3-SNAPSHOT 4.9.3-SNAPSHOT            [8/17][m
[[1;34mINFO[m] [1m--------------------------------[ jar ]---------------------------------[m
[[1;34mINFO[m] 
[[1;34mINFO[m] [1m>>> [0;32mtestrunner-maven-plugin:1.2:testplugin[m [1m(default-cli)[0;1m > [0;1mtest-compile[m @ [36mrocketmq-filter[0;1m >>>[m
[[1;34mINFO[m] 
[[1;34mINFO[m] [1m--- [0;32mmaven-enforcer-plugin:1.4.1:enforce[m [1m(enforce-ban-circular-dependencies)[m @ [36mrocketmq-filter[0;1m ---[m
[[1;34mINFO[m] 
[[1;34mINFO[m] [1m--- [0;32mjacoco-maven-plugin:0.8.5:prepare-agent[m [1m(default-prepare-agent)[m @ [36mrocketmq-filter[0;1m ---[m
[[1;34mINFO[m] argLine set to -javaagent:/home/ch61/.m2/repository/org/jacoco/org.jacoco.agent/0.8.5/org.jacoco.agent-0.8.5-runtime.jar=destfile=/home/ch61/rocketmq/filter/target/jacoco.exec
[[1;34mINFO[m] 
[[1;34mINFO[m] [1m--- [0;32mmaven-remote-resources-plugin:1.5:process[m [1m(process-resource-bundles)[m @ [36mrocketmq-filter[0;1m ---[m
[[1;34mINFO[m] 
[[1;34mINFO[m] [1m--- [0;32mmaven-resources-plugin:3.0.2:resources[m [1m(default-resources)[m @ [36mrocketmq-filter[0;1m ---[m
[[1;34mINFO[m] Using 'UTF-8' encoding to copy filtered resources.
[[1;34mINFO[m] skip non existing resourceDirectory /home/ch61/rocketmq/filter/src/main/resources
[[1;34mINFO[m] Copying 3 resources
[[1;34mINFO[m] 
[[1;34mINFO[m] [1m--- [0;32mmaven-compiler-plugin:3.5.1:compile[m [1m(default-compile)[m @ [36mrocketmq-filter[0;1m ---[m
[[1;34mINFO[m] Changes detected - recompiling the module!
[[1;34mINFO[m] Compiling 28 source files to /home/ch61/rocketmq/filter/target/classes
[[1;34mINFO[m] /home/ch61/rocketmq/filter/src/main/java/org/apache/rocketmq/filter/parser/SelectorParser.java: /home/ch61/rocketmq/filter/src/main/java/org/apache/rocketmq/filter/parser/SelectorParser.java uses unchecked or unsafe operations.
[[1;34mINFO[m] /home/ch61/rocketmq/filter/src/main/java/org/apache/rocketmq/filter/parser/SelectorParser.java: Recompile with -Xlint:unchecked for details.
[[1;34mINFO[m] 
[[1;34mINFO[m] [1m--- [0;32mmaven-resources-plugin:3.0.2:testResources[m [1m(default-testResources)[m @ [36mrocketmq-filter[0;1m ---[m
[[1;34mINFO[m] Using 'UTF-8' encoding to copy filtered resources.
[[1;34mINFO[m] skip non existing resourceDirectory /home/ch61/rocketmq/filter/src/test/resources
[[1;34mINFO[m] Copying 3 resources
[[1;34mINFO[m] 
[[1;34mINFO[m] [1m--- [0;32mmaven-compiler-plugin:3.5.1:testCompile[m [1m(default-testCompile)[m @ [36mrocketmq-filter[0;1m ---[m
[[1;34mINFO[m] Changes detected - recompiling the module!
[[1;34mINFO[m] Compiling 5 source files to /home/ch61/rocketmq/filter/target/test-classes
[[1;34mINFO[m] 
[[1;34mINFO[m] [1m<<< [0;32mtestrunner-maven-plugin:1.2:testplugin[m [1m(default-cli)[0;1m < [0;1mtest-compile[m @ [36mrocketmq-filter[0;1m <<<[m
[[1;34mINFO[m] 
[[1;34mINFO[m] 
[[1;34mINFO[m] [1m--- [0;32mtestrunner-maven-plugin:1.2:testplugin[m [1m(default-cli)[m @ [36mrocketmq-filter[0;1m ---[m
[[1;34mINFO[m] Accessing cachePath: 
[[1;34mINFO[m] No timeout specified. Using randomize.rounds: 10
[[1;34mINFO[m] ROUNDS_CALCULATED: Giving org.apache.rocketmq:rocketmq-filter:4.9.3-SNAPSHOT 10 rounds to run for random-class-method
[[1;34mINFO[m] Accessing cachePath: 
[[1;34mINFO[m] Accessing cachePath: 
[[1;34mINFO[m] Accessing cachePath: 
[[1;34mINFO[m] Accessing cachePath: 
[[1;34mINFO[m] Getting original order by parsing logs. ignoreExisting set to: false
[[1;34mINFO[m] Accessing cachePath: 
[INFO] Getting original results (46 tests).
[[1;34mINFO[m] Accessing cachePath: 
[[1;34mINFO[m] Accessing cachePath: 
[[1;34mINFO[m] Accessing cachePath: 
[[1;34mINFO[m] Accessing cachePath: 
[[1;34mINFO[m] Accessing cachePath: 
[[1;34mINFO[m] Created dependent test detector (class edu.illinois.cs.dt.tools.detection.detectors.RandomDetector).
[[1;34mINFO[m] Accessing cachePath: 
[[1;34mINFO[m] Accessing cachePath: 
[[1;34mINFO[m] Accessing cachePath: 
[[1;34mINFO[m] Accessing cachePath: 
[INFO] Found 0 tests in round 1 of 10 (0.0 seconds elapsed (1.0 total), 0.0 seconds remaining).
[[1;34mINFO[m] Accessing cachePath: 
[[1;34mINFO[m] Accessing cachePath: 
[[1;34mINFO[m] Accessing cachePath: 
[[1;34mINFO[m] Accessing cachePath: 
[INFO] Found 0 tests in round 2 of 10 (1.0 seconds elapsed (2.0 total), 4.0 seconds remaining).
[[1;34mINFO[m] Accessing cachePath: 
[[1;34mINFO[m] Accessing cachePath: 
[[1;34mINFO[m] Accessing cachePath: 
[[1;34mINFO[m] Accessing cachePath: 
[INFO] Found 0 tests in round 3 of 10 (2.0 seconds elapsed (3.0 total), 4.6 seconds remaining).
[[1;34mINFO[m] Accessing cachePath: 
[[1;34mINFO[m] Accessing cachePath: 
[[1;34mINFO[m] Accessing cachePath: 
[[1;34mINFO[m] Accessing cachePath: 
[INFO] Found 0 tests in round 4 of 10 (3.0 seconds elapsed (4.0 total), 4.5 seconds remaining).
[[1;34mINFO[m] Accessing cachePath: 
[[1;34mINFO[m] Accessing cachePath: 
[[1;34mINFO[m] Accessing cachePath: 
[[1;34mINFO[m] Accessing cachePath: 
[INFO] Found 0 tests in round 5 of 10 (4.0 seconds elapsed (5.0 total), 4.0 seconds remaining).
[[1;34mINFO[m] Accessing cachePath: 
[[1;34mINFO[m] Accessing cachePath: 
[[1;34mINFO[m] Accessing cachePath: 
[[1;34mINFO[m] Accessing cachePath: 
[INFO] Found 0 tests in round 6 of 10 (5.0 seconds elapsed (6.0 total), 3.3 seconds remaining).
[[1;34mINFO[m] Accessing cachePath: 
[[1;34mINFO[m] Accessing cachePath: 
[[1;34mINFO[m] Accessing cachePath: 
[[1;34mINFO[m] Accessing cachePath: 
[INFO] Found 0 tests in round 7 of 10 (6.0 seconds elapsed (6.9 total), 2.6 seconds remaining).
[[1;34mINFO[m] Accessing cachePath: 
[[1;34mINFO[m] Accessing cachePath: 
[[1;34mINFO[m] Accessing cachePath: 
[[1;34mINFO[m] Accessing cachePath: 
[INFO] Found 0 tests in round 8 of 10 (6.9 seconds elapsed (7.8 total), 1.7 seconds remaining).
[[1;34mINFO[m] Accessing cachePath: 
[[1;34mINFO[m] Accessing cachePath: 
[[1;34mINFO[m] Accessing cachePath: 
[[1;34mINFO[m] Accessing cachePath: 
[INFO] Found 0 tests in round 9 of 10 (7.8 seconds elapsed (8.8 total), 0.9 seconds remaining).
[[1;34mINFO[m] Accessing cachePath: 
[[1;34mINFO[m] Accessing cachePath: 
[[1;34mINFO[m] Accessing cachePath: 
[[1;34mINFO[m] Accessing cachePath: 
[INFO] Found 0 tests in round 10 of 10 (8.8 seconds elapsed (9.8 total), 0.0 seconds remaining).

[INFO] Found 0 tests, writing list to /home/ch61/rocketmq/filter/.dtfixingtools/detection-results/list.txt and dt lists to /home/ch61/rocketmq/filter/.dtfixingtools/detection-results/flaky-lists.json
TRY_COPY_ALL_FAILING_TEST_OUTPUT
[[1;34mINFO[m] 
[[1;34mINFO[m] [1m------------------< [0;36morg.apache.rocketmq:rocketmq-acl[0;1m >------------------[m
[[1;34mINFO[m] [1mBuilding rocketmq-acl 4.9.3-SNAPSHOT 4.9.3-SNAPSHOT               [9/17][m
[[1;34mINFO[m] [1m--------------------------------[ jar ]---------------------------------[m
[[1;34mINFO[m] 
[[1;34mINFO[m] [1m>>> [0;32mtestrunner-maven-plugin:1.2:testplugin[m [1m(default-cli)[0;1m > [0;1mtest-compile[m @ [36mrocketmq-acl[0;1m >>>[m
[[1;34mINFO[m] 
[[1;34mINFO[m] [1m--- [0;32mmaven-enforcer-plugin:1.4.1:enforce[m [1m(enforce-ban-circular-dependencies)[m @ [36mrocketmq-acl[0;1m ---[m
[[1;34mINFO[m] 
[[1;34mINFO[m] [1m--- [0;32mjacoco-maven-plugin:0.8.5:prepare-agent[m [1m(default-prepare-agent)[m @ [36mrocketmq-acl[0;1m ---[m
[[1;34mINFO[m] argLine set to -javaagent:/home/ch61/.m2/repository/org/jacoco/org.jacoco.agent/0.8.5/org.jacoco.agent-0.8.5-runtime.jar=destfile=/home/ch61/rocketmq/acl/target/jacoco.exec
[[1;34mINFO[m] 
[[1;34mINFO[m] [1m--- [0;32mmaven-remote-resources-plugin:1.5:process[m [1m(process-resource-bundles)[m @ [36mrocketmq-acl[0;1m ---[m
[[1;34mINFO[m] 
[[1;34mINFO[m] [1m--- [0;32mmaven-resources-plugin:3.0.2:resources[m [1m(default-resources)[m @ [36mrocketmq-acl[0;1m ---[m
[[1;34mINFO[m] Using 'UTF-8' encoding to copy filtered resources.
[[1;34mINFO[m] skip non existing resourceDirectory /home/ch61/rocketmq/acl/src/main/resources
[[1;34mINFO[m] Copying 3 resources
[[1;34mINFO[m] 
[[1;34mINFO[m] [1m--- [0;32mmaven-compiler-plugin:3.5.1:compile[m [1m(default-compile)[m @ [36mrocketmq-acl[0;1m ---[m
[[1;34mINFO[m] Changes detected - recompiling the module!
[[1;34mINFO[m] Compiling 15 source files to /home/ch61/rocketmq/acl/target/classes
[[1;34mINFO[m] /home/ch61/rocketmq/acl/src/main/java/org/apache/rocketmq/acl/plain/PlainPermissionManager.java: /home/ch61/rocketmq/acl/src/main/java/org/apache/rocketmq/acl/plain/PlainPermissionManager.java uses unchecked or unsafe operations.
[[1;34mINFO[m] /home/ch61/rocketmq/acl/src/main/java/org/apache/rocketmq/acl/plain/PlainPermissionManager.java: Recompile with -Xlint:unchecked for details.
[[1;34mINFO[m] 
[[1;34mINFO[m] [1m--- [0;32mmaven-resources-plugin:3.0.2:testResources[m [1m(default-testResources)[m @ [36mrocketmq-acl[0;1m ---[m
[[1;34mINFO[m] Using 'UTF-8' encoding to copy filtered resources.
[[1;34mINFO[m] Copying 11 resources
[[1;34mINFO[m] Copying 3 resources
[[1;34mINFO[m] 
[[1;34mINFO[m] [1m--- [0;32mmaven-compiler-plugin:3.5.1:testCompile[m [1m(default-testCompile)[m @ [36mrocketmq-acl[0;1m ---[m
[[1;34mINFO[m] Changes detected - recompiling the module!
[[1;34mINFO[m] Compiling 7 source files to /home/ch61/rocketmq/acl/target/test-classes
[[1;34mINFO[m] /home/ch61/rocketmq/acl/src/test/java/org/apache/rocketmq/acl/plain/PlainPermissionManagerTest.java: Some input files use unchecked or unsafe operations.
[[1;34mINFO[m] /home/ch61/rocketmq/acl/src/test/java/org/apache/rocketmq/acl/plain/PlainPermissionManagerTest.java: Recompile with -Xlint:unchecked for details.
[[1;34mINFO[m] 
[[1;34mINFO[m] [1m<<< [0;32mtestrunner-maven-plugin:1.2:testplugin[m [1m(default-cli)[0;1m < [0;1mtest-compile[m @ [36mrocketmq-acl[0;1m <<<[m
[[1;34mINFO[m] 
[[1;34mINFO[m] 
[[1;34mINFO[m] [1m--- [0;32mtestrunner-maven-plugin:1.2:testplugin[m [1m(default-cli)[m @ [36mrocketmq-acl[0;1m ---[m
[[1;34mINFO[m] Accessing cachePath: 
[[1;34mINFO[m] No timeout specified. Using randomize.rounds: 10
[[1;34mINFO[m] ROUNDS_CALCULATED: Giving org.apache.rocketmq:rocketmq-acl:4.9.3-SNAPSHOT 10 rounds to run for random-class-method
[[1;34mINFO[m] Accessing cachePath: 
[[1;34mINFO[m] Accessing cachePath: 
[[1;34mINFO[m] Accessing cachePath: 
[[1;34mINFO[m] Accessing cachePath: 
[[1;34mINFO[m] Getting original order by parsing logs. ignoreExisting set to: false
[[1;34mINFO[m] Accessing cachePath: 
[INFO] Getting original results (85 tests).
[[1;34mINFO[m] Accessing cachePath: 
[[1;34mINFO[m] Accessing cachePath: 
[[1;34mINFO[m] Accessing cachePath: 
[[1;34mINFO[m] Accessing cachePath: 
[[1;34mINFO[m] Accessing cachePath: 
[[1;34mINFO[m] Accessing cachePath: 
[[1;34mINFO[m] Accessing cachePath: 
[[1;34mINFO[m] Accessing cachePath: 
[[1;34mINFO[m] Accessing cachePath: 
[[1;34mINFO[m] Accessing cachePath: 
[[1;34mINFO[m] Accessing cachePath: 
[[1;34mINFO[m] Accessing cachePath: 
[[1;34mINFO[m] No passing order for tests (3 runs). Continuing anyway with last run.
[[1;34mINFO[m] Accessing cachePath: 
[[1;34mINFO[m] Created dependent test detector (class edu.illinois.cs.dt.tools.detection.detectors.RandomDetector).
[[1;34mINFO[m] Accessing cachePath: 
[[1;34mINFO[m] Accessing cachePath: 
[[1;34mINFO[m] Accessing cachePath: 
[[1;34mINFO[m] Accessing cachePath: 
[INFO] Found 0 tests in round 1 of 10 (0.0 seconds elapsed (2.1 total), 0.0 seconds remaining).
[[1;34mINFO[m] Accessing cachePath: 
[[1;34mINFO[m] Accessing cachePath: 
[[1;34mINFO[m] Accessing cachePath: 
[[1;34mINFO[m] Accessing cachePath: 
[INFO] Found 0 tests in round 2 of 10 (2.1 seconds elapsed (4.2 total), 8.4 seconds remaining).
[[1;34mINFO[m] Accessing cachePath: 
[[1;34mINFO[m] Accessing cachePath: 
[[1;34mINFO[m] Accessing cachePath: 
[[1;34mINFO[m] Accessing cachePath: 
[INFO] Found 0 tests in round 3 of 10 (4.2 seconds elapsed (6.4 total), 9.7 seconds remaining).
[[1;34mINFO[m] Accessing cachePath: 
[[1;34mINFO[m] Accessing cachePath: 
[[1;34mINFO[m] Accessing cachePath: 
[[1;34mINFO[m] Accessing cachePath: 
[INFO] Found 0 tests in round 4 of 10 (6.4 seconds elapsed (8.7 total), 9.6 seconds remaining).
[[1;34mINFO[m] Accessing cachePath: 
[[1;34mINFO[m] Accessing cachePath: 
[[1;34mINFO[m] Accessing cachePath: 
[[1;34mINFO[m] Accessing cachePath: 
[INFO] Found 0 tests in round 5 of 10 (8.7 seconds elapsed (10.8 total), 8.7 seconds remaining).
[[1;34mINFO[m] Accessing cachePath: 
[[1;34mINFO[m] Accessing cachePath: 
[[1;34mINFO[m] Accessing cachePath: 
[[1;34mINFO[m] Accessing cachePath: 
[INFO] Found 0 tests in round 6 of 10 (10.8 seconds elapsed (13.0 total), 7.2 seconds remaining).
[[1;34mINFO[m] Accessing cachePath: 
[[1;34mINFO[m] Accessing cachePath: 
[[1;34mINFO[m] Accessing cachePath: 
[[1;34mINFO[m] Accessing cachePath: 
[INFO] Found 0 tests in round 7 of 10 (13.0 seconds elapsed (15.2 total), 5.6 seconds remaining).
[[1;34mINFO[m] Accessing cachePath: 
[[1;34mINFO[m] Accessing cachePath: 
[[1;34mINFO[m] Accessing cachePath: 
[[1;34mINFO[m] Accessing cachePath: 
[INFO] Found 0 tests in round 8 of 10 (15.2 seconds elapsed (17.4 total), 3.8 seconds remaining).
[[1;34mINFO[m] Accessing cachePath: 
[[1;34mINFO[m] Accessing cachePath: 
[[1;34mINFO[m] Accessing cachePath: 
[[1;34mINFO[m] Accessing cachePath: 
[INFO] Found 0 tests in round 9 of 10 (17.4 seconds elapsed (19.6 total), 1.9 seconds remaining).
[[1;34mINFO[m] Accessing cachePath: 
[[1;34mINFO[m] Accessing cachePath: 
[[1;34mINFO[m] Accessing cachePath: 
[[1;34mINFO[m] Accessing cachePath: 
[INFO] Found 0 tests in round 10 of 10 (19.6 seconds elapsed (21.7 total), 0.0 seconds remaining).

[INFO] Found 0 tests, writing list to /home/ch61/rocketmq/acl/.dtfixingtools/detection-results/list.txt and dt lists to /home/ch61/rocketmq/acl/.dtfixingtools/detection-results/flaky-lists.json
TRY_COPY_ALL_FAILING_TEST_OUTPUT
[[1;34mINFO[m] 
[[1;34mINFO[m] [1m----------------< [0;36morg.apache.rocketmq:rocketmq-broker[0;1m >-----------------[m
[[1;34mINFO[m] [1mBuilding rocketmq-broker 4.9.3-SNAPSHOT 4.9.3-SNAPSHOT           [10/17][m
[[1;34mINFO[m] [1m--------------------------------[ jar ]---------------------------------[m
[[1;34mINFO[m] 
[[1;34mINFO[m] [1m>>> [0;32mtestrunner-maven-plugin:1.2:testplugin[m [1m(default-cli)[0;1m > [0;1mtest-compile[m @ [36mrocketmq-broker[0;1m >>>[m
Downloading from central: https://repo.maven.apache.org/maven2/org/javassist/javassist/3.20.0-GA/javassist-3.20.0-GA.jar
Progress (1): 1.4/751 kBProgress (1): 2.7/751 kBProgress (1): 4.1/751 kBProgress (1): 5.5/751 kBProgress (1): 6.9/751 kBProgress (1): 8.2/751 kBProgress (1): 9.6/751 kBProgress (1): 11/751 kB Progress (1): 12/751 kBProgress (1): 14/751 kBProgress (1): 15/751 kBProgress (1): 16/751 kBProgress (1): 18/751 kBProgress (1): 19/751 kBProgress (1): 21/751 kBProgress (1): 22/751 kBProgress (1): 23/751 kBProgress (1): 25/751 kBProgress (1): 26/751 kBProgress (1): 27/751 kBProgress (1): 29/751 kBProgress (1): 30/751 kBProgress (1): 32/751 kBProgress (1): 33/751 kBProgress (1): 34/751 kBProgress (1): 36/751 kBProgress (1): 37/751 kBProgress (1): 38/751 kBProgress (1): 40/751 kBProgress (1): 41/751 kBProgress (1): 43/751 kBProgress (1): 44/751 kBProgress (1): 45/751 kBProgress (1): 47/751 kBProgress (1): 48/751 kBProgress (1): 49/751 kBProgress (1): 51/751 kBProgress (1): 52/751 kBProgress (1): 53/751 kBProgress (1): 55/751 kBProgress (1): 56/751 kBProgress (1): 58/751 kBProgress (1): 59/751 kBProgress (1): 60/751 kBProgress (1): 62/751 kBProgress (1): 63/751 kBProgress (1): 64/751 kBProgress (1): 66/751 kBProgress (1): 70/751 kBProgress (1): 74/751 kBProgress (1): 78/751 kBProgress (1): 82/751 kBProgress (1): 86/751 kBProgress (1): 90/751 kBProgress (1): 94/751 kBProgress (1): 99/751 kBProgress (1): 103/751 kBProgress (1): 107/751 kBProgress (1): 111/751 kBProgress (1): 115/751 kBProgress (1): 119/751 kBProgress (1): 123/751 kBProgress (1): 127/751 kBProgress (1): 131/751 kBProgress (1): 135/751 kBProgress (1): 140/751 kBProgress (1): 144/751 kBProgress (1): 148/751 kBProgress (1): 152/751 kBProgress (1): 156/751 kBProgress (1): 160/751 kBProgress (1): 164/751 kBProgress (1): 168/751 kBProgress (1): 172/751 kBProgress (1): 176/751 kBProgress (1): 180/751 kBProgress (1): 185/751 kBProgress (1): 189/751 kBProgress (1): 193/751 kBProgress (1): 197/751 kBProgress (1): 201/751 kBProgress (1): 205/751 kBProgress (1): 209/751 kBProgress (1): 213/751 kBProgress (1): 217/751 kBProgress (1): 221/751 kBProgress (1): 226/751 kBProgress (1): 230/751 kBProgress (1): 234/751 kBProgress (1): 238/751 kBProgress (1): 242/751 kBProgress (1): 246/751 kBProgress (1): 250/751 kBProgress (1): 254/751 kBProgress (1): 258/751 kBProgress (1): 262/751 kBProgress (1): 267/751 kBProgress (1): 271/751 kBProgress (1): 275/751 kBProgress (1): 279/751 kBProgress (1): 283/751 kBProgress (1): 287/751 kBProgress (1): 291/751 kBProgress (1): 295/751 kBProgress (1): 299/751 kBProgress (1): 303/751 kBProgress (1): 307/751 kBProgress (1): 312/751 kBProgress (1): 316/751 kBProgress (1): 320/751 kBProgress (1): 324/751 kBProgress (1): 328/751 kBProgress (1): 332/751 kBProgress (1): 336/751 kBProgress (1): 340/751 kBProgress (1): 344/751 kBProgress (1): 348/751 kBProgress (1): 353/751 kBProgress (1): 357/751 kBProgress (1): 361/751 kBProgress (1): 365/751 kBProgress (1): 369/751 kBProgress (1): 373/751 kBProgress (1): 377/751 kBProgress (1): 381/751 kBProgress (1): 385/751 kBProgress (1): 389/751 kBProgress (1): 393/751 kBProgress (1): 398/751 kBProgress (1): 402/751 kBProgress (1): 406/751 kBProgress (1): 410/751 kBProgress (1): 414/751 kBProgress (1): 418/751 kBProgress (1): 422/751 kBProgress (1): 426/751 kBProgress (1): 430/751 kBProgress (1): 434/751 kBProgress (1): 439/751 kBProgress (1): 443/751 kBProgress (1): 447/751 kBProgress (1): 451/751 kBProgress (1): 455/751 kBProgress (1): 459/751 kBProgress (1): 463/751 kBProgress (1): 467/751 kBProgress (1): 471/751 kBProgress (1): 475/751 kBProgress (1): 479/751 kBProgress (1): 483/751 kBProgress (1): 487/751 kBProgress (1): 491/751 kBProgress (1): 495/751 kBProgress (1): 499/751 kBProgress (1): 503/751 kBProgress (1): 507/751 kBProgress (1): 511/751 kBProgress (1): 515/751 kBProgress (1): 520/751 kBProgress (1): 524/751 kBProgress (1): 528/751 kBProgress (1): 532/751 kBProgress (1): 536/751 kBProgress (1): 540/751 kBProgress (1): 544/751 kBProgress (1): 548/751 kBProgress (1): 552/751 kBProgress (1): 556/751 kBProgress (1): 561/751 kBProgress (1): 565/751 kBProgress (1): 569/751 kBProgress (1): 573/751 kBProgress (1): 577/751 kBProgress (1): 581/751 kBProgress (1): 585/751 kBProgress (1): 589/751 kBProgress (1): 593/751 kBProgress (1): 597/751 kBProgress (1): 602/751 kBProgress (1): 606/751 kBProgress (1): 610/751 kBProgress (1): 614/751 kBProgress (1): 618/751 kBProgress (1): 622/751 kBProgress (1): 626/751 kBProgress (1): 630/751 kBProgress (1): 634/751 kBProgress (1): 638/751 kBProgress (1): 642/751 kBProgress (1): 647/751 kBProgress (1): 651/751 kBProgress (1): 655/751 kBProgress (1): 659/751 kBProgress (1): 663/751 kBProgress (1): 667/751 kBProgress (1): 671/751 kBProgress (1): 675/751 kBProgress (1): 679/751 kBProgress (1): 683/751 kBProgress (1): 688/751 kBProgress (1): 692/751 kBProgress (1): 696/751 kBProgress (1): 700/751 kBProgress (1): 704/751 kBProgress (1): 708/751 kBProgress (1): 712/751 kBProgress (1): 716/751 kBProgress (1): 720/751 kBProgress (1): 724/751 kBProgress (1): 728/751 kBProgress (1): 733/751 kBProgress (1): 737/751 kBProgress (1): 741/751 kBProgress (1): 745/751 kBProgress (1): 749/751 kBProgress (1): 751 kB                        Downloaded from central: https://repo.maven.apache.org/maven2/org/javassist/javassist/3.20.0-GA/javassist-3.20.0-GA.jar (751 kB at 4.5 MB/s)
[[1;34mINFO[m] 
[[1;34mINFO[m] [1m--- [0;32mmaven-enforcer-plugin:1.4.1:enforce[m [1m(enforce-ban-circular-dependencies)[m @ [36mrocketmq-broker[0;1m ---[m
[[1;34mINFO[m] 
[[1;34mINFO[m] [1m--- [0;32mjacoco-maven-plugin:0.8.5:prepare-agent[m [1m(default-prepare-agent)[m @ [36mrocketmq-broker[0;1m ---[m
[[1;34mINFO[m] argLine set to -javaagent:/home/ch61/.m2/repository/org/jacoco/org.jacoco.agent/0.8.5/org.jacoco.agent-0.8.5-runtime.jar=destfile=/home/ch61/rocketmq/broker/target/jacoco.exec
[[1;34mINFO[m] 
[[1;34mINFO[m] [1m--- [0;32mmaven-remote-resources-plugin:1.5:process[m [1m(process-resource-bundles)[m @ [36mrocketmq-broker[0;1m ---[m
[[1;34mINFO[m] 
[[1;34mINFO[m] [1m--- [0;32mmaven-resources-plugin:3.0.2:resources[m [1m(default-resources)[m @ [36mrocketmq-broker[0;1m ---[m
[[1;34mINFO[m] Using 'UTF-8' encoding to copy filtered resources.
[[1;34mINFO[m] Copying 2 resources
[[1;34mINFO[m] Copying 3 resources
[[1;34mINFO[m] 
[[1;34mINFO[m] [1m--- [0;32mmaven-compiler-plugin:3.5.1:compile[m [1m(default-compile)[m @ [36mrocketmq-broker[0;1m ---[m
[[1;34mINFO[m] Changes detected - recompiling the module!
[[1;34mINFO[m] Compiling 69 source files to /home/ch61/rocketmq/broker/target/classes
[[1;33mWARNING[m] /home/ch61/rocketmq/broker/src/main/java/org/apache/rocketmq/broker/client/net/Broker2Client.java:[33,48] org.apache.rocketmq.common.protocol.body.GetConsumerStatusBody in org.apache.rocketmq.common.protocol.body has been deprecated
[[1;33mWARNING[m] /home/ch61/rocketmq/broker/src/main/java/org/apache/rocketmq/broker/pagecache/OneMessageTransfer.java:[46,17] transfered() in io.netty.channel.FileRegion has been deprecated
[[1;33mWARNING[m] /home/ch61/rocketmq/broker/src/main/java/org/apache/rocketmq/broker/client/net/Broker2Client.java:[268,33] org.apache.rocketmq.common.protocol.body.GetConsumerStatusBody in org.apache.rocketmq.common.protocol.body has been deprecated
[[1;33mWARNING[m] /home/ch61/rocketmq/broker/src/main/java/org/apache/rocketmq/broker/client/net/Broker2Client.java:[270,41] org.apache.rocketmq.common.protocol.body.GetConsumerStatusBody in org.apache.rocketmq.common.protocol.body has been deprecated
[[1;33mWARNING[m] /home/ch61/rocketmq/broker/src/main/java/org/apache/rocketmq/broker/client/net/Broker2Client.java:[269,37] org.apache.rocketmq.common.protocol.body.GetConsumerStatusBody in org.apache.rocketmq.common.protocol.body has been deprecated
[[1;33mWARNING[m] /home/ch61/rocketmq/broker/src/main/java/org/apache/rocketmq/broker/client/net/Broker2Client.java:[294,9] org.apache.rocketmq.common.protocol.body.GetConsumerStatusBody in org.apache.rocketmq.common.protocol.body has been deprecated
[[1;33mWARNING[m] /home/ch61/rocketmq/broker/src/main/java/org/apache/rocketmq/broker/client/net/Broker2Client.java:[294,45] org.apache.rocketmq.common.protocol.body.GetConsumerStatusBody in org.apache.rocketmq.common.protocol.body has been deprecated
[[1;33mWARNING[m] /home/ch61/rocketmq/broker/src/main/java/org/apache/rocketmq/broker/pagecache/ManyMessageTransfer.java:[52,17] transfered() in io.netty.channel.FileRegion has been deprecated
[[1;33mWARNING[m] /home/ch61/rocketmq/broker/src/main/java/org/apache/rocketmq/broker/transaction/jdbc/JDBCTransactionStore.java:[37,46] org.apache.rocketmq.broker.transaction.TransactionStore in org.apache.rocketmq.broker.transaction has been deprecated
[[1;33mWARNING[m] /home/ch61/rocketmq/broker/src/main/java/org/apache/rocketmq/broker/transaction/jdbc/JDBCTransactionStore.java:[162,29] org.apache.rocketmq.broker.transaction.TransactionRecord in org.apache.rocketmq.broker.transaction has been deprecated
[[1;33mWARNING[m] /home/ch61/rocketmq/broker/src/main/java/org/apache/rocketmq/broker/transaction/jdbc/JDBCTransactionStore.java:[167,18] org.apache.rocketmq.broker.transaction.TransactionRecord in org.apache.rocketmq.broker.transaction has been deprecated
[[1;33mWARNING[m] /home/ch61/rocketmq/broker/src/main/java/org/apache/rocketmq/broker/transaction/jdbc/JDBCTransactionStore.java:[224,17] org.apache.rocketmq.broker.transaction.TransactionRecord in org.apache.rocketmq.broker.transaction has been deprecated
[[1;33mWARNING[m] /home/ch61/rocketmq/broker/src/main/java/org/apache/rocketmq/broker/pagecache/QueryMessageTransfer.java:[52,17] transfered() in io.netty.channel.FileRegion has been deprecated
[[1;34mINFO[m] /home/ch61/rocketmq/broker/src/main/java/org/apache/rocketmq/broker/longpolling/ManyPullRequest.java: Some input files use unchecked or unsafe operations.
[[1;34mINFO[m] /home/ch61/rocketmq/broker/src/main/java/org/apache/rocketmq/broker/longpolling/ManyPullRequest.java: Recompile with -Xlint:unchecked for details.
[[1;34mINFO[m] 
[[1;34mINFO[m] [1m--- [0;32mmaven-resources-plugin:3.0.2:testResources[m [1m(default-testResources)[m @ [36mrocketmq-broker[0;1m ---[m
[[1;34mINFO[m] Using 'UTF-8' encoding to copy filtered resources.
[[1;34mINFO[m] Copying 4 resources
[[1;34mINFO[m] Copying 3 resources
[[1;34mINFO[m] 
[[1;34mINFO[m] [1m--- [0;32mmaven-compiler-plugin:3.5.1:testCompile[m [1m(default-testCompile)[m @ [36mrocketmq-broker[0;1m ---[m
[[1;34mINFO[m] Changes detected - recompiling the module!
[[1;34mINFO[m] Compiling 23 source files to /home/ch61/rocketmq/broker/target/test-classes
[[1;34mINFO[m] 
[[1;34mINFO[m] [1m<<< [0;32mtestrunner-maven-plugin:1.2:testplugin[m [1m(default-cli)[0;1m < [0;1mtest-compile[m @ [36mrocketmq-broker[0;1m <<<[m
[[1;34mINFO[m] 
[[1;34mINFO[m] 
[[1;34mINFO[m] [1m--- [0;32mtestrunner-maven-plugin:1.2:testplugin[m [1m(default-cli)[m @ [36mrocketmq-broker[0;1m ---[m
[[1;34mINFO[m] Accessing cachePath: 
[[1;34mINFO[m] No timeout specified. Using randomize.rounds: 10
[[1;34mINFO[m] ROUNDS_CALCULATED: Giving org.apache.rocketmq:rocketmq-broker:4.9.3-SNAPSHOT 10 rounds to run for random-class-method
[[1;34mINFO[m] Accessing cachePath: 
[[1;34mINFO[m] Accessing cachePath: 
[[1;34mINFO[m] Accessing cachePath: 
[[1;34mINFO[m] Accessing cachePath: 
[[1;34mINFO[m] Getting original order by parsing logs. ignoreExisting set to: false
[[1;34mINFO[m] Accessing cachePath: 
[INFO] Getting original results (95 tests).
[[1;34mINFO[m] Accessing cachePath: 
[[1;34mINFO[m] Accessing cachePath: 
[[1;34mINFO[m] Accessing cachePath: 
[[1;34mINFO[m] Accessing cachePath: 
[[1;34mINFO[m] Accessing cachePath: 
[[1;34mINFO[m] Accessing cachePath: 
[[1;34mINFO[m] Accessing cachePath: 
[[1;34mINFO[m] Accessing cachePath: 
[[1;34mINFO[m] Accessing cachePath: 
[[1;34mINFO[m] Accessing cachePath: 
[[1;34mINFO[m] Accessing cachePath: 
[[1;34mINFO[m] Accessing cachePath: 
[[1;34mINFO[m] No passing order for tests (3 runs). Continuing anyway with last run.
[[1;34mINFO[m] Accessing cachePath: 
[[1;34mINFO[m] Created dependent test detector (class edu.illinois.cs.dt.tools.detection.detectors.RandomDetector).
[[1;34mINFO[m] Accessing cachePath: 
[[1;34mINFO[m] Accessing cachePath: 
[[1;34mINFO[m] Accessing cachePath: 
[[1;34mINFO[m] Accessing cachePath: 
[INFO] Found 0 tests in round 1 of 10 (0.0 seconds elapsed (21.9 total), 0.0 seconds remaining).
[[1;34mINFO[m] Accessing cachePath: 
[[1;34mINFO[m] Accessing cachePath: 
[[1;34mINFO[m] Accessing cachePath: 
[[1;34mINFO[m] Accessing cachePath: 
[INFO] Found 0 tests in round 2 of 10 (21.9 seconds elapsed (40.4 total), 87.5 seconds remaining).
[[1;34mINFO[m] Accessing cachePath: 
[[1;34mINFO[m] Accessing cachePath: 
[[1;34mINFO[m] Accessing cachePath: 
[[1;34mINFO[m] Accessing cachePath: 
[INFO] Found 0 tests in round 3 of 10 (40.4 seconds elapsed (62.1 total), 94.3 seconds remaining).
[[1;34mINFO[m] Accessing cachePath: 
[[1;34mINFO[m] Accessing cachePath: 
[[1;34mINFO[m] Accessing cachePath: 
[[1;34mINFO[m] Accessing cachePath: 
[INFO] Found 0 tests in round 4 of 10 (62.1 seconds elapsed (81.1 total), 93.1 seconds remaining).
[[1;34mINFO[m] Accessing cachePath: 
[[1;34mINFO[m] Accessing cachePath: 
[[1;34mINFO[m] Accessing cachePath: 
[[1;34mINFO[m] Accessing cachePath: 
[[1;34mINFO[m] Accessing cachePath: 
[[1;34mINFO[m] Accessing cachePath: 
[[1;34mINFO[m] Accessing cachePath: 
Verified org.apache.rocketmq.broker.BrokerStartupTest.testProperties2SystemEnv, status: expected FAILURE, got FAILURE
[[1;34mINFO[m] Accessing cachePath: 
[[1;34mINFO[m] Accessing cachePath: 
Verified org.apache.rocketmq.broker.BrokerStartupTest.testProperties2SystemEnv, status: expected PASS, got PASS
[INFO] Found 1 tests in round 5 of 10 (81.1 seconds elapsed (103.1 total), 81.1 seconds remaining).
[[1;34mINFO[m] Accessing cachePath: 
[[1;34mINFO[m] Accessing cachePath: 
[[1;34mINFO[m] Accessing cachePath: 
[[1;34mINFO[m] Accessing cachePath: 
[INFO] Found 0 tests in round 1 of 10 (0.0 seconds elapsed (124.5 total), 0.0 seconds remaining).
[[1;34mINFO[m] Accessing cachePath: 
[[1;34mINFO[m] Accessing cachePath: 
[[1;34mINFO[m] Accessing cachePath: 
[[1;34mINFO[m] Accessing cachePath: 
[INFO] Found 0 tests in round 2 of 10 (21.4 seconds elapsed (146.4 total), 85.8 seconds remaining).
[[1;34mINFO[m] Accessing cachePath: 
[[1;34mINFO[m] Accessing cachePath: 
[[1;34mINFO[m] Accessing cachePath: 
[[1;34mINFO[m] Accessing cachePath: 
[INFO] Found 0 tests in round 3 of 10 (43.3 seconds elapsed (168.2 total), 101.0 seconds remaining).
[[1;34mINFO[m] Accessing cachePath: 
[[1;34mINFO[m] Accessing cachePath: 
[[1;34mINFO[m] Accessing cachePath: 
[[1;34mINFO[m] Accessing cachePath: 
[INFO] Found 0 tests in round 4 of 10 (65.2 seconds elapsed (190.0 total), 97.8 seconds remaining).
[[1;34mINFO[m] Accessing cachePath: 
[[1;34mINFO[m] Accessing cachePath: 
[[1;34mINFO[m] Accessing cachePath: 
[[1;34mINFO[m] Accessing cachePath: 
[INFO] Found 0 tests in round 5 of 10 (86.9 seconds elapsed (208.7 total), 86.9 seconds remaining).
[[1;34mINFO[m] Accessing cachePath: 
[[1;34mINFO[m] Accessing cachePath: 
[[1;34mINFO[m] Accessing cachePath: 
[[1;34mINFO[m] Accessing cachePath: 
[INFO] Found 0 tests in round 6 of 10 (105.6 seconds elapsed (230.4 total), 70.4 seconds remaining).
[[1;34mINFO[m] Accessing cachePath: 
[[1;34mINFO[m] Accessing cachePath: 
[[1;34mINFO[m] Accessing cachePath: 
[[1;34mINFO[m] Accessing cachePath: 
[INFO] Found 0 tests in round 7 of 10 (127.4 seconds elapsed (251.8 total), 54.6 seconds remaining).
[[1;34mINFO[m] Accessing cachePath: 
[[1;34mINFO[m] Accessing cachePath: 
[[1;34mINFO[m] Accessing cachePath: 
[[1;34mINFO[m] Accessing cachePath: 
[INFO] Found 0 tests in round 8 of 10 (148.7 seconds elapsed (273.6 total), 37.2 seconds remaining).
[[1;34mINFO[m] Accessing cachePath: 
[[1;34mINFO[m] Accessing cachePath: 
[[1;34mINFO[m] Accessing cachePath: 
[[1;34mINFO[m] Accessing cachePath: 
[INFO] Found 0 tests in round 9 of 10 (170.6 seconds elapsed (295.3 total), 19.0 seconds remaining).
[[1;34mINFO[m] Accessing cachePath: 
[[1;34mINFO[m] Accessing cachePath: 
[[1;34mINFO[m] Accessing cachePath: 
[[1;34mINFO[m] Accessing cachePath: 
[INFO] Found 0 tests in round 10 of 10 (192.2 seconds elapsed (317.0 total), 0.0 seconds remaining).

[INFO] Found 1 tests, writing list to /home/ch61/rocketmq/broker/.dtfixingtools/detection-results/list.txt and dt lists to /home/ch61/rocketmq/broker/.dtfixingtools/detection-results/flaky-lists.json
TRY_COPY_ALL_FAILING_TEST_OUTPUT
[[1;34mINFO[m] 
[[1;34mINFO[m] [1m-----------------< [0;36morg.apache.rocketmq:rocketmq-tools[0;1m >-----------------[m
[[1;34mINFO[m] [1mBuilding rocketmq-tools 4.9.3-SNAPSHOT 4.9.3-SNAPSHOT            [11/17][m
[[1;34mINFO[m] [1m--------------------------------[ jar ]---------------------------------[m
[[1;34mINFO[m] 
[[1;34mINFO[m] [1m>>> [0;32mtestrunner-maven-plugin:1.2:testplugin[m [1m(default-cli)[0;1m > [0;1mtest-compile[m @ [36mrocketmq-tools[0;1m >>>[m
[[1;34mINFO[m] 
[[1;34mINFO[m] [1m--- [0;32mmaven-enforcer-plugin:1.4.1:enforce[m [1m(enforce-ban-circular-dependencies)[m @ [36mrocketmq-tools[0;1m ---[m
[[1;34mINFO[m] 
[[1;34mINFO[m] [1m--- [0;32mjacoco-maven-plugin:0.8.5:prepare-agent[m [1m(default-prepare-agent)[m @ [36mrocketmq-tools[0;1m ---[m
[[1;34mINFO[m] argLine set to -javaagent:/home/ch61/.m2/repository/org/jacoco/org.jacoco.agent/0.8.5/org.jacoco.agent-0.8.5-runtime.jar=destfile=/home/ch61/rocketmq/tools/target/jacoco.exec
[[1;34mINFO[m] 
[[1;34mINFO[m] [1m--- [0;32mmaven-remote-resources-plugin:1.5:process[m [1m(process-resource-bundles)[m @ [36mrocketmq-tools[0;1m ---[m
[[1;34mINFO[m] 
[[1;34mINFO[m] [1m--- [0;32mmaven-resources-plugin:3.0.2:resources[m [1m(default-resources)[m @ [36mrocketmq-tools[0;1m ---[m
[[1;34mINFO[m] Using 'UTF-8' encoding to copy filtered resources.
[[1;34mINFO[m] skip non existing resourceDirectory /home/ch61/rocketmq/tools/src/main/resources
[[1;34mINFO[m] Copying 3 resources
[[1;34mINFO[m] 
[[1;34mINFO[m] [1m--- [0;32mmaven-compiler-plugin:3.5.1:compile[m [1m(default-compile)[m @ [36mrocketmq-tools[0;1m ---[m
[[1;34mINFO[m] Changes detected - recompiling the module!
[[1;34mINFO[m] Compiling 75 source files to /home/ch61/rocketmq/tools/target/classes
[[1;33mWARNING[m] /home/ch61/rocketmq/tools/src/main/java/org/apache/rocketmq/tools/command/message/ConsumeMessageCommand.java:[23,43] org.apache.rocketmq.client.consumer.DefaultMQPullConsumer in org.apache.rocketmq.client.consumer has been deprecated
[[1;33mWARNING[m] /home/ch61/rocketmq/tools/src/main/java/org/apache/rocketmq/tools/command/message/QueryMsgByOffsetSubCommand.java:[22,43] org.apache.rocketmq.client.consumer.DefaultMQPullConsumer in org.apache.rocketmq.client.consumer has been deprecated
[[1;33mWARNING[m] /home/ch61/rocketmq/tools/src/main/java/org/apache/rocketmq/tools/command/message/PrintMessageByQueueCommand.java:[31,43] org.apache.rocketmq.client.consumer.DefaultMQPullConsumer in org.apache.rocketmq.client.consumer has been deprecated
[[1;33mWARNING[m] /home/ch61/rocketmq/tools/src/main/java/org/apache/rocketmq/tools/command/message/PrintMessageSubCommand.java:[25,43] org.apache.rocketmq.client.consumer.DefaultMQPullConsumer in org.apache.rocketmq.client.consumer has been deprecated
[[1;33mWARNING[m] /home/ch61/rocketmq/tools/src/main/java/org/apache/rocketmq/tools/monitor/MonitorService.java:[29,43] org.apache.rocketmq.client.consumer.DefaultMQPullConsumer in org.apache.rocketmq.client.consumer has been deprecated
[[1;33mWARNING[m] /home/ch61/rocketmq/tools/src/main/java/org/apache/rocketmq/tools/command/message/ConsumeMessageCommand.java:[38,13] org.apache.rocketmq.client.consumer.DefaultMQPullConsumer in org.apache.rocketmq.client.consumer has been deprecated
[[1;33mWARNING[m] /home/ch61/rocketmq/tools/src/main/java/org/apache/rocketmq/tools/command/message/ConsumeMessageCommand.java:[120,41] org.apache.rocketmq.client.consumer.DefaultMQPullConsumer in org.apache.rocketmq.client.consumer has been deprecated
[[1;33mWARNING[m] /home/ch61/rocketmq/tools/src/main/java/org/apache/rocketmq/tools/command/message/ConsumeMessageCommand.java:[257,55] minOffset(org.apache.rocketmq.common.message.MessageQueue) in org.apache.rocketmq.client.consumer.DefaultMQPullConsumer has been deprecated
[[1;33mWARNING[m] /home/ch61/rocketmq/tools/src/main/java/org/apache/rocketmq/tools/command/message/ConsumeMessageCommand.java:[258,55] maxOffset(org.apache.rocketmq.common.message.MessageQueue) in org.apache.rocketmq.client.consumer.DefaultMQPullConsumer has been deprecated
[[1;33mWARNING[m] /home/ch61/rocketmq/tools/src/main/java/org/apache/rocketmq/tools/command/message/ConsumeMessageCommand.java:[260,54] searchOffset(org.apache.rocketmq.common.message.MessageQueue,long) in org.apache.rocketmq.client.consumer.DefaultMQPullConsumer has been deprecated
[[1;33mWARNING[m] /home/ch61/rocketmq/tools/src/main/java/org/apache/rocketmq/tools/command/message/ConsumeMessageCommand.java:[263,54] searchOffset(org.apache.rocketmq.common.message.MessageQueue,long) in org.apache.rocketmq.client.consumer.DefaultMQPullConsumer has been deprecated
[[1;33mWARNING[m] /home/ch61/rocketmq/tools/src/main/java/org/apache/rocketmq/tools/command/message/ConsumeMessageCommand.java:[283,51] minOffset(org.apache.rocketmq.common.message.MessageQueue) in org.apache.rocketmq.client.consumer.DefaultMQPullConsumer has been deprecated
[[1;33mWARNING[m] /home/ch61/rocketmq/tools/src/main/java/org/apache/rocketmq/tools/command/message/ConsumeMessageCommand.java:[284,51] maxOffset(org.apache.rocketmq.common.message.MessageQueue) in org.apache.rocketmq.client.consumer.DefaultMQPullConsumer has been deprecated
[[1;33mWARNING[m] /home/ch61/rocketmq/tools/src/main/java/org/apache/rocketmq/tools/command/message/ConsumeMessageCommand.java:[286,50] searchOffset(org.apache.rocketmq.common.message.MessageQueue,long) in org.apache.rocketmq.client.consumer.DefaultMQPullConsumer has been deprecated
[[1;33mWARNING[m] /home/ch61/rocketmq/tools/src/main/java/org/apache/rocketmq/tools/command/message/ConsumeMessageCommand.java:[289,50] searchOffset(org.apache.rocketmq.common.message.MessageQueue,long) in org.apache.rocketmq.client.consumer.DefaultMQPullConsumer has been deprecated
[[1;33mWARNING[m] /home/ch61/rocketmq/tools/src/main/java/org/apache/rocketmq/tools/command/message/QueryMsgByOffsetSubCommand.java:[67,9] org.apache.rocketmq.client.consumer.DefaultMQPullConsumer in org.apache.rocketmq.client.consumer has been deprecated
[[1;33mWARNING[m] /home/ch61/rocketmq/tools/src/main/java/org/apache/rocketmq/tools/command/message/QueryMsgByOffsetSubCommand.java:[67,59] org.apache.rocketmq.client.consumer.DefaultMQPullConsumer in org.apache.rocketmq.client.consumer has been deprecated
[[1;33mWARNING[m] /home/ch61/rocketmq/tools/src/main/java/org/apache/rocketmq/tools/command/message/PrintMessageByQueueCommand.java:[161,9] org.apache.rocketmq.client.consumer.DefaultMQPullConsumer in org.apache.rocketmq.client.consumer has been deprecated
[[1;33mWARNING[m] /home/ch61/rocketmq/tools/src/main/java/org/apache/rocketmq/tools/command/message/PrintMessageByQueueCommand.java:[161,46] org.apache.rocketmq.client.consumer.DefaultMQPullConsumer in org.apache.rocketmq.client.consumer has been deprecated
[[1;33mWARNING[m] /home/ch61/rocketmq/tools/src/main/java/org/apache/rocketmq/tools/command/message/PrintMessageByQueueCommand.java:[181,38] minOffset(org.apache.rocketmq.common.message.MessageQueue) in org.apache.rocketmq.client.consumer.DefaultMQPullConsumer has been deprecated
[[1;33mWARNING[m] /home/ch61/rocketmq/tools/src/main/java/org/apache/rocketmq/tools/command/message/PrintMessageByQueueCommand.java:[182,38] maxOffset(org.apache.rocketmq.common.message.MessageQueue) in org.apache.rocketmq.client.consumer.DefaultMQPullConsumer has been deprecated
[[1;33mWARNING[m] /home/ch61/rocketmq/tools/src/main/java/org/apache/rocketmq/tools/command/message/PrintMessageByQueueCommand.java:[187,37] searchOffset(org.apache.rocketmq.common.message.MessageQueue,long) in org.apache.rocketmq.client.consumer.DefaultMQPullConsumer has been deprecated
[[1;33mWARNING[m] /home/ch61/rocketmq/tools/src/main/java/org/apache/rocketmq/tools/command/message/PrintMessageByQueueCommand.java:[193,37] searchOffset(org.apache.rocketmq.common.message.MessageQueue,long) in org.apache.rocketmq.client.consumer.DefaultMQPullConsumer has been deprecated
[[1;33mWARNING[m] /home/ch61/rocketmq/tools/src/main/java/org/apache/rocketmq/tools/command/message/PrintMessageSubCommand.java:[105,9] org.apache.rocketmq.client.consumer.DefaultMQPullConsumer in org.apache.rocketmq.client.consumer has been deprecated
[[1;33mWARNING[m] /home/ch61/rocketmq/tools/src/main/java/org/apache/rocketmq/tools/command/message/PrintMessageSubCommand.java:[105,46] org.apache.rocketmq.client.consumer.DefaultMQPullConsumer in org.apache.rocketmq.client.consumer has been deprecated
[[1;33mWARNING[m] /home/ch61/rocketmq/tools/src/main/java/org/apache/rocketmq/tools/command/message/PrintMessageSubCommand.java:[122,42] minOffset(org.apache.rocketmq.common.message.MessageQueue) in org.apache.rocketmq.client.consumer.DefaultMQPullConsumer has been deprecated
[[1;33mWARNING[m] /home/ch61/rocketmq/tools/src/main/java/org/apache/rocketmq/tools/command/message/PrintMessageSubCommand.java:[123,42] maxOffset(org.apache.rocketmq.common.message.MessageQueue) in org.apache.rocketmq.client.consumer.DefaultMQPullConsumer has been deprecated
[[1;33mWARNING[m] /home/ch61/rocketmq/tools/src/main/java/org/apache/rocketmq/tools/command/message/PrintMessageSubCommand.java:[128,41] searchOffset(org.apache.rocketmq.common.message.MessageQueue,long) in org.apache.rocketmq.client.consumer.DefaultMQPullConsumer has been deprecated
[[1;33mWARNING[m] /home/ch61/rocketmq/tools/src/main/java/org/apache/rocketmq/tools/command/message/PrintMessageSubCommand.java:[134,41] searchOffset(org.apache.rocketmq.common.message.MessageQueue,long) in org.apache.rocketmq.client.consumer.DefaultMQPullConsumer has been deprecated
[[1;33mWARNING[m] /home/ch61/rocketmq/tools/src/main/java/org/apache/rocketmq/tools/monitor/MonitorService.java:[66,19] org.apache.rocketmq.client.consumer.DefaultMQPullConsumer in org.apache.rocketmq.client.consumer has been deprecated
[[1;33mWARNING[m] /home/ch61/rocketmq/tools/src/main/java/org/apache/rocketmq/tools/monitor/MonitorService.java:[66,69] org.apache.rocketmq.client.consumer.DefaultMQPullConsumer in org.apache.rocketmq.client.consumer has been deprecated
[[1;33mWARNING[m] /home/ch61/rocketmq/tools/src/main/java/org/apache/rocketmq/tools/monitor/MonitorService.java:[291,64] maxOffset(org.apache.rocketmq.common.message.MessageQueue) in org.apache.rocketmq.client.consumer.DefaultMQPullConsumer has been deprecated
[[1;34mINFO[m] /home/ch61/rocketmq/tools/src/main/java/org/apache/rocketmq/tools/admin/DefaultMQAdminExtImpl.java: Some input files use unchecked or unsafe operations.
[[1;34mINFO[m] /home/ch61/rocketmq/tools/src/main/java/org/apache/rocketmq/tools/admin/DefaultMQAdminExtImpl.java: Recompile with -Xlint:unchecked for details.
[[1;34mINFO[m] 
[[1;34mINFO[m] [1m--- [0;32mmaven-resources-plugin:3.0.2:testResources[m [1m(default-testResources)[m @ [36mrocketmq-tools[0;1m ---[m
[[1;34mINFO[m] Not copying test resources
[[1;34mINFO[m] 
[[1;34mINFO[m] [1m--- [0;32mmaven-compiler-plugin:3.5.1:testCompile[m [1m(default-testCompile)[m @ [36mrocketmq-tools[0;1m ---[m
[[1;34mINFO[m] Not compiling test sources
[[1;34mINFO[m] 
[[1;34mINFO[m] [1m<<< [0;32mtestrunner-maven-plugin:1.2:testplugin[m [1m(default-cli)[0;1m < [0;1mtest-compile[m @ [36mrocketmq-tools[0;1m <<<[m
[[1;34mINFO[m] 
[[1;34mINFO[m] 
[[1;34mINFO[m] [1m--- [0;32mtestrunner-maven-plugin:1.2:testplugin[m [1m(default-cli)[m @ [36mrocketmq-tools[0;1m ---[m
[[1;34mINFO[m] Accessing cachePath: 
[[1;34mINFO[m] No timeout specified. Using randomize.rounds: 10
[[1;34mINFO[m] ROUNDS_CALCULATED: Giving org.apache.rocketmq:rocketmq-tools:4.9.3-SNAPSHOT 10 rounds to run for random-class-method
[[1;34mINFO[m] Accessing cachePath: 
[[1;34mINFO[m] Accessing cachePath: 
[[1;34mINFO[m] Accessing cachePath: 
[[1;34mINFO[m] Module is not using a supported test framework (probably not JUnit), or there is no test.
---------------------------------------------------
ERROR (WRITE_ERROR_STDOUT_STRING): org.apache.rocketmq:rocketmq-tools:4.9.3-SNAPSHOT
Message was:
Module is not using a supported test framework (probably not JUnit), or there is no test.
[[1;34mINFO[m] Accessing cachePath: 
[[1;34mINFO[m] Accessing cachePath: 
TRY_COPY_ALL_FAILING_TEST_OUTPUT
[[1;34mINFO[m] 
[[1;34mINFO[m] [1m----------------< [0;36morg.apache.rocketmq:rocketmq-namesrv[0;1m >----------------[m
[[1;34mINFO[m] [1mBuilding rocketmq-namesrv 4.9.3-SNAPSHOT 4.9.3-SNAPSHOT          [12/17][m
[[1;34mINFO[m] [1m--------------------------------[ jar ]---------------------------------[m
[[1;34mINFO[m] 
[[1;34mINFO[m] [1m>>> [0;32mtestrunner-maven-plugin:1.2:testplugin[m [1m(default-cli)[0;1m > [0;1mtest-compile[m @ [36mrocketmq-namesrv[0;1m >>>[m
[[1;34mINFO[m] 
[[1;34mINFO[m] [1m--- [0;32mmaven-enforcer-plugin:1.4.1:enforce[m [1m(enforce-ban-circular-dependencies)[m @ [36mrocketmq-namesrv[0;1m ---[m
[[1;34mINFO[m] 
[[1;34mINFO[m] [1m--- [0;32mjacoco-maven-plugin:0.8.5:prepare-agent[m [1m(default-prepare-agent)[m @ [36mrocketmq-namesrv[0;1m ---[m
[[1;34mINFO[m] argLine set to -javaagent:/home/ch61/.m2/repository/org/jacoco/org.jacoco.agent/0.8.5/org.jacoco.agent-0.8.5-runtime.jar=destfile=/home/ch61/rocketmq/namesrv/target/jacoco.exec
[[1;34mINFO[m] 
[[1;34mINFO[m] [1m--- [0;32mmaven-remote-resources-plugin:1.5:process[m [1m(process-resource-bundles)[m @ [36mrocketmq-namesrv[0;1m ---[m
[[1;34mINFO[m] 
[[1;34mINFO[m] [1m--- [0;32mmaven-resources-plugin:3.0.2:resources[m [1m(default-resources)[m @ [36mrocketmq-namesrv[0;1m ---[m
[[1;34mINFO[m] Using 'UTF-8' encoding to copy filtered resources.
[[1;34mINFO[m] skip non existing resourceDirectory /home/ch61/rocketmq/namesrv/src/main/resources
[[1;34mINFO[m] Copying 3 resources
[[1;34mINFO[m] 
[[1;34mINFO[m] [1m--- [0;32mmaven-compiler-plugin:3.5.1:compile[m [1m(default-compile)[m @ [36mrocketmq-namesrv[0;1m ---[m
[[1;34mINFO[m] Changes detected - recompiling the module!
[[1;34mINFO[m] Compiling 8 source files to /home/ch61/rocketmq/namesrv/target/classes
[[1;34mINFO[m] /home/ch61/rocketmq/namesrv/src/main/java/org/apache/rocketmq/namesrv/routeinfo/RouteInfoManager.java: /home/ch61/rocketmq/namesrv/src/main/java/org/apache/rocketmq/namesrv/routeinfo/RouteInfoManager.java uses unchecked or unsafe operations.
[[1;34mINFO[m] /home/ch61/rocketmq/namesrv/src/main/java/org/apache/rocketmq/namesrv/routeinfo/RouteInfoManager.java: Recompile with -Xlint:unchecked for details.
[[1;34mINFO[m] 
[[1;34mINFO[m] [1m--- [0;32mmaven-resources-plugin:3.0.2:testResources[m [1m(default-testResources)[m @ [36mrocketmq-namesrv[0;1m ---[m
[[1;34mINFO[m] Using 'UTF-8' encoding to copy filtered resources.
[[1;34mINFO[m] skip non existing resourceDirectory /home/ch61/rocketmq/namesrv/src/test/resources
[[1;34mINFO[m] Copying 3 resources
[[1;34mINFO[m] 
[[1;34mINFO[m] [1m--- [0;32mmaven-compiler-plugin:3.5.1:testCompile[m [1m(default-testCompile)[m @ [36mrocketmq-namesrv[0;1m ---[m
[[1;34mINFO[m] Changes detected - recompiling the module!
[[1;34mINFO[m] Compiling 7 source files to /home/ch61/rocketmq/namesrv/target/test-classes
[[1;34mINFO[m] /home/ch61/rocketmq/namesrv/src/test/java/org/apache/rocketmq/namesrv/processor/DefaultRequestProcessorTest.java: /home/ch61/rocketmq/namesrv/src/test/java/org/apache/rocketmq/namesrv/processor/DefaultRequestProcessorTest.java uses unchecked or unsafe operations.
[[1;34mINFO[m] /home/ch61/rocketmq/namesrv/src/test/java/org/apache/rocketmq/namesrv/processor/DefaultRequestProcessorTest.java: Recompile with -Xlint:unchecked for details.
[[1;34mINFO[m] 
[[1;34mINFO[m] [1m<<< [0;32mtestrunner-maven-plugin:1.2:testplugin[m [1m(default-cli)[0;1m < [0;1mtest-compile[m @ [36mrocketmq-namesrv[0;1m <<<[m
[[1;34mINFO[m] 
[[1;34mINFO[m] 
[[1;34mINFO[m] [1m--- [0;32mtestrunner-maven-plugin:1.2:testplugin[m [1m(default-cli)[m @ [36mrocketmq-namesrv[0;1m ---[m
[[1;34mINFO[m] Accessing cachePath: 
[[1;34mINFO[m] No timeout specified. Using randomize.rounds: 10
[[1;34mINFO[m] ROUNDS_CALCULATED: Giving org.apache.rocketmq:rocketmq-namesrv:4.9.3-SNAPSHOT 10 rounds to run for random-class-method
[[1;34mINFO[m] Accessing cachePath: 
[[1;34mINFO[m] Accessing cachePath: 
[[1;34mINFO[m] Accessing cachePath: 
[[1;34mINFO[m] Accessing cachePath: 
[[1;34mINFO[m] Getting original order by parsing logs. ignoreExisting set to: false
[[1;34mINFO[m] Accessing cachePath: 
[INFO] Getting original results (25 tests).
[[1;34mINFO[m] Accessing cachePath: 
[[1;34mINFO[m] Accessing cachePath: 
[[1;34mINFO[m] Accessing cachePath: 
[[1;34mINFO[m] Accessing cachePath: 
[[1;34mINFO[m] Accessing cachePath: 
[[1;34mINFO[m] Created dependent test detector (class edu.illinois.cs.dt.tools.detection.detectors.RandomDetector).
[[1;34mINFO[m] Accessing cachePath: 
[[1;34mINFO[m] Accessing cachePath: 
[[1;34mINFO[m] Accessing cachePath: 
[[1;34mINFO[m] Accessing cachePath: 
[INFO] Found 0 tests in round 1 of 10 (0.0 seconds elapsed (8.5 total), 0.0 seconds remaining).
[[1;34mINFO[m] Accessing cachePath: 
[[1;34mINFO[m] Accessing cachePath: 
[[1;34mINFO[m] Accessing cachePath: 
[[1;34mINFO[m] Accessing cachePath: 
[INFO] Found 0 tests in round 2 of 10 (8.5 seconds elapsed (17.3 total), 34.2 seconds remaining).
[[1;34mINFO[m] Accessing cachePath: 
[[1;34mINFO[m] Accessing cachePath: 
[[1;34mINFO[m] Accessing cachePath: 
[[1;34mINFO[m] Accessing cachePath: 
[INFO] Found 0 tests in round 3 of 10 (17.3 seconds elapsed (26.0 total), 40.3 seconds remaining).
[[1;34mINFO[m] Accessing cachePath: 
[[1;34mINFO[m] Accessing cachePath: 
[[1;34mINFO[m] Accessing cachePath: 
[[1;34mINFO[m] Accessing cachePath: 
[INFO] Found 0 tests in round 4 of 10 (26.0 seconds elapsed (44.5 total), 39.0 seconds remaining).
[[1;34mINFO[m] Accessing cachePath: 
[[1;34mINFO[m] Accessing cachePath: 
[[1;34mINFO[m] Accessing cachePath: 
[[1;34mINFO[m] Accessing cachePath: 
[INFO] Found 0 tests in round 5 of 10 (44.5 seconds elapsed (53.2 total), 44.5 seconds remaining).
[[1;34mINFO[m] Accessing cachePath: 
[[1;34mINFO[m] Accessing cachePath: 
[[1;34mINFO[m] Accessing cachePath: 
[[1;34mINFO[m] Accessing cachePath: 
[INFO] Found 0 tests in round 6 of 10 (53.2 seconds elapsed (61.9 total), 35.5 seconds remaining).
[[1;34mINFO[m] Accessing cachePath: 
[[1;34mINFO[m] Accessing cachePath: 
[[1;34mINFO[m] Accessing cachePath: 
[[1;34mINFO[m] Accessing cachePath: 
[INFO] Found 0 tests in round 7 of 10 (61.9 seconds elapsed (70.6 total), 26.5 seconds remaining).
[[1;34mINFO[m] Accessing cachePath: 
[[1;34mINFO[m] Accessing cachePath: 
[[1;34mINFO[m] Accessing cachePath: 
[[1;34mINFO[m] Accessing cachePath: 
[INFO] Found 0 tests in round 8 of 10 (70.6 seconds elapsed (79.2 total), 17.6 seconds remaining).
[[1;34mINFO[m] Accessing cachePath: 
[[1;34mINFO[m] Accessing cachePath: 
[[1;34mINFO[m] Accessing cachePath: 
[[1;34mINFO[m] Accessing cachePath: 
[INFO] Found 0 tests in round 9 of 10 (79.2 seconds elapsed (97.8 total), 8.8 seconds remaining).
[[1;34mINFO[m] Accessing cachePath: 
[[1;34mINFO[m] Accessing cachePath: 
[[1;34mINFO[m] Accessing cachePath: 
[[1;34mINFO[m] Accessing cachePath: 
[INFO] Found 0 tests in round 10 of 10 (97.8 seconds elapsed (106.5 total), 0.0 seconds remaining).

[INFO] Found 0 tests, writing list to /home/ch61/rocketmq/namesrv/.dtfixingtools/detection-results/list.txt and dt lists to /home/ch61/rocketmq/namesrv/.dtfixingtools/detection-results/flaky-lists.json
TRY_COPY_ALL_FAILING_TEST_OUTPUT
[[1;34mINFO[m] 
[[1;34mINFO[m] [1m--------------< [0;36morg.apache.rocketmq:rocketmq-logappender[0;1m >--------------[m
[[1;34mINFO[m] [1mBuilding rocketmq-logappender 4.9.3-SNAPSHOT 4.9.3-SNAPSHOT      [13/17][m
[[1;34mINFO[m] [1m--------------------------------[ jar ]---------------------------------[m
[[1;34mINFO[m] 
[[1;34mINFO[m] [1m>>> [0;32mtestrunner-maven-plugin:1.2:testplugin[m [1m(default-cli)[0;1m > [0;1mtest-compile[m @ [36mrocketmq-logappender[0;1m >>>[m
[[1;34mINFO[m] 
[[1;34mINFO[m] [1m--- [0;32mmaven-enforcer-plugin:1.4.1:enforce[m [1m(enforce-ban-circular-dependencies)[m @ [36mrocketmq-logappender[0;1m ---[m
[[1;34mINFO[m] 
[[1;34mINFO[m] [1m--- [0;32mjacoco-maven-plugin:0.8.5:prepare-agent[m [1m(default-prepare-agent)[m @ [36mrocketmq-logappender[0;1m ---[m
[[1;34mINFO[m] argLine set to -javaagent:/home/ch61/.m2/repository/org/jacoco/org.jacoco.agent/0.8.5/org.jacoco.agent-0.8.5-runtime.jar=destfile=/home/ch61/rocketmq/logappender/target/jacoco.exec
[[1;34mINFO[m] 
[[1;34mINFO[m] [1m--- [0;32mmaven-remote-resources-plugin:1.5:process[m [1m(process-resource-bundles)[m @ [36mrocketmq-logappender[0;1m ---[m
[[1;34mINFO[m] 
[[1;34mINFO[m] [1m--- [0;32mmaven-resources-plugin:3.0.2:resources[m [1m(default-resources)[m @ [36mrocketmq-logappender[0;1m ---[m
[[1;34mINFO[m] Using 'UTF-8' encoding to copy filtered resources.
[[1;34mINFO[m] skip non existing resourceDirectory /home/ch61/rocketmq/logappender/src/main/resources
[[1;34mINFO[m] Copying 3 resources
[[1;34mINFO[m] 
[[1;34mINFO[m] [1m--- [0;32mmaven-compiler-plugin:3.5.1:compile[m [1m(default-compile)[m @ [36mrocketmq-logappender[0;1m ---[m
[[1;34mINFO[m] Changes detected - recompiling the module!
[[1;34mINFO[m] Compiling 4 source files to /home/ch61/rocketmq/logappender/target/classes
[[1;34mINFO[m] /home/ch61/rocketmq/logappender/src/main/java/org/apache/rocketmq/logappender/logback/RocketmqLogbackAppender.java: /home/ch61/rocketmq/logappender/src/main/java/org/apache/rocketmq/logappender/logback/RocketmqLogbackAppender.java uses unchecked or unsafe operations.
[[1;34mINFO[m] /home/ch61/rocketmq/logappender/src/main/java/org/apache/rocketmq/logappender/logback/RocketmqLogbackAppender.java: Recompile with -Xlint:unchecked for details.
[[1;34mINFO[m] 
[[1;34mINFO[m] [1m--- [0;32mmaven-resources-plugin:3.0.2:testResources[m [1m(default-testResources)[m @ [36mrocketmq-logappender[0;1m ---[m
[[1;34mINFO[m] Using 'UTF-8' encoding to copy filtered resources.
[[1;34mINFO[m] Copying 4 resources
[[1;34mINFO[m] Copying 3 resources
[[1;34mINFO[m] 
[[1;34mINFO[m] [1m--- [0;32mmaven-compiler-plugin:3.5.1:testCompile[m [1m(default-testCompile)[m @ [36mrocketmq-logappender[0;1m ---[m
[[1;34mINFO[m] Changes detected - recompiling the module!
[[1;34mINFO[m] Compiling 6 source files to /home/ch61/rocketmq/logappender/target/test-classes
[[1;34mINFO[m] 
[[1;34mINFO[m] [1m<<< [0;32mtestrunner-maven-plugin:1.2:testplugin[m [1m(default-cli)[0;1m < [0;1mtest-compile[m @ [36mrocketmq-logappender[0;1m <<<[m
[[1;34mINFO[m] 
[[1;34mINFO[m] 
[[1;34mINFO[m] [1m--- [0;32mtestrunner-maven-plugin:1.2:testplugin[m [1m(default-cli)[m @ [36mrocketmq-logappender[0;1m ---[m
[[1;34mINFO[m] Accessing cachePath: 
[[1;34mINFO[m] No timeout specified. Using randomize.rounds: 10
[[1;34mINFO[m] ROUNDS_CALCULATED: Giving org.apache.rocketmq:rocketmq-logappender:4.9.3-SNAPSHOT 10 rounds to run for random-class-method
[[1;34mINFO[m] Accessing cachePath: 
[[1;34mINFO[m] Accessing cachePath: 
[[1;34mINFO[m] Accessing cachePath: 
[[1;34mINFO[m] Accessing cachePath: 
[[1;34mINFO[m] Getting original order by parsing logs. ignoreExisting set to: false
[[1;34mINFO[m] Accessing cachePath: 
[INFO] Getting original results (4 tests).
[[1;34mINFO[m] Accessing cachePath: 
[[1;34mINFO[m] Accessing cachePath: 
[[1;34mINFO[m] Accessing cachePath: 
[[1;34mINFO[m] Accessing cachePath: 
[[1;34mINFO[m] Accessing cachePath: 
[[1;34mINFO[m] Accessing cachePath: 
[[1;34mINFO[m] Accessing cachePath: 
[[1;34mINFO[m] Accessing cachePath: 
[[1;34mINFO[m] Accessing cachePath: 
[[1;34mINFO[m] Accessing cachePath: 
[[1;34mINFO[m] Accessing cachePath: 
[[1;34mINFO[m] Accessing cachePath: 
[[1;34mINFO[m] No passing order for tests (3 runs). Continuing anyway with last run.
[[1;34mINFO[m] Accessing cachePath: 
[[1;34mINFO[m] Created dependent test detector (class edu.illinois.cs.dt.tools.detection.detectors.RandomDetector).
[[1;34mINFO[m] Accessing cachePath: 
[[1;34mINFO[m] Accessing cachePath: 
[[1;34mINFO[m] Accessing cachePath: 
[[1;34mINFO[m] Accessing cachePath: 
[INFO] Found 0 tests in round 1 of 10 (0.0 seconds elapsed (1.8 total), 0.0 seconds remaining).
[[1;34mINFO[m] Accessing cachePath: 
[[1;34mINFO[m] Accessing cachePath: 
[[1;34mINFO[m] Accessing cachePath: 
[[1;34mINFO[m] Accessing cachePath: 
[INFO] Found 0 tests in round 2 of 10 (1.8 seconds elapsed (3.6 total), 7.1 seconds remaining).
[[1;34mINFO[m] Accessing cachePath: 
[[1;34mINFO[m] Accessing cachePath: 
[[1;34mINFO[m] Accessing cachePath: 
[[1;34mINFO[m] Accessing cachePath: 
[INFO] Found 0 tests in round 3 of 10 (3.6 seconds elapsed (5.4 total), 8.4 seconds remaining).
[[1;34mINFO[m] Accessing cachePath: 
[[1;34mINFO[m] Accessing cachePath: 
[[1;34mINFO[m] Accessing cachePath: 
[[1;34mINFO[m] Accessing cachePath: 
[INFO] Found 0 tests in round 4 of 10 (5.4 seconds elapsed (7.1 total), 8.1 seconds remaining).
[[1;34mINFO[m] Accessing cachePath: 
[[1;34mINFO[m] Accessing cachePath: 
[[1;34mINFO[m] Accessing cachePath: 
[[1;34mINFO[m] Accessing cachePath: 
[INFO] Found 0 tests in round 5 of 10 (7.1 seconds elapsed (8.8 total), 7.1 seconds remaining).
[[1;34mINFO[m] Accessing cachePath: 
[[1;34mINFO[m] Accessing cachePath: 
[[1;34mINFO[m] Accessing cachePath: 
[[1;34mINFO[m] Accessing cachePath: 
[INFO] Found 0 tests in round 6 of 10 (8.8 seconds elapsed (10.5 total), 5.9 seconds remaining).
[[1;34mINFO[m] Accessing cachePath: 
[[1;34mINFO[m] Accessing cachePath: 
[[1;34mINFO[m] Accessing cachePath: 
[[1;34mINFO[m] Accessing cachePath: 
[INFO] Found 0 tests in round 7 of 10 (10.5 seconds elapsed (12.4 total), 4.5 seconds remaining).
[[1;34mINFO[m] Accessing cachePath: 
[[1;34mINFO[m] Accessing cachePath: 
[[1;34mINFO[m] Accessing cachePath: 
[[1;34mINFO[m] Accessing cachePath: 
[INFO] Found 0 tests in round 8 of 10 (12.4 seconds elapsed (14.1 total), 3.1 seconds remaining).
[[1;34mINFO[m] Accessing cachePath: 
[[1;34mINFO[m] Accessing cachePath: 
[[1;34mINFO[m] Accessing cachePath: 
[[1;34mINFO[m] Accessing cachePath: 
[INFO] Found 0 tests in round 9 of 10 (14.1 seconds elapsed (15.9 total), 1.6 seconds remaining).
[[1;34mINFO[m] Accessing cachePath: 
[[1;34mINFO[m] Accessing cachePath: 
[[1;34mINFO[m] Accessing cachePath: 
[[1;34mINFO[m] Accessing cachePath: 
[INFO] Found 0 tests in round 10 of 10 (15.9 seconds elapsed (17.6 total), 0.0 seconds remaining).

[INFO] Found 0 tests, writing list to /home/ch61/rocketmq/logappender/.dtfixingtools/detection-results/list.txt and dt lists to /home/ch61/rocketmq/logappender/.dtfixingtools/detection-results/flaky-lists.json
TRY_COPY_ALL_FAILING_TEST_OUTPUT
[[1;34mINFO[m] 
[[1;34mINFO[m] [1m-----------------< [0;36morg.apache.rocketmq:rocketmq-test[0;1m >------------------[m
[[1;34mINFO[m] [1mBuilding rocketmq-test 4.9.3-SNAPSHOT 4.9.3-SNAPSHOT             [14/17][m
[[1;34mINFO[m] [1m--------------------------------[ jar ]---------------------------------[m
[[1;34mINFO[m] 
[[1;34mINFO[m] [1m>>> [0;32mtestrunner-maven-plugin:1.2:testplugin[m [1m(default-cli)[0;1m > [0;1mtest-compile[m @ [36mrocketmq-test[0;1m >>>[m
Downloading from central: https://repo.maven.apache.org/maven2/com/google/truth/truth/0.30/truth-0.30.pom
Progress (1): 4.1/6.8 kBProgress (1): 6.8 kB                        Downloaded from central: https://repo.maven.apache.org/maven2/com/google/truth/truth/0.30/truth-0.30.pom (6.8 kB at 193 kB/s)
Downloading from central: https://repo.maven.apache.org/maven2/com/google/truth/truth-parent/0.30/truth-parent-0.30.pom
Progress (1): 4.1/4.3 kBProgress (1): 4.3 kB                        Downloaded from central: https://repo.maven.apache.org/maven2/com/google/truth/truth-parent/0.30/truth-parent-0.30.pom (4.3 kB at 57 kB/s)
Downloading from central: https://repo.maven.apache.org/maven2/com/google/errorprone/error_prone_annotations/2.0.8/error_prone_annotations-2.0.8.pom
Progress (1): 1.3 kB                    Downloaded from central: https://repo.maven.apache.org/maven2/com/google/errorprone/error_prone_annotations/2.0.8/error_prone_annotations-2.0.8.pom (1.3 kB at 28 kB/s)
Downloading from central: https://repo.maven.apache.org/maven2/com/google/errorprone/error_prone_parent/2.0.8/error_prone_parent-2.0.8.pom
Progress (1): 4.1/4.8 kBProgress (1): 4.8 kB                        Downloaded from central: https://repo.maven.apache.org/maven2/com/google/errorprone/error_prone_parent/2.0.8/error_prone_parent-2.0.8.pom (4.8 kB at 342 kB/s)
Downloading from central: https://repo.maven.apache.org/maven2/com/google/truth/truth/0.30/truth-0.30.jar
Downloading from central: https://repo.maven.apache.org/maven2/com/google/errorprone/error_prone_annotations/2.0.8/error_prone_annotations-2.0.8.jar
Progress (1): 4.1/127 kBProgress (1): 8.2/127 kBProgress (1): 12/127 kB Progress (1): 16/127 kBProgress (1): 20/127 kBProgress (1): 25/127 kBProgress (1): 29/127 kBProgress (1): 33/127 kBProgress (1): 37/127 kBProgress (1): 41/127 kBProgress (1): 45/127 kBProgress (1): 49/127 kBProgress (1): 53/127 kBProgress (1): 57/127 kBProgress (1): 61/127 kBProgress (1): 66/127 kBProgress (1): 70/127 kBProgress (1): 74/127 kBProgress (1): 78/127 kBProgress (1): 82/127 kBProgress (1): 86/127 kBProgress (1): 90/127 kBProgress (1): 94/127 kBProgress (1): 98/127 kBProgress (1): 102/127 kBProgress (1): 106/127 kBProgress (1): 111/127 kBProgress (1): 115/127 kBProgress (1): 119/127 kBProgress (1): 123/127 kBProgress (1): 127 kB                        Downloaded from central: https://repo.maven.apache.org/maven2/com/google/truth/truth/0.30/truth-0.30.jar (127 kB at 1.7 MB/s)
Progress (1): 1.4/7.9 kBProgress (1): 2.7/7.9 kBProgress (1): 4.1/7.9 kBProgress (1): 5.5/7.9 kBProgress (1): 6.9/7.9 kBProgress (1): 7.9 kB                        Downloaded from central: https://repo.maven.apache.org/maven2/com/google/errorprone/error_prone_annotations/2.0.8/error_prone_annotations-2.0.8.jar (7.9 kB at 61 kB/s)
[[1;34mINFO[m] 
[[1;34mINFO[m] [1m--- [0;32mmaven-enforcer-plugin:1.4.1:enforce[m [1m(enforce-ban-circular-dependencies)[m @ [36mrocketmq-test[0;1m ---[m
[[1;34mINFO[m] 
[[1;34mINFO[m] [1m--- [0;32mjacoco-maven-plugin:0.8.5:prepare-agent[m [1m(default-prepare-agent)[m @ [36mrocketmq-test[0;1m ---[m
[[1;34mINFO[m] argLine set to -javaagent:/home/ch61/.m2/repository/org/jacoco/org.jacoco.agent/0.8.5/org.jacoco.agent-0.8.5-runtime.jar=destfile=/home/ch61/rocketmq/test/target/jacoco.exec
[[1;34mINFO[m] 
[[1;34mINFO[m] [1m--- [0;32mmaven-remote-resources-plugin:1.5:process[m [1m(process-resource-bundles)[m @ [36mrocketmq-test[0;1m ---[m
[[1;34mINFO[m] 
[[1;34mINFO[m] [1m--- [0;32mmaven-resources-plugin:3.0.2:resources[m [1m(default-resources)[m @ [36mrocketmq-test[0;1m ---[m
[[1;34mINFO[m] Using 'UTF-8' encoding to copy filtered resources.
[[1;34mINFO[m] skip non existing resourceDirectory /home/ch61/rocketmq/test/src/main/resources
[[1;34mINFO[m] Copying 3 resources
[[1;34mINFO[m] 
[[1;34mINFO[m] [1m--- [0;32mmaven-compiler-plugin:3.5.1:compile[m [1m(default-compile)[m @ [36mrocketmq-test[0;1m ---[m
[[1;34mINFO[m] Changes detected - recompiling the module!
[[1;34mINFO[m] Compiling 43 source files to /home/ch61/rocketmq/test/target/classes
[[1;33mWARNING[m] /home/ch61/rocketmq/test/src/main/java/org/apache/rocketmq/test/factory/ConsumerFactory.java:[21,43] org.apache.rocketmq.client.consumer.DefaultMQPullConsumer in org.apache.rocketmq.client.consumer has been deprecated
[[1;33mWARNING[m] /home/ch61/rocketmq/test/src/main/java/org/apache/rocketmq/test/factory/ConsumerFactory.java:[66,19] org.apache.rocketmq.client.consumer.DefaultMQPullConsumer in org.apache.rocketmq.client.consumer has been deprecated
[[1;33mWARNING[m] /home/ch61/rocketmq/test/src/main/java/org/apache/rocketmq/test/factory/ConsumerFactory.java:[67,9] org.apache.rocketmq.client.consumer.DefaultMQPullConsumer in org.apache.rocketmq.client.consumer has been deprecated
[[1;33mWARNING[m] /home/ch61/rocketmq/test/src/main/java/org/apache/rocketmq/test/factory/ConsumerFactory.java:[67,59] org.apache.rocketmq.client.consumer.DefaultMQPullConsumer in org.apache.rocketmq.client.consumer has been deprecated
[[1;34mINFO[m] /home/ch61/rocketmq/test/src/main/java/org/apache/rocketmq/test/client/rmq/RMQTransactionalProducer.java: Some input files use unchecked or unsafe operations.
[[1;34mINFO[m] /home/ch61/rocketmq/test/src/main/java/org/apache/rocketmq/test/client/rmq/RMQTransactionalProducer.java: Recompile with -Xlint:unchecked for details.
[[1;34mINFO[m] 
[[1;34mINFO[m] [1m--- [0;32mmaven-resources-plugin:3.0.2:testResources[m [1m(default-testResources)[m @ [36mrocketmq-test[0;1m ---[m
[[1;34mINFO[m] Using 'UTF-8' encoding to copy filtered resources.
[[1;34mINFO[m] Copying 2 resources
[[1;34mINFO[m] Copying 3 resources
[[1;34mINFO[m] 
[[1;34mINFO[m] [1m--- [0;32mmaven-compiler-plugin:3.5.1:testCompile[m [1m(default-testCompile)[m @ [36mrocketmq-test[0;1m ---[m
[[1;34mINFO[m] Changes detected - recompiling the module!
[[1;34mINFO[m] Compiling 53 source files to /home/ch61/rocketmq/test/target/test-classes
[[1;33mWARNING[m] /home/ch61/rocketmq/test/src/test/java/org/apache/rocketmq/test/client/consumer/filter/SqlFilterIT.java:[26,43] org.apache.rocketmq.client.consumer.DefaultMQPullConsumer in org.apache.rocketmq.client.consumer has been deprecated
[[1;33mWARNING[m] /home/ch61/rocketmq/test/src/test/java/org/apache/rocketmq/test/base/dledger/DLedgerProduceAndConsumeIT.java:[21,43] org.apache.rocketmq.client.consumer.DefaultMQPullConsumer in org.apache.rocketmq.client.consumer has been deprecated
[[1;33mWARNING[m] /home/ch61/rocketmq/test/src/test/java/org/apache/rocketmq/test/base/dledger/DLedgerProduceAndConsumeIT.java:[41,30] sun.util.locale.BaseLocale is internal proprietary API and may be removed in a future release
[[1;33mWARNING[m] /home/ch61/rocketmq/test/src/test/java/org/apache/rocketmq/test/client/producer/querymsg/QueryMsgByIdIT.java:[68,46] viewMessage(java.lang.String) in org.apache.rocketmq.client.producer.DefaultMQProducer has been deprecated
[[1;33mWARNING[m] /home/ch61/rocketmq/test/src/test/java/org/apache/rocketmq/test/client/consumer/filter/SqlFilterIT.java:[89,9] org.apache.rocketmq.client.consumer.DefaultMQPullConsumer in org.apache.rocketmq.client.consumer has been deprecated
[[1;33mWARNING[m] /home/ch61/rocketmq/test/src/test/java/org/apache/rocketmq/test/client/consumer/filter/SqlFilterIT.java:[89,46] org.apache.rocketmq.client.consumer.DefaultMQPullConsumer in org.apache.rocketmq.client.consumer has been deprecated
[[1;33mWARNING[m] /home/ch61/rocketmq/test/src/test/java/org/apache/rocketmq/test/client/producer/querymsg/QueryMsgByIdExceptionIT.java:[58,46] viewMessage(java.lang.String) in org.apache.rocketmq.client.producer.DefaultMQProducer has been deprecated
[[1;33mWARNING[m] /home/ch61/rocketmq/test/src/test/java/org/apache/rocketmq/test/client/producer/querymsg/QueryMsgByIdExceptionIT.java:[75,46] viewMessage(java.lang.String) in org.apache.rocketmq.client.producer.DefaultMQProducer has been deprecated
[[1;33mWARNING[m] /home/ch61/rocketmq/test/src/test/java/org/apache/rocketmq/test/base/dledger/DLedgerProduceAndConsumeIT.java:[86,9] org.apache.rocketmq.client.consumer.DefaultMQPullConsumer in org.apache.rocketmq.client.consumer has been deprecated
[[1;33mWARNING[m] /home/ch61/rocketmq/test/src/test/java/org/apache/rocketmq/test/client/producer/batch/BatchSendIT.java:[73,21] viewMessage(java.lang.String) in org.apache.rocketmq.client.producer.DefaultMQProducer has been deprecated
[[1;33mWARNING[m] /home/ch61/rocketmq/test/src/test/java/org/apache/rocketmq/test/client/producer/batch/BatchSendIT.java:[76,21] viewMessage(java.lang.String,java.lang.String) in org.apache.rocketmq.client.producer.DefaultMQProducer has been deprecated
[[1;33mWARNING[m] /home/ch61/rocketmq/test/src/test/java/org/apache/rocketmq/test/client/producer/batch/BatchSendIT.java:[104,43] viewMessage(java.lang.String) in org.apache.rocketmq.client.producer.DefaultMQProducer has been deprecated
[[1;33mWARNING[m] /home/ch61/rocketmq/test/src/test/java/org/apache/rocketmq/test/client/producer/batch/BatchSendIT.java:[105,42] viewMessage(java.lang.String,java.lang.String) in org.apache.rocketmq.client.producer.DefaultMQProducer has been deprecated
[[1;33mWARNING[m] /home/ch61/rocketmq/test/src/test/java/org/apache/rocketmq/test/client/producer/querymsg/QueryMsgByKeyIT.java:[63,47] queryMessage(java.lang.String,java.lang.String,int,long,long) in org.apache.rocketmq.client.producer.DefaultMQProducer has been deprecated
[[1;33mWARNING[m] /home/ch61/rocketmq/test/src/test/java/org/apache/rocketmq/test/client/producer/querymsg/QueryMsgByKeyIT.java:[84,47] queryMessage(java.lang.String,java.lang.String,int,long,long) in org.apache.rocketmq.client.producer.DefaultMQProducer has been deprecated
[[1;33mWARNING[m] /home/ch61/rocketmq/test/src/test/java/org/apache/rocketmq/test/client/producer/querymsg/QueryMsgByKeyIT.java:[90,51] queryMessage(java.lang.String,java.lang.String,int,long,long) in org.apache.rocketmq.client.producer.DefaultMQProducer has been deprecated
[[1;34mINFO[m] /home/ch61/rocketmq/test/src/test/java/org/apache/rocketmq/test/client/consumer/tag/TagMessageWithMulConsumerIT.java: Some input files use unchecked or unsafe operations.
[[1;34mINFO[m] /home/ch61/rocketmq/test/src/test/java/org/apache/rocketmq/test/client/consumer/tag/TagMessageWithMulConsumerIT.java: Recompile with -Xlint:unchecked for details.
[[1;34mINFO[m] 
[[1;34mINFO[m] [1m<<< [0;32mtestrunner-maven-plugin:1.2:testplugin[m [1m(default-cli)[0;1m < [0;1mtest-compile[m @ [36mrocketmq-test[0;1m <<<[m
[[1;34mINFO[m] 
[[1;34mINFO[m] 
[[1;34mINFO[m] [1m--- [0;32mtestrunner-maven-plugin:1.2:testplugin[m [1m(default-cli)[m @ [36mrocketmq-test[0;1m ---[m
[[1;34mINFO[m] Accessing cachePath: 
[[1;34mINFO[m] No timeout specified. Using randomize.rounds: 10
[[1;34mINFO[m] ROUNDS_CALCULATED: Giving org.apache.rocketmq:rocketmq-test:4.9.3-SNAPSHOT 10 rounds to run for random-class-method
[[1;34mINFO[m] Accessing cachePath: 
[[1;34mINFO[m] Accessing cachePath: 
[[1;34mINFO[m] Accessing cachePath: 
[[1;34mINFO[m] Accessing cachePath: 
[[1;34mINFO[m] Getting original order by parsing logs. ignoreExisting set to: false
[[1;34mINFO[m] Accessing cachePath: 
[INFO] Getting original results (108 tests).
[[1;34mINFO[m] Accessing cachePath: 
[[1;34mINFO[m] Accessing cachePath: 
[[1;34mINFO[m] Accessing cachePath: 
[[1;34mINFO[m] Accessing cachePath: 
[[1;34mINFO[m] Accessing cachePath: 
[[1;34mINFO[m] Accessing cachePath: 
[[1;34mINFO[m] Accessing cachePath: 
[[1;34mINFO[m] Accessing cachePath: 
[[1;34mINFO[m] Accessing cachePath: 
[[1;34mINFO[m] Accessing cachePath: 
[[1;34mINFO[m] Accessing cachePath: 
[[1;34mINFO[m] Accessing cachePath: 
[[1;34mINFO[m] No passing order for tests (3 runs). Continuing anyway with last run.
[[1;34mINFO[m] Accessing cachePath: 
[[1;34mINFO[m] Created dependent test detector (class edu.illinois.cs.dt.tools.detection.detectors.RandomDetector).
[[1;34mINFO[m] Accessing cachePath: 
[[1;34mINFO[m] Accessing cachePath: 
[[1;34mINFO[m] Accessing cachePath: 
[[1;34mINFO[m] Accessing cachePath: 
[INFO] Found 0 tests in round 1 of 10 (0.0 seconds elapsed (475.6 total), 0.0 seconds remaining).
[[1;34mINFO[m] Accessing cachePath: 
[[1;34mINFO[m] Accessing cachePath: 
[[1;34mINFO[m] Accessing cachePath: 
[[1;34mINFO[m] Accessing cachePath: 
[INFO] Found 0 tests in round 2 of 10 (475.6 seconds elapsed (926.9 total), 1902.5 seconds remaining).
[[1;34mINFO[m] Accessing cachePath: 
[[1;34mINFO[m] Accessing cachePath: 
[[1;34mINFO[m] Accessing cachePath: 
[[1;34mINFO[m] Accessing cachePath: 
[[1;34mINFO[m] Accessing cachePath: 
[[1;34mINFO[m] Accessing cachePath: 
[[1;34mINFO[m] Accessing cachePath: 
Verified org.apache.rocketmq.test.client.producer.order.OrderMsgDynamicRebalanceIT.testThreeConsumerAndCrashOne, status: expected PASS, got PASS
[[1;34mINFO[m] Accessing cachePath: 
[[1;34mINFO[m] Accessing cachePath: 
Verified org.apache.rocketmq.test.client.producer.order.OrderMsgDynamicRebalanceIT.testThreeConsumerAndCrashOne, status: expected ERROR, got PASS
[INFO] Found 0 tests in round 3 of 10 (926.9 seconds elapsed (1854.8 total), 2162.7 seconds remaining).
[[1;34mINFO[m] Accessing cachePath: 
[[1;34mINFO[m] Accessing cachePath: 
[[1;34mINFO[m] Accessing cachePath: 
[[1;34mINFO[m] Accessing cachePath: 
[INFO] Found 0 tests in round 4 of 10 (1854.8 seconds elapsed (2324.7 total), 2782.2 seconds remaining).
[[1;34mINFO[m] Accessing cachePath: 
[[1;34mINFO[m] Accessing cachePath: 
[[1;34mINFO[m] Accessing cachePath: 
[[1;34mINFO[m] Accessing cachePath: 
[INFO] Found 0 tests in round 5 of 10 (2324.7 seconds elapsed (2755.1 total), 2324.7 seconds remaining).
[[1;34mINFO[m] Accessing cachePath: 
[[1;34mINFO[m] Accessing cachePath: 
[[1;34mINFO[m] Accessing cachePath: 
[[1;34mINFO[m] Accessing cachePath: 
[INFO] Found 0 tests in round 6 of 10 (2755.1 seconds elapsed (3173.7 total), 1836.7 seconds remaining).
[[1;34mINFO[m] Accessing cachePath: 
[[1;34mINFO[m] Accessing cachePath: 
[[1;34mINFO[m] Accessing cachePath: 
[[1;34mINFO[m] Accessing cachePath: 
[INFO] Found 0 tests in round 7 of 10 (3173.7 seconds elapsed (3621.9 total), 1360.2 seconds remaining).
[[1;34mINFO[m] Accessing cachePath: 
[[1;34mINFO[m] Accessing cachePath: 
[[1;34mINFO[m] Accessing cachePath: 
[[1;34mINFO[m] Accessing cachePath: 
[INFO] Found 0 tests in round 8 of 10 (3621.9 seconds elapsed (4085.6 total), 905.5 seconds remaining).
[[1;34mINFO[m] Accessing cachePath: 
[[1;34mINFO[m] Accessing cachePath: 
[[1;34mINFO[m] Accessing cachePath: 
[[1;34mINFO[m] Accessing cachePath: 
[INFO] Found 0 tests in round 9 of 10 (4085.6 seconds elapsed (4560.9 total), 454.0 seconds remaining).
[[1;34mINFO[m] Accessing cachePath: 
[[1;34mINFO[m] Accessing cachePath: 
[[1;34mINFO[m] Accessing cachePath: 
[[1;34mINFO[m] Accessing cachePath: 
[INFO] Found 0 tests in round 10 of 10 (4560.9 seconds elapsed (5090.6 total), 0.0 seconds remaining).

[INFO] Found 0 tests, writing list to /home/ch61/rocketmq/test/.dtfixingtools/detection-results/list.txt and dt lists to /home/ch61/rocketmq/test/.dtfixingtools/detection-results/flaky-lists.json
TRY_COPY_ALL_FAILING_TEST_OUTPUT
[[1;34mINFO[m] 
[[1;34mINFO[m] [1m-------------< [0;36morg.apache.rocketmq:rocketmq-distribution[0;1m >--------------[m
[[1;34mINFO[m] [1mBuilding rocketmq-distribution 4.9.3-SNAPSHOT 4.9.3-SNAPSHOT     [15/17][m
[[1;34mINFO[m] [1m--------------------------------[ pom ]---------------------------------[m
[[1;34mINFO[m] 
[[1;34mINFO[m] [1m>>> [0;32mtestrunner-maven-plugin:1.2:testplugin[m [1m(default-cli)[0;1m > [0;1mtest-compile[m @ [36mrocketmq-distribution[0;1m >>>[m
[[1;34mINFO[m] 
[[1;34mINFO[m] [1m--- [0;32mmaven-enforcer-plugin:1.4.1:enforce[m [1m(enforce-ban-circular-dependencies)[m @ [36mrocketmq-distribution[0;1m ---[m
[[1;34mINFO[m] 
[[1;34mINFO[m] [1m--- [0;32mjacoco-maven-plugin:0.8.5:prepare-agent[m [1m(default-prepare-agent)[m @ [36mrocketmq-distribution[0;1m ---[m
[[1;34mINFO[m] argLine set to -javaagent:/home/ch61/.m2/repository/org/jacoco/org.jacoco.agent/0.8.5/org.jacoco.agent-0.8.5-runtime.jar=destfile=/home/ch61/rocketmq/distribution/target/jacoco.exec
[[1;34mINFO[m] 
[[1;34mINFO[m] [1m--- [0;32mmaven-remote-resources-plugin:1.5:process[m [1m(process-resource-bundles)[m @ [36mrocketmq-distribution[0;1m ---[m
[[1;34mINFO[m] 
[[1;34mINFO[m] [1m<<< [0;32mtestrunner-maven-plugin:1.2:testplugin[m [1m(default-cli)[0;1m < [0;1mtest-compile[m @ [36mrocketmq-distribution[0;1m <<<[m
[[1;34mINFO[m] 
[[1;34mINFO[m] 
[[1;34mINFO[m] [1m--- [0;32mtestrunner-maven-plugin:1.2:testplugin[m [1m(default-cli)[m @ [36mrocketmq-distribution[0;1m ---[m
[[1;34mINFO[m] Accessing cachePath: 
[[1;34mINFO[m] No timeout specified. Using randomize.rounds: 10
[[1;34mINFO[m] ROUNDS_CALCULATED: Giving org.apache.rocketmq:rocketmq-distribution:4.9.3-SNAPSHOT 10 rounds to run for random-class-method
[[1;34mINFO[m] Accessing cachePath: 
[[1;34mINFO[m] Accessing cachePath: 
[[1;34mINFO[m] Accessing cachePath: 
[[1;34mINFO[m] Module is not using a supported test framework (probably not JUnit), or there is no test.
---------------------------------------------------
ERROR (WRITE_ERROR_STDOUT_STRING): org.apache.rocketmq:rocketmq-distribution:4.9.3-SNAPSHOT
Message was:
Module is not using a supported test framework (probably not JUnit), or there is no test.
[[1;34mINFO[m] Accessing cachePath: 
[[1;34mINFO[m] Accessing cachePath: 
TRY_COPY_ALL_FAILING_TEST_OUTPUT
[[1;34mINFO[m] 
[[1;34mINFO[m] [1m-------------< [0;36morg.apache.rocketmq:rocketmq-openmessaging[0;1m >-------------[m
[[1;34mINFO[m] [1mBuilding rocketmq-openmessaging 4.9.3-SNAPSHOT 4.9.3-SNAPSHOT    [16/17][m
[[1;34mINFO[m] [1m--------------------------------[ jar ]---------------------------------[m
[[1;34mINFO[m] 
[[1;34mINFO[m] [1m>>> [0;32mtestrunner-maven-plugin:1.2:testplugin[m [1m(default-cli)[0;1m > [0;1mtest-compile[m @ [36mrocketmq-openmessaging[0;1m >>>[m
Downloading from central: https://repo.maven.apache.org/maven2/io/openmessaging/openmessaging-api/0.3.1-alpha/openmessaging-api-0.3.1-alpha.pom
Progress (1): 1.2 kB                    Downloaded from central: https://repo.maven.apache.org/maven2/io/openmessaging/openmessaging-api/0.3.1-alpha/openmessaging-api-0.3.1-alpha.pom (1.2 kB at 9.0 kB/s)
Downloading from central: https://repo.maven.apache.org/maven2/io/openmessaging/parent/0.3.1-alpha/parent-0.3.1-alpha.pom
Progress (1): 1.4/5.6 kBProgress (1): 2.7/5.6 kBProgress (1): 4.1/5.6 kBProgress (1): 5.5/5.6 kBProgress (1): 5.6 kB                        Downloaded from central: https://repo.maven.apache.org/maven2/io/openmessaging/parent/0.3.1-alpha/parent-0.3.1-alpha.pom (5.6 kB at 182 kB/s)
Downloading from central: https://repo.maven.apache.org/maven2/io/openmessaging/openmessaging-api/0.3.1-alpha/openmessaging-api-0.3.1-alpha.jar
Progress (1): 1.4/24 kBProgress (1): 2.7/24 kBProgress (1): 4.1/24 kBProgress (1): 5.5/24 kBProgress (1): 6.9/24 kBProgress (1): 8.2/24 kBProgress (1): 9.6/24 kBProgress (1): 11/24 kB Progress (1): 12/24 kBProgress (1): 14/24 kBProgress (1): 15/24 kBProgress (1): 16/24 kBProgress (1): 18/24 kBProgress (1): 19/24 kBProgress (1): 21/24 kBProgress (1): 22/24 kBProgress (1): 23/24 kBProgress (1): 24 kB                      Downloaded from central: https://repo.maven.apache.org/maven2/io/openmessaging/openmessaging-api/0.3.1-alpha/openmessaging-api-0.3.1-alpha.jar (24 kB at 696 kB/s)
[[1;34mINFO[m] 
[[1;34mINFO[m] [1m--- [0;32mmaven-enforcer-plugin:1.4.1:enforce[m [1m(enforce-ban-circular-dependencies)[m @ [36mrocketmq-openmessaging[0;1m ---[m
[[1;34mINFO[m] 
[[1;34mINFO[m] [1m--- [0;32mjacoco-maven-plugin:0.8.5:prepare-agent[m [1m(default-prepare-agent)[m @ [36mrocketmq-openmessaging[0;1m ---[m
[[1;34mINFO[m] argLine set to -javaagent:/home/ch61/.m2/repository/org/jacoco/org.jacoco.agent/0.8.5/org.jacoco.agent-0.8.5-runtime.jar=destfile=/home/ch61/rocketmq/openmessaging/target/jacoco.exec
[[1;34mINFO[m] 
[[1;34mINFO[m] [1m--- [0;32mmaven-remote-resources-plugin:1.5:process[m [1m(process-resource-bundles)[m @ [36mrocketmq-openmessaging[0;1m ---[m
[[1;34mINFO[m] 
[[1;34mINFO[m] [1m--- [0;32mmaven-resources-plugin:3.0.2:resources[m [1m(default-resources)[m @ [36mrocketmq-openmessaging[0;1m ---[m
[[1;34mINFO[m] Using 'UTF-8' encoding to copy filtered resources.
[[1;34mINFO[m] skip non existing resourceDirectory /home/ch61/rocketmq/openmessaging/src/main/resources
[[1;34mINFO[m] Copying 3 resources
[[1;34mINFO[m] 
[[1;34mINFO[m] [1m--- [0;32mmaven-compiler-plugin:3.5.1:compile[m [1m(default-compile)[m @ [36mrocketmq-openmessaging[0;1m ---[m
[[1;34mINFO[m] Changes detected - recompiling the module!
[[1;34mINFO[m] Compiling 16 source files to /home/ch61/rocketmq/openmessaging/target/classes
[[1;33mWARNING[m] /home/ch61/rocketmq/openmessaging/src/main/java/io/openmessaging/rocketmq/consumer/PullConsumerImpl.java:[28,43] org.apache.rocketmq.client.consumer.DefaultMQPullConsumer in org.apache.rocketmq.client.consumer has been deprecated
[[1;33mWARNING[m] /home/ch61/rocketmq/openmessaging/src/main/java/io/openmessaging/rocketmq/consumer/LocalMessageCache.java:[35,43] org.apache.rocketmq.client.consumer.DefaultMQPullConsumer in org.apache.rocketmq.client.consumer has been deprecated
[[1;33mWARNING[m] /home/ch61/rocketmq/openmessaging/src/main/java/io/openmessaging/rocketmq/consumer/PullConsumerImpl.java:[43,19] org.apache.rocketmq.client.consumer.DefaultMQPullConsumer in org.apache.rocketmq.client.consumer has been deprecated
[[1;33mWARNING[m] /home/ch61/rocketmq/openmessaging/src/main/java/io/openmessaging/rocketmq/consumer/PullConsumerImpl.java:[154,59] getDefaultMQPullConsumerImpl() in org.apache.rocketmq.client.consumer.DefaultMQPullConsumer has been deprecated
[[1;33mWARNING[m] /home/ch61/rocketmq/openmessaging/src/main/java/io/openmessaging/rocketmq/consumer/LocalMessageCache.java:[50,19] org.apache.rocketmq.client.consumer.DefaultMQPullConsumer in org.apache.rocketmq.client.consumer has been deprecated
[[1;33mWARNING[m] /home/ch61/rocketmq/openmessaging/src/main/java/io/openmessaging/rocketmq/consumer/LocalMessageCache.java:[56,29] org.apache.rocketmq.client.consumer.DefaultMQPullConsumer in org.apache.rocketmq.client.consumer has been deprecated
[[1;33mWARNING[m] /home/ch61/rocketmq/openmessaging/src/main/java/io/openmessaging/rocketmq/consumer/LocalMessageCache.java:[158,85] getDefaultMQPullConsumerImpl() in org.apache.rocketmq.client.consumer.DefaultMQPullConsumer has been deprecated
[[1;33mWARNING[m] /home/ch61/rocketmq/openmessaging/src/main/java/io/openmessaging/rocketmq/consumer/LocalMessageCache.java:[195,41] sendMessageBack(org.apache.rocketmq.common.message.MessageExt,int) in org.apache.rocketmq.client.consumer.DefaultMQPullConsumer has been deprecated
[[1;33mWARNING[m] /home/ch61/rocketmq/openmessaging/src/main/java/io/openmessaging/rocketmq/consumer/PushConsumerImpl.java:[104,41] getDefaultMQPushConsumerImpl() in org.apache.rocketmq.client.consumer.DefaultMQPushConsumer has been deprecated
[[1;34mINFO[m] /home/ch61/rocketmq/openmessaging/src/main/java/io/openmessaging/rocketmq/domain/BytesMessageImpl.java: /home/ch61/rocketmq/openmessaging/src/main/java/io/openmessaging/rocketmq/domain/BytesMessageImpl.java uses unchecked or unsafe operations.
[[1;34mINFO[m] /home/ch61/rocketmq/openmessaging/src/main/java/io/openmessaging/rocketmq/domain/BytesMessageImpl.java: Recompile with -Xlint:unchecked for details.
[[1;34mINFO[m] 
[[1;34mINFO[m] [1m--- [0;32mmaven-resources-plugin:3.0.2:testResources[m [1m(default-testResources)[m @ [36mrocketmq-openmessaging[0;1m ---[m
[[1;34mINFO[m] Using 'UTF-8' encoding to copy filtered resources.
[[1;34mINFO[m] skip non existing resourceDirectory /home/ch61/rocketmq/openmessaging/src/test/resources
[[1;34mINFO[m] Copying 3 resources
[[1;34mINFO[m] 
[[1;34mINFO[m] [1m--- [0;32mmaven-compiler-plugin:3.5.1:testCompile[m [1m(default-testCompile)[m @ [36mrocketmq-openmessaging[0;1m ---[m
[[1;34mINFO[m] Changes detected - recompiling the module!
[[1;34mINFO[m] Compiling 6 source files to /home/ch61/rocketmq/openmessaging/target/test-classes
[[1;33mWARNING[m] /home/ch61/rocketmq/openmessaging/src/test/java/io/openmessaging/rocketmq/consumer/PullConsumerImplTest.java:[28,43] org.apache.rocketmq.client.consumer.DefaultMQPullConsumer in org.apache.rocketmq.client.consumer has been deprecated
[[1;33mWARNING[m] /home/ch61/rocketmq/openmessaging/src/test/java/io/openmessaging/rocketmq/consumer/LocalMessageCacheTest.java:[22,43] org.apache.rocketmq.client.consumer.DefaultMQPullConsumer in org.apache.rocketmq.client.consumer has been deprecated
[[1;33mWARNING[m] /home/ch61/rocketmq/openmessaging/src/test/java/io/openmessaging/rocketmq/consumer/PullConsumerImplTest.java:[46,13] org.apache.rocketmq.client.consumer.DefaultMQPullConsumer in org.apache.rocketmq.client.consumer has been deprecated
[[1;33mWARNING[m] /home/ch61/rocketmq/openmessaging/src/test/java/io/openmessaging/rocketmq/consumer/LocalMessageCacheTest.java:[40,13] org.apache.rocketmq.client.consumer.DefaultMQPullConsumer in org.apache.rocketmq.client.consumer has been deprecated
[[1;34mINFO[m] 
[[1;34mINFO[m] [1m<<< [0;32mtestrunner-maven-plugin:1.2:testplugin[m [1m(default-cli)[0;1m < [0;1mtest-compile[m @ [36mrocketmq-openmessaging[0;1m <<<[m
[[1;34mINFO[m] 
[[1;34mINFO[m] 
[[1;34mINFO[m] [1m--- [0;32mtestrunner-maven-plugin:1.2:testplugin[m [1m(default-cli)[m @ [36mrocketmq-openmessaging[0;1m ---[m
[[1;34mINFO[m] Accessing cachePath: 
[[1;34mINFO[m] No timeout specified. Using randomize.rounds: 10
[[1;34mINFO[m] ROUNDS_CALCULATED: Giving org.apache.rocketmq:rocketmq-openmessaging:4.9.3-SNAPSHOT 10 rounds to run for random-class-method
[[1;34mINFO[m] Accessing cachePath: 
[[1;34mINFO[m] Accessing cachePath: 
[[1;34mINFO[m] Accessing cachePath: 
[[1;34mINFO[m] Accessing cachePath: 
[[1;34mINFO[m] Getting original order by parsing logs. ignoreExisting set to: false
[[1;34mINFO[m] Accessing cachePath: 
[INFO] Getting original results (21 tests).
[[1;34mINFO[m] Accessing cachePath: 
[[1;34mINFO[m] Accessing cachePath: 
[[1;34mINFO[m] Accessing cachePath: 
[[1;34mINFO[m] Accessing cachePath: 
[[1;34mINFO[m] Accessing cachePath: 
[[1;34mINFO[m] Created dependent test detector (class edu.illinois.cs.dt.tools.detection.detectors.RandomDetector).
[[1;34mINFO[m] Accessing cachePath: 
[[1;34mINFO[m] Accessing cachePath: 
[[1;34mINFO[m] Accessing cachePath: 
[[1;34mINFO[m] Accessing cachePath: 
[INFO] Found 0 tests in round 1 of 10 (0.0 seconds elapsed (2.7 total), 0.0 seconds remaining).
[[1;34mINFO[m] Accessing cachePath: 
[[1;34mINFO[m] Accessing cachePath: 
[[1;34mINFO[m] Accessing cachePath: 
[[1;34mINFO[m] Accessing cachePath: 
[INFO] Found 0 tests in round 2 of 10 (2.7 seconds elapsed (5.2 total), 10.7 seconds remaining).
[[1;34mINFO[m] Accessing cachePath: 
[[1;34mINFO[m] Accessing cachePath: 
[[1;34mINFO[m] Accessing cachePath: 
[[1;34mINFO[m] Accessing cachePath: 
[INFO] Found 0 tests in round 3 of 10 (5.2 seconds elapsed (7.8 total), 12.2 seconds remaining).
[[1;34mINFO[m] Accessing cachePath: 
[[1;34mINFO[m] Accessing cachePath: 
[[1;34mINFO[m] Accessing cachePath: 
[[1;34mINFO[m] Accessing cachePath: 
[INFO] Found 0 tests in round 4 of 10 (7.8 seconds elapsed (10.3 total), 11.6 seconds remaining).
[[1;34mINFO[m] Accessing cachePath: 
[[1;34mINFO[m] Accessing cachePath: 
[[1;34mINFO[m] Accessing cachePath: 
[[1;34mINFO[m] Accessing cachePath: 
[INFO] Found 0 tests in round 5 of 10 (10.3 seconds elapsed (12.8 total), 10.3 seconds remaining).
[[1;34mINFO[m] Accessing cachePath: 
[[1;34mINFO[m] Accessing cachePath: 
[[1;34mINFO[m] Accessing cachePath: 
[[1;34mINFO[m] Accessing cachePath: 
[INFO] Found 0 tests in round 6 of 10 (12.8 seconds elapsed (15.3 total), 8.5 seconds remaining).
[[1;34mINFO[m] Accessing cachePath: 
[[1;34mINFO[m] Accessing cachePath: 
[[1;34mINFO[m] Accessing cachePath: 
[[1;34mINFO[m] Accessing cachePath: 
[INFO] Found 0 tests in round 7 of 10 (15.3 seconds elapsed (17.7 total), 6.6 seconds remaining).
[[1;34mINFO[m] Accessing cachePath: 
[[1;34mINFO[m] Accessing cachePath: 
[[1;34mINFO[m] Accessing cachePath: 
[[1;34mINFO[m] Accessing cachePath: 
[INFO] Found 0 tests in round 8 of 10 (17.7 seconds elapsed (20.2 total), 4.4 seconds remaining).
[[1;34mINFO[m] Accessing cachePath: 
[[1;34mINFO[m] Accessing cachePath: 
[[1;34mINFO[m] Accessing cachePath: 
[[1;34mINFO[m] Accessing cachePath: 
[INFO] Found 0 tests in round 9 of 10 (20.2 seconds elapsed (22.8 total), 2.2 seconds remaining).
[[1;34mINFO[m] Accessing cachePath: 
[[1;34mINFO[m] Accessing cachePath: 
[[1;34mINFO[m] Accessing cachePath: 
[[1;34mINFO[m] Accessing cachePath: 
[INFO] Found 0 tests in round 10 of 10 (22.8 seconds elapsed (25.3 total), 0.0 seconds remaining).

[INFO] Found 0 tests, writing list to /home/ch61/rocketmq/openmessaging/.dtfixingtools/detection-results/list.txt and dt lists to /home/ch61/rocketmq/openmessaging/.dtfixingtools/detection-results/flaky-lists.json
TRY_COPY_ALL_FAILING_TEST_OUTPUT
[[1;34mINFO[m] 
[[1;34mINFO[m] [1m----------------< [0;36morg.apache.rocketmq:rocketmq-example[0;1m >----------------[m
[[1;34mINFO[m] [1mBuilding rocketmq-example 4.9.3-SNAPSHOT 4.9.3-SNAPSHOT          [17/17][m
[[1;34mINFO[m] [1m--------------------------------[ jar ]---------------------------------[m
[[1;34mINFO[m] 
[[1;34mINFO[m] [1m>>> [0;32mtestrunner-maven-plugin:1.2:testplugin[m [1m(default-cli)[0;1m > [0;1mtest-compile[m @ [36mrocketmq-example[0;1m >>>[m
Downloading from central: https://repo.maven.apache.org/maven2/io/jaegertracing/jaeger-core/1.6.0/jaeger-core-1.6.0.pom
Progress (1): 1.4/2.0 kBProgress (1): 2.0 kB                        Downloaded from central: https://repo.maven.apache.org/maven2/io/jaegertracing/jaeger-core/1.6.0/jaeger-core-1.6.0.pom (2.0 kB at 136 kB/s)
Downloading from central: https://repo.maven.apache.org/maven2/io/jaegertracing/jaeger-client/1.6.0/jaeger-client-1.6.0.pom
Progress (1): 1.4/1.9 kBProgress (1): 1.9 kB                        Downloaded from central: https://repo.maven.apache.org/maven2/io/jaegertracing/jaeger-client/1.6.0/jaeger-client-1.6.0.pom (1.9 kB at 75 kB/s)
Downloading from central: https://repo.maven.apache.org/maven2/io/jaegertracing/jaeger-thrift/1.6.0/jaeger-thrift-1.6.0.pom
Progress (1): 1.4/2.4 kBProgress (1): 2.4 kB                        Downloaded from central: https://repo.maven.apache.org/maven2/io/jaegertracing/jaeger-thrift/1.6.0/jaeger-thrift-1.6.0.pom (2.4 kB at 118 kB/s)
Downloading from central: https://repo.maven.apache.org/maven2/com/squareup/okhttp3/okhttp/4.9.0/okhttp-4.9.0.pom
Progress (1): 1.4/1.8 kBProgress (1): 1.8 kB                        Downloaded from central: https://repo.maven.apache.org/maven2/com/squareup/okhttp3/okhttp/4.9.0/okhttp-4.9.0.pom (1.8 kB at 151 kB/s)
Downloading from central: https://repo.maven.apache.org/maven2/com/squareup/okio/okio/2.8.0/okio-2.8.0.pom
Progress (1): 1.4/1.8 kBProgress (1): 1.8 kB                        Downloaded from central: https://repo.maven.apache.org/maven2/com/squareup/okio/okio/2.8.0/okio-2.8.0.pom (1.8 kB at 168 kB/s)
Downloading from central: https://repo.maven.apache.org/maven2/org/jetbrains/kotlin/kotlin-stdlib/1.4.0/kotlin-stdlib-1.4.0.pom
Progress (1): 1.4/2.0 kBProgress (1): 2.0 kB                        Downloaded from central: https://repo.maven.apache.org/maven2/org/jetbrains/kotlin/kotlin-stdlib/1.4.0/kotlin-stdlib-1.4.0.pom (2.0 kB at 179 kB/s)
Downloading from central: https://repo.maven.apache.org/maven2/org/jetbrains/kotlin/kotlin-stdlib-common/1.4.0/kotlin-stdlib-common-1.4.0.pom
Progress (1): 1.4/1.6 kBProgress (1): 1.6 kB                        Downloaded from central: https://repo.maven.apache.org/maven2/org/jetbrains/kotlin/kotlin-stdlib-common/1.4.0/kotlin-stdlib-common-1.4.0.pom (1.6 kB at 146 kB/s)
Downloading from central: https://repo.maven.apache.org/maven2/org/jetbrains/kotlin/kotlin-stdlib/1.4.10/kotlin-stdlib-1.4.10.pom
Progress (1): 1.4/2.0 kBProgress (1): 2.0 kB                        Downloaded from central: https://repo.maven.apache.org/maven2/org/jetbrains/kotlin/kotlin-stdlib/1.4.10/kotlin-stdlib-1.4.10.pom (2.0 kB at 179 kB/s)
Downloading from central: https://repo.maven.apache.org/maven2/org/jetbrains/kotlin/kotlin-stdlib-common/1.4.10/kotlin-stdlib-common-1.4.10.pom
Progress (1): 1.4/1.6 kBProgress (1): 1.6 kB                        Downloaded from central: https://repo.maven.apache.org/maven2/org/jetbrains/kotlin/kotlin-stdlib-common/1.4.10/kotlin-stdlib-common-1.4.10.pom (1.6 kB at 161 kB/s)
Downloading from central: https://repo.maven.apache.org/maven2/io/jaegertracing/jaeger-tracerresolver/1.6.0/jaeger-tracerresolver-1.6.0.pom
Progress (1): 1.4/1.7 kBProgress (1): 1.7 kB                        Downloaded from central: https://repo.maven.apache.org/maven2/io/jaegertracing/jaeger-tracerresolver/1.6.0/jaeger-tracerresolver-1.6.0.pom (1.7 kB at 172 kB/s)
Downloading from central: https://repo.maven.apache.org/maven2/io/opentracing/contrib/opentracing-tracerresolver/0.1.8/opentracing-tracerresolver-0.1.8.pom
Progress (1): 1.4/3.5 kBProgress (1): 2.7/3.5 kBProgress (1): 3.5 kB                        Downloaded from central: https://repo.maven.apache.org/maven2/io/opentracing/contrib/opentracing-tracerresolver/0.1.8/opentracing-tracerresolver-0.1.8.pom (3.5 kB at 272 kB/s)
Downloading from central: https://repo.maven.apache.org/maven2/io/opentracing/contrib/opentracing-tracerresolver-parent/0.1.8/opentracing-tracerresolver-parent-0.1.8.pom
Progress (1): 4.1/11 kBProgress (1): 8.2/11 kBProgress (1): 11 kB                       Downloaded from central: https://repo.maven.apache.org/maven2/io/opentracing/contrib/opentracing-tracerresolver-parent/0.1.8/opentracing-tracerresolver-parent-0.1.8.pom (11 kB at 1.1 MB/s)
Downloading from central: https://repo.maven.apache.org/maven2/io/jaegertracing/jaeger-core/1.6.0/jaeger-core-1.6.0.jar
Downloading from central: https://repo.maven.apache.org/maven2/io/jaegertracing/jaeger-client/1.6.0/jaeger-client-1.6.0.jar
Downloading from central: https://repo.maven.apache.org/maven2/io/jaegertracing/jaeger-thrift/1.6.0/jaeger-thrift-1.6.0.jar
Downloading from central: https://repo.maven.apache.org/maven2/com/squareup/okio/okio/2.8.0/okio-2.8.0.jar
Downloading from central: https://repo.maven.apache.org/maven2/com/squareup/okhttp3/okhttp/4.9.0/okhttp-4.9.0.jar
Progress (1): 4.1/147 kBProgress (1): 8.2/147 kBProgress (1): 12/147 kB Progress (1): 16/147 kBProgress (1): 20/147 kBProgress (1): 25/147 kBProgress (1): 29/147 kBProgress (1): 33/147 kBProgress (1): 37/147 kBProgress (1): 41/147 kBProgress (1): 45/147 kBProgress (1): 49/147 kBProgress (1): 53/147 kBProgress (1): 57/147 kBProgress (1): 61/147 kBProgress (1): 66/147 kBProgress (1): 70/147 kBProgress (1): 74/147 kBProgress (1): 78/147 kBProgress (1): 82/147 kBProgress (1): 86/147 kBProgress (1): 90/147 kBProgress (1): 94/147 kBProgress (1): 98/147 kBProgress (1): 102/147 kBProgress (1): 106/147 kBProgress (1): 111/147 kBProgress (1): 115/147 kBProgress (1): 119/147 kBProgress (1): 123/147 kBProgress (1): 127/147 kBProgress (1): 131/147 kBProgress (1): 135/147 kBProgress (1): 139/147 kBProgress (1): 143/147 kBProgress (1): 147 kB                        Downloaded from central: https://repo.maven.apache.org/maven2/io/jaegertracing/jaeger-core/1.6.0/jaeger-core-1.6.0.jar (147 kB at 4.2 MB/s)
Downloading from central: https://repo.maven.apache.org/maven2/org/jetbrains/kotlin/kotlin-stdlib-common/1.4.0/kotlin-stdlib-common-1.4.0.jar
Progress (1): 4.1/191 kBProgress (2): 4.1/191 kB | 1.1 kBProgress (2): 8.2/191 kB | 1.1 kBProgress (2): 12/191 kB | 1.1 kB Progress (2): 16/191 kB | 1.1 kBProgress (2): 20/191 kB | 1.1 kBProgress (2): 25/191 kB | 1.1 kBProgress (2): 29/191 kB | 1.1 kBProgress (2): 33/191 kB | 1.1 kBProgress (3): 33/191 kB | 1.1 kB | 1.4/791 kBProgress (3): 33/191 kB | 1.1 kB | 2.7/791 kBProgress (4): 33/191 kB | 1.1 kB | 2.7/791 kB | 1.4/705 kBProgress (4): 33/191 kB | 1.1 kB | 4.1/791 kB | 1.4/705 kBProgress (4): 33/191 kB | 1.1 kB | 4.1/791 kB | 2.7/705 kBProgress (4): 33/191 kB | 1.1 kB | 5.5/791 kB | 2.7/705 kBProgress (4): 33/191 kB | 1.1 kB | 5.5/791 kB | 4.1/705 kBProgress (4): 33/191 kB | 1.1 kB | 6.9/791 kB | 4.1/705 kBProgress (4): 33/191 kB | 1.1 kB | 6.9/791 kB | 5.5/705 kBProgress (4): 33/191 kB | 1.1 kB | 8.2/791 kB | 5.5/705 kBProgress (4): 33/191 kB | 1.1 kB | 8.2/791 kB | 6.9/705 kBProgress (4): 33/191 kB | 1.1 kB | 9.6/791 kB | 6.9/705 kBProgress (4): 33/191 kB | 1.1 kB | 9.6/791 kB | 8.2/705 kBProgress (4): 33/191 kB | 1.1 kB | 11/791 kB | 8.2/705 kB Progress (4): 33/191 kB | 1.1 kB | 11/791 kB | 9.6/705 kBProgress (4): 33/191 kB | 1.1 kB | 12/791 kB | 9.6/705 kBProgress (4): 33/191 kB | 1.1 kB | 12/791 kB | 11/705 kB Progress (4): 33/191 kB | 1.1 kB | 14/791 kB | 11/705 kBProgress (4): 33/191 kB | 1.1 kB | 14/791 kB | 12/705 kBProgress (4): 33/191 kB | 1.1 kB | 15/791 kB | 12/705 kBProgress (4): 33/191 kB | 1.1 kB | 15/791 kB | 14/705 kBProgress (4): 33/191 kB | 1.1 kB | 15/791 kB | 15/705 kBProgress (4): 33/191 kB | 1.1 kB | 16/791 kB | 15/705 kB                                                        Downloaded from central: https://repo.maven.apache.org/maven2/io/jaegertracing/jaeger-client/1.6.0/jaeger-client-1.6.0.jar (1.1 kB at 21 kB/s)
Downloading from central: https://repo.maven.apache.org/maven2/org/jetbrains/kotlin/kotlin-stdlib/1.4.10/kotlin-stdlib-1.4.10.jar
Progress (3): 33/191 kB | 18/791 kB | 15/705 kBProgress (3): 33/191 kB | 19/791 kB | 15/705 kBProgress (3): 33/191 kB | 21/791 kB | 15/705 kBProgress (3): 33/191 kB | 21/791 kB | 16/705 kBProgress (3): 33/191 kB | 22/791 kB | 16/705 kBProgress (3): 33/191 kB | 22/791 kB | 18/705 kBProgress (3): 33/191 kB | 23/791 kB | 18/705 kBProgress (3): 33/191 kB | 23/791 kB | 19/705 kBProgress (3): 33/191 kB | 25/791 kB | 19/705 kBProgress (3): 33/191 kB | 25/791 kB | 21/705 kBProgress (3): 33/191 kB | 25/791 kB | 22/705 kBProgress (3): 33/191 kB | 26/791 kB | 22/705 kBProgress (3): 33/191 kB | 26/791 kB | 23/705 kBProgress (3): 33/191 kB | 27/791 kB | 23/705 kBProgress (3): 33/191 kB | 27/791 kB | 25/705 kBProgress (3): 33/191 kB | 29/791 kB | 25/705 kBProgress (3): 33/191 kB | 29/791 kB | 26/705 kBProgress (3): 33/191 kB | 30/791 kB | 26/705 kBProgress (3): 33/191 kB | 30/791 kB | 27/705 kBProgress (3): 33/191 kB | 32/791 kB | 27/705 kBProgress (3): 33/191 kB | 32/791 kB | 29/705 kBProgress (3): 33/191 kB | 33/791 kB | 29/705 kBProgress (3): 33/191 kB | 33/791 kB | 30/705 kBProgress (3): 33/191 kB | 33/791 kB | 32/705 kBProgress (3): 33/191 kB | 34/791 kB | 32/705 kBProgress (3): 33/191 kB | 34/791 kB | 33/705 kBProgress (3): 33/191 kB | 34/791 kB | 34/705 kBProgress (3): 33/191 kB | 34/791 kB | 36/705 kBProgress (3): 33/191 kB | 34/791 kB | 37/705 kBProgress (3): 33/191 kB | 34/791 kB | 38/705 kBProgress (3): 33/191 kB | 34/791 kB | 40/705 kBProgress (3): 33/191 kB | 34/791 kB | 41/705 kBProgress (3): 33/191 kB | 34/791 kB | 43/705 kBProgress (3): 33/191 kB | 34/791 kB | 44/705 kBProgress (3): 33/191 kB | 34/791 kB | 45/705 kBProgress (3): 33/191 kB | 34/791 kB | 47/705 kBProgress (3): 33/191 kB | 34/791 kB | 48/705 kBProgress (3): 33/191 kB | 36/791 kB | 48/705 kBProgress (4): 33/191 kB | 36/791 kB | 48/705 kB | 0/1.5 MBProgress (4): 37/191 kB | 36/791 kB | 48/705 kB | 0/1.5 MBProgress (4): 37/191 kB | 36/791 kB | 49/705 kB | 0/1.5 MBProgress (5): 37/191 kB | 36/791 kB | 49/705 kB | 0/1.5 MB | 1.4/243 kBProgress (5): 37/191 kB | 36/791 kB | 51/705 kB | 0/1.5 MB | 1.4/243 kBProgress (5): 37/191 kB | 36/791 kB | 52/705 kB | 0/1.5 MB | 1.4/243 kBProgress (5): 37/191 kB | 37/791 kB | 52/705 kB | 0/1.5 MB | 1.4/243 kBProgress (5): 37/191 kB | 37/791 kB | 52/705 kB | 0/1.5 MB | 1.4/243 kBProgress (5): 41/191 kB | 37/791 kB | 52/705 kB | 0/1.5 MB | 1.4/243 kBProgress (5): 41/191 kB | 37/791 kB | 53/705 kB | 0/1.5 MB | 1.4/243 kBProgress (5): 41/191 kB | 37/791 kB | 53/705 kB | 0/1.5 MB | 2.7/243 kBProgress (5): 41/191 kB | 37/791 kB | 55/705 kB | 0/1.5 MB | 2.7/243 kBProgress (5): 41/191 kB | 37/791 kB | 55/705 kB | 0/1.5 MB | 4.1/243 kBProgress (5): 41/191 kB | 37/791 kB | 55/705 kB | 0/1.5 MB | 5.5/243 kBProgress (5): 41/191 kB | 37/791 kB | 55/705 kB | 0/1.5 MB | 6.9/243 kBProgress (5): 41/191 kB | 37/791 kB | 55/705 kB | 0/1.5 MB | 8.2/243 kBProgress (5): 41/191 kB | 37/791 kB | 55/705 kB | 0/1.5 MB | 9.6/243 kBProgress (5): 41/191 kB | 37/791 kB | 55/705 kB | 0/1.5 MB | 11/243 kB Progress (5): 41/191 kB | 37/791 kB | 55/705 kB | 0/1.5 MB | 12/243 kBProgress (5): 41/191 kB | 37/791 kB | 55/705 kB | 0/1.5 MB | 14/243 kBProgress (5): 41/191 kB | 37/791 kB | 55/705 kB | 0/1.5 MB | 15/243 kBProgress (5): 41/191 kB | 37/791 kB | 55/705 kB | 0/1.5 MB | 16/243 kBProgress (5): 41/191 kB | 37/791 kB | 55/705 kB | 0/1.5 MB | 18/243 kBProgress (5): 41/191 kB | 37/791 kB | 55/705 kB | 0/1.5 MB | 19/243 kBProgress (5): 41/191 kB | 37/791 kB | 55/705 kB | 0/1.5 MB | 21/243 kBProgress (5): 41/191 kB | 37/791 kB | 55/705 kB | 0/1.5 MB | 22/243 kBProgress (5): 41/191 kB | 37/791 kB | 55/705 kB | 0/1.5 MB | 23/243 kBProgress (5): 41/191 kB | 37/791 kB | 55/705 kB | 0/1.5 MB | 25/243 kBProgress (5): 41/191 kB | 37/791 kB | 55/705 kB | 0/1.5 MB | 26/243 kBProgress (5): 41/191 kB | 37/791 kB | 55/705 kB | 0/1.5 MB | 27/243 kBProgress (5): 41/191 kB | 37/791 kB | 55/705 kB | 0/1.5 MB | 29/243 kBProgress (5): 41/191 kB | 37/791 kB | 55/705 kB | 0/1.5 MB | 30/243 kBProgress (5): 41/191 kB | 37/791 kB | 55/705 kB | 0/1.5 MB | 32/243 kBProgress (5): 41/191 kB | 37/791 kB | 55/705 kB | 0/1.5 MB | 33/243 kBProgress (5): 41/191 kB | 37/791 kB | 55/705 kB | 0/1.5 MB | 34/243 kBProgress (5): 41/191 kB | 37/791 kB | 55/705 kB | 0/1.5 MB | 36/243 kBProgress (5): 41/191 kB | 37/791 kB | 55/705 kB | 0/1.5 MB | 37/243 kBProgress (5): 41/191 kB | 37/791 kB | 55/705 kB | 0/1.5 MB | 38/243 kBProgress (5): 41/191 kB | 37/791 kB | 55/705 kB | 0/1.5 MB | 40/243 kBProgress (5): 41/191 kB | 37/791 kB | 55/705 kB | 0/1.5 MB | 41/243 kBProgress (5): 41/191 kB | 37/791 kB | 55/705 kB | 0/1.5 MB | 43/243 kBProgress (5): 41/191 kB | 37/791 kB | 55/705 kB | 0/1.5 MB | 44/243 kBProgress (5): 41/191 kB | 37/791 kB | 55/705 kB | 0/1.5 MB | 45/243 kBProgress (5): 41/191 kB | 37/791 kB | 55/705 kB | 0/1.5 MB | 47/243 kBProgress (5): 41/191 kB | 37/791 kB | 55/705 kB | 0/1.5 MB | 48/243 kBProgress (5): 41/191 kB | 37/791 kB | 55/705 kB | 0/1.5 MB | 49/243 kBProgress (5): 41/191 kB | 37/791 kB | 55/705 kB | 0/1.5 MB | 51/243 kBProgress (5): 41/191 kB | 37/791 kB | 55/705 kB | 0/1.5 MB | 52/243 kBProgress (5): 41/191 kB | 37/791 kB | 55/705 kB | 0/1.5 MB | 53/243 kBProgress (5): 41/191 kB | 37/791 kB | 55/705 kB | 0/1.5 MB | 55/243 kBProgress (5): 41/191 kB | 37/791 kB | 55/705 kB | 0/1.5 MB | 56/243 kBProgress (5): 41/191 kB | 37/791 kB | 55/705 kB | 0/1.5 MB | 58/243 kBProgress (5): 41/191 kB | 37/791 kB | 55/705 kB | 0/1.5 MB | 59/243 kBProgress (5): 41/191 kB | 38/791 kB | 55/705 kB | 0/1.5 MB | 59/243 kBProgress (5): 41/191 kB | 38/791 kB | 55/705 kB | 0/1.5 MB | 59/243 kBProgress (5): 45/191 kB | 38/791 kB | 55/705 kB | 0/1.5 MB | 59/243 kBProgress (5): 45/191 kB | 38/791 kB | 56/705 kB | 0/1.5 MB | 59/243 kBProgress (5): 45/191 kB | 40/791 kB | 56/705 kB | 0/1.5 MB | 59/243 kBProgress (5): 45/191 kB | 40/791 kB | 56/705 kB | 0/1.5 MB | 59/243 kBProgress (5): 49/191 kB | 40/791 kB | 56/705 kB | 0/1.5 MB | 59/243 kBProgress (5): 49/191 kB | 40/791 kB | 58/705 kB | 0/1.5 MB | 59/243 kBProgress (5): 49/191 kB | 40/791 kB | 59/705 kB | 0/1.5 MB | 59/243 kBProgress (5): 49/191 kB | 41/791 kB | 59/705 kB | 0/1.5 MB | 59/243 kBProgress (5): 49/191 kB | 41/791 kB | 59/705 kB | 0/1.5 MB | 59/243 kBProgress (5): 49/191 kB | 43/791 kB | 59/705 kB | 0/1.5 MB | 59/243 kBProgress (5): 49/191 kB | 44/791 kB | 59/705 kB | 0/1.5 MB | 59/243 kBProgress (5): 49/191 kB | 45/791 kB | 59/705 kB | 0/1.5 MB | 59/243 kBProgress (5): 49/191 kB | 47/791 kB | 59/705 kB | 0/1.5 MB | 59/243 kBProgress (5): 49/191 kB | 48/791 kB | 59/705 kB | 0/1.5 MB | 59/243 kBProgress (5): 49/191 kB | 49/791 kB | 59/705 kB | 0/1.5 MB | 59/243 kBProgress (5): 49/191 kB | 51/791 kB | 59/705 kB | 0/1.5 MB | 59/243 kBProgress (5): 49/191 kB | 52/791 kB | 59/705 kB | 0/1.5 MB | 59/243 kBProgress (5): 49/191 kB | 53/791 kB | 59/705 kB | 0/1.5 MB | 59/243 kBProgress (5): 49/191 kB | 55/791 kB | 59/705 kB | 0/1.5 MB | 59/243 kBProgress (5): 49/191 kB | 56/791 kB | 59/705 kB | 0/1.5 MB | 59/243 kBProgress (5): 49/191 kB | 58/791 kB | 59/705 kB | 0/1.5 MB | 59/243 kBProgress (5): 49/191 kB | 59/791 kB | 59/705 kB | 0/1.5 MB | 59/243 kBProgress (5): 49/191 kB | 60/791 kB | 59/705 kB | 0/1.5 MB | 59/243 kBProgress (5): 49/191 kB | 62/791 kB | 59/705 kB | 0/1.5 MB | 59/243 kBProgress (5): 49/191 kB | 63/791 kB | 59/705 kB | 0/1.5 MB | 59/243 kBProgress (5): 49/191 kB | 64/791 kB | 59/705 kB | 0/1.5 MB | 59/243 kBProgress (5): 49/191 kB | 66/791 kB | 59/705 kB | 0/1.5 MB | 59/243 kBProgress (5): 49/191 kB | 70/791 kB | 59/705 kB | 0/1.5 MB | 59/243 kBProgress (5): 53/191 kB | 70/791 kB | 59/705 kB | 0/1.5 MB | 59/243 kBProgress (5): 53/191 kB | 70/791 kB | 60/705 kB | 0/1.5 MB | 59/243 kBProgress (5): 57/191 kB | 70/791 kB | 60/705 kB | 0/1.5 MB | 59/243 kBProgress (5): 57/191 kB | 70/791 kB | 62/705 kB | 0/1.5 MB | 59/243 kBProgress (5): 61/191 kB | 70/791 kB | 62/705 kB | 0/1.5 MB | 59/243 kBProgress (5): 66/191 kB | 70/791 kB | 62/705 kB | 0/1.5 MB | 59/243 kBProgress (5): 70/191 kB | 70/791 kB | 62/705 kB | 0/1.5 MB | 59/243 kBProgress (5): 74/191 kB | 70/791 kB | 62/705 kB | 0/1.5 MB | 59/243 kBProgress (5): 78/191 kB | 70/791 kB | 62/705 kB | 0/1.5 MB | 59/243 kBProgress (5): 82/191 kB | 70/791 kB | 62/705 kB | 0/1.5 MB | 59/243 kBProgress (5): 86/191 kB | 70/791 kB | 62/705 kB | 0/1.5 MB | 59/243 kBProgress (5): 90/191 kB | 70/791 kB | 62/705 kB | 0/1.5 MB | 59/243 kBProgress (5): 94/191 kB | 70/791 kB | 62/705 kB | 0/1.5 MB | 59/243 kBProgress (5): 98/191 kB | 70/791 kB | 62/705 kB | 0/1.5 MB | 59/243 kBProgress (5): 102/191 kB | 70/791 kB | 62/705 kB | 0/1.5 MB | 59/243 kBProgress (5): 106/191 kB | 70/791 kB | 62/705 kB | 0/1.5 MB | 59/243 kBProgress (5): 111/191 kB | 70/791 kB | 62/705 kB | 0/1.5 MB | 59/243 kBProgress (5): 115/191 kB | 70/791 kB | 62/705 kB | 0/1.5 MB | 59/243 kBProgress (5): 119/191 kB | 70/791 kB | 62/705 kB | 0/1.5 MB | 59/243 kBProgress (5): 123/191 kB | 70/791 kB | 62/705 kB | 0/1.5 MB | 59/243 kBProgress (5): 127/191 kB | 70/791 kB | 62/705 kB | 0/1.5 MB | 59/243 kBProgress (5): 131/191 kB | 70/791 kB | 62/705 kB | 0/1.5 MB | 59/243 kBProgress (5): 135/191 kB | 70/791 kB | 62/705 kB | 0/1.5 MB | 59/243 kBProgress (5): 135/191 kB | 70/791 kB | 62/705 kB | 0/1.5 MB | 60/243 kBProgress (5): 135/191 kB | 70/791 kB | 62/705 kB | 0/1.5 MB | 60/243 kBProgress (5): 135/191 kB | 70/791 kB | 62/705 kB | 0/1.5 MB | 62/243 kBProgress (5): 135/191 kB | 70/791 kB | 62/705 kB | 0/1.5 MB | 63/243 kBProgress (5): 135/191 kB | 70/791 kB | 62/705 kB | 0/1.5 MB | 64/243 kBProgress (5): 135/191 kB | 70/791 kB | 62/705 kB | 0/1.5 MB | 66/243 kBProgress (5): 135/191 kB | 70/791 kB | 62/705 kB | 0/1.5 MB | 70/243 kBProgress (5): 135/191 kB | 70/791 kB | 62/705 kB | 0/1.5 MB | 74/243 kBProgress (5): 135/191 kB | 70/791 kB | 62/705 kB | 0/1.5 MB | 78/243 kBProgress (5): 135/191 kB | 70/791 kB | 62/705 kB | 0/1.5 MB | 82/243 kBProgress (5): 135/191 kB | 70/791 kB | 62/705 kB | 0/1.5 MB | 86/243 kBProgress (5): 135/191 kB | 70/791 kB | 62/705 kB | 0/1.5 MB | 90/243 kBProgress (5): 135/191 kB | 70/791 kB | 62/705 kB | 0/1.5 MB | 94/243 kBProgress (5): 135/191 kB | 70/791 kB | 62/705 kB | 0/1.5 MB | 99/243 kBProgress (5): 135/191 kB | 70/791 kB | 62/705 kB | 0/1.5 MB | 103/243 kBProgress (5): 135/191 kB | 70/791 kB | 62/705 kB | 0/1.5 MB | 107/243 kBProgress (5): 135/191 kB | 70/791 kB | 62/705 kB | 0/1.5 MB | 111/243 kBProgress (5): 135/191 kB | 70/791 kB | 62/705 kB | 0/1.5 MB | 115/243 kBProgress (5): 135/191 kB | 70/791 kB | 62/705 kB | 0/1.5 MB | 119/243 kBProgress (5): 135/191 kB | 74/791 kB | 62/705 kB | 0/1.5 MB | 119/243 kBProgress (5): 135/191 kB | 74/791 kB | 63/705 kB | 0/1.5 MB | 119/243 kBProgress (5): 135/191 kB | 78/791 kB | 63/705 kB | 0/1.5 MB | 119/243 kBProgress (5): 135/191 kB | 78/791 kB | 64/705 kB | 0/1.5 MB | 119/243 kBProgress (5): 139/191 kB | 78/791 kB | 64/705 kB | 0/1.5 MB | 119/243 kBProgress (5): 139/191 kB | 78/791 kB | 64/705 kB | 0/1.5 MB | 119/243 kBProgress (5): 143/191 kB | 78/791 kB | 64/705 kB | 0/1.5 MB | 119/243 kBProgress (5): 143/191 kB | 78/791 kB | 66/705 kB | 0/1.5 MB | 119/243 kBProgress (5): 143/191 kB | 82/791 kB | 66/705 kB | 0/1.5 MB | 119/243 kBProgress (5): 143/191 kB | 82/791 kB | 70/705 kB | 0/1.5 MB | 119/243 kBProgress (5): 143/191 kB | 82/791 kB | 74/705 kB | 0/1.5 MB | 119/243 kBProgress (5): 147/191 kB | 82/791 kB | 74/705 kB | 0/1.5 MB | 119/243 kBProgress (5): 147/191 kB | 82/791 kB | 74/705 kB | 0/1.5 MB | 119/243 kBProgress (5): 147/191 kB | 82/791 kB | 74/705 kB | 0/1.5 MB | 119/243 kBProgress (5): 147/191 kB | 82/791 kB | 74/705 kB | 0/1.5 MB | 119/243 kBProgress (5): 147/191 kB | 82/791 kB | 74/705 kB | 0/1.5 MB | 119/243 kBProgress (5): 147/191 kB | 82/791 kB | 74/705 kB | 0/1.5 MB | 119/243 kBProgress (5): 152/191 kB | 82/791 kB | 74/705 kB | 0/1.5 MB | 119/243 kBProgress (5): 152/191 kB | 82/791 kB | 78/705 kB | 0/1.5 MB | 119/243 kBProgress (5): 152/191 kB | 86/791 kB | 78/705 kB | 0/1.5 MB | 119/243 kBProgress (5): 152/191 kB | 86/791 kB | 82/705 kB | 0/1.5 MB | 119/243 kBProgress (5): 152/191 kB | 90/791 kB | 82/705 kB | 0/1.5 MB | 119/243 kBProgress (5): 152/191 kB | 94/791 kB | 82/705 kB | 0/1.5 MB | 119/243 kBProgress (5): 152/191 kB | 99/791 kB | 82/705 kB | 0/1.5 MB | 119/243 kBProgress (5): 152/191 kB | 99/791 kB | 86/705 kB | 0/1.5 MB | 119/243 kBProgress (5): 152/191 kB | 99/791 kB | 90/705 kB | 0/1.5 MB | 119/243 kBProgress (5): 152/191 kB | 99/791 kB | 94/705 kB | 0/1.5 MB | 119/243 kBProgress (5): 152/191 kB | 99/791 kB | 99/705 kB | 0/1.5 MB | 119/243 kBProgress (5): 152/191 kB | 103/791 kB | 99/705 kB | 0/1.5 MB | 119/243 kBProgress (5): 152/191 kB | 107/791 kB | 99/705 kB | 0/1.5 MB | 119/243 kBProgress (5): 152/191 kB | 111/791 kB | 99/705 kB | 0/1.5 MB | 119/243 kBProgress (5): 152/191 kB | 115/791 kB | 99/705 kB | 0/1.5 MB | 119/243 kBProgress (5): 152/191 kB | 115/791 kB | 103/705 kB | 0/1.5 MB | 119/243 kBProgress (5): 152/191 kB | 115/791 kB | 107/705 kB | 0/1.5 MB | 119/243 kBProgress (5): 152/191 kB | 115/791 kB | 111/705 kB | 0/1.5 MB | 119/243 kBProgress (5): 152/191 kB | 115/791 kB | 115/705 kB | 0/1.5 MB | 119/243 kBProgress (5): 152/191 kB | 119/791 kB | 115/705 kB | 0/1.5 MB | 119/243 kBProgress (5): 152/191 kB | 123/791 kB | 115/705 kB | 0/1.5 MB | 119/243 kBProgress (5): 152/191 kB | 127/791 kB | 115/705 kB | 0/1.5 MB | 119/243 kBProgress (5): 152/191 kB | 131/791 kB | 115/705 kB | 0/1.5 MB | 119/243 kBProgress (5): 152/191 kB | 135/791 kB | 115/705 kB | 0/1.5 MB | 119/243 kBProgress (5): 152/191 kB | 140/791 kB | 115/705 kB | 0/1.5 MB | 119/243 kBProgress (5): 152/191 kB | 144/791 kB | 115/705 kB | 0/1.5 MB | 119/243 kBProgress (5): 152/191 kB | 148/791 kB | 115/705 kB | 0/1.5 MB | 119/243 kBProgress (5): 152/191 kB | 152/791 kB | 115/705 kB | 0/1.5 MB | 119/243 kBProgress (5): 156/191 kB | 152/791 kB | 115/705 kB | 0/1.5 MB | 119/243 kBProgress (5): 156/191 kB | 152/791 kB | 115/705 kB | 0/1.5 MB | 119/243 kBProgress (5): 160/191 kB | 152/791 kB | 115/705 kB | 0/1.5 MB | 119/243 kBProgress (5): 164/191 kB | 152/791 kB | 115/705 kB | 0/1.5 MB | 119/243 kBProgress (5): 164/191 kB | 152/791 kB | 115/705 kB | 0/1.5 MB | 119/243 kBProgress (5): 164/191 kB | 152/791 kB | 115/705 kB | 0/1.5 MB | 119/243 kBProgress (5): 164/191 kB | 152/791 kB | 115/705 kB | 0/1.5 MB | 119/243 kBProgress (5): 164/191 kB | 152/791 kB | 115/705 kB | 0/1.5 MB | 119/243 kBProgress (5): 164/191 kB | 152/791 kB | 115/705 kB | 0/1.5 MB | 119/243 kBProgress (5): 168/191 kB | 152/791 kB | 115/705 kB | 0/1.5 MB | 119/243 kBProgress (5): 168/191 kB | 152/791 kB | 115/705 kB | 0/1.5 MB | 119/243 kBProgress (5): 172/191 kB | 152/791 kB | 115/705 kB | 0/1.5 MB | 119/243 kBProgress (5): 172/191 kB | 152/791 kB | 115/705 kB | 0/1.5 MB | 119/243 kBProgress (5): 172/191 kB | 152/791 kB | 115/705 kB | 0/1.5 MB | 119/243 kBProgress (5): 172/191 kB | 156/791 kB | 115/705 kB | 0/1.5 MB | 119/243 kBProgress (5): 172/191 kB | 156/791 kB | 119/705 kB | 0/1.5 MB | 119/243 kBProgress (5): 172/191 kB | 156/791 kB | 119/705 kB | 0/1.5 MB | 123/243 kBProgress (5): 172/191 kB | 156/791 kB | 123/705 kB | 0/1.5 MB | 123/243 kBProgress (5): 172/191 kB | 160/791 kB | 123/705 kB | 0/1.5 MB | 123/243 kBProgress (5): 172/191 kB | 160/791 kB | 123/705 kB | 0/1.5 MB | 123/243 kBProgress (5): 176/191 kB | 160/791 kB | 123/705 kB | 0/1.5 MB | 123/243 kBProgress (5): 176/191 kB | 160/791 kB | 123/705 kB | 0/1.5 MB | 123/243 kBProgress (5): 180/191 kB | 160/791 kB | 123/705 kB | 0/1.5 MB | 123/243 kBProgress (5): 180/191 kB | 160/791 kB | 123/705 kB | 0/1.5 MB | 123/243 kBProgress (5): 180/191 kB | 160/791 kB | 123/705 kB | 0/1.5 MB | 123/243 kBProgress (5): 180/191 kB | 160/791 kB | 123/705 kB | 0/1.5 MB | 123/243 kBProgress (5): 184/191 kB | 160/791 kB | 123/705 kB | 0/1.5 MB | 123/243 kBProgress (5): 184/191 kB | 160/791 kB | 127/705 kB | 0/1.5 MB | 123/243 kBProgress (5): 188/191 kB | 160/791 kB | 127/705 kB | 0/1.5 MB | 123/243 kBProgress (5): 188/191 kB | 160/791 kB | 131/705 kB | 0/1.5 MB | 123/243 kBProgress (5): 188/191 kB | 160/791 kB | 131/705 kB | 0/1.5 MB | 127/243 kBProgress (5): 188/191 kB | 160/791 kB | 131/705 kB | 0/1.5 MB | 131/243 kBProgress (5): 188/191 kB | 160/791 kB | 135/705 kB | 0/1.5 MB | 131/243 kBProgress (5): 188/191 kB | 160/791 kB | 140/705 kB | 0/1.5 MB | 131/243 kBProgress (5): 188/191 kB | 160/791 kB | 140/705 kB | 0/1.5 MB | 135/243 kBProgress (5): 188/191 kB | 160/791 kB | 140/705 kB | 0/1.5 MB | 140/243 kBProgress (5): 188/191 kB | 160/791 kB | 140/705 kB | 0/1.5 MB | 144/243 kBProgress (5): 188/191 kB | 160/791 kB | 140/705 kB | 0/1.5 MB | 148/243 kBProgress (5): 188/191 kB | 160/791 kB | 140/705 kB | 0/1.5 MB | 152/243 kBProgress (5): 188/191 kB | 160/791 kB | 140/705 kB | 0/1.5 MB | 156/243 kBProgress (5): 188/191 kB | 160/791 kB | 140/705 kB | 0/1.5 MB | 160/243 kBProgress (5): 188/191 kB | 160/791 kB | 140/705 kB | 0/1.5 MB | 164/243 kBProgress (5): 188/191 kB | 160/791 kB | 140/705 kB | 0/1.5 MB | 168/243 kBProgress (5): 188/191 kB | 160/791 kB | 140/705 kB | 0/1.5 MB | 172/243 kBProgress (5): 188/191 kB | 160/791 kB | 140/705 kB | 0/1.5 MB | 176/243 kBProgress (5): 188/191 kB | 160/791 kB | 140/705 kB | 0/1.5 MB | 180/243 kBProgress (5): 191 kB | 160/791 kB | 140/705 kB | 0/1.5 MB | 180/243 kB    Progress (5): 191 kB | 160/791 kB | 140/705 kB | 0/1.5 MB | 180/243 kBProgress (5): 191 kB | 160/791 kB | 140/705 kB | 0/1.5 MB | 180/243 kBProgress (5): 191 kB | 160/791 kB | 140/705 kB | 0/1.5 MB | 180/243 kBProgress (5): 191 kB | 160/791 kB | 140/705 kB | 0/1.5 MB | 180/243 kBProgress (5): 191 kB | 160/791 kB | 140/705 kB | 0/1.5 MB | 180/243 kBProgress (5): 191 kB | 160/791 kB | 140/705 kB | 0/1.5 MB | 180/243 kBProgress (5): 191 kB | 160/791 kB | 140/705 kB | 0/1.5 MB | 180/243 kBProgress (5): 191 kB | 160/791 kB | 140/705 kB | 0/1.5 MB | 185/243 kBProgress (5): 191 kB | 160/791 kB | 140/705 kB | 0/1.5 MB | 189/243 kBProgress (5): 191 kB | 160/791 kB | 140/705 kB | 0/1.5 MB | 193/243 kBProgress (5): 191 kB | 160/791 kB | 140/705 kB | 0/1.5 MB | 197/243 kBProgress (5): 191 kB | 160/791 kB | 140/705 kB | 0/1.5 MB | 201/243 kBProgress (5): 191 kB | 160/791 kB | 144/705 kB | 0/1.5 MB | 201/243 kBProgress (5): 191 kB | 160/791 kB | 144/705 kB | 0/1.5 MB | 205/243 kBProgress (5): 191 kB | 160/791 kB | 144/705 kB | 0/1.5 MB | 205/243 kBProgress (5): 191 kB | 160/791 kB | 144/705 kB | 0/1.5 MB | 205/243 kBProgress (5): 191 kB | 160/791 kB | 144/705 kB | 0/1.5 MB | 205/243 kBProgress (5): 191 kB | 160/791 kB | 144/705 kB | 0.1/1.5 MB | 205/243 kBProgress (5): 191 kB | 164/791 kB | 144/705 kB | 0.1/1.5 MB | 205/243 kBProgress (5): 191 kB | 164/791 kB | 148/705 kB | 0.1/1.5 MB | 205/243 kBProgress (5): 191 kB | 168/791 kB | 148/705 kB | 0.1/1.5 MB | 205/243 kBProgress (5): 191 kB | 168/791 kB | 148/705 kB | 0.1/1.5 MB | 205/243 kBProgress (5): 191 kB | 168/791 kB | 148/705 kB | 0.1/1.5 MB | 209/243 kBProgress (5): 191 kB | 168/791 kB | 148/705 kB | 0.1/1.5 MB | 209/243 kBProgress (5): 191 kB | 168/791 kB | 148/705 kB | 0.1/1.5 MB | 213/243 kBProgress (5): 191 kB | 168/791 kB | 152/705 kB | 0.1/1.5 MB | 213/243 kBProgress (5): 191 kB | 168/791 kB | 156/705 kB | 0.1/1.5 MB | 213/243 kBProgress (5): 191 kB | 168/791 kB | 160/705 kB | 0.1/1.5 MB | 213/243 kBProgress (5): 191 kB | 168/791 kB | 164/705 kB | 0.1/1.5 MB | 213/243 kBProgress (5): 191 kB | 168/791 kB | 168/705 kB | 0.1/1.5 MB | 213/243 kBProgress (5): 191 kB | 168/791 kB | 172/705 kB | 0.1/1.5 MB | 213/243 kBProgress (5): 191 kB | 168/791 kB | 176/705 kB | 0.1/1.5 MB | 213/243 kBProgress (5): 191 kB | 168/791 kB | 180/705 kB | 0.1/1.5 MB | 213/243 kB                                                                        Downloaded from central: https://repo.maven.apache.org/maven2/org/jetbrains/kotlin/kotlin-stdlib-common/1.4.0/kotlin-stdlib-common-1.4.0.jar (191 kB at 1.9 MB/s)
Progress (4): 168/791 kB | 185/705 kB | 0.1/1.5 MB | 213/243 kBProgress (4): 168/791 kB | 189/705 kB | 0.1/1.5 MB | 213/243 kBProgress (4): 168/791 kB | 189/705 kB | 0.1/1.5 MB | 217/243 kBProgress (4): 168/791 kB | 189/705 kB | 0.1/1.5 MB | 217/243 kBProgress (4): 168/791 kB | 189/705 kB | 0.1/1.5 MB | 221/243 kBProgress (4): 168/791 kB | 193/705 kB | 0.1/1.5 MB | 221/243 kB                                                               Downloading from central: https://repo.maven.apache.org/maven2/io/jaegertracing/jaeger-tracerresolver/1.6.0/jaeger-tracerresolver-1.6.0.jar
Progress (4): 168/791 kB | 197/705 kB | 0.1/1.5 MB | 221/243 kBProgress (4): 168/791 kB | 201/705 kB | 0.1/1.5 MB | 221/243 kBProgress (4): 168/791 kB | 205/705 kB | 0.1/1.5 MB | 221/243 kBProgress (4): 168/791 kB | 205/705 kB | 0.1/1.5 MB | 226/243 kBProgress (4): 168/791 kB | 205/705 kB | 0.1/1.5 MB | 226/243 kBProgress (4): 168/791 kB | 205/705 kB | 0.1/1.5 MB | 230/243 kBProgress (4): 168/791 kB | 209/705 kB | 0.1/1.5 MB | 230/243 kBProgress (4): 168/791 kB | 209/705 kB | 0.1/1.5 MB | 230/243 kBProgress (4): 168/791 kB | 209/705 kB | 0.1/1.5 MB | 230/243 kBProgress (4): 168/791 kB | 209/705 kB | 0.1/1.5 MB | 230/243 kBProgress (4): 168/791 kB | 209/705 kB | 0.1/1.5 MB | 230/243 kBProgress (4): 168/791 kB | 209/705 kB | 0.1/1.5 MB | 230/243 kBProgress (4): 168/791 kB | 209/705 kB | 0.1/1.5 MB | 234/243 kBProgress (4): 168/791 kB | 209/705 kB | 0.1/1.5 MB | 238/243 kBProgress (4): 168/791 kB | 209/705 kB | 0.1/1.5 MB | 242/243 kBProgress (4): 168/791 kB | 209/705 kB | 0.1/1.5 MB | 243 kB    Progress (4): 168/791 kB | 209/705 kB | 0.1/1.5 MB | 243 kBProgress (4): 168/791 kB | 209/705 kB | 0.1/1.5 MB | 243 kBProgress (4): 168/791 kB | 209/705 kB | 0.1/1.5 MB | 243 kBProgress (4): 168/791 kB | 209/705 kB | 0.1/1.5 MB | 243 kBProgress (4): 172/791 kB | 209/705 kB | 0.1/1.5 MB | 243 kBProgress (4): 172/791 kB | 213/705 kB | 0.1/1.5 MB | 243 kBProgress (4): 172/791 kB | 217/705 kB | 0.1/1.5 MB | 243 kBProgress (4): 172/791 kB | 221/705 kB | 0.1/1.5 MB | 243 kBProgress (4): 172/791 kB | 226/705 kB | 0.1/1.5 MB | 243 kBProgress (4): 172/791 kB | 230/705 kB | 0.1/1.5 MB | 243 kBProgress (4): 172/791 kB | 234/705 kB | 0.1/1.5 MB | 243 kBProgress (4): 172/791 kB | 238/705 kB | 0.1/1.5 MB | 243 kBProgress (4): 172/791 kB | 242/705 kB | 0.1/1.5 MB | 243 kBProgress (4): 172/791 kB | 246/705 kB | 0.1/1.5 MB | 243 kBProgress (4): 172/791 kB | 250/705 kB | 0.1/1.5 MB | 243 kBProgress (4): 172/791 kB | 254/705 kB | 0.1/1.5 MB | 243 kBProgress (4): 172/791 kB | 258/705 kB | 0.1/1.5 MB | 243 kBProgress (4): 172/791 kB | 262/705 kB | 0.1/1.5 MB | 243 kBProgress (4): 172/791 kB | 267/705 kB | 0.1/1.5 MB | 243 kBProgress (5): 172/791 kB | 267/705 kB | 0.1/1.5 MB | 243 kB | 2.6 kBProgress (5): 172/791 kB | 267/705 kB | 0.1/1.5 MB | 243 kB | 2.6 kBProgress (5): 172/791 kB | 267/705 kB | 0.1/1.5 MB | 243 kB | 2.6 kBProgress (5): 172/791 kB | 267/705 kB | 0.1/1.5 MB | 243 kB | 2.6 kBProgress (5): 172/791 kB | 267/705 kB | 0.1/1.5 MB | 243 kB | 2.6 kBProgress (5): 172/791 kB | 267/705 kB | 0.1/1.5 MB | 243 kB | 2.6 kBProgress (5): 172/791 kB | 267/705 kB | 0.1/1.5 MB | 243 kB | 2.6 kBProgress (5): 172/791 kB | 267/705 kB | 0.1/1.5 MB | 243 kB | 2.6 kBProgress (5): 172/791 kB | 267/705 kB | 0.1/1.5 MB | 243 kB | 2.6 kBProgress (5): 172/791 kB | 267/705 kB | 0.1/1.5 MB | 243 kB | 2.6 kBProgress (5): 172/791 kB | 267/705 kB | 0.1/1.5 MB | 243 kB | 2.6 kBProgress (5): 172/791 kB | 267/705 kB | 0.1/1.5 MB | 243 kB | 2.6 kBProgress (5): 172/791 kB | 267/705 kB | 0.1/1.5 MB | 243 kB | 2.6 kBProgress (5): 172/791 kB | 267/705 kB | 0.1/1.5 MB | 243 kB | 2.6 kBProgress (5): 172/791 kB | 267/705 kB | 0.1/1.5 MB | 243 kB | 2.6 kBProgress (5): 172/791 kB | 267/705 kB | 0.1/1.5 MB | 243 kB | 2.6 kB                                                                    Downloaded from central: https://repo.maven.apache.org/maven2/com/squareup/okio/okio/2.8.0/okio-2.8.0.jar (243 kB at 2.2 MB/s)
Downloading from central: https://repo.maven.apache.org/maven2/io/opentracing/contrib/opentracing-tracerresolver/0.1.8/opentracing-tracerresolver-0.1.8.jar
Downloaded from central: https://repo.maven.apache.org/maven2/io/jaegertracing/jaeger-tracerresolver/1.6.0/jaeger-tracerresolver-1.6.0.jar (2.6 kB at 23 kB/s)
Progress (3): 172/791 kB | 271/705 kB | 0.1/1.5 MBProgress (3): 172/791 kB | 275/705 kB | 0.1/1.5 MBProgress (3): 172/791 kB | 279/705 kB | 0.1/1.5 MBProgress (4): 172/791 kB | 279/705 kB | 0.1/1.5 MB | 4.1/7.8 kBProgress (4): 172/791 kB | 279/705 kB | 0.1/1.5 MB | 7.8 kB    Progress (4): 176/791 kB | 279/705 kB | 0.1/1.5 MB | 7.8 kBProgress (4): 176/791 kB | 279/705 kB | 0.1/1.5 MB | 7.8 kBProgress (4): 180/791 kB | 279/705 kB | 0.1/1.5 MB | 7.8 kBProgress (4): 180/791 kB | 279/705 kB | 0.1/1.5 MB | 7.8 kBProgress (4): 185/791 kB | 279/705 kB | 0.1/1.5 MB | 7.8 kBProgress (4): 185/791 kB | 279/705 kB | 0.2/1.5 MB | 7.8 kBProgress (4): 189/791 kB | 279/705 kB | 0.2/1.5 MB | 7.8 kBProgress (4): 189/791 kB | 279/705 kB | 0.2/1.5 MB | 7.8 kBProgress (4): 193/791 kB | 279/705 kB | 0.2/1.5 MB | 7.8 kBProgress (4): 193/791 kB | 279/705 kB | 0.2/1.5 MB | 7.8 kBProgress (4): 197/791 kB | 279/705 kB | 0.2/1.5 MB | 7.8 kBProgress (4): 197/791 kB | 279/705 kB | 0.2/1.5 MB | 7.8 kBProgress (4): 201/791 kB | 279/705 kB | 0.2/1.5 MB | 7.8 kBProgress (4): 201/791 kB | 279/705 kB | 0.2/1.5 MB | 7.8 kBProgress (4): 205/791 kB | 279/705 kB | 0.2/1.5 MB | 7.8 kBProgress (4): 205/791 kB | 279/705 kB | 0.2/1.5 MB | 7.8 kBProgress (4): 209/791 kB | 279/705 kB | 0.2/1.5 MB | 7.8 kBProgress (4): 209/791 kB | 279/705 kB | 0.2/1.5 MB | 7.8 kBProgress (4): 213/791 kB | 279/705 kB | 0.2/1.5 MB | 7.8 kBProgress (4): 217/791 kB | 279/705 kB | 0.2/1.5 MB | 7.8 kBProgress (4): 219/791 kB | 279/705 kB | 0.2/1.5 MB | 7.8 kBProgress (4): 219/791 kB | 279/705 kB | 0.2/1.5 MB | 7.8 kBProgress (4): 219/791 kB | 279/705 kB | 0.2/1.5 MB | 7.8 kBProgress (4): 219/791 kB | 279/705 kB | 0.2/1.5 MB | 7.8 kBProgress (4): 219/791 kB | 279/705 kB | 0.2/1.5 MB | 7.8 kBProgress (4): 223/791 kB | 279/705 kB | 0.2/1.5 MB | 7.8 kBProgress (4): 227/791 kB | 279/705 kB | 0.2/1.5 MB | 7.8 kBProgress (4): 231/791 kB | 279/705 kB | 0.2/1.5 MB | 7.8 kBProgress (4): 235/791 kB | 279/705 kB | 0.2/1.5 MB | 7.8 kBProgress (4): 235/791 kB | 279/705 kB | 0.2/1.5 MB | 7.8 kBProgress (4): 235/791 kB | 279/705 kB | 0.2/1.5 MB | 7.8 kBProgress (4): 235/791 kB | 279/705 kB | 0.2/1.5 MB | 7.8 kBProgress (4): 235/791 kB | 279/705 kB | 0.2/1.5 MB | 7.8 kBProgress (4): 239/791 kB | 279/705 kB | 0.2/1.5 MB | 7.8 kBProgress (4): 243/791 kB | 279/705 kB | 0.2/1.5 MB | 7.8 kBProgress (4): 247/791 kB | 279/705 kB | 0.2/1.5 MB | 7.8 kBProgress (4): 251/791 kB | 279/705 kB | 0.2/1.5 MB | 7.8 kBProgress (4): 251/791 kB | 279/705 kB | 0.2/1.5 MB | 7.8 kBProgress (4): 251/791 kB | 279/705 kB | 0.2/1.5 MB | 7.8 kBProgress (4): 251/791 kB | 279/705 kB | 0.2/1.5 MB | 7.8 kBProgress (4): 251/791 kB | 279/705 kB | 0.2/1.5 MB | 7.8 kBProgress (4): 256/791 kB | 279/705 kB | 0.2/1.5 MB | 7.8 kBProgress (4): 260/791 kB | 279/705 kB | 0.2/1.5 MB | 7.8 kBProgress (4): 264/791 kB | 279/705 kB | 0.2/1.5 MB | 7.8 kBProgress (4): 268/791 kB | 279/705 kB | 0.2/1.5 MB | 7.8 kBProgress (4): 268/791 kB | 279/705 kB | 0.2/1.5 MB | 7.8 kBProgress (4): 268/791 kB | 279/705 kB | 0.2/1.5 MB | 7.8 kBProgress (4): 268/791 kB | 279/705 kB | 0.2/1.5 MB | 7.8 kBProgress (4): 268/791 kB | 283/705 kB | 0.2/1.5 MB | 7.8 kBProgress (4): 272/791 kB | 283/705 kB | 0.2/1.5 MB | 7.8 kBProgress (4): 272/791 kB | 287/705 kB | 0.2/1.5 MB | 7.8 kBProgress (4): 276/791 kB | 287/705 kB | 0.2/1.5 MB | 7.8 kBProgress (4): 276/791 kB | 291/705 kB | 0.2/1.5 MB | 7.8 kBProgress (4): 280/791 kB | 291/705 kB | 0.2/1.5 MB | 7.8 kBProgress (4): 280/791 kB | 295/705 kB | 0.2/1.5 MB | 7.8 kBProgress (4): 284/791 kB | 295/705 kB | 0.2/1.5 MB | 7.8 kBProgress (4): 284/791 kB | 299/705 kB | 0.2/1.5 MB | 7.8 kBProgress (4): 288/791 kB | 299/705 kB | 0.2/1.5 MB | 7.8 kBProgress (4): 288/791 kB | 303/705 kB | 0.2/1.5 MB | 7.8 kBProgress (4): 292/791 kB | 303/705 kB | 0.2/1.5 MB | 7.8 kBProgress (4): 292/791 kB | 307/705 kB | 0.2/1.5 MB | 7.8 kBProgress (4): 297/791 kB | 307/705 kB | 0.2/1.5 MB | 7.8 kBProgress (4): 297/791 kB | 312/705 kB | 0.2/1.5 MB | 7.8 kBProgress (4): 301/791 kB | 312/705 kB | 0.2/1.5 MB | 7.8 kBProgress (4): 301/791 kB | 316/705 kB | 0.2/1.5 MB | 7.8 kBProgress (4): 305/791 kB | 316/705 kB | 0.2/1.5 MB | 7.8 kBProgress (4): 305/791 kB | 320/705 kB | 0.2/1.5 MB | 7.8 kBProgress (4): 309/791 kB | 320/705 kB | 0.2/1.5 MB | 7.8 kBProgress (4): 309/791 kB | 324/705 kB | 0.2/1.5 MB | 7.8 kBProgress (4): 313/791 kB | 324/705 kB | 0.2/1.5 MB | 7.8 kBProgress (4): 313/791 kB | 328/705 kB | 0.2/1.5 MB | 7.8 kBProgress (4): 317/791 kB | 328/705 kB | 0.2/1.5 MB | 7.8 kBProgress (4): 317/791 kB | 332/705 kB | 0.2/1.5 MB | 7.8 kBProgress (4): 317/791 kB | 336/705 kB | 0.2/1.5 MB | 7.8 kBProgress (4): 321/791 kB | 336/705 kB | 0.2/1.5 MB | 7.8 kBProgress (4): 321/791 kB | 340/705 kB | 0.2/1.5 MB | 7.8 kBProgress (4): 325/791 kB | 340/705 kB | 0.2/1.5 MB | 7.8 kBProgress (4): 325/791 kB | 344/705 kB | 0.2/1.5 MB | 7.8 kBProgress (4): 329/791 kB | 344/705 kB | 0.2/1.5 MB | 7.8 kBProgress (4): 333/791 kB | 344/705 kB | 0.2/1.5 MB | 7.8 kBProgress (4): 333/791 kB | 348/705 kB | 0.2/1.5 MB | 7.8 kBProgress (4): 333/791 kB | 353/705 kB | 0.2/1.5 MB | 7.8 kBProgress (4): 338/791 kB | 353/705 kB | 0.2/1.5 MB | 7.8 kBProgress (4): 338/791 kB | 357/705 kB | 0.2/1.5 MB | 7.8 kBProgress (4): 342/791 kB | 357/705 kB | 0.2/1.5 MB | 7.8 kBProgress (4): 342/791 kB | 361/705 kB | 0.2/1.5 MB | 7.8 kBProgress (4): 346/791 kB | 361/705 kB | 0.2/1.5 MB | 7.8 kBProgress (4): 350/791 kB | 361/705 kB | 0.2/1.5 MB | 7.8 kBProgress (4): 350/791 kB | 365/705 kB | 0.2/1.5 MB | 7.8 kBProgress (4): 350/791 kB | 369/705 kB | 0.2/1.5 MB | 7.8 kBProgress (4): 354/791 kB | 369/705 kB | 0.2/1.5 MB | 7.8 kBProgress (4): 354/791 kB | 373/705 kB | 0.2/1.5 MB | 7.8 kBProgress (4): 358/791 kB | 373/705 kB | 0.2/1.5 MB | 7.8 kBProgress (4): 358/791 kB | 377/705 kB | 0.2/1.5 MB | 7.8 kBProgress (4): 362/791 kB | 377/705 kB | 0.2/1.5 MB | 7.8 kBProgress (4): 366/791 kB | 377/705 kB | 0.2/1.5 MB | 7.8 kBProgress (4): 366/791 kB | 381/705 kB | 0.2/1.5 MB | 7.8 kBProgress (4): 366/791 kB | 385/705 kB | 0.2/1.5 MB | 7.8 kBProgress (4): 370/791 kB | 385/705 kB | 0.2/1.5 MB | 7.8 kBProgress (4): 370/791 kB | 389/705 kB | 0.2/1.5 MB | 7.8 kBProgress (4): 374/791 kB | 389/705 kB | 0.2/1.5 MB | 7.8 kBProgress (4): 374/791 kB | 393/705 kB | 0.2/1.5 MB | 7.8 kBProgress (4): 378/791 kB | 393/705 kB | 0.2/1.5 MB | 7.8 kBProgress (4): 383/791 kB | 393/705 kB | 0.2/1.5 MB | 7.8 kBProgress (4): 383/791 kB | 398/705 kB | 0.2/1.5 MB | 7.8 kBProgress (4): 387/791 kB | 398/705 kB | 0.2/1.5 MB | 7.8 kBProgress (4): 387/791 kB | 402/705 kB | 0.2/1.5 MB | 7.8 kBProgress (4): 391/791 kB | 402/705 kB | 0.2/1.5 MB | 7.8 kBProgress (4): 391/791 kB | 406/705 kB | 0.2/1.5 MB | 7.8 kBProgress (4): 391/791 kB | 410/705 kB | 0.2/1.5 MB | 7.8 kB                                                           Downloaded from central: https://repo.maven.apache.org/maven2/io/opentracing/contrib/opentracing-tracerresolver/0.1.8/opentracing-tracerresolver-0.1.8.jar (7.8 kB at 59 kB/s)
Progress (3): 391/791 kB | 410/705 kB | 0.2/1.5 MBProgress (3): 391/791 kB | 410/705 kB | 0.2/1.5 MBProgress (3): 391/791 kB | 410/705 kB | 0.3/1.5 MBProgress (3): 391/791 kB | 410/705 kB | 0.3/1.5 MBProgress (3): 391/791 kB | 410/705 kB | 0.3/1.5 MBProgress (3): 391/791 kB | 410/705 kB | 0.3/1.5 MBProgress (3): 391/791 kB | 410/705 kB | 0.3/1.5 MBProgress (3): 391/791 kB | 410/705 kB | 0.3/1.5 MBProgress (3): 391/791 kB | 410/705 kB | 0.3/1.5 MBProgress (3): 391/791 kB | 410/705 kB | 0.3/1.5 MBProgress (3): 391/791 kB | 410/705 kB | 0.3/1.5 MBProgress (3): 391/791 kB | 410/705 kB | 0.3/1.5 MBProgress (3): 391/791 kB | 410/705 kB | 0.3/1.5 MBProgress (3): 391/791 kB | 410/705 kB | 0.3/1.5 MBProgress (3): 391/791 kB | 410/705 kB | 0.3/1.5 MBProgress (3): 391/791 kB | 410/705 kB | 0.3/1.5 MBProgress (3): 391/791 kB | 410/705 kB | 0.3/1.5 MBProgress (3): 391/791 kB | 410/705 kB | 0.3/1.5 MBProgress (3): 391/791 kB | 410/705 kB | 0.3/1.5 MBProgress (3): 391/791 kB | 410/705 kB | 0.3/1.5 MBProgress (3): 391/791 kB | 410/705 kB | 0.3/1.5 MBProgress (3): 391/791 kB | 410/705 kB | 0.3/1.5 MBProgress (3): 391/791 kB | 410/705 kB | 0.3/1.5 MBProgress (3): 391/791 kB | 410/705 kB | 0.3/1.5 MBProgress (3): 391/791 kB | 410/705 kB | 0.3/1.5 MBProgress (3): 391/791 kB | 410/705 kB | 0.3/1.5 MBProgress (3): 391/791 kB | 410/705 kB | 0.3/1.5 MBProgress (3): 391/791 kB | 410/705 kB | 0.4/1.5 MBProgress (3): 391/791 kB | 410/705 kB | 0.4/1.5 MBProgress (3): 391/791 kB | 410/705 kB | 0.4/1.5 MBProgress (3): 395/791 kB | 410/705 kB | 0.4/1.5 MBProgress (3): 399/791 kB | 410/705 kB | 0.4/1.5 MBProgress (3): 403/791 kB | 410/705 kB | 0.4/1.5 MBProgress (3): 407/791 kB | 410/705 kB | 0.4/1.5 MBProgress (3): 411/791 kB | 410/705 kB | 0.4/1.5 MBProgress (3): 415/791 kB | 410/705 kB | 0.4/1.5 MBProgress (3): 419/791 kB | 410/705 kB | 0.4/1.5 MBProgress (3): 424/791 kB | 410/705 kB | 0.4/1.5 MBProgress (3): 428/791 kB | 410/705 kB | 0.4/1.5 MBProgress (3): 428/791 kB | 410/705 kB | 0.4/1.5 MBProgress (3): 432/791 kB | 410/705 kB | 0.4/1.5 MBProgress (3): 432/791 kB | 414/705 kB | 0.4/1.5 MBProgress (3): 432/791 kB | 418/705 kB | 0.4/1.5 MBProgress (3): 432/791 kB | 422/705 kB | 0.4/1.5 MBProgress (3): 432/791 kB | 426/705 kB | 0.4/1.5 MBProgress (3): 436/791 kB | 426/705 kB | 0.4/1.5 MBProgress (3): 438/791 kB | 426/705 kB | 0.4/1.5 MBProgress (3): 438/791 kB | 430/705 kB | 0.4/1.5 MBProgress (3): 438/791 kB | 434/705 kB | 0.4/1.5 MBProgress (3): 438/791 kB | 439/705 kB | 0.4/1.5 MBProgress (3): 438/791 kB | 443/705 kB | 0.4/1.5 MBProgress (3): 442/791 kB | 443/705 kB | 0.4/1.5 MBProgress (3): 446/791 kB | 443/705 kB | 0.4/1.5 MBProgress (3): 450/791 kB | 443/705 kB | 0.4/1.5 MBProgress (3): 454/791 kB | 443/705 kB | 0.4/1.5 MBProgress (3): 454/791 kB | 447/705 kB | 0.4/1.5 MBProgress (3): 454/791 kB | 451/705 kB | 0.4/1.5 MBProgress (3): 454/791 kB | 455/705 kB | 0.4/1.5 MBProgress (3): 454/791 kB | 459/705 kB | 0.4/1.5 MBProgress (3): 458/791 kB | 459/705 kB | 0.4/1.5 MBProgress (3): 463/791 kB | 459/705 kB | 0.4/1.5 MBProgress (3): 463/791 kB | 463/705 kB | 0.4/1.5 MBProgress (3): 467/791 kB | 463/705 kB | 0.4/1.5 MBProgress (3): 467/791 kB | 463/705 kB | 0.4/1.5 MBProgress (3): 471/791 kB | 463/705 kB | 0.4/1.5 MBProgress (3): 471/791 kB | 467/705 kB | 0.4/1.5 MBProgress (3): 471/791 kB | 471/705 kB | 0.4/1.5 MBProgress (3): 471/791 kB | 475/705 kB | 0.4/1.5 MBProgress (3): 475/791 kB | 475/705 kB | 0.4/1.5 MBProgress (3): 475/791 kB | 480/705 kB | 0.4/1.5 MBProgress (3): 475/791 kB | 484/705 kB | 0.4/1.5 MBProgress (3): 475/791 kB | 488/705 kB | 0.4/1.5 MBProgress (3): 475/791 kB | 492/705 kB | 0.4/1.5 MBProgress (3): 475/791 kB | 496/705 kB | 0.4/1.5 MBProgress (3): 475/791 kB | 500/705 kB | 0.4/1.5 MBProgress (3): 475/791 kB | 504/705 kB | 0.4/1.5 MBProgress (3): 475/791 kB | 508/705 kB | 0.4/1.5 MBProgress (3): 475/791 kB | 512/705 kB | 0.4/1.5 MBProgress (3): 475/791 kB | 516/705 kB | 0.4/1.5 MBProgress (3): 475/791 kB | 520/705 kB | 0.4/1.5 MBProgress (3): 475/791 kB | 525/705 kB | 0.4/1.5 MBProgress (3): 475/791 kB | 529/705 kB | 0.4/1.5 MBProgress (3): 475/791 kB | 533/705 kB | 0.4/1.5 MBProgress (3): 475/791 kB | 537/705 kB | 0.4/1.5 MBProgress (3): 475/791 kB | 541/705 kB | 0.4/1.5 MBProgress (3): 475/791 kB | 545/705 kB | 0.4/1.5 MBProgress (3): 475/791 kB | 549/705 kB | 0.4/1.5 MBProgress (3): 475/791 kB | 553/705 kB | 0.4/1.5 MBProgress (3): 475/791 kB | 557/705 kB | 0.4/1.5 MBProgress (3): 475/791 kB | 561/705 kB | 0.4/1.5 MBProgress (3): 475/791 kB | 566/705 kB | 0.4/1.5 MBProgress (3): 475/791 kB | 570/705 kB | 0.4/1.5 MBProgress (3): 475/791 kB | 574/705 kB | 0.4/1.5 MBProgress (3): 475/791 kB | 578/705 kB | 0.4/1.5 MBProgress (3): 475/791 kB | 582/705 kB | 0.4/1.5 MBProgress (3): 475/791 kB | 586/705 kB | 0.4/1.5 MBProgress (3): 475/791 kB | 590/705 kB | 0.4/1.5 MBProgress (3): 475/791 kB | 594/705 kB | 0.4/1.5 MBProgress (3): 475/791 kB | 598/705 kB | 0.4/1.5 MBProgress (3): 475/791 kB | 602/705 kB | 0.4/1.5 MBProgress (3): 475/791 kB | 606/705 kB | 0.4/1.5 MBProgress (3): 475/791 kB | 611/705 kB | 0.4/1.5 MBProgress (3): 475/791 kB | 615/705 kB | 0.4/1.5 MBProgress (3): 475/791 kB | 619/705 kB | 0.4/1.5 MBProgress (3): 475/791 kB | 623/705 kB | 0.4/1.5 MBProgress (3): 475/791 kB | 627/705 kB | 0.4/1.5 MBProgress (3): 475/791 kB | 631/705 kB | 0.4/1.5 MBProgress (3): 475/791 kB | 635/705 kB | 0.4/1.5 MBProgress (3): 475/791 kB | 639/705 kB | 0.4/1.5 MBProgress (3): 475/791 kB | 639/705 kB | 0.4/1.5 MBProgress (3): 479/791 kB | 639/705 kB | 0.4/1.5 MBProgress (3): 483/791 kB | 639/705 kB | 0.4/1.5 MBProgress (3): 487/791 kB | 639/705 kB | 0.4/1.5 MBProgress (3): 487/791 kB | 639/705 kB | 0.4/1.5 MBProgress (3): 487/791 kB | 639/705 kB | 0.4/1.5 MBProgress (3): 487/791 kB | 639/705 kB | 0.4/1.5 MBProgress (3): 487/791 kB | 639/705 kB | 0.4/1.5 MBProgress (3): 491/791 kB | 639/705 kB | 0.4/1.5 MBProgress (3): 495/791 kB | 639/705 kB | 0.4/1.5 MBProgress (3): 499/791 kB | 639/705 kB | 0.4/1.5 MBProgress (3): 504/791 kB | 639/705 kB | 0.4/1.5 MBProgress (3): 504/791 kB | 639/705 kB | 0.4/1.5 MBProgress (3): 504/791 kB | 639/705 kB | 0.4/1.5 MBProgress (3): 504/791 kB | 639/705 kB | 0.4/1.5 MBProgress (3): 504/791 kB | 639/705 kB | 0.4/1.5 MBProgress (3): 508/791 kB | 639/705 kB | 0.4/1.5 MBProgress (3): 512/791 kB | 639/705 kB | 0.4/1.5 MBProgress (3): 516/791 kB | 639/705 kB | 0.4/1.5 MBProgress (3): 520/791 kB | 639/705 kB | 0.4/1.5 MBProgress (3): 520/791 kB | 639/705 kB | 0.4/1.5 MBProgress (3): 520/791 kB | 639/705 kB | 0.4/1.5 MBProgress (3): 520/791 kB | 639/705 kB | 0.4/1.5 MBProgress (3): 520/791 kB | 639/705 kB | 0.4/1.5 MBProgress (3): 524/791 kB | 639/705 kB | 0.4/1.5 MBProgress (3): 528/791 kB | 639/705 kB | 0.4/1.5 MBProgress (3): 532/791 kB | 639/705 kB | 0.4/1.5 MBProgress (3): 536/791 kB | 639/705 kB | 0.4/1.5 MBProgress (3): 536/791 kB | 639/705 kB | 0.4/1.5 MBProgress (3): 536/791 kB | 639/705 kB | 0.4/1.5 MBProgress (3): 536/791 kB | 639/705 kB | 0.4/1.5 MBProgress (3): 536/791 kB | 639/705 kB | 0.4/1.5 MBProgress (3): 540/791 kB | 639/705 kB | 0.4/1.5 MBProgress (3): 544/791 kB | 639/705 kB | 0.4/1.5 MBProgress (3): 549/791 kB | 639/705 kB | 0.4/1.5 MBProgress (3): 553/791 kB | 639/705 kB | 0.4/1.5 MBProgress (3): 553/791 kB | 639/705 kB | 0.4/1.5 MBProgress (3): 553/791 kB | 639/705 kB | 0.4/1.5 MBProgress (3): 553/791 kB | 639/705 kB | 0.5/1.5 MBProgress (3): 553/791 kB | 639/705 kB | 0.5/1.5 MBProgress (3): 557/791 kB | 639/705 kB | 0.5/1.5 MBProgress (3): 561/791 kB | 639/705 kB | 0.5/1.5 MBProgress (3): 565/791 kB | 639/705 kB | 0.5/1.5 MBProgress (3): 569/791 kB | 639/705 kB | 0.5/1.5 MBProgress (3): 569/791 kB | 639/705 kB | 0.5/1.5 MBProgress (3): 569/791 kB | 639/705 kB | 0.5/1.5 MBProgress (3): 569/791 kB | 639/705 kB | 0.5/1.5 MBProgress (3): 569/791 kB | 639/705 kB | 0.5/1.5 MBProgress (3): 573/791 kB | 639/705 kB | 0.5/1.5 MBProgress (3): 573/791 kB | 639/705 kB | 0.5/1.5 MBProgress (3): 577/791 kB | 639/705 kB | 0.5/1.5 MBProgress (3): 581/791 kB | 639/705 kB | 0.5/1.5 MBProgress (3): 585/791 kB | 639/705 kB | 0.5/1.5 MBProgress (3): 585/791 kB | 639/705 kB | 0.5/1.5 MBProgress (3): 585/791 kB | 639/705 kB | 0.5/1.5 MBProgress (3): 585/791 kB | 639/705 kB | 0.5/1.5 MBProgress (3): 585/791 kB | 639/705 kB | 0.5/1.5 MBProgress (3): 590/791 kB | 639/705 kB | 0.5/1.5 MBProgress (3): 594/791 kB | 639/705 kB | 0.5/1.5 MBProgress (3): 598/791 kB | 639/705 kB | 0.5/1.5 MBProgress (3): 598/791 kB | 639/705 kB | 0.5/1.5 MBProgress (3): 602/791 kB | 639/705 kB | 0.5/1.5 MBProgress (3): 602/791 kB | 639/705 kB | 0.5/1.5 MBProgress (3): 602/791 kB | 639/705 kB | 0.5/1.5 MBProgress (3): 602/791 kB | 639/705 kB | 0.5/1.5 MBProgress (3): 606/791 kB | 639/705 kB | 0.5/1.5 MBProgress (3): 610/791 kB | 639/705 kB | 0.5/1.5 MBProgress (3): 614/791 kB | 639/705 kB | 0.5/1.5 MBProgress (3): 618/791 kB | 639/705 kB | 0.5/1.5 MBProgress (3): 622/791 kB | 639/705 kB | 0.5/1.5 MBProgress (3): 626/791 kB | 639/705 kB | 0.5/1.5 MBProgress (3): 631/791 kB | 639/705 kB | 0.5/1.5 MBProgress (3): 635/791 kB | 639/705 kB | 0.5/1.5 MBProgress (3): 639/791 kB | 639/705 kB | 0.5/1.5 MBProgress (3): 643/791 kB | 639/705 kB | 0.5/1.5 MBProgress (3): 647/791 kB | 639/705 kB | 0.5/1.5 MBProgress (3): 651/791 kB | 639/705 kB | 0.5/1.5 MBProgress (3): 655/791 kB | 639/705 kB | 0.5/1.5 MBProgress (3): 657/791 kB | 639/705 kB | 0.5/1.5 MBProgress (3): 661/791 kB | 639/705 kB | 0.5/1.5 MBProgress (3): 665/791 kB | 639/705 kB | 0.5/1.5 MBProgress (3): 670/791 kB | 639/705 kB | 0.5/1.5 MBProgress (3): 674/791 kB | 639/705 kB | 0.5/1.5 MBProgress (3): 678/791 kB | 639/705 kB | 0.5/1.5 MBProgress (3): 682/791 kB | 639/705 kB | 0.5/1.5 MBProgress (3): 686/791 kB | 639/705 kB | 0.5/1.5 MBProgress (3): 690/791 kB | 639/705 kB | 0.5/1.5 MBProgress (3): 694/791 kB | 639/705 kB | 0.5/1.5 MBProgress (3): 698/791 kB | 639/705 kB | 0.5/1.5 MBProgress (3): 702/791 kB | 639/705 kB | 0.5/1.5 MBProgress (3): 706/791 kB | 639/705 kB | 0.5/1.5 MBProgress (3): 711/791 kB | 639/705 kB | 0.5/1.5 MBProgress (3): 715/791 kB | 639/705 kB | 0.5/1.5 MBProgress (3): 719/791 kB | 639/705 kB | 0.5/1.5 MBProgress (3): 723/791 kB | 639/705 kB | 0.5/1.5 MBProgress (3): 727/791 kB | 639/705 kB | 0.5/1.5 MBProgress (3): 731/791 kB | 639/705 kB | 0.5/1.5 MBProgress (3): 735/791 kB | 639/705 kB | 0.5/1.5 MBProgress (3): 739/791 kB | 639/705 kB | 0.5/1.5 MBProgress (3): 743/791 kB | 639/705 kB | 0.5/1.5 MBProgress (3): 747/791 kB | 639/705 kB | 0.5/1.5 MBProgress (3): 751/791 kB | 639/705 kB | 0.5/1.5 MBProgress (3): 751/791 kB | 643/705 kB | 0.5/1.5 MBProgress (3): 751/791 kB | 647/705 kB | 0.5/1.5 MBProgress (3): 751/791 kB | 652/705 kB | 0.5/1.5 MBProgress (3): 751/791 kB | 656/705 kB | 0.5/1.5 MBProgress (3): 751/791 kB | 660/705 kB | 0.5/1.5 MBProgress (3): 751/791 kB | 664/705 kB | 0.5/1.5 MBProgress (3): 751/791 kB | 668/705 kB | 0.5/1.5 MBProgress (3): 751/791 kB | 672/705 kB | 0.5/1.5 MBProgress (3): 751/791 kB | 676/705 kB | 0.5/1.5 MBProgress (3): 751/791 kB | 680/705 kB | 0.5/1.5 MBProgress (3): 751/791 kB | 684/705 kB | 0.5/1.5 MBProgress (3): 751/791 kB | 688/705 kB | 0.5/1.5 MBProgress (3): 751/791 kB | 692/705 kB | 0.5/1.5 MBProgress (3): 751/791 kB | 697/705 kB | 0.5/1.5 MBProgress (3): 751/791 kB | 701/705 kB | 0.5/1.5 MBProgress (3): 751/791 kB | 705/705 kB | 0.5/1.5 MBProgress (3): 751/791 kB | 705 kB | 0.5/1.5 MB    Progress (3): 751/791 kB | 705 kB | 0.5/1.5 MBProgress (3): 751/791 kB | 705 kB | 0.5/1.5 MBProgress (3): 751/791 kB | 705 kB | 0.5/1.5 MBProgress (3): 751/791 kB | 705 kB | 0.5/1.5 MBProgress (3): 751/791 kB | 705 kB | 0.5/1.5 MBProgress (3): 751/791 kB | 705 kB | 0.5/1.5 MBProgress (3): 751/791 kB | 705 kB | 0.5/1.5 MBProgress (3): 751/791 kB | 705 kB | 0.5/1.5 MBProgress (3): 751/791 kB | 705 kB | 0.5/1.5 MBProgress (3): 751/791 kB | 705 kB | 0.5/1.5 MBProgress (3): 751/791 kB | 705 kB | 0.6/1.5 MBProgress (3): 751/791 kB | 705 kB | 0.6/1.5 MBProgress (3): 751/791 kB | 705 kB | 0.6/1.5 MBProgress (3): 751/791 kB | 705 kB | 0.6/1.5 MBProgress (3): 751/791 kB | 705 kB | 0.6/1.5 MBProgress (3): 751/791 kB | 705 kB | 0.6/1.5 MBProgress (3): 751/791 kB | 705 kB | 0.6/1.5 MBProgress (3): 751/791 kB | 705 kB | 0.6/1.5 MBProgress (3): 751/791 kB | 705 kB | 0.6/1.5 MBProgress (3): 751/791 kB | 705 kB | 0.6/1.5 MBProgress (3): 751/791 kB | 705 kB | 0.6/1.5 MBProgress (3): 751/791 kB | 705 kB | 0.6/1.5 MBProgress (3): 751/791 kB | 705 kB | 0.6/1.5 MBProgress (3): 751/791 kB | 705 kB | 0.6/1.5 MBProgress (3): 751/791 kB | 705 kB | 0.6/1.5 MBProgress (3): 751/791 kB | 705 kB | 0.6/1.5 MBProgress (3): 751/791 kB | 705 kB | 0.6/1.5 MBProgress (3): 751/791 kB | 705 kB | 0.6/1.5 MBProgress (3): 751/791 kB | 705 kB | 0.6/1.5 MBProgress (3): 751/791 kB | 705 kB | 0.6/1.5 MBProgress (3): 751/791 kB | 705 kB | 0.6/1.5 MBProgress (3): 751/791 kB | 705 kB | 0.6/1.5 MBProgress (3): 751/791 kB | 705 kB | 0.6/1.5 MBProgress (3): 751/791 kB | 705 kB | 0.6/1.5 MBProgress (3): 751/791 kB | 705 kB | 0.7/1.5 MBProgress (3): 751/791 kB | 705 kB | 0.7/1.5 MBProgress (3): 751/791 kB | 705 kB | 0.7/1.5 MBProgress (3): 751/791 kB | 705 kB | 0.7/1.5 MBProgress (3): 751/791 kB | 705 kB | 0.7/1.5 MBProgress (3): 751/791 kB | 705 kB | 0.7/1.5 MBProgress (3): 751/791 kB | 705 kB | 0.7/1.5 MBProgress (3): 751/791 kB | 705 kB | 0.7/1.5 MBProgress (3): 751/791 kB | 705 kB | 0.7/1.5 MBProgress (3): 751/791 kB | 705 kB | 0.7/1.5 MBProgress (3): 751/791 kB | 705 kB | 0.7/1.5 MBProgress (3): 751/791 kB | 705 kB | 0.7/1.5 MBProgress (3): 751/791 kB | 705 kB | 0.7/1.5 MBProgress (3): 751/791 kB | 705 kB | 0.7/1.5 MBProgress (3): 756/791 kB | 705 kB | 0.7/1.5 MBProgress (3): 760/791 kB | 705 kB | 0.7/1.5 MBProgress (3): 764/791 kB | 705 kB | 0.7/1.5 MBProgress (3): 768/791 kB | 705 kB | 0.7/1.5 MBProgress (3): 772/791 kB | 705 kB | 0.7/1.5 MBProgress (3): 776/791 kB | 705 kB | 0.7/1.5 MBProgress (3): 780/791 kB | 705 kB | 0.7/1.5 MBProgress (3): 784/791 kB | 705 kB | 0.7/1.5 MBProgress (3): 788/791 kB | 705 kB | 0.7/1.5 MBProgress (3): 791 kB | 705 kB | 0.7/1.5 MB    Progress (3): 791 kB | 705 kB | 0.7/1.5 MBProgress (3): 791 kB | 705 kB | 0.7/1.5 MBProgress (3): 791 kB | 705 kB | 0.7/1.5 MBProgress (3): 791 kB | 705 kB | 0.7/1.5 MBProgress (3): 791 kB | 705 kB | 0.7/1.5 MBProgress (3): 791 kB | 705 kB | 0.7/1.5 MBProgress (3): 791 kB | 705 kB | 0.7/1.5 MBProgress (3): 791 kB | 705 kB | 0.7/1.5 MBProgress (3): 791 kB | 705 kB | 0.7/1.5 MB                                          Downloaded from central: https://repo.maven.apache.org/maven2/io/jaegertracing/jaeger-thrift/1.6.0/jaeger-thrift-1.6.0.jar (705 kB at 3.7 MB/s)
Progress (2): 791 kB | 0.7/1.5 MBProgress (2): 791 kB | 0.7/1.5 MBProgress (2): 791 kB | 0.8/1.5 MBProgress (2): 791 kB | 0.8/1.5 MBProgress (2): 791 kB | 0.8/1.5 MBProgress (2): 791 kB | 0.8/1.5 MBProgress (2): 791 kB | 0.8/1.5 MBProgress (2): 791 kB | 0.8/1.5 MBProgress (2): 791 kB | 0.8/1.5 MBProgress (2): 791 kB | 0.8/1.5 MBProgress (2): 791 kB | 0.8/1.5 MBProgress (2): 791 kB | 0.8/1.5 MBProgress (2): 791 kB | 0.8/1.5 MBProgress (2): 791 kB | 0.8/1.5 MBProgress (2): 791 kB | 0.8/1.5 MBProgress (2): 791 kB | 0.8/1.5 MBProgress (2): 791 kB | 0.8/1.5 MBProgress (2): 791 kB | 0.8/1.5 MBProgress (2): 791 kB | 0.8/1.5 MBProgress (2): 791 kB | 0.8/1.5 MBProgress (2): 791 kB | 0.8/1.5 MBProgress (2): 791 kB | 0.8/1.5 MBProgress (2): 791 kB | 0.8/1.5 MBProgress (2): 791 kB | 0.8/1.5 MB                                 Downloaded from central: https://repo.maven.apache.org/maven2/com/squareup/okhttp3/okhttp/4.9.0/okhttp-4.9.0.jar (791 kB at 4.2 MB/s)
Progress (1): 0.8/1.5 MBProgress (1): 0.8/1.5 MBProgress (1): 0.9/1.5 MBProgress (1): 0.9/1.5 MBProgress (1): 0.9/1.5 MBProgress (1): 0.9/1.5 MBProgress (1): 0.9/1.5 MBProgress (1): 0.9/1.5 MBProgress (1): 0.9/1.5 MBProgress (1): 0.9/1.5 MBProgress (1): 0.9/1.5 MBProgress (1): 0.9/1.5 MBProgress (1): 0.9/1.5 MBProgress (1): 0.9/1.5 MBProgress (1): 0.9/1.5 MBProgress (1): 0.9/1.5 MBProgress (1): 0.9/1.5 MBProgress (1): 0.9/1.5 MBProgress (1): 0.9/1.5 MBProgress (1): 0.9/1.5 MBProgress (1): 0.9/1.5 MBProgress (1): 0.9/1.5 MBProgress (1): 0.9/1.5 MBProgress (1): 0.9/1.5 MBProgress (1): 0.9/1.5 MBProgress (1): 0.9/1.5 MBProgress (1): 0.9/1.5 MBProgress (1): 1.0/1.5 MBProgress (1): 1.0/1.5 MBProgress (1): 1.0/1.5 MBProgress (1): 1.0/1.5 MBProgress (1): 1.0/1.5 MBProgress (1): 1.0/1.5 MBProgress (1): 1.0/1.5 MBProgress (1): 1.0/1.5 MBProgress (1): 1.0/1.5 MBProgress (1): 1.0/1.5 MBProgress (1): 1.0/1.5 MBProgress (1): 1.0/1.5 MBProgress (1): 1.0/1.5 MBProgress (1): 1.0/1.5 MBProgress (1): 1.0/1.5 MBProgress (1): 1.0/1.5 MBProgress (1): 1.0/1.5 MBProgress (1): 1.0/1.5 MBProgress (1): 1.0/1.5 MBProgress (1): 1.0/1.5 MBProgress (1): 1.0/1.5 MBProgress (1): 1.0/1.5 MBProgress (1): 1.0/1.5 MBProgress (1): 1.0/1.5 MBProgress (1): 1.1/1.5 MBProgress (1): 1.1/1.5 MBProgress (1): 1.1/1.5 MBProgress (1): 1.1/1.5 MBProgress (1): 1.1/1.5 MBProgress (1): 1.1/1.5 MBProgress (1): 1.1/1.5 MBProgress (1): 1.1/1.5 MBProgress (1): 1.1/1.5 MBProgress (1): 1.1/1.5 MBProgress (1): 1.1/1.5 MBProgress (1): 1.1/1.5 MBProgress (1): 1.1/1.5 MBProgress (1): 1.1/1.5 MBProgress (1): 1.1/1.5 MBProgress (1): 1.1/1.5 MBProgress (1): 1.1/1.5 MBProgress (1): 1.1/1.5 MBProgress (1): 1.1/1.5 MBProgress (1): 1.1/1.5 MBProgress (1): 1.1/1.5 MBProgress (1): 1.1/1.5 MBProgress (1): 1.1/1.5 MBProgress (1): 1.1/1.5 MBProgress (1): 1.2/1.5 MBProgress (1): 1.2/1.5 MBProgress (1): 1.2/1.5 MBProgress (1): 1.2/1.5 MBProgress (1): 1.2/1.5 MBProgress (1): 1.2/1.5 MBProgress (1): 1.2/1.5 MBProgress (1): 1.2/1.5 MBProgress (1): 1.2/1.5 MBProgress (1): 1.2/1.5 MBProgress (1): 1.2/1.5 MBProgress (1): 1.2/1.5 MBProgress (1): 1.2/1.5 MBProgress (1): 1.2/1.5 MBProgress (1): 1.2/1.5 MBProgress (1): 1.2/1.5 MBProgress (1): 1.2/1.5 MBProgress (1): 1.2/1.5 MBProgress (1): 1.2/1.5 MBProgress (1): 1.2/1.5 MBProgress (1): 1.2/1.5 MBProgress (1): 1.2/1.5 MBProgress (1): 1.2/1.5 MBProgress (1): 1.2/1.5 MBProgress (1): 1.2/1.5 MBProgress (1): 1.3/1.5 MBProgress (1): 1.3/1.5 MBProgress (1): 1.3/1.5 MBProgress (1): 1.3/1.5 MBProgress (1): 1.3/1.5 MBProgress (1): 1.3/1.5 MBProgress (1): 1.3/1.5 MBProgress (1): 1.3/1.5 MBProgress (1): 1.3/1.5 MBProgress (1): 1.3/1.5 MBProgress (1): 1.3/1.5 MBProgress (1): 1.3/1.5 MBProgress (1): 1.3/1.5 MBProgress (1): 1.3/1.5 MBProgress (1): 1.3/1.5 MBProgress (1): 1.3/1.5 MBProgress (1): 1.3/1.5 MBProgress (1): 1.3/1.5 MBProgress (1): 1.3/1.5 MBProgress (1): 1.3/1.5 MBProgress (1): 1.3/1.5 MBProgress (1): 1.3/1.5 MBProgress (1): 1.3/1.5 MBProgress (1): 1.3/1.5 MBProgress (1): 1.4/1.5 MBProgress (1): 1.4/1.5 MBProgress (1): 1.4/1.5 MBProgress (1): 1.4/1.5 MBProgress (1): 1.4/1.5 MBProgress (1): 1.4/1.5 MBProgress (1): 1.4/1.5 MBProgress (1): 1.4/1.5 MBProgress (1): 1.4/1.5 MBProgress (1): 1.4/1.5 MBProgress (1): 1.4/1.5 MBProgress (1): 1.4/1.5 MBProgress (1): 1.4/1.5 MBProgress (1): 1.4/1.5 MBProgress (1): 1.4/1.5 MBProgress (1): 1.4/1.5 MBProgress (1): 1.4/1.5 MBProgress (1): 1.4/1.5 MBProgress (1): 1.4/1.5 MBProgress (1): 1.4/1.5 MBProgress (1): 1.4/1.5 MBProgress (1): 1.4/1.5 MBProgress (1): 1.4/1.5 MBProgress (1): 1.4/1.5 MBProgress (1): 1.4/1.5 MBProgress (1): 1.5/1.5 MBProgress (1): 1.5/1.5 MBProgress (1): 1.5/1.5 MBProgress (1): 1.5/1.5 MBProgress (1): 1.5/1.5 MBProgress (1): 1.5/1.5 MBProgress (1): 1.5/1.5 MBProgress (1): 1.5/1.5 MBProgress (1): 1.5/1.5 MBProgress (1): 1.5 MB                        Downloaded from central: https://repo.maven.apache.org/maven2/org/jetbrains/kotlin/kotlin-stdlib/1.4.10/kotlin-stdlib-1.4.10.jar (1.5 MB at 6.8 MB/s)
[[1;34mINFO[m] 
[[1;34mINFO[m] [1m--- [0;32mmaven-enforcer-plugin:1.4.1:enforce[m [1m(enforce-ban-circular-dependencies)[m @ [36mrocketmq-example[0;1m ---[m
[[1;34mINFO[m] 
[[1;34mINFO[m] [1m--- [0;32mjacoco-maven-plugin:0.8.5:prepare-agent[m [1m(default-prepare-agent)[m @ [36mrocketmq-example[0;1m ---[m
[[1;34mINFO[m] argLine set to -javaagent:/home/ch61/.m2/repository/org/jacoco/org.jacoco.agent/0.8.5/org.jacoco.agent-0.8.5-runtime.jar=destfile=/home/ch61/rocketmq/example/target/jacoco.exec
[[1;34mINFO[m] 
[[1;34mINFO[m] [1m--- [0;32mmaven-remote-resources-plugin:1.5:process[m [1m(process-resource-bundles)[m @ [36mrocketmq-example[0;1m ---[m
[[1;34mINFO[m] 
[[1;34mINFO[m] [1m--- [0;32mmaven-resources-plugin:3.0.2:resources[m [1m(default-resources)[m @ [36mrocketmq-example[0;1m ---[m
[[1;34mINFO[m] Using 'UTF-8' encoding to copy filtered resources.
[[1;34mINFO[m] Copying 1 resource
[[1;34mINFO[m] Copying 3 resources
[[1;34mINFO[m] 
[[1;34mINFO[m] [1m--- [0;32mmaven-compiler-plugin:3.5.1:compile[m [1m(default-compile)[m @ [36mrocketmq-example[0;1m ---[m
[[1;34mINFO[m] Changes detected - recompiling the module!
[[1;34mINFO[m] Compiling 46 source files to /home/ch61/rocketmq/example/target/classes
[[1;33mWARNING[m] /home/ch61/rocketmq/example/src/main/java/org/apache/rocketmq/example/simple/AclClient.java:[26,43] org.apache.rocketmq.client.consumer.DefaultMQPullConsumer in org.apache.rocketmq.client.consumer has been deprecated
[[1;33mWARNING[m] /home/ch61/rocketmq/example/src/main/java/org/apache/rocketmq/example/namespace/PullConsumerWithNamespace.java:[23,43] org.apache.rocketmq.client.consumer.DefaultMQPullConsumer in org.apache.rocketmq.client.consumer has been deprecated
[[1;33mWARNING[m] /home/ch61/rocketmq/example/src/main/java/org/apache/rocketmq/example/simple/PullConsumer.java:[26,43] org.apache.rocketmq.client.consumer.DefaultMQPullConsumer in org.apache.rocketmq.client.consumer has been deprecated
[[1;33mWARNING[m] /home/ch61/rocketmq/example/src/main/java/org/apache/rocketmq/example/simple/PullConsumerTest.java:[19,43] org.apache.rocketmq.client.consumer.DefaultMQPullConsumer in org.apache.rocketmq.client.consumer has been deprecated
[[1;33mWARNING[m] /home/ch61/rocketmq/example/src/main/java/org/apache/rocketmq/example/tracemessage/OpenTracingTransactionProducer.java:[42,17] getDefaultMQProducerImpl() in org.apache.rocketmq.client.producer.DefaultMQProducer has been deprecated
[[1;33mWARNING[m] /home/ch61/rocketmq/example/src/main/java/org/apache/rocketmq/example/tracemessage/OpenTracingTransactionProducer.java:[43,17] getDefaultMQProducerImpl() in org.apache.rocketmq.client.producer.DefaultMQProducer has been deprecated
[[1;33mWARNING[m] /home/ch61/rocketmq/example/src/main/java/org/apache/rocketmq/example/simple/AclClient.java:[103,9] org.apache.rocketmq.client.consumer.DefaultMQPullConsumer in org.apache.rocketmq.client.consumer has been deprecated
[[1;33mWARNING[m] /home/ch61/rocketmq/example/src/main/java/org/apache/rocketmq/example/simple/AclClient.java:[103,46] org.apache.rocketmq.client.consumer.DefaultMQPullConsumer in org.apache.rocketmq.client.consumer has been deprecated
[[1;33mWARNING[m] /home/ch61/rocketmq/example/src/main/java/org/apache/rocketmq/example/namespace/PullConsumerWithNamespace.java:[31,9] org.apache.rocketmq.client.consumer.DefaultMQPullConsumer in org.apache.rocketmq.client.consumer has been deprecated
[[1;33mWARNING[m] /home/ch61/rocketmq/example/src/main/java/org/apache/rocketmq/example/namespace/PullConsumerWithNamespace.java:[31,50] org.apache.rocketmq.client.consumer.DefaultMQPullConsumer in org.apache.rocketmq.client.consumer has been deprecated
[[1;33mWARNING[m] /home/ch61/rocketmq/example/src/main/java/org/apache/rocketmq/example/tracemessage/OpenTracingProducer.java:[37,17] getDefaultMQProducerImpl() in org.apache.rocketmq.client.producer.DefaultMQProducer has been deprecated
[[1;33mWARNING[m] /home/ch61/rocketmq/example/src/main/java/org/apache/rocketmq/example/simple/TestProducer.java:[43,33] queryMessage(java.lang.String,java.lang.String,int,long,long) in org.apache.rocketmq.client.producer.DefaultMQProducer has been deprecated
[[1;33mWARNING[m] /home/ch61/rocketmq/example/src/main/java/org/apache/rocketmq/example/ordermessage/Consumer.java:[49,48] ROLLBACK in org.apache.rocketmq.client.consumer.listener.ConsumeOrderlyStatus has been deprecated
[[1;33mWARNING[m] /home/ch61/rocketmq/example/src/main/java/org/apache/rocketmq/example/ordermessage/Consumer.java:[51,48] COMMIT in org.apache.rocketmq.client.consumer.listener.ConsumeOrderlyStatus has been deprecated
[[1;33mWARNING[m] /home/ch61/rocketmq/example/src/main/java/org/apache/rocketmq/example/tracemessage/OpenTracingPushConsumer.java:[40,17] getDefaultMQPushConsumerImpl() in org.apache.rocketmq.client.consumer.DefaultMQPushConsumer has been deprecated
[[1;33mWARNING[m] /home/ch61/rocketmq/example/src/main/java/org/apache/rocketmq/example/simple/PullConsumerTest.java:[26,9] org.apache.rocketmq.client.consumer.DefaultMQPullConsumer in org.apache.rocketmq.client.consumer has been deprecated
[[1;33mWARNING[m] /home/ch61/rocketmq/example/src/main/java/org/apache/rocketmq/example/simple/PullConsumerTest.java:[26,46] org.apache.rocketmq.client.consumer.DefaultMQPullConsumer in org.apache.rocketmq.client.consumer has been deprecated
[[1;34mINFO[m] 
[[1;34mINFO[m] [1m--- [0;32mmaven-resources-plugin:3.0.2:testResources[m [1m(default-testResources)[m @ [36mrocketmq-example[0;1m ---[m
[[1;34mINFO[m] Using 'UTF-8' encoding to copy filtered resources.
[[1;34mINFO[m] skip non existing resourceDirectory /home/ch61/rocketmq/example/src/test/resources
[[1;34mINFO[m] Copying 3 resources
[[1;34mINFO[m] 
[[1;34mINFO[m] [1m--- [0;32mmaven-compiler-plugin:3.5.1:testCompile[m [1m(default-testCompile)[m @ [36mrocketmq-example[0;1m ---[m
[[1;34mINFO[m] No sources to compile
[[1;34mINFO[m] 
[[1;34mINFO[m] [1m<<< [0;32mtestrunner-maven-plugin:1.2:testplugin[m [1m(default-cli)[0;1m < [0;1mtest-compile[m @ [36mrocketmq-example[0;1m <<<[m
[[1;34mINFO[m] 
[[1;34mINFO[m] 
[[1;34mINFO[m] [1m--- [0;32mtestrunner-maven-plugin:1.2:testplugin[m [1m(default-cli)[m @ [36mrocketmq-example[0;1m ---[m
[[1;34mINFO[m] Accessing cachePath: 
[[1;34mINFO[m] No timeout specified. Using randomize.rounds: 10
[[1;34mINFO[m] ROUNDS_CALCULATED: Giving org.apache.rocketmq:rocketmq-example:4.9.3-SNAPSHOT 10 rounds to run for random-class-method
[[1;34mINFO[m] Accessing cachePath: 
[[1;34mINFO[m] Accessing cachePath: 
[[1;34mINFO[m] Accessing cachePath: 
[[1;34mINFO[m] Module is not using a supported test framework (probably not JUnit), or there is no test.
---------------------------------------------------
ERROR (WRITE_ERROR_STDOUT_STRING): org.apache.rocketmq:rocketmq-example:4.9.3-SNAPSHOT
Message was:
Module is not using a supported test framework (probably not JUnit), or there is no test.
[[1;34mINFO[m] Accessing cachePath: 
[[1;34mINFO[m] Accessing cachePath: 
TRY_COPY_ALL_FAILING_TEST_OUTPUT
[[1;34mINFO[m] [1m------------------------------------------------------------------------[m
[[1;34mINFO[m] [1mReactor Summary for Apache RocketMQ 4.9.3-SNAPSHOT 4.9.3-SNAPSHOT:[m
[[1;34mINFO[m] 
[[1;34mINFO[m] Apache RocketMQ 4.9.3-SNAPSHOT ..................... [1;32mSUCCESS[m [  2.361 s]
[[1;34mINFO[m] rocketmq-logging 4.9.3-SNAPSHOT .................... [1;32mSUCCESS[m [ 12.048 s]
[[1;34mINFO[m] rocketmq-remoting 4.9.3-SNAPSHOT ................... [1;32mSUCCESS[m [ 43.204 s]
[[1;34mINFO[m] rocketmq-common 4.9.3-SNAPSHOT ..................... [1;32mSUCCESS[m [01:11 min]
[[1;34mINFO[m] rocketmq-client 4.9.3-SNAPSHOT ..................... [1;32mSUCCESS[m [34:53 min]
[[1;34mINFO[m] rocketmq-store 4.9.3-SNAPSHOT ...................... [1;32mSUCCESS[m [37:27 min]
[[1;34mINFO[m] rocketmq-srvutil 4.9.3-SNAPSHOT .................... [1;32mSUCCESS[m [  0.206 s]
[[1;34mINFO[m] rocketmq-filter 4.9.3-SNAPSHOT ..................... [1;32mSUCCESS[m [ 11.365 s]
[[1;34mINFO[m] rocketmq-acl 4.9.3-SNAPSHOT ........................ [1;32mSUCCESS[m [ 29.130 s]
[[1;34mINFO[m] rocketmq-broker 4.9.3-SNAPSHOT ..................... [1;32mSUCCESS[m [06:21 min]
[[1;34mINFO[m] rocketmq-tools 4.9.3-SNAPSHOT ...................... [1;32mSUCCESS[m [  0.549 s]
[[1;34mINFO[m] rocketmq-namesrv 4.9.3-SNAPSHOT .................... [1;32mSUCCESS[m [02:05 min]
[[1;34mINFO[m] rocketmq-logappender 4.9.3-SNAPSHOT ................ [1;32mSUCCESS[m [ 23.460 s]
[[1;34mINFO[m] rocketmq-test 4.9.3-SNAPSHOT ....................... [1;32mSUCCESS[m [  01:46 h]
[[1;34mINFO[m] rocketmq-distribution 4.9.3-SNAPSHOT ............... [1;32mSUCCESS[m [  0.042 s]
[[1;34mINFO[m] rocketmq-openmessaging 4.9.3-SNAPSHOT .............. [1;32mSUCCESS[m [ 38.569 s]
[[1;34mINFO[m] rocketmq-example 4.9.3-SNAPSHOT .................... [1;32mSUCCESS[m [  0.832 s]
[[1;34mINFO[m] [1m------------------------------------------------------------------------[m
[[1;34mINFO[m] [1;32mBUILD SUCCESS[m
[[1;34mINFO[m] [1m------------------------------------------------------------------------[m
[[1;34mINFO[m] Total time:  03:11 h
[[1;34mINFO[m] Finished at: 2021-11-01T00:22:33-05:00
[[1;34mINFO[m] [1m------------------------------------------------------------------------[m
