[[1;34mINFO[m] Scanning for projects...
[[1;34mINFO[m] [1m------------------------------------------------------------------------[m
[[1;34mINFO[m] [1mReactor Build Order:[m
[[1;34mINFO[m] 
[[1;34mINFO[m] Apache RocketMQ 4.9.3-SNAPSHOT                                     [pom]
[[1;34mINFO[m] rocketmq-logging 4.9.3-SNAPSHOT                                    [jar]
[[1;34mINFO[m] rocketmq-remoting 4.9.3-SNAPSHOT                                   [jar]
[[1;34mINFO[m] rocketmq-common 4.9.3-SNAPSHOT                                     [jar]
[[1;34mINFO[m] rocketmq-client 4.9.3-SNAPSHOT                                     [jar]
[[1;34mINFO[m] rocketmq-store 4.9.3-SNAPSHOT                                      [jar]
[[1;34mINFO[m] rocketmq-srvutil 4.9.3-SNAPSHOT                                    [jar]
[[1;34mINFO[m] rocketmq-filter 4.9.3-SNAPSHOT                                     [jar]
[[1;34mINFO[m] rocketmq-acl 4.9.3-SNAPSHOT                                        [jar]
[[1;34mINFO[m] rocketmq-broker 4.9.3-SNAPSHOT                                     [jar]
[[1;34mINFO[m] rocketmq-tools 4.9.3-SNAPSHOT                                      [jar]
[[1;34mINFO[m] rocketmq-namesrv 4.9.3-SNAPSHOT                                    [jar]
[[1;34mINFO[m] rocketmq-logappender 4.9.3-SNAPSHOT                                [jar]
[[1;34mINFO[m] rocketmq-test 4.9.3-SNAPSHOT                                       [jar]
[[1;34mINFO[m] rocketmq-distribution 4.9.3-SNAPSHOT                               [pom]
[[1;34mINFO[m] rocketmq-openmessaging 4.9.3-SNAPSHOT                              [jar]
[[1;34mINFO[m] rocketmq-example 4.9.3-SNAPSHOT                                    [jar]
Downloading from central: https://repo.maven.apache.org/maven2/org/apache/maven/plugins/maven-site-plugin/3.5.1/maven-site-plugin-3.5.1.pom
Progress (1): 1.4/18 kBProgress (1): 2.7/18 kBProgress (1): 4.1/18 kBProgress (1): 5.5/18 kBProgress (1): 6.9/18 kBProgress (1): 8.2/18 kBProgress (1): 9.6/18 kBProgress (1): 11/18 kB Progress (1): 12/18 kBProgress (1): 14/18 kBProgress (1): 15/18 kBProgress (1): 16/18 kBProgress (1): 18/18 kBProgress (1): 18 kB                      Downloaded from central: https://repo.maven.apache.org/maven2/org/apache/maven/plugins/maven-site-plugin/3.5.1/maven-site-plugin-3.5.1.pom (18 kB at 29 kB/s)
Downloading from central: https://repo.maven.apache.org/maven2/org/apache/maven/plugins/maven-site-plugin/3.5.1/maven-site-plugin-3.5.1.jar
Progress (1): 1.4/132 kBProgress (1): 2.7/132 kBProgress (1): 4.1/132 kBProgress (1): 5.5/132 kBProgress (1): 6.9/132 kBProgress (1): 8.2/132 kBProgress (1): 9.6/132 kBProgress (1): 11/132 kB Progress (1): 12/132 kBProgress (1): 14/132 kBProgress (1): 15/132 kBProgress (1): 16/132 kBProgress (1): 18/132 kBProgress (1): 19/132 kBProgress (1): 21/132 kBProgress (1): 22/132 kBProgress (1): 23/132 kBProgress (1): 25/132 kBProgress (1): 26/132 kBProgress (1): 27/132 kBProgress (1): 29/132 kBProgress (1): 30/132 kBProgress (1): 32/132 kBProgress (1): 33/132 kBProgress (1): 34/132 kBProgress (1): 36/132 kBProgress (1): 37/132 kBProgress (1): 38/132 kBProgress (1): 40/132 kBProgress (1): 41/132 kBProgress (1): 43/132 kBProgress (1): 44/132 kBProgress (1): 45/132 kBProgress (1): 47/132 kBProgress (1): 51/132 kBProgress (1): 55/132 kBProgress (1): 59/132 kBProgress (1): 63/132 kBProgress (1): 67/132 kBProgress (1): 71/132 kBProgress (1): 75/132 kBProgress (1): 79/132 kBProgress (1): 83/132 kBProgress (1): 88/132 kBProgress (1): 92/132 kBProgress (1): 96/132 kBProgress (1): 100/132 kBProgress (1): 104/132 kBProgress (1): 108/132 kBProgress (1): 112/132 kBProgress (1): 116/132 kBProgress (1): 120/132 kBProgress (1): 124/132 kBProgress (1): 129/132 kBProgress (1): 132 kB                        Downloaded from central: https://repo.maven.apache.org/maven2/org/apache/maven/plugins/maven-site-plugin/3.5.1/maven-site-plugin-3.5.1.jar (132 kB at 575 kB/s)
Downloading from central: https://repo.maven.apache.org/maven2/org/codehaus/mojo/versions-maven-plugin/2.2/versions-maven-plugin-2.2.pom
Progress (1): 4.1/16 kBProgress (1): 8.2/16 kBProgress (1): 12/16 kB Progress (1): 16 kB                      Downloaded from central: https://repo.maven.apache.org/maven2/org/codehaus/mojo/versions-maven-plugin/2.2/versions-maven-plugin-2.2.pom (16 kB at 161 kB/s)
Downloading from central: https://repo.maven.apache.org/maven2/org/codehaus/mojo/versions-maven-plugin/2.2/versions-maven-plugin-2.2.jar
Progress (1): 4.1/256 kBProgress (1): 8.2/256 kBProgress (1): 12/256 kB Progress (1): 16/256 kBProgress (1): 20/256 kBProgress (1): 25/256 kBProgress (1): 29/256 kBProgress (1): 33/256 kBProgress (1): 37/256 kBProgress (1): 41/256 kBProgress (1): 45/256 kBProgress (1): 49/256 kBProgress (1): 53/256 kBProgress (1): 57/256 kBProgress (1): 61/256 kBProgress (1): 66/256 kBProgress (1): 70/256 kBProgress (1): 74/256 kBProgress (1): 78/256 kBProgress (1): 82/256 kBProgress (1): 86/256 kBProgress (1): 90/256 kBProgress (1): 94/256 kBProgress (1): 98/256 kBProgress (1): 102/256 kBProgress (1): 106/256 kBProgress (1): 111/256 kBProgress (1): 115/256 kBProgress (1): 119/256 kBProgress (1): 123/256 kBProgress (1): 127/256 kBProgress (1): 131/256 kBProgress (1): 135/256 kBProgress (1): 139/256 kBProgress (1): 143/256 kBProgress (1): 147/256 kBProgress (1): 152/256 kBProgress (1): 156/256 kBProgress (1): 160/256 kBProgress (1): 164/256 kBProgress (1): 168/256 kBProgress (1): 172/256 kBProgress (1): 176/256 kBProgress (1): 180/256 kBProgress (1): 184/256 kBProgress (1): 188/256 kBProgress (1): 193/256 kBProgress (1): 197/256 kBProgress (1): 201/256 kBProgress (1): 205/256 kBProgress (1): 209/256 kBProgress (1): 213/256 kBProgress (1): 217/256 kBProgress (1): 221/256 kBProgress (1): 225/256 kBProgress (1): 229/256 kBProgress (1): 233/256 kBProgress (1): 238/256 kBProgress (1): 242/256 kBProgress (1): 246/256 kBProgress (1): 250/256 kBProgress (1): 254/256 kBProgress (1): 256 kB                        Downloaded from central: https://repo.maven.apache.org/maven2/org/codehaus/mojo/versions-maven-plugin/2.2/versions-maven-plugin-2.2.jar (256 kB at 1.8 MB/s)
[[1;34mINFO[m] 
[[1;34mINFO[m] [1m------------------< [0;36morg.apache.rocketmq:rocketmq-all[0;1m >------------------[m
[[1;34mINFO[m] [1mBuilding Apache RocketMQ 4.9.3-SNAPSHOT 4.9.3-SNAPSHOT            [1/17][m
[[1;34mINFO[m] [1m--------------------------------[ pom ]---------------------------------[m
Downloading from central: https://repo.maven.apache.org/maven2/org/apache/maven/plugins/maven-source-plugin/3.0.1/maven-source-plugin-3.0.1.pom
Downloaded from central: https://repo.maven.apache.org/maven2/org/apache/maven/plugins/maven-source-plugin/3.0.1/maven-source-plugin-3.0.1.pom (0 B at 0 B/s)
Downloading from central: https://repo.maven.apache.org/maven2/org/apache/maven/plugins/maven-source-plugin/3.0.1/maven-source-plugin-3.0.1.jar
Downloaded from central: https://repo.maven.apache.org/maven2/org/apache/maven/plugins/maven-source-plugin/3.0.1/maven-source-plugin-3.0.1.jar (0 B at 0 B/s)
[[1;34mINFO[m] 
[[1;34mINFO[m] [1m>>> [0;32mnondex-maven-plugin:1.1.2:nondex[m [1m(default-cli)[0;1m > [0;1mtest-compile[m @ [36mrocketmq-all[0;1m >>>[m
Downloading from central: https://repo.maven.apache.org/maven2/org/assertj/assertj-core/2.6.0/assertj-core-2.6.0.pom
Progress (1): 4.1/7.0 kBProgress (1): 7.0 kB                        Downloaded from central: https://repo.maven.apache.org/maven2/org/assertj/assertj-core/2.6.0/assertj-core-2.6.0.pom (7.0 kB at 409 kB/s)
Downloading from central: https://repo.maven.apache.org/maven2/org/assertj/assertj-parent-pom/2.1.4/assertj-parent-pom-2.1.4.pom
Progress (1): 4.1/15 kBProgress (1): 8.2/15 kBProgress (1): 12/15 kB Progress (1): 15 kB                      Downloaded from central: https://repo.maven.apache.org/maven2/org/assertj/assertj-parent-pom/2.1.4/assertj-parent-pom-2.1.4.pom (15 kB at 795 kB/s)
Downloading from central: https://repo.maven.apache.org/maven2/org/mockito/mockito-core/3.10.0/mockito-core-3.10.0.pom
Progress (1): 2.5 kB                    Downloaded from central: https://repo.maven.apache.org/maven2/org/mockito/mockito-core/3.10.0/mockito-core-3.10.0.pom (2.5 kB at 24 kB/s)
Downloading from central: https://repo.maven.apache.org/maven2/net/bytebuddy/byte-buddy/1.11.0/byte-buddy-1.11.0.pom
Progress (1): 4.1/11 kBProgress (1): 8.2/11 kBProgress (1): 11 kB                       Downloaded from central: https://repo.maven.apache.org/maven2/net/bytebuddy/byte-buddy/1.11.0/byte-buddy-1.11.0.pom (11 kB at 581 kB/s)
Downloading from central: https://repo.maven.apache.org/maven2/net/bytebuddy/byte-buddy-parent/1.11.0/byte-buddy-parent-1.11.0.pom
Progress (1): 4.1/42 kBProgress (1): 8.2/42 kBProgress (1): 12/42 kB Progress (1): 16/42 kBProgress (1): 20/42 kBProgress (1): 25/42 kBProgress (1): 29/42 kBProgress (1): 33/42 kBProgress (1): 37/42 kBProgress (1): 41/42 kBProgress (1): 42 kB                      Downloaded from central: https://repo.maven.apache.org/maven2/net/bytebuddy/byte-buddy-parent/1.11.0/byte-buddy-parent-1.11.0.pom (42 kB at 2.6 MB/s)
Downloading from central: https://repo.maven.apache.org/maven2/net/bytebuddy/byte-buddy-agent/1.11.0/byte-buddy-agent-1.11.0.pom
Progress (1): 4.1/9.6 kBProgress (1): 8.2/9.6 kBProgress (1): 9.6 kB                        Downloaded from central: https://repo.maven.apache.org/maven2/net/bytebuddy/byte-buddy-agent/1.11.0/byte-buddy-agent-1.11.0.pom (9.6 kB at 73 kB/s)
Downloading from central: https://repo.maven.apache.org/maven2/org/awaitility/awaitility/4.1.0/awaitility-4.1.0.pom
Progress (1): 3.5 kB                    Downloaded from central: https://repo.maven.apache.org/maven2/org/awaitility/awaitility/4.1.0/awaitility-4.1.0.pom (3.5 kB at 296 kB/s)
Downloading from central: https://repo.maven.apache.org/maven2/org/awaitility/awaitility-parent/4.1.0/awaitility-parent-4.1.0.pom
Progress (1): 4.1/10 kBProgress (1): 8.2/10 kBProgress (1): 10 kB                       Downloaded from central: https://repo.maven.apache.org/maven2/org/awaitility/awaitility-parent/4.1.0/awaitility-parent-4.1.0.pom (10 kB at 641 kB/s)
[[1;34mINFO[m] 
[[1;34mINFO[m] [1m--- [0;32mmaven-enforcer-plugin:1.4.1:enforce[m [1m(enforce-ban-circular-dependencies)[m @ [36mrocketmq-all[0;1m ---[m
Downloading from central: https://repo.maven.apache.org/maven2/org/codehaus/mojo/extra-enforcer-rules/1.0-beta-4/extra-enforcer-rules-1.0-beta-4.pom
Progress (1): 4.1/7.2 kBProgress (1): 7.2 kB                        Downloaded from central: https://repo.maven.apache.org/maven2/org/codehaus/mojo/extra-enforcer-rules/1.0-beta-4/extra-enforcer-rules-1.0-beta-4.pom (7.2 kB at 377 kB/s)
Downloading from central: https://repo.maven.apache.org/maven2/org/codehaus/mojo/extra-enforcer-rules/1.0-beta-4/extra-enforcer-rules-1.0-beta-4.jar
Progress (1): 4.1/34 kBProgress (1): 8.2/34 kBProgress (1): 12/34 kB Progress (1): 16/34 kBProgress (1): 20/34 kBProgress (1): 25/34 kBProgress (1): 29/34 kBProgress (1): 33/34 kBProgress (1): 34 kB                      Downloaded from central: https://repo.maven.apache.org/maven2/org/codehaus/mojo/extra-enforcer-rules/1.0-beta-4/extra-enforcer-rules-1.0-beta-4.jar (34 kB at 311 kB/s)
Downloading from central: https://repo.maven.apache.org/maven2/org/assertj/assertj-core/2.6.0/assertj-core-2.6.0.jar
Downloading from central: https://repo.maven.apache.org/maven2/net/bytebuddy/byte-buddy/1.11.0/byte-buddy-1.11.0.jar
Downloading from central: https://repo.maven.apache.org/maven2/org/mockito/mockito-core/3.10.0/mockito-core-3.10.0.jar
Downloading from central: https://repo.maven.apache.org/maven2/net/bytebuddy/byte-buddy-agent/1.11.0/byte-buddy-agent-1.11.0.jar
Downloading from central: https://repo.maven.apache.org/maven2/org/awaitility/awaitility/4.1.0/awaitility-4.1.0.jar
Progress (1): 4.1/979 kBProgress (1): 8.2/979 kBProgress (1): 12/979 kB Progress (1): 16/979 kBProgress (1): 20/979 kBProgress (1): 25/979 kBProgress (1): 29/979 kBProgress (1): 33/979 kBProgress (1): 37/979 kBProgress (1): 41/979 kBProgress (1): 45/979 kBProgress (1): 49/979 kBProgress (1): 53/979 kBProgress (1): 57/979 kBProgress (1): 61/979 kBProgress (1): 66/979 kBProgress (1): 70/979 kBProgress (1): 74/979 kBProgress (1): 78/979 kBProgress (1): 82/979 kBProgress (1): 86/979 kBProgress (1): 90/979 kBProgress (1): 94/979 kBProgress (1): 98/979 kBProgress (1): 102/979 kBProgress (1): 106/979 kBProgress (1): 111/979 kBProgress (1): 115/979 kBProgress (1): 119/979 kBProgress (1): 123/979 kBProgress (1): 127/979 kBProgress (1): 131/979 kBProgress (1): 135/979 kBProgress (1): 139/979 kBProgress (1): 143/979 kBProgress (1): 147/979 kBProgress (1): 152/979 kBProgress (1): 156/979 kBProgress (1): 160/979 kBProgress (1): 164/979 kBProgress (1): 168/979 kBProgress (1): 172/979 kBProgress (1): 176/979 kBProgress (1): 180/979 kBProgress (1): 184/979 kBProgress (1): 188/979 kBProgress (1): 193/979 kBProgress (1): 197/979 kBProgress (1): 201/979 kBProgress (1): 205/979 kBProgress (1): 209/979 kBProgress (1): 213/979 kBProgress (1): 217/979 kBProgress (2): 217/979 kB | 1.4/251 kBProgress (2): 217/979 kB | 2.7/251 kBProgress (2): 217/979 kB | 4.1/251 kBProgress (2): 217/979 kB | 5.5/251 kBProgress (2): 217/979 kB | 6.9/251 kBProgress (2): 217/979 kB | 8.2/251 kBProgress (2): 217/979 kB | 9.6/251 kBProgress (2): 217/979 kB | 11/251 kB Progress (2): 217/979 kB | 12/251 kBProgress (2): 217/979 kB | 14/251 kBProgress (2): 217/979 kB | 15/251 kBProgress (3): 217/979 kB | 15/251 kB | 0/3.5 MBProgress (3): 217/979 kB | 15/251 kB | 0/3.5 MBProgress (3): 217/979 kB | 15/251 kB | 0/3.5 MBProgress (3): 217/979 kB | 15/251 kB | 0/3.5 MBProgress (3): 217/979 kB | 15/251 kB | 0/3.5 MBProgress (3): 217/979 kB | 15/251 kB | 0/3.5 MBProgress (3): 217/979 kB | 15/251 kB | 0/3.5 MBProgress (3): 217/979 kB | 15/251 kB | 0/3.5 MBProgress (3): 217/979 kB | 15/251 kB | 0/3.5 MBProgress (3): 217/979 kB | 15/251 kB | 0/3.5 MBProgress (3): 217/979 kB | 15/251 kB | 0/3.5 MBProgress (3): 217/979 kB | 15/251 kB | 0/3.5 MBProgress (3): 217/979 kB | 15/251 kB | 0/3.5 MBProgress (3): 217/979 kB | 15/251 kB | 0/3.5 MBProgress (3): 217/979 kB | 15/251 kB | 0/3.5 MBProgress (3): 217/979 kB | 16/251 kB | 0/3.5 MBProgress (3): 217/979 kB | 18/251 kB | 0/3.5 MBProgress (3): 217/979 kB | 19/251 kB | 0/3.5 MBProgress (3): 217/979 kB | 19/251 kB | 0/3.5 MBProgress (3): 217/979 kB | 19/251 kB | 0/3.5 MBProgress (3): 221/979 kB | 19/251 kB | 0/3.5 MBProgress (3): 225/979 kB | 19/251 kB | 0/3.5 MBProgress (3): 229/979 kB | 19/251 kB | 0/3.5 MBProgress (3): 233/979 kB | 19/251 kB | 0/3.5 MBProgress (3): 233/979 kB | 19/251 kB | 0/3.5 MBProgress (3): 233/979 kB | 19/251 kB | 0/3.5 MBProgress (3): 233/979 kB | 19/251 kB | 0/3.5 MBProgress (3): 233/979 kB | 19/251 kB | 0/3.5 MBProgress (3): 233/979 kB | 19/251 kB | 0/3.5 MBProgress (3): 233/979 kB | 19/251 kB | 0/3.5 MBProgress (3): 233/979 kB | 21/251 kB | 0/3.5 MBProgress (3): 233/979 kB | 22/251 kB | 0/3.5 MBProgress (3): 233/979 kB | 23/251 kB | 0/3.5 MBProgress (3): 233/979 kB | 25/251 kB | 0/3.5 MBProgress (3): 233/979 kB | 26/251 kB | 0/3.5 MBProgress (3): 233/979 kB | 27/251 kB | 0/3.5 MBProgress (3): 233/979 kB | 29/251 kB | 0/3.5 MBProgress (3): 233/979 kB | 30/251 kB | 0/3.5 MBProgress (3): 233/979 kB | 32/251 kB | 0/3.5 MBProgress (3): 233/979 kB | 32/251 kB | 0/3.5 MBProgress (3): 233/979 kB | 32/251 kB | 0/3.5 MBProgress (3): 233/979 kB | 32/251 kB | 0/3.5 MBProgress (3): 233/979 kB | 32/251 kB | 0/3.5 MBProgress (3): 233/979 kB | 32/251 kB | 0/3.5 MBProgress (3): 233/979 kB | 32/251 kB | 0/3.5 MBProgress (3): 233/979 kB | 32/251 kB | 0/3.5 MBProgress (3): 233/979 kB | 32/251 kB | 0/3.5 MBProgress (3): 233/979 kB | 32/251 kB | 0/3.5 MBProgress (3): 233/979 kB | 32/251 kB | 0/3.5 MBProgress (3): 233/979 kB | 32/251 kB | 0/3.5 MBProgress (3): 233/979 kB | 32/251 kB | 0/3.5 MBProgress (3): 233/979 kB | 32/251 kB | 0/3.5 MBProgress (3): 233/979 kB | 32/251 kB | 0.1/3.5 MBProgress (3): 233/979 kB | 32/251 kB | 0.1/3.5 MBProgress (3): 233/979 kB | 32/251 kB | 0.1/3.5 MBProgress (3): 233/979 kB | 32/251 kB | 0.1/3.5 MBProgress (3): 233/979 kB | 32/251 kB | 0.1/3.5 MBProgress (3): 233/979 kB | 32/251 kB | 0.1/3.5 MBProgress (3): 233/979 kB | 32/251 kB | 0.1/3.5 MBProgress (3): 233/979 kB | 32/251 kB | 0.1/3.5 MBProgress (3): 233/979 kB | 32/251 kB | 0.1/3.5 MBProgress (3): 238/979 kB | 32/251 kB | 0.1/3.5 MBProgress (3): 242/979 kB | 32/251 kB | 0.1/3.5 MBProgress (3): 246/979 kB | 32/251 kB | 0.1/3.5 MBProgress (3): 250/979 kB | 32/251 kB | 0.1/3.5 MBProgress (3): 254/979 kB | 32/251 kB | 0.1/3.5 MBProgress (3): 255/979 kB | 32/251 kB | 0.1/3.5 MBProgress (3): 259/979 kB | 32/251 kB | 0.1/3.5 MBProgress (3): 263/979 kB | 32/251 kB | 0.1/3.5 MBProgress (3): 268/979 kB | 32/251 kB | 0.1/3.5 MBProgress (3): 272/979 kB | 32/251 kB | 0.1/3.5 MBProgress (3): 276/979 kB | 32/251 kB | 0.1/3.5 MBProgress (3): 280/979 kB | 32/251 kB | 0.1/3.5 MBProgress (3): 284/979 kB | 32/251 kB | 0.1/3.5 MBProgress (3): 288/979 kB | 32/251 kB | 0.1/3.5 MBProgress (3): 292/979 kB | 32/251 kB | 0.1/3.5 MBProgress (3): 292/979 kB | 33/251 kB | 0.1/3.5 MBProgress (3): 292/979 kB | 34/251 kB | 0.1/3.5 MBProgress (3): 292/979 kB | 36/251 kB | 0.1/3.5 MBProgress (3): 292/979 kB | 37/251 kB | 0.1/3.5 MBProgress (3): 292/979 kB | 38/251 kB | 0.1/3.5 MBProgress (3): 292/979 kB | 40/251 kB | 0.1/3.5 MBProgress (3): 292/979 kB | 41/251 kB | 0.1/3.5 MBProgress (3): 292/979 kB | 43/251 kB | 0.1/3.5 MBProgress (3): 292/979 kB | 44/251 kB | 0.1/3.5 MBProgress (3): 292/979 kB | 45/251 kB | 0.1/3.5 MBProgress (3): 292/979 kB | 47/251 kB | 0.1/3.5 MBProgress (3): 292/979 kB | 48/251 kB | 0.1/3.5 MBProgress (3): 292/979 kB | 49/251 kB | 0.1/3.5 MBProgress (3): 292/979 kB | 51/251 kB | 0.1/3.5 MBProgress (3): 292/979 kB | 52/251 kB | 0.1/3.5 MBProgress (3): 292/979 kB | 53/251 kB | 0.1/3.5 MBProgress (3): 292/979 kB | 55/251 kB | 0.1/3.5 MBProgress (3): 292/979 kB | 56/251 kB | 0.1/3.5 MBProgress (3): 292/979 kB | 58/251 kB | 0.1/3.5 MBProgress (3): 292/979 kB | 59/251 kB | 0.1/3.5 MBProgress (3): 292/979 kB | 60/251 kB | 0.1/3.5 MBProgress (3): 292/979 kB | 62/251 kB | 0.1/3.5 MBProgress (3): 292/979 kB | 63/251 kB | 0.1/3.5 MBProgress (3): 292/979 kB | 63/251 kB | 0.1/3.5 MBProgress (3): 292/979 kB | 63/251 kB | 0.1/3.5 MBProgress (3): 292/979 kB | 63/251 kB | 0.1/3.5 MBProgress (3): 292/979 kB | 63/251 kB | 0.1/3.5 MBProgress (3): 292/979 kB | 63/251 kB | 0.1/3.5 MBProgress (3): 292/979 kB | 63/251 kB | 0.1/3.5 MBProgress (3): 292/979 kB | 63/251 kB | 0.1/3.5 MBProgress (3): 296/979 kB | 63/251 kB | 0.1/3.5 MBProgress (3): 300/979 kB | 63/251 kB | 0.1/3.5 MBProgress (3): 304/979 kB | 63/251 kB | 0.1/3.5 MBProgress (3): 309/979 kB | 63/251 kB | 0.1/3.5 MBProgress (3): 313/979 kB | 63/251 kB | 0.1/3.5 MBProgress (3): 317/979 kB | 63/251 kB | 0.1/3.5 MBProgress (3): 321/979 kB | 63/251 kB | 0.1/3.5 MBProgress (3): 325/979 kB | 63/251 kB | 0.1/3.5 MBProgress (3): 329/979 kB | 63/251 kB | 0.1/3.5 MBProgress (3): 333/979 kB | 63/251 kB | 0.1/3.5 MBProgress (3): 337/979 kB | 63/251 kB | 0.1/3.5 MBProgress (4): 337/979 kB | 63/251 kB | 0.1/3.5 MB | 1.4/671 kBProgress (4): 337/979 kB | 63/251 kB | 0.1/3.5 MB | 2.7/671 kBProgress (4): 337/979 kB | 63/251 kB | 0.1/3.5 MB | 4.1/671 kBProgress (4): 337/979 kB | 63/251 kB | 0.1/3.5 MB | 5.5/671 kBProgress (4): 337/979 kB | 63/251 kB | 0.1/3.5 MB | 6.9/671 kBProgress (4): 337/979 kB | 63/251 kB | 0.1/3.5 MB | 8.2/671 kBProgress (4): 337/979 kB | 63/251 kB | 0.1/3.5 MB | 9.6/671 kBProgress (4): 337/979 kB | 63/251 kB | 0.1/3.5 MB | 11/671 kB Progress (4): 337/979 kB | 63/251 kB | 0.1/3.5 MB | 12/671 kBProgress (4): 337/979 kB | 63/251 kB | 0.1/3.5 MB | 14/671 kBProgress (4): 337/979 kB | 63/251 kB | 0.1/3.5 MB | 15/671 kBProgress (4): 337/979 kB | 63/251 kB | 0.1/3.5 MB | 16/671 kBProgress (4): 337/979 kB | 63/251 kB | 0.1/3.5 MB | 18/671 kBProgress (4): 337/979 kB | 63/251 kB | 0.1/3.5 MB | 19/671 kBProgress (4): 337/979 kB | 63/251 kB | 0.1/3.5 MB | 19/671 kBProgress (4): 337/979 kB | 63/251 kB | 0.1/3.5 MB | 21/671 kBProgress (4): 337/979 kB | 63/251 kB | 0.1/3.5 MB | 22/671 kBProgress (4): 337/979 kB | 63/251 kB | 0.1/3.5 MB | 23/671 kBProgress (4): 337/979 kB | 63/251 kB | 0.1/3.5 MB | 23/671 kBProgress (4): 337/979 kB | 63/251 kB | 0.1/3.5 MB | 23/671 kBProgress (4): 337/979 kB | 63/251 kB | 0.1/3.5 MB | 23/671 kBProgress (4): 337/979 kB | 63/251 kB | 0.1/3.5 MB | 25/671 kBProgress (4): 337/979 kB | 63/251 kB | 0.1/3.5 MB | 26/671 kBProgress (4): 337/979 kB | 63/251 kB | 0.1/3.5 MB | 27/671 kBProgress (4): 337/979 kB | 63/251 kB | 0.1/3.5 MB | 29/671 kBProgress (4): 337/979 kB | 63/251 kB | 0.1/3.5 MB | 30/671 kBProgress (4): 337/979 kB | 63/251 kB | 0.1/3.5 MB | 32/671 kBProgress (4): 337/979 kB | 64/251 kB | 0.1/3.5 MB | 32/671 kBProgress (4): 337/979 kB | 66/251 kB | 0.1/3.5 MB | 32/671 kBProgress (4): 337/979 kB | 70/251 kB | 0.1/3.5 MB | 32/671 kBProgress (4): 337/979 kB | 74/251 kB | 0.1/3.5 MB | 32/671 kBProgress (4): 337/979 kB | 78/251 kB | 0.1/3.5 MB | 32/671 kBProgress (4): 337/979 kB | 82/251 kB | 0.1/3.5 MB | 32/671 kBProgress (4): 337/979 kB | 82/251 kB | 0.1/3.5 MB | 33/671 kBProgress (4): 337/979 kB | 82/251 kB | 0.1/3.5 MB | 34/671 kBProgress (4): 337/979 kB | 82/251 kB | 0.1/3.5 MB | 36/671 kBProgress (4): 337/979 kB | 82/251 kB | 0.1/3.5 MB | 37/671 kBProgress (4): 337/979 kB | 82/251 kB | 0.1/3.5 MB | 38/671 kBProgress (4): 337/979 kB | 82/251 kB | 0.1/3.5 MB | 40/671 kBProgress (4): 337/979 kB | 82/251 kB | 0.1/3.5 MB | 41/671 kBProgress (4): 337/979 kB | 82/251 kB | 0.1/3.5 MB | 43/671 kBProgress (4): 337/979 kB | 82/251 kB | 0.1/3.5 MB | 44/671 kBProgress (4): 337/979 kB | 82/251 kB | 0.1/3.5 MB | 45/671 kBProgress (4): 337/979 kB | 82/251 kB | 0.1/3.5 MB | 47/671 kBProgress (4): 337/979 kB | 82/251 kB | 0.1/3.5 MB | 48/671 kBProgress (4): 337/979 kB | 82/251 kB | 0.1/3.5 MB | 49/671 kBProgress (4): 337/979 kB | 82/251 kB | 0.1/3.5 MB | 51/671 kBProgress (4): 337/979 kB | 82/251 kB | 0.1/3.5 MB | 52/671 kBProgress (4): 337/979 kB | 82/251 kB | 0.1/3.5 MB | 53/671 kBProgress (4): 337/979 kB | 82/251 kB | 0.1/3.5 MB | 55/671 kBProgress (4): 337/979 kB | 82/251 kB | 0.1/3.5 MB | 56/671 kBProgress (4): 337/979 kB | 82/251 kB | 0.1/3.5 MB | 58/671 kBProgress (4): 337/979 kB | 82/251 kB | 0.1/3.5 MB | 59/671 kBProgress (4): 337/979 kB | 82/251 kB | 0.1/3.5 MB | 60/671 kBProgress (4): 337/979 kB | 82/251 kB | 0.1/3.5 MB | 62/671 kBProgress (4): 337/979 kB | 82/251 kB | 0.1/3.5 MB | 63/671 kBProgress (4): 337/979 kB | 82/251 kB | 0.1/3.5 MB | 64/671 kBProgress (4): 337/979 kB | 82/251 kB | 0.1/3.5 MB | 66/671 kBProgress (4): 337/979 kB | 82/251 kB | 0.1/3.5 MB | 70/671 kBProgress (4): 337/979 kB | 82/251 kB | 0.1/3.5 MB | 70/671 kBProgress (4): 337/979 kB | 82/251 kB | 0.1/3.5 MB | 70/671 kBProgress (4): 337/979 kB | 82/251 kB | 0.1/3.5 MB | 70/671 kBProgress (4): 337/979 kB | 82/251 kB | 0.1/3.5 MB | 70/671 kBProgress (4): 337/979 kB | 82/251 kB | 0.1/3.5 MB | 70/671 kBProgress (4): 337/979 kB | 82/251 kB | 0.1/3.5 MB | 70/671 kBProgress (4): 337/979 kB | 82/251 kB | 0.1/3.5 MB | 70/671 kBProgress (4): 337/979 kB | 82/251 kB | 0.1/3.5 MB | 70/671 kBProgress (4): 337/979 kB | 82/251 kB | 0.1/3.5 MB | 70/671 kBProgress (4): 337/979 kB | 82/251 kB | 0.1/3.5 MB | 70/671 kBProgress (4): 337/979 kB | 82/251 kB | 0.1/3.5 MB | 70/671 kBProgress (4): 337/979 kB | 82/251 kB | 0.1/3.5 MB | 70/671 kBProgress (4): 337/979 kB | 82/251 kB | 0.2/3.5 MB | 70/671 kBProgress (4): 337/979 kB | 82/251 kB | 0.2/3.5 MB | 70/671 kBProgress (4): 337/979 kB | 82/251 kB | 0.2/3.5 MB | 70/671 kBProgress (4): 337/979 kB | 82/251 kB | 0.2/3.5 MB | 70/671 kBProgress (4): 337/979 kB | 82/251 kB | 0.2/3.5 MB | 70/671 kBProgress (4): 337/979 kB | 86/251 kB | 0.2/3.5 MB | 70/671 kBProgress (4): 337/979 kB | 90/251 kB | 0.2/3.5 MB | 70/671 kBProgress (4): 337/979 kB | 94/251 kB | 0.2/3.5 MB | 70/671 kBProgress (4): 337/979 kB | 99/251 kB | 0.2/3.5 MB | 70/671 kBProgress (4): 337/979 kB | 103/251 kB | 0.2/3.5 MB | 70/671 kBProgress (4): 337/979 kB | 107/251 kB | 0.2/3.5 MB | 70/671 kBProgress (4): 337/979 kB | 111/251 kB | 0.2/3.5 MB | 70/671 kBProgress (4): 337/979 kB | 115/251 kB | 0.2/3.5 MB | 70/671 kBProgress (4): 337/979 kB | 119/251 kB | 0.2/3.5 MB | 70/671 kBProgress (4): 341/979 kB | 119/251 kB | 0.2/3.5 MB | 70/671 kBProgress (4): 345/979 kB | 119/251 kB | 0.2/3.5 MB | 70/671 kBProgress (4): 349/979 kB | 119/251 kB | 0.2/3.5 MB | 70/671 kBProgress (4): 354/979 kB | 119/251 kB | 0.2/3.5 MB | 70/671 kBProgress (4): 358/979 kB | 119/251 kB | 0.2/3.5 MB | 70/671 kBProgress (4): 362/979 kB | 119/251 kB | 0.2/3.5 MB | 70/671 kBProgress (4): 366/979 kB | 119/251 kB | 0.2/3.5 MB | 70/671 kBProgress (4): 370/979 kB | 119/251 kB | 0.2/3.5 MB | 70/671 kBProgress (4): 374/979 kB | 119/251 kB | 0.2/3.5 MB | 70/671 kBProgress (4): 378/979 kB | 119/251 kB | 0.2/3.5 MB | 70/671 kBProgress (4): 382/979 kB | 119/251 kB | 0.2/3.5 MB | 70/671 kBProgress (4): 386/979 kB | 119/251 kB | 0.2/3.5 MB | 70/671 kBProgress (4): 390/979 kB | 119/251 kB | 0.2/3.5 MB | 70/671 kBProgress (4): 395/979 kB | 119/251 kB | 0.2/3.5 MB | 70/671 kBProgress (4): 399/979 kB | 119/251 kB | 0.2/3.5 MB | 70/671 kBProgress (4): 403/979 kB | 119/251 kB | 0.2/3.5 MB | 70/671 kBProgress (4): 407/979 kB | 119/251 kB | 0.2/3.5 MB | 70/671 kBProgress (4): 411/979 kB | 119/251 kB | 0.2/3.5 MB | 70/671 kBProgress (4): 415/979 kB | 119/251 kB | 0.2/3.5 MB | 70/671 kBProgress (4): 419/979 kB | 119/251 kB | 0.2/3.5 MB | 70/671 kBProgress (4): 423/979 kB | 119/251 kB | 0.2/3.5 MB | 70/671 kBProgress (4): 423/979 kB | 119/251 kB | 0.2/3.5 MB | 74/671 kBProgress (4): 423/979 kB | 119/251 kB | 0.2/3.5 MB | 78/671 kBProgress (4): 423/979 kB | 119/251 kB | 0.2/3.5 MB | 82/671 kBProgress (4): 423/979 kB | 119/251 kB | 0.2/3.5 MB | 86/671 kBProgress (4): 423/979 kB | 119/251 kB | 0.2/3.5 MB | 90/671 kBProgress (4): 423/979 kB | 119/251 kB | 0.2/3.5 MB | 94/671 kBProgress (4): 423/979 kB | 119/251 kB | 0.2/3.5 MB | 99/671 kBProgress (4): 423/979 kB | 119/251 kB | 0.2/3.5 MB | 103/671 kBProgress (4): 423/979 kB | 119/251 kB | 0.2/3.5 MB | 107/671 kBProgress (4): 423/979 kB | 119/251 kB | 0.2/3.5 MB | 111/671 kBProgress (4): 423/979 kB | 119/251 kB | 0.2/3.5 MB | 115/671 kBProgress (5): 423/979 kB | 119/251 kB | 0.2/3.5 MB | 115/671 kB | 1.4/93 kBProgress (5): 423/979 kB | 119/251 kB | 0.2/3.5 MB | 115/671 kB | 2.7/93 kBProgress (5): 423/979 kB | 119/251 kB | 0.2/3.5 MB | 115/671 kB | 4.1/93 kBProgress (5): 423/979 kB | 119/251 kB | 0.2/3.5 MB | 115/671 kB | 5.5/93 kBProgress (5): 423/979 kB | 119/251 kB | 0.2/3.5 MB | 115/671 kB | 6.9/93 kBProgress (5): 423/979 kB | 119/251 kB | 0.2/3.5 MB | 115/671 kB | 8.2/93 kBProgress (5): 423/979 kB | 119/251 kB | 0.2/3.5 MB | 115/671 kB | 9.6/93 kBProgress (5): 423/979 kB | 119/251 kB | 0.2/3.5 MB | 115/671 kB | 11/93 kB Progress (5): 423/979 kB | 119/251 kB | 0.2/3.5 MB | 115/671 kB | 12/93 kBProgress (5): 423/979 kB | 119/251 kB | 0.2/3.5 MB | 115/671 kB | 12/93 kBProgress (5): 423/979 kB | 119/251 kB | 0.2/3.5 MB | 115/671 kB | 12/93 kBProgress (5): 423/979 kB | 119/251 kB | 0.2/3.5 MB | 115/671 kB | 12/93 kBProgress (5): 423/979 kB | 119/251 kB | 0.2/3.5 MB | 115/671 kB | 12/93 kBProgress (5): 423/979 kB | 119/251 kB | 0.2/3.5 MB | 115/671 kB | 12/93 kBProgress (5): 423/979 kB | 119/251 kB | 0.2/3.5 MB | 115/671 kB | 12/93 kBProgress (5): 423/979 kB | 119/251 kB | 0.2/3.5 MB | 115/671 kB | 12/93 kBProgress (5): 423/979 kB | 119/251 kB | 0.2/3.5 MB | 115/671 kB | 12/93 kBProgress (5): 423/979 kB | 123/251 kB | 0.2/3.5 MB | 115/671 kB | 12/93 kBProgress (5): 423/979 kB | 127/251 kB | 0.2/3.5 MB | 115/671 kB | 12/93 kBProgress (5): 423/979 kB | 131/251 kB | 0.2/3.5 MB | 115/671 kB | 12/93 kBProgress (5): 423/979 kB | 135/251 kB | 0.2/3.5 MB | 115/671 kB | 12/93 kBProgress (5): 423/979 kB | 140/251 kB | 0.2/3.5 MB | 115/671 kB | 12/93 kBProgress (5): 423/979 kB | 144/251 kB | 0.2/3.5 MB | 115/671 kB | 12/93 kBProgress (5): 423/979 kB | 148/251 kB | 0.2/3.5 MB | 115/671 kB | 12/93 kBProgress (5): 423/979 kB | 152/251 kB | 0.2/3.5 MB | 115/671 kB | 12/93 kBProgress (5): 423/979 kB | 156/251 kB | 0.2/3.5 MB | 115/671 kB | 12/93 kBProgress (5): 423/979 kB | 160/251 kB | 0.2/3.5 MB | 115/671 kB | 12/93 kBProgress (5): 423/979 kB | 164/251 kB | 0.2/3.5 MB | 115/671 kB | 12/93 kBProgress (5): 423/979 kB | 168/251 kB | 0.2/3.5 MB | 115/671 kB | 12/93 kBProgress (5): 423/979 kB | 172/251 kB | 0.2/3.5 MB | 115/671 kB | 12/93 kBProgress (5): 423/979 kB | 176/251 kB | 0.2/3.5 MB | 115/671 kB | 12/93 kBProgress (5): 423/979 kB | 180/251 kB | 0.2/3.5 MB | 115/671 kB | 12/93 kBProgress (5): 423/979 kB | 185/251 kB | 0.2/3.5 MB | 115/671 kB | 12/93 kBProgress (5): 423/979 kB | 189/251 kB | 0.2/3.5 MB | 115/671 kB | 12/93 kBProgress (5): 423/979 kB | 193/251 kB | 0.2/3.5 MB | 115/671 kB | 12/93 kBProgress (5): 423/979 kB | 197/251 kB | 0.2/3.5 MB | 115/671 kB | 12/93 kBProgress (5): 423/979 kB | 201/251 kB | 0.2/3.5 MB | 115/671 kB | 12/93 kBProgress (5): 427/979 kB | 201/251 kB | 0.2/3.5 MB | 115/671 kB | 12/93 kBProgress (5): 431/979 kB | 201/251 kB | 0.2/3.5 MB | 115/671 kB | 12/93 kBProgress (5): 435/979 kB | 201/251 kB | 0.2/3.5 MB | 115/671 kB | 12/93 kBProgress (5): 440/979 kB | 201/251 kB | 0.2/3.5 MB | 115/671 kB | 12/93 kBProgress (5): 444/979 kB | 201/251 kB | 0.2/3.5 MB | 115/671 kB | 12/93 kBProgress (5): 448/979 kB | 201/251 kB | 0.2/3.5 MB | 115/671 kB | 12/93 kBProgress (5): 452/979 kB | 201/251 kB | 0.2/3.5 MB | 115/671 kB | 12/93 kBProgress (5): 456/979 kB | 201/251 kB | 0.2/3.5 MB | 115/671 kB | 12/93 kBProgress (5): 460/979 kB | 201/251 kB | 0.2/3.5 MB | 115/671 kB | 12/93 kBProgress (5): 464/979 kB | 201/251 kB | 0.2/3.5 MB | 115/671 kB | 12/93 kBProgress (5): 468/979 kB | 201/251 kB | 0.2/3.5 MB | 115/671 kB | 12/93 kBProgress (5): 472/979 kB | 201/251 kB | 0.2/3.5 MB | 115/671 kB | 12/93 kBProgress (5): 475/979 kB | 201/251 kB | 0.2/3.5 MB | 115/671 kB | 12/93 kBProgress (5): 479/979 kB | 201/251 kB | 0.2/3.5 MB | 115/671 kB | 12/93 kBProgress (5): 479/979 kB | 201/251 kB | 0.2/3.5 MB | 119/671 kB | 12/93 kBProgress (5): 479/979 kB | 201/251 kB | 0.2/3.5 MB | 123/671 kB | 12/93 kBProgress (5): 479/979 kB | 201/251 kB | 0.2/3.5 MB | 127/671 kB | 12/93 kBProgress (5): 479/979 kB | 201/251 kB | 0.2/3.5 MB | 131/671 kB | 12/93 kBProgress (5): 479/979 kB | 201/251 kB | 0.2/3.5 MB | 135/671 kB | 12/93 kBProgress (5): 479/979 kB | 201/251 kB | 0.2/3.5 MB | 140/671 kB | 12/93 kBProgress (5): 479/979 kB | 201/251 kB | 0.2/3.5 MB | 140/671 kB | 14/93 kBProgress (5): 479/979 kB | 201/251 kB | 0.2/3.5 MB | 140/671 kB | 15/93 kBProgress (5): 479/979 kB | 201/251 kB | 0.2/3.5 MB | 140/671 kB | 16/93 kBProgress (5): 479/979 kB | 201/251 kB | 0.2/3.5 MB | 140/671 kB | 18/93 kBProgress (5): 479/979 kB | 201/251 kB | 0.2/3.5 MB | 140/671 kB | 19/93 kBProgress (5): 479/979 kB | 201/251 kB | 0.2/3.5 MB | 140/671 kB | 21/93 kBProgress (5): 479/979 kB | 201/251 kB | 0.2/3.5 MB | 140/671 kB | 22/93 kBProgress (5): 479/979 kB | 201/251 kB | 0.2/3.5 MB | 140/671 kB | 23/93 kBProgress (5): 479/979 kB | 201/251 kB | 0.2/3.5 MB | 140/671 kB | 25/93 kBProgress (5): 479/979 kB | 201/251 kB | 0.2/3.5 MB | 140/671 kB | 26/93 kBProgress (5): 479/979 kB | 201/251 kB | 0.2/3.5 MB | 140/671 kB | 27/93 kBProgress (5): 479/979 kB | 201/251 kB | 0.2/3.5 MB | 140/671 kB | 29/93 kBProgress (5): 479/979 kB | 201/251 kB | 0.2/3.5 MB | 140/671 kB | 30/93 kBProgress (5): 479/979 kB | 201/251 kB | 0.2/3.5 MB | 140/671 kB | 32/93 kBProgress (5): 479/979 kB | 201/251 kB | 0.2/3.5 MB | 140/671 kB | 33/93 kBProgress (5): 479/979 kB | 201/251 kB | 0.2/3.5 MB | 140/671 kB | 34/93 kBProgress (5): 479/979 kB | 201/251 kB | 0.2/3.5 MB | 140/671 kB | 36/93 kBProgress (5): 479/979 kB | 201/251 kB | 0.2/3.5 MB | 140/671 kB | 37/93 kBProgress (5): 479/979 kB | 201/251 kB | 0.2/3.5 MB | 140/671 kB | 38/93 kBProgress (5): 479/979 kB | 201/251 kB | 0.2/3.5 MB | 140/671 kB | 40/93 kBProgress (5): 479/979 kB | 201/251 kB | 0.2/3.5 MB | 140/671 kB | 41/93 kBProgress (5): 479/979 kB | 201/251 kB | 0.2/3.5 MB | 140/671 kB | 43/93 kBProgress (5): 479/979 kB | 201/251 kB | 0.2/3.5 MB | 140/671 kB | 44/93 kBProgress (5): 479/979 kB | 201/251 kB | 0.2/3.5 MB | 140/671 kB | 45/93 kBProgress (5): 479/979 kB | 201/251 kB | 0.2/3.5 MB | 140/671 kB | 47/93 kBProgress (5): 479/979 kB | 201/251 kB | 0.2/3.5 MB | 140/671 kB | 48/93 kBProgress (5): 479/979 kB | 201/251 kB | 0.2/3.5 MB | 140/671 kB | 49/93 kBProgress (5): 479/979 kB | 201/251 kB | 0.2/3.5 MB | 140/671 kB | 51/93 kBProgress (5): 479/979 kB | 201/251 kB | 0.2/3.5 MB | 140/671 kB | 52/93 kBProgress (5): 479/979 kB | 201/251 kB | 0.2/3.5 MB | 140/671 kB | 53/93 kBProgress (5): 479/979 kB | 201/251 kB | 0.2/3.5 MB | 140/671 kB | 55/93 kBProgress (5): 479/979 kB | 201/251 kB | 0.2/3.5 MB | 140/671 kB | 56/93 kBProgress (5): 479/979 kB | 201/251 kB | 0.2/3.5 MB | 140/671 kB | 58/93 kBProgress (5): 479/979 kB | 201/251 kB | 0.2/3.5 MB | 140/671 kB | 59/93 kBProgress (5): 479/979 kB | 201/251 kB | 0.2/3.5 MB | 140/671 kB | 60/93 kBProgress (5): 479/979 kB | 201/251 kB | 0.2/3.5 MB | 140/671 kB | 62/93 kBProgress (5): 479/979 kB | 205/251 kB | 0.2/3.5 MB | 140/671 kB | 62/93 kBProgress (5): 479/979 kB | 205/251 kB | 0.2/3.5 MB | 140/671 kB | 62/93 kBProgress (5): 479/979 kB | 205/251 kB | 0.2/3.5 MB | 140/671 kB | 62/93 kBProgress (5): 479/979 kB | 205/251 kB | 0.2/3.5 MB | 140/671 kB | 62/93 kBProgress (5): 479/979 kB | 205/251 kB | 0.2/3.5 MB | 140/671 kB | 62/93 kBProgress (5): 479/979 kB | 205/251 kB | 0.2/3.5 MB | 140/671 kB | 62/93 kBProgress (5): 479/979 kB | 205/251 kB | 0.2/3.5 MB | 140/671 kB | 62/93 kBProgress (5): 479/979 kB | 205/251 kB | 0.2/3.5 MB | 140/671 kB | 62/93 kBProgress (5): 479/979 kB | 205/251 kB | 0.2/3.5 MB | 140/671 kB | 62/93 kBProgress (5): 479/979 kB | 205/251 kB | 0.2/3.5 MB | 140/671 kB | 62/93 kBProgress (5): 479/979 kB | 205/251 kB | 0.2/3.5 MB | 140/671 kB | 62/93 kBProgress (5): 479/979 kB | 205/251 kB | 0.2/3.5 MB | 140/671 kB | 62/93 kBProgress (5): 479/979 kB | 205/251 kB | 0.3/3.5 MB | 140/671 kB | 62/93 kBProgress (5): 479/979 kB | 205/251 kB | 0.3/3.5 MB | 140/671 kB | 62/93 kBProgress (5): 479/979 kB | 205/251 kB | 0.3/3.5 MB | 140/671 kB | 62/93 kBProgress (5): 479/979 kB | 205/251 kB | 0.3/3.5 MB | 140/671 kB | 62/93 kBProgress (5): 479/979 kB | 205/251 kB | 0.3/3.5 MB | 140/671 kB | 62/93 kBProgress (5): 479/979 kB | 205/251 kB | 0.3/3.5 MB | 140/671 kB | 62/93 kBProgress (5): 479/979 kB | 205/251 kB | 0.3/3.5 MB | 140/671 kB | 62/93 kBProgress (5): 479/979 kB | 205/251 kB | 0.3/3.5 MB | 140/671 kB | 62/93 kBProgress (5): 479/979 kB | 205/251 kB | 0.3/3.5 MB | 140/671 kB | 62/93 kBProgress (5): 479/979 kB | 205/251 kB | 0.3/3.5 MB | 140/671 kB | 62/93 kBProgress (5): 479/979 kB | 205/251 kB | 0.3/3.5 MB | 140/671 kB | 62/93 kBProgress (5): 479/979 kB | 205/251 kB | 0.3/3.5 MB | 140/671 kB | 62/93 kBProgress (5): 479/979 kB | 205/251 kB | 0.3/3.5 MB | 140/671 kB | 62/93 kBProgress (5): 483/979 kB | 205/251 kB | 0.3/3.5 MB | 140/671 kB | 62/93 kBProgress (5): 487/979 kB | 205/251 kB | 0.3/3.5 MB | 140/671 kB | 62/93 kBProgress (5): 491/979 kB | 205/251 kB | 0.3/3.5 MB | 140/671 kB | 62/93 kBProgress (5): 495/979 kB | 205/251 kB | 0.3/3.5 MB | 140/671 kB | 62/93 kBProgress (5): 495/979 kB | 205/251 kB | 0.3/3.5 MB | 144/671 kB | 62/93 kBProgress (5): 495/979 kB | 205/251 kB | 0.3/3.5 MB | 148/671 kB | 62/93 kBProgress (5): 495/979 kB | 205/251 kB | 0.3/3.5 MB | 152/671 kB | 62/93 kBProgress (5): 495/979 kB | 205/251 kB | 0.3/3.5 MB | 156/671 kB | 62/93 kBProgress (5): 495/979 kB | 205/251 kB | 0.3/3.5 MB | 160/671 kB | 62/93 kBProgress (5): 495/979 kB | 205/251 kB | 0.3/3.5 MB | 164/671 kB | 62/93 kBProgress (5): 495/979 kB | 205/251 kB | 0.3/3.5 MB | 168/671 kB | 62/93 kBProgress (5): 495/979 kB | 205/251 kB | 0.3/3.5 MB | 172/671 kB | 62/93 kBProgress (5): 495/979 kB | 205/251 kB | 0.3/3.5 MB | 176/671 kB | 62/93 kBProgress (5): 495/979 kB | 205/251 kB | 0.3/3.5 MB | 180/671 kB | 62/93 kBProgress (5): 495/979 kB | 205/251 kB | 0.3/3.5 MB | 185/671 kB | 62/93 kBProgress (5): 495/979 kB | 205/251 kB | 0.3/3.5 MB | 189/671 kB | 62/93 kBProgress (5): 495/979 kB | 205/251 kB | 0.3/3.5 MB | 193/671 kB | 62/93 kBProgress (5): 495/979 kB | 205/251 kB | 0.3/3.5 MB | 197/671 kB | 62/93 kBProgress (5): 495/979 kB | 205/251 kB | 0.3/3.5 MB | 201/671 kB | 62/93 kBProgress (5): 495/979 kB | 205/251 kB | 0.3/3.5 MB | 205/671 kB | 62/93 kBProgress (5): 495/979 kB | 205/251 kB | 0.3/3.5 MB | 209/671 kB | 62/93 kBProgress (5): 495/979 kB | 205/251 kB | 0.3/3.5 MB | 213/671 kB | 62/93 kBProgress (5): 495/979 kB | 205/251 kB | 0.3/3.5 MB | 217/671 kB | 62/93 kBProgress (5): 495/979 kB | 205/251 kB | 0.3/3.5 MB | 221/671 kB | 62/93 kBProgress (5): 495/979 kB | 205/251 kB | 0.3/3.5 MB | 226/671 kB | 62/93 kBProgress (5): 495/979 kB | 205/251 kB | 0.3/3.5 MB | 230/671 kB | 62/93 kBProgress (5): 495/979 kB | 205/251 kB | 0.3/3.5 MB | 234/671 kB | 62/93 kBProgress (5): 495/979 kB | 205/251 kB | 0.3/3.5 MB | 238/671 kB | 62/93 kBProgress (5): 495/979 kB | 205/251 kB | 0.3/3.5 MB | 242/671 kB | 62/93 kBProgress (5): 495/979 kB | 205/251 kB | 0.3/3.5 MB | 246/671 kB | 62/93 kBProgress (5): 495/979 kB | 205/251 kB | 0.3/3.5 MB | 250/671 kB | 62/93 kBProgress (5): 495/979 kB | 205/251 kB | 0.3/3.5 MB | 250/671 kB | 63/93 kBProgress (5): 495/979 kB | 209/251 kB | 0.3/3.5 MB | 250/671 kB | 63/93 kBProgress (5): 495/979 kB | 213/251 kB | 0.3/3.5 MB | 250/671 kB | 63/93 kBProgress (5): 495/979 kB | 217/251 kB | 0.3/3.5 MB | 250/671 kB | 63/93 kBProgress (5): 495/979 kB | 219/251 kB | 0.3/3.5 MB | 250/671 kB | 63/93 kBProgress (5): 495/979 kB | 223/251 kB | 0.3/3.5 MB | 250/671 kB | 63/93 kBProgress (5): 495/979 kB | 227/251 kB | 0.3/3.5 MB | 250/671 kB | 63/93 kBProgress (5): 495/979 kB | 231/251 kB | 0.3/3.5 MB | 250/671 kB | 63/93 kBProgress (5): 495/979 kB | 235/251 kB | 0.3/3.5 MB | 250/671 kB | 63/93 kBProgress (5): 495/979 kB | 239/251 kB | 0.3/3.5 MB | 250/671 kB | 63/93 kBProgress (5): 495/979 kB | 243/251 kB | 0.3/3.5 MB | 250/671 kB | 63/93 kBProgress (5): 495/979 kB | 247/251 kB | 0.3/3.5 MB | 250/671 kB | 63/93 kBProgress (5): 495/979 kB | 251 kB | 0.3/3.5 MB | 250/671 kB | 63/93 kB    Progress (5): 495/979 kB | 251 kB | 0.3/3.5 MB | 250/671 kB | 64/93 kBProgress (5): 495/979 kB | 251 kB | 0.3/3.5 MB | 250/671 kB | 66/93 kBProgress (5): 495/979 kB | 251 kB | 0.3/3.5 MB | 250/671 kB | 70/93 kBProgress (5): 495/979 kB | 251 kB | 0.3/3.5 MB | 250/671 kB | 74/93 kBProgress (5): 495/979 kB | 251 kB | 0.3/3.5 MB | 250/671 kB | 78/93 kBProgress (5): 495/979 kB | 251 kB | 0.3/3.5 MB | 250/671 kB | 82/93 kBProgress (5): 495/979 kB | 251 kB | 0.3/3.5 MB | 250/671 kB | 86/93 kBProgress (5): 495/979 kB | 251 kB | 0.3/3.5 MB | 250/671 kB | 90/93 kBProgress (5): 495/979 kB | 251 kB | 0.3/3.5 MB | 250/671 kB | 93 kB   Progress (5): 495/979 kB | 251 kB | 0.3/3.5 MB | 250/671 kB | 93 kBProgress (5): 495/979 kB | 251 kB | 0.3/3.5 MB | 250/671 kB | 93 kBProgress (5): 495/979 kB | 251 kB | 0.3/3.5 MB | 250/671 kB | 93 kBProgress (5): 495/979 kB | 251 kB | 0.3/3.5 MB | 250/671 kB | 93 kBProgress (5): 499/979 kB | 251 kB | 0.3/3.5 MB | 250/671 kB | 93 kBProgress (5): 503/979 kB | 251 kB | 0.3/3.5 MB | 250/671 kB | 93 kBProgress (5): 507/979 kB | 251 kB | 0.3/3.5 MB | 250/671 kB | 93 kBProgress (5): 511/979 kB | 251 kB | 0.3/3.5 MB | 250/671 kB | 93 kBProgress (5): 515/979 kB | 251 kB | 0.3/3.5 MB | 250/671 kB | 93 kBProgress (5): 520/979 kB | 251 kB | 0.3/3.5 MB | 250/671 kB | 93 kBProgress (5): 524/979 kB | 251 kB | 0.3/3.5 MB | 250/671 kB | 93 kBProgress (5): 528/979 kB | 251 kB | 0.3/3.5 MB | 250/671 kB | 93 kBProgress (5): 532/979 kB | 251 kB | 0.3/3.5 MB | 250/671 kB | 93 kBProgress (5): 536/979 kB | 251 kB | 0.3/3.5 MB | 250/671 kB | 93 kBProgress (5): 540/979 kB | 251 kB | 0.3/3.5 MB | 250/671 kB | 93 kBProgress (5): 544/979 kB | 251 kB | 0.3/3.5 MB | 250/671 kB | 93 kBProgress (5): 548/979 kB | 251 kB | 0.3/3.5 MB | 250/671 kB | 93 kBProgress (5): 552/979 kB | 251 kB | 0.3/3.5 MB | 250/671 kB | 93 kBProgress (5): 556/979 kB | 251 kB | 0.3/3.5 MB | 250/671 kB | 93 kBProgress (5): 556/979 kB | 251 kB | 0.3/3.5 MB | 250/671 kB | 93 kBProgress (5): 556/979 kB | 251 kB | 0.3/3.5 MB | 250/671 kB | 93 kBProgress (5): 556/979 kB | 251 kB | 0.3/3.5 MB | 250/671 kB | 93 kBProgress (5): 556/979 kB | 251 kB | 0.3/3.5 MB | 250/671 kB | 93 kBProgress (5): 556/979 kB | 251 kB | 0.3/3.5 MB | 250/671 kB | 93 kBProgress (5): 556/979 kB | 251 kB | 0.3/3.5 MB | 250/671 kB | 93 kBProgress (5): 556/979 kB | 251 kB | 0.3/3.5 MB | 250/671 kB | 93 kBProgress (5): 556/979 kB | 251 kB | 0.3/3.5 MB | 250/671 kB | 93 kBProgress (5): 556/979 kB | 251 kB | 0.4/3.5 MB | 250/671 kB | 93 kBProgress (5): 556/979 kB | 251 kB | 0.4/3.5 MB | 250/671 kB | 93 kBProgress (5): 556/979 kB | 251 kB | 0.4/3.5 MB | 250/671 kB | 93 kBProgress (5): 556/979 kB | 251 kB | 0.4/3.5 MB | 250/671 kB | 93 kBProgress (5): 556/979 kB | 251 kB | 0.4/3.5 MB | 250/671 kB | 93 kBProgress (5): 556/979 kB | 251 kB | 0.4/3.5 MB | 250/671 kB | 93 kBProgress (5): 556/979 kB | 251 kB | 0.4/3.5 MB | 250/671 kB | 93 kBProgress (5): 561/979 kB | 251 kB | 0.4/3.5 MB | 250/671 kB | 93 kBProgress (5): 565/979 kB | 251 kB | 0.4/3.5 MB | 250/671 kB | 93 kBProgress (5): 569/979 kB | 251 kB | 0.4/3.5 MB | 250/671 kB | 93 kBProgress (5): 573/979 kB | 251 kB | 0.4/3.5 MB | 250/671 kB | 93 kBProgress (5): 577/979 kB | 251 kB | 0.4/3.5 MB | 250/671 kB | 93 kBProgress (5): 581/979 kB | 251 kB | 0.4/3.5 MB | 250/671 kB | 93 kBProgress (5): 585/979 kB | 251 kB | 0.4/3.5 MB | 250/671 kB | 93 kBProgress (5): 589/979 kB | 251 kB | 0.4/3.5 MB | 250/671 kB | 93 kBProgress (5): 593/979 kB | 251 kB | 0.4/3.5 MB | 250/671 kB | 93 kBProgress (5): 597/979 kB | 251 kB | 0.4/3.5 MB | 250/671 kB | 93 kBProgress (5): 602/979 kB | 251 kB | 0.4/3.5 MB | 250/671 kB | 93 kBProgress (5): 606/979 kB | 251 kB | 0.4/3.5 MB | 250/671 kB | 93 kBProgress (5): 610/979 kB | 251 kB | 0.4/3.5 MB | 250/671 kB | 93 kBProgress (5): 610/979 kB | 251 kB | 0.4/3.5 MB | 254/671 kB | 93 kBProgress (5): 610/979 kB | 251 kB | 0.4/3.5 MB | 258/671 kB | 93 kBProgress (5): 610/979 kB | 251 kB | 0.4/3.5 MB | 262/671 kB | 93 kBProgress (5): 610/979 kB | 251 kB | 0.4/3.5 MB | 267/671 kB | 93 kBProgress (5): 610/979 kB | 251 kB | 0.4/3.5 MB | 271/671 kB | 93 kBProgress (5): 610/979 kB | 251 kB | 0.4/3.5 MB | 275/671 kB | 93 kBProgress (5): 610/979 kB | 251 kB | 0.4/3.5 MB | 279/671 kB | 93 kBProgress (5): 610/979 kB | 251 kB | 0.4/3.5 MB | 283/671 kB | 93 kBProgress (5): 610/979 kB | 251 kB | 0.4/3.5 MB | 287/671 kB | 93 kBProgress (5): 610/979 kB | 251 kB | 0.4/3.5 MB | 291/671 kB | 93 kBProgress (5): 610/979 kB | 251 kB | 0.4/3.5 MB | 295/671 kB | 93 kBProgress (5): 610/979 kB | 251 kB | 0.4/3.5 MB | 299/671 kB | 93 kBProgress (5): 610/979 kB | 251 kB | 0.4/3.5 MB | 303/671 kB | 93 kBProgress (5): 610/979 kB | 251 kB | 0.4/3.5 MB | 307/671 kB | 93 kBProgress (5): 610/979 kB | 251 kB | 0.4/3.5 MB | 312/671 kB | 93 kBProgress (5): 610/979 kB | 251 kB | 0.4/3.5 MB | 316/671 kB | 93 kBProgress (5): 610/979 kB | 251 kB | 0.4/3.5 MB | 320/671 kB | 93 kBProgress (5): 610/979 kB | 251 kB | 0.4/3.5 MB | 324/671 kB | 93 kBProgress (5): 610/979 kB | 251 kB | 0.4/3.5 MB | 328/671 kB | 93 kBProgress (5): 610/979 kB | 251 kB | 0.4/3.5 MB | 332/671 kB | 93 kBProgress (5): 610/979 kB | 251 kB | 0.4/3.5 MB | 336/671 kB | 93 kBProgress (5): 610/979 kB | 251 kB | 0.4/3.5 MB | 340/671 kB | 93 kBProgress (5): 610/979 kB | 251 kB | 0.4/3.5 MB | 344/671 kB | 93 kBProgress (5): 610/979 kB | 251 kB | 0.4/3.5 MB | 344/671 kB | 93 kBProgress (5): 610/979 kB | 251 kB | 0.4/3.5 MB | 344/671 kB | 93 kBProgress (5): 610/979 kB | 251 kB | 0.4/3.5 MB | 344/671 kB | 93 kBProgress (5): 610/979 kB | 251 kB | 0.4/3.5 MB | 344/671 kB | 93 kBProgress (5): 610/979 kB | 251 kB | 0.4/3.5 MB | 344/671 kB | 93 kBProgress (5): 610/979 kB | 251 kB | 0.4/3.5 MB | 344/671 kB | 93 kBProgress (5): 610/979 kB | 251 kB | 0.4/3.5 MB | 344/671 kB | 93 kBProgress (5): 610/979 kB | 251 kB | 0.4/3.5 MB | 344/671 kB | 93 kBProgress (5): 610/979 kB | 251 kB | 0.4/3.5 MB | 344/671 kB | 93 kBProgress (5): 610/979 kB | 251 kB | 0.4/3.5 MB | 344/671 kB | 93 kBProgress (5): 610/979 kB | 251 kB | 0.4/3.5 MB | 344/671 kB | 93 kBProgress (5): 610/979 kB | 251 kB | 0.4/3.5 MB | 344/671 kB | 93 kBProgress (5): 610/979 kB | 251 kB | 0.4/3.5 MB | 344/671 kB | 93 kBProgress (5): 614/979 kB | 251 kB | 0.4/3.5 MB | 344/671 kB | 93 kBProgress (5): 618/979 kB | 251 kB | 0.4/3.5 MB | 344/671 kB | 93 kBProgress (5): 622/979 kB | 251 kB | 0.4/3.5 MB | 344/671 kB | 93 kBProgress (5): 626/979 kB | 251 kB | 0.4/3.5 MB | 344/671 kB | 93 kBProgress (5): 630/979 kB | 251 kB | 0.4/3.5 MB | 344/671 kB | 93 kBProgress (5): 634/979 kB | 251 kB | 0.4/3.5 MB | 344/671 kB | 93 kBProgress (5): 638/979 kB | 251 kB | 0.4/3.5 MB | 344/671 kB | 93 kBProgress (5): 642/979 kB | 251 kB | 0.4/3.5 MB | 344/671 kB | 93 kBProgress (5): 647/979 kB | 251 kB | 0.4/3.5 MB | 344/671 kB | 93 kBProgress (5): 651/979 kB | 251 kB | 0.4/3.5 MB | 344/671 kB | 93 kBProgress (5): 655/979 kB | 251 kB | 0.4/3.5 MB | 344/671 kB | 93 kBProgress (5): 659/979 kB | 251 kB | 0.4/3.5 MB | 344/671 kB | 93 kBProgress (5): 663/979 kB | 251 kB | 0.4/3.5 MB | 344/671 kB | 93 kBProgress (5): 667/979 kB | 251 kB | 0.4/3.5 MB | 344/671 kB | 93 kBProgress (5): 671/979 kB | 251 kB | 0.4/3.5 MB | 344/671 kB | 93 kBProgress (5): 675/979 kB | 251 kB | 0.4/3.5 MB | 344/671 kB | 93 kBProgress (5): 679/979 kB | 251 kB | 0.4/3.5 MB | 344/671 kB | 93 kBProgress (5): 683/979 kB | 251 kB | 0.4/3.5 MB | 344/671 kB | 93 kBProgress (5): 688/979 kB | 251 kB | 0.4/3.5 MB | 344/671 kB | 93 kB                                                                   Downloaded from central: https://repo.maven.apache.org/maven2/org/awaitility/awaitility/4.1.0/awaitility-4.1.0.jar (93 kB at 506 kB/s)
Progress (4): 688/979 kB | 251 kB | 0.4/3.5 MB | 348/671 kBProgress (4): 688/979 kB | 251 kB | 0.4/3.5 MB | 353/671 kBProgress (4): 688/979 kB | 251 kB | 0.4/3.5 MB | 357/671 kBProgress (4): 688/979 kB | 251 kB | 0.4/3.5 MB | 361/671 kBProgress (4): 688/979 kB | 251 kB | 0.4/3.5 MB | 365/671 kBProgress (4): 688/979 kB | 251 kB | 0.4/3.5 MB | 369/671 kBProgress (4): 688/979 kB | 251 kB | 0.4/3.5 MB | 373/671 kBProgress (4): 688/979 kB | 251 kB | 0.4/3.5 MB | 377/671 kBProgress (4): 688/979 kB | 251 kB | 0.4/3.5 MB | 381/671 kBProgress (4): 688/979 kB | 251 kB | 0.4/3.5 MB | 385/671 kBProgress (4): 688/979 kB | 251 kB | 0.4/3.5 MB | 389/671 kBProgress (4): 688/979 kB | 251 kB | 0.4/3.5 MB | 393/671 kBProgress (4): 688/979 kB | 251 kB | 0.4/3.5 MB | 398/671 kBProgress (4): 688/979 kB | 251 kB | 0.4/3.5 MB | 398/671 kBProgress (4): 688/979 kB | 251 kB | 0.4/3.5 MB | 398/671 kBProgress (4): 688/979 kB | 251 kB | 0.4/3.5 MB | 398/671 kBProgress (4): 688/979 kB | 251 kB | 0.4/3.5 MB | 398/671 kBProgress (4): 688/979 kB | 251 kB | 0.5/3.5 MB | 398/671 kBProgress (4): 688/979 kB | 251 kB | 0.5/3.5 MB | 398/671 kBProgress (4): 688/979 kB | 251 kB | 0.5/3.5 MB | 398/671 kBProgress (4): 692/979 kB | 251 kB | 0.5/3.5 MB | 398/671 kBProgress (4): 694/979 kB | 251 kB | 0.5/3.5 MB | 398/671 kBProgress (4): 698/979 kB | 251 kB | 0.5/3.5 MB | 398/671 kBProgress (4): 702/979 kB | 251 kB | 0.5/3.5 MB | 398/671 kBProgress (4): 706/979 kB | 251 kB | 0.5/3.5 MB | 398/671 kBProgress (4): 710/979 kB | 251 kB | 0.5/3.5 MB | 398/671 kBProgress (4): 714/979 kB | 251 kB | 0.5/3.5 MB | 398/671 kBProgress (4): 718/979 kB | 251 kB | 0.5/3.5 MB | 398/671 kBProgress (4): 722/979 kB | 251 kB | 0.5/3.5 MB | 398/671 kBProgress (4): 727/979 kB | 251 kB | 0.5/3.5 MB | 398/671 kBProgress (4): 731/979 kB | 251 kB | 0.5/3.5 MB | 398/671 kBProgress (4): 735/979 kB | 251 kB | 0.5/3.5 MB | 398/671 kBProgress (4): 739/979 kB | 251 kB | 0.5/3.5 MB | 398/671 kBProgress (4): 743/979 kB | 251 kB | 0.5/3.5 MB | 398/671 kBProgress (4): 747/979 kB | 251 kB | 0.5/3.5 MB | 398/671 kBProgress (4): 747/979 kB | 251 kB | 0.5/3.5 MB | 398/671 kBProgress (4): 747/979 kB | 251 kB | 0.5/3.5 MB | 398/671 kBProgress (4): 747/979 kB | 251 kB | 0.5/3.5 MB | 398/671 kBProgress (4): 747/979 kB | 251 kB | 0.5/3.5 MB | 398/671 kBProgress (4): 747/979 kB | 251 kB | 0.5/3.5 MB | 398/671 kBProgress (4): 747/979 kB | 251 kB | 0.5/3.5 MB | 398/671 kBProgress (4): 747/979 kB | 251 kB | 0.5/3.5 MB | 398/671 kBProgress (4): 747/979 kB | 251 kB | 0.5/3.5 MB | 398/671 kBProgress (4): 747/979 kB | 251 kB | 0.5/3.5 MB | 398/671 kBProgress (4): 747/979 kB | 251 kB | 0.5/3.5 MB | 398/671 kBProgress (4): 747/979 kB | 251 kB | 0.5/3.5 MB | 398/671 kBProgress (4): 747/979 kB | 251 kB | 0.5/3.5 MB | 398/671 kBProgress (4): 747/979 kB | 251 kB | 0.5/3.5 MB | 398/671 kBProgress (4): 747/979 kB | 251 kB | 0.5/3.5 MB | 398/671 kBProgress (4): 747/979 kB | 251 kB | 0.5/3.5 MB | 398/671 kBProgress (4): 747/979 kB | 251 kB | 0.5/3.5 MB | 398/671 kBProgress (4): 747/979 kB | 251 kB | 0.5/3.5 MB | 398/671 kBProgress (4): 747/979 kB | 251 kB | 0.5/3.5 MB | 402/671 kBProgress (4): 747/979 kB | 251 kB | 0.5/3.5 MB | 406/671 kBProgress (4): 747/979 kB | 251 kB | 0.5/3.5 MB | 410/671 kBProgress (4): 747/979 kB | 251 kB | 0.5/3.5 MB | 414/671 kBProgress (4): 747/979 kB | 251 kB | 0.5/3.5 MB | 418/671 kBProgress (4): 747/979 kB | 251 kB | 0.5/3.5 MB | 422/671 kBProgress (4): 747/979 kB | 251 kB | 0.5/3.5 MB | 426/671 kBProgress (4): 747/979 kB | 251 kB | 0.5/3.5 MB | 430/671 kBProgress (4): 747/979 kB | 251 kB | 0.5/3.5 MB | 434/671 kBProgress (4): 747/979 kB | 251 kB | 0.5/3.5 MB | 439/671 kBProgress (4): 747/979 kB | 251 kB | 0.5/3.5 MB | 443/671 kBProgress (4): 747/979 kB | 251 kB | 0.5/3.5 MB | 447/671 kBProgress (4): 747/979 kB | 251 kB | 0.5/3.5 MB | 451/671 kBProgress (4): 747/979 kB | 251 kB | 0.5/3.5 MB | 455/671 kBProgress (4): 747/979 kB | 251 kB | 0.5/3.5 MB | 459/671 kBProgress (4): 747/979 kB | 251 kB | 0.5/3.5 MB | 463/671 kBProgress (4): 747/979 kB | 251 kB | 0.5/3.5 MB | 467/671 kBProgress (4): 747/979 kB | 251 kB | 0.5/3.5 MB | 471/671 kBProgress (4): 747/979 kB | 251 kB | 0.5/3.5 MB | 475/671 kB                                                           Downloaded from central: https://repo.maven.apache.org/maven2/net/bytebuddy/byte-buddy-agent/1.11.0/byte-buddy-agent-1.11.0.jar (251 kB at 1.2 MB/s)
Progress (3): 751/979 kB | 0.5/3.5 MB | 475/671 kBProgress (3): 755/979 kB | 0.5/3.5 MB | 475/671 kBProgress (3): 759/979 kB | 0.5/3.5 MB | 475/671 kBProgress (3): 763/979 kB | 0.5/3.5 MB | 475/671 kBProgress (3): 768/979 kB | 0.5/3.5 MB | 475/671 kBProgress (3): 772/979 kB | 0.5/3.5 MB | 475/671 kBProgress (3): 776/979 kB | 0.5/3.5 MB | 475/671 kBProgress (3): 780/979 kB | 0.5/3.5 MB | 475/671 kBProgress (3): 784/979 kB | 0.5/3.5 MB | 475/671 kBProgress (3): 788/979 kB | 0.5/3.5 MB | 475/671 kBProgress (3): 792/979 kB | 0.5/3.5 MB | 475/671 kBProgress (3): 792/979 kB | 0.5/3.5 MB | 475/671 kBProgress (3): 792/979 kB | 0.5/3.5 MB | 475/671 kBProgress (3): 792/979 kB | 0.5/3.5 MB | 475/671 kBProgress (3): 792/979 kB | 0.5/3.5 MB | 475/671 kBProgress (3): 792/979 kB | 0.5/3.5 MB | 475/671 kBProgress (3): 792/979 kB | 0.6/3.5 MB | 475/671 kBProgress (3): 792/979 kB | 0.6/3.5 MB | 475/671 kBProgress (3): 792/979 kB | 0.6/3.5 MB | 475/671 kBProgress (3): 792/979 kB | 0.6/3.5 MB | 475/671 kBProgress (3): 792/979 kB | 0.6/3.5 MB | 475/671 kBProgress (3): 792/979 kB | 0.6/3.5 MB | 475/671 kBProgress (3): 792/979 kB | 0.6/3.5 MB | 475/671 kBProgress (3): 792/979 kB | 0.6/3.5 MB | 475/671 kBProgress (3): 792/979 kB | 0.6/3.5 MB | 475/671 kBProgress (3): 792/979 kB | 0.6/3.5 MB | 475/671 kBProgress (3): 792/979 kB | 0.6/3.5 MB | 475/671 kBProgress (3): 792/979 kB | 0.6/3.5 MB | 475/671 kBProgress (3): 796/979 kB | 0.6/3.5 MB | 475/671 kBProgress (3): 800/979 kB | 0.6/3.5 MB | 475/671 kBProgress (3): 804/979 kB | 0.6/3.5 MB | 475/671 kBProgress (3): 808/979 kB | 0.6/3.5 MB | 475/671 kBProgress (3): 813/979 kB | 0.6/3.5 MB | 475/671 kBProgress (3): 817/979 kB | 0.6/3.5 MB | 475/671 kBProgress (3): 821/979 kB | 0.6/3.5 MB | 475/671 kBProgress (3): 825/979 kB | 0.6/3.5 MB | 475/671 kBProgress (3): 829/979 kB | 0.6/3.5 MB | 475/671 kBProgress (3): 833/979 kB | 0.6/3.5 MB | 475/671 kBProgress (3): 837/979 kB | 0.6/3.5 MB | 475/671 kBProgress (3): 841/979 kB | 0.6/3.5 MB | 475/671 kBProgress (3): 845/979 kB | 0.6/3.5 MB | 475/671 kBProgress (3): 845/979 kB | 0.6/3.5 MB | 480/671 kBProgress (3): 845/979 kB | 0.6/3.5 MB | 484/671 kBProgress (3): 845/979 kB | 0.6/3.5 MB | 488/671 kBProgress (3): 845/979 kB | 0.6/3.5 MB | 492/671 kBProgress (3): 845/979 kB | 0.6/3.5 MB | 496/671 kBProgress (3): 845/979 kB | 0.6/3.5 MB | 500/671 kBProgress (3): 845/979 kB | 0.6/3.5 MB | 504/671 kBProgress (3): 845/979 kB | 0.6/3.5 MB | 508/671 kBProgress (3): 845/979 kB | 0.6/3.5 MB | 512/671 kBProgress (3): 845/979 kB | 0.6/3.5 MB | 516/671 kBProgress (3): 845/979 kB | 0.6/3.5 MB | 520/671 kBProgress (3): 845/979 kB | 0.6/3.5 MB | 525/671 kBProgress (3): 845/979 kB | 0.6/3.5 MB | 529/671 kBProgress (3): 845/979 kB | 0.6/3.5 MB | 533/671 kBProgress (3): 845/979 kB | 0.6/3.5 MB | 537/671 kBProgress (3): 845/979 kB | 0.6/3.5 MB | 541/671 kBProgress (3): 845/979 kB | 0.6/3.5 MB | 545/671 kBProgress (3): 845/979 kB | 0.6/3.5 MB | 549/671 kBProgress (3): 845/979 kB | 0.6/3.5 MB | 553/671 kBProgress (3): 845/979 kB | 0.6/3.5 MB | 557/671 kBProgress (3): 845/979 kB | 0.6/3.5 MB | 561/671 kBProgress (3): 845/979 kB | 0.6/3.5 MB | 566/671 kBProgress (3): 845/979 kB | 0.6/3.5 MB | 566/671 kBProgress (3): 845/979 kB | 0.6/3.5 MB | 566/671 kBProgress (3): 845/979 kB | 0.6/3.5 MB | 566/671 kBProgress (3): 845/979 kB | 0.6/3.5 MB | 566/671 kBProgress (3): 845/979 kB | 0.6/3.5 MB | 566/671 kBProgress (3): 845/979 kB | 0.6/3.5 MB | 566/671 kBProgress (3): 845/979 kB | 0.6/3.5 MB | 566/671 kBProgress (3): 845/979 kB | 0.6/3.5 MB | 566/671 kBProgress (3): 845/979 kB | 0.6/3.5 MB | 566/671 kBProgress (3): 845/979 kB | 0.6/3.5 MB | 566/671 kBProgress (3): 845/979 kB | 0.6/3.5 MB | 566/671 kBProgress (3): 845/979 kB | 0.6/3.5 MB | 566/671 kBProgress (3): 845/979 kB | 0.7/3.5 MB | 566/671 kBProgress (3): 845/979 kB | 0.7/3.5 MB | 566/671 kBProgress (3): 845/979 kB | 0.7/3.5 MB | 566/671 kBProgress (3): 845/979 kB | 0.7/3.5 MB | 566/671 kBProgress (3): 849/979 kB | 0.7/3.5 MB | 566/671 kBProgress (3): 854/979 kB | 0.7/3.5 MB | 566/671 kBProgress (3): 858/979 kB | 0.7/3.5 MB | 566/671 kBProgress (3): 862/979 kB | 0.7/3.5 MB | 566/671 kBProgress (3): 866/979 kB | 0.7/3.5 MB | 566/671 kBProgress (3): 870/979 kB | 0.7/3.5 MB | 566/671 kBProgress (3): 874/979 kB | 0.7/3.5 MB | 566/671 kBProgress (3): 878/979 kB | 0.7/3.5 MB | 566/671 kBProgress (3): 882/979 kB | 0.7/3.5 MB | 566/671 kBProgress (3): 886/979 kB | 0.7/3.5 MB | 566/671 kBProgress (3): 890/979 kB | 0.7/3.5 MB | 566/671 kBProgress (3): 895/979 kB | 0.7/3.5 MB | 566/671 kBProgress (3): 899/979 kB | 0.7/3.5 MB | 566/671 kBProgress (3): 903/979 kB | 0.7/3.5 MB | 566/671 kBProgress (3): 907/979 kB | 0.7/3.5 MB | 566/671 kBProgress (3): 911/979 kB | 0.7/3.5 MB | 566/671 kBProgress (3): 913/979 kB | 0.7/3.5 MB | 566/671 kBProgress (3): 917/979 kB | 0.7/3.5 MB | 566/671 kBProgress (3): 921/979 kB | 0.7/3.5 MB | 566/671 kBProgress (3): 925/979 kB | 0.7/3.5 MB | 566/671 kBProgress (3): 925/979 kB | 0.7/3.5 MB | 570/671 kBProgress (3): 925/979 kB | 0.7/3.5 MB | 574/671 kBProgress (3): 925/979 kB | 0.7/3.5 MB | 578/671 kBProgress (3): 925/979 kB | 0.7/3.5 MB | 582/671 kBProgress (3): 925/979 kB | 0.7/3.5 MB | 586/671 kBProgress (3): 925/979 kB | 0.7/3.5 MB | 590/671 kBProgress (3): 925/979 kB | 0.7/3.5 MB | 594/671 kBProgress (3): 925/979 kB | 0.7/3.5 MB | 598/671 kBProgress (3): 925/979 kB | 0.7/3.5 MB | 602/671 kBProgress (3): 925/979 kB | 0.7/3.5 MB | 606/671 kBProgress (3): 925/979 kB | 0.7/3.5 MB | 611/671 kBProgress (3): 925/979 kB | 0.7/3.5 MB | 615/671 kBProgress (3): 925/979 kB | 0.7/3.5 MB | 619/671 kBProgress (3): 925/979 kB | 0.7/3.5 MB | 623/671 kBProgress (3): 925/979 kB | 0.7/3.5 MB | 627/671 kBProgress (3): 925/979 kB | 0.7/3.5 MB | 631/671 kBProgress (3): 925/979 kB | 0.7/3.5 MB | 631/671 kBProgress (3): 925/979 kB | 0.7/3.5 MB | 631/671 kBProgress (3): 925/979 kB | 0.7/3.5 MB | 631/671 kBProgress (3): 925/979 kB | 0.7/3.5 MB | 631/671 kBProgress (3): 925/979 kB | 0.7/3.5 MB | 631/671 kBProgress (3): 925/979 kB | 0.7/3.5 MB | 631/671 kBProgress (3): 925/979 kB | 0.7/3.5 MB | 631/671 kBProgress (3): 925/979 kB | 0.7/3.5 MB | 631/671 kBProgress (3): 925/979 kB | 0.7/3.5 MB | 631/671 kBProgress (3): 925/979 kB | 0.7/3.5 MB | 631/671 kBProgress (3): 925/979 kB | 0.7/3.5 MB | 631/671 kBProgress (3): 925/979 kB | 0.7/3.5 MB | 631/671 kBProgress (3): 925/979 kB | 0.7/3.5 MB | 631/671 kBProgress (3): 925/979 kB | 0.7/3.5 MB | 631/671 kBProgress (3): 925/979 kB | 0.7/3.5 MB | 631/671 kBProgress (3): 925/979 kB | 0.7/3.5 MB | 631/671 kBProgress (3): 925/979 kB | 0.7/3.5 MB | 631/671 kBProgress (3): 925/979 kB | 0.7/3.5 MB | 631/671 kBProgress (3): 925/979 kB | 0.7/3.5 MB | 631/671 kBProgress (3): 925/979 kB | 0.7/3.5 MB | 631/671 kBProgress (3): 925/979 kB | 0.7/3.5 MB | 631/671 kBProgress (3): 929/979 kB | 0.7/3.5 MB | 631/671 kBProgress (3): 934/979 kB | 0.7/3.5 MB | 631/671 kBProgress (3): 938/979 kB | 0.7/3.5 MB | 631/671 kBProgress (3): 942/979 kB | 0.7/3.5 MB | 631/671 kBProgress (3): 946/979 kB | 0.7/3.5 MB | 631/671 kBProgress (3): 950/979 kB | 0.7/3.5 MB | 631/671 kBProgress (3): 954/979 kB | 0.7/3.5 MB | 631/671 kBProgress (3): 958/979 kB | 0.7/3.5 MB | 631/671 kBProgress (3): 962/979 kB | 0.7/3.5 MB | 631/671 kBProgress (3): 966/979 kB | 0.7/3.5 MB | 631/671 kBProgress (3): 970/979 kB | 0.7/3.5 MB | 631/671 kBProgress (3): 975/979 kB | 0.7/3.5 MB | 631/671 kBProgress (3): 979/979 kB | 0.7/3.5 MB | 631/671 kBProgress (3): 979 kB | 0.7/3.5 MB | 631/671 kB    Progress (3): 979 kB | 0.7/3.5 MB | 635/671 kBProgress (3): 979 kB | 0.7/3.5 MB | 639/671 kBProgress (3): 979 kB | 0.7/3.5 MB | 643/671 kBProgress (3): 979 kB | 0.7/3.5 MB | 647/671 kBProgress (3): 979 kB | 0.7/3.5 MB | 652/671 kBProgress (3): 979 kB | 0.7/3.5 MB | 656/671 kBProgress (3): 979 kB | 0.7/3.5 MB | 660/671 kBProgress (3): 979 kB | 0.7/3.5 MB | 664/671 kBProgress (3): 979 kB | 0.7/3.5 MB | 668/671 kBProgress (3): 979 kB | 0.7/3.5 MB | 671 kB    Progress (3): 979 kB | 0.8/3.5 MB | 671 kBProgress (3): 979 kB | 0.8/3.5 MB | 671 kBProgress (3): 979 kB | 0.8/3.5 MB | 671 kBProgress (3): 979 kB | 0.8/3.5 MB | 671 kBProgress (3): 979 kB | 0.8/3.5 MB | 671 kBProgress (3): 979 kB | 0.8/3.5 MB | 671 kBProgress (3): 979 kB | 0.8/3.5 MB | 671 kBProgress (3): 979 kB | 0.8/3.5 MB | 671 kBProgress (3): 979 kB | 0.8/3.5 MB | 671 kBProgress (3): 979 kB | 0.8/3.5 MB | 671 kBProgress (3): 979 kB | 0.8/3.5 MB | 671 kBProgress (3): 979 kB | 0.8/3.5 MB | 671 kBProgress (3): 979 kB | 0.8/3.5 MB | 671 kBProgress (3): 979 kB | 0.8/3.5 MB | 671 kBProgress (3): 979 kB | 0.8/3.5 MB | 671 kBProgress (3): 979 kB | 0.8/3.5 MB | 671 kBProgress (3): 979 kB | 0.8/3.5 MB | 671 kBProgress (3): 979 kB | 0.8/3.5 MB | 671 kBProgress (3): 979 kB | 0.8/3.5 MB | 671 kBProgress (3): 979 kB | 0.8/3.5 MB | 671 kBProgress (3): 979 kB | 0.8/3.5 MB | 671 kBProgress (3): 979 kB | 0.8/3.5 MB | 671 kBProgress (3): 979 kB | 0.8/3.5 MB | 671 kB                                          Downloaded from central: https://repo.maven.apache.org/maven2/org/assertj/assertj-core/2.6.0/assertj-core-2.6.0.jar (979 kB at 3.9 MB/s)
Progress (2): 0.8/3.5 MB | 671 kBProgress (2): 0.8/3.5 MB | 671 kBProgress (2): 0.9/3.5 MB | 671 kBProgress (2): 0.9/3.5 MB | 671 kBProgress (2): 0.9/3.5 MB | 671 kBProgress (2): 0.9/3.5 MB | 671 kBProgress (2): 0.9/3.5 MB | 671 kBProgress (2): 0.9/3.5 MB | 671 kBProgress (2): 0.9/3.5 MB | 671 kBProgress (2): 0.9/3.5 MB | 671 kBProgress (2): 0.9/3.5 MB | 671 kBProgress (2): 0.9/3.5 MB | 671 kBProgress (2): 0.9/3.5 MB | 671 kBProgress (2): 0.9/3.5 MB | 671 kBProgress (2): 0.9/3.5 MB | 671 kBProgress (2): 0.9/3.5 MB | 671 kBProgress (2): 0.9/3.5 MB | 671 kBProgress (2): 0.9/3.5 MB | 671 kBProgress (2): 0.9/3.5 MB | 671 kBProgress (2): 0.9/3.5 MB | 671 kBProgress (2): 0.9/3.5 MB | 671 kBProgress (2): 0.9/3.5 MB | 671 kBProgress (2): 0.9/3.5 MB | 671 kBProgress (2): 0.9/3.5 MB | 671 kBProgress (2): 0.9/3.5 MB | 671 kBProgress (2): 0.9/3.5 MB | 671 kBProgress (2): 0.9/3.5 MB | 671 kBProgress (2): 1.0/3.5 MB | 671 kBProgress (2): 1.0/3.5 MB | 671 kBProgress (2): 1.0/3.5 MB | 671 kBProgress (2): 1.0/3.5 MB | 671 kBProgress (2): 1.0/3.5 MB | 671 kBProgress (2): 1.0/3.5 MB | 671 kB                                 Downloaded from central: https://repo.maven.apache.org/maven2/org/mockito/mockito-core/3.10.0/mockito-core-3.10.0.jar (671 kB at 2.6 MB/s)
Progress (1): 1.0/3.5 MBProgress (1): 1.0/3.5 MBProgress (1): 1.0/3.5 MBProgress (1): 1.0/3.5 MBProgress (1): 1.0/3.5 MBProgress (1): 1.0/3.5 MBProgress (1): 1.0/3.5 MBProgress (1): 1.0/3.5 MBProgress (1): 1.0/3.5 MBProgress (1): 1.0/3.5 MBProgress (1): 1.0/3.5 MBProgress (1): 1.0/3.5 MBProgress (1): 1.0/3.5 MBProgress (1): 1.0/3.5 MBProgress (1): 1.0/3.5 MBProgress (1): 1.0/3.5 MBProgress (1): 1.0/3.5 MBProgress (1): 1.0/3.5 MBProgress (1): 1.1/3.5 MBProgress (1): 1.1/3.5 MBProgress (1): 1.1/3.5 MBProgress (1): 1.1/3.5 MBProgress (1): 1.1/3.5 MBProgress (1): 1.1/3.5 MBProgress (1): 1.1/3.5 MBProgress (1): 1.1/3.5 MBProgress (1): 1.1/3.5 MBProgress (1): 1.1/3.5 MBProgress (1): 1.1/3.5 MBProgress (1): 1.1/3.5 MBProgress (1): 1.1/3.5 MBProgress (1): 1.1/3.5 MBProgress (1): 1.1/3.5 MBProgress (1): 1.1/3.5 MBProgress (1): 1.1/3.5 MBProgress (1): 1.1/3.5 MBProgress (1): 1.1/3.5 MBProgress (1): 1.1/3.5 MBProgress (1): 1.1/3.5 MBProgress (1): 1.1/3.5 MBProgress (1): 1.1/3.5 MBProgress (1): 1.1/3.5 MBProgress (1): 1.1/3.5 MBProgress (1): 1.2/3.5 MBProgress (1): 1.2/3.5 MBProgress (1): 1.2/3.5 MBProgress (1): 1.2/3.5 MBProgress (1): 1.2/3.5 MBProgress (1): 1.2/3.5 MBProgress (1): 1.2/3.5 MBProgress (1): 1.2/3.5 MBProgress (1): 1.2/3.5 MBProgress (1): 1.2/3.5 MBProgress (1): 1.2/3.5 MBProgress (1): 1.2/3.5 MBProgress (1): 1.2/3.5 MBProgress (1): 1.2/3.5 MBProgress (1): 1.2/3.5 MBProgress (1): 1.2/3.5 MBProgress (1): 1.2/3.5 MBProgress (1): 1.2/3.5 MBProgress (1): 1.2/3.5 MBProgress (1): 1.2/3.5 MBProgress (1): 1.2/3.5 MBProgress (1): 1.2/3.5 MBProgress (1): 1.2/3.5 MBProgress (1): 1.2/3.5 MBProgress (1): 1.3/3.5 MBProgress (1): 1.3/3.5 MBProgress (1): 1.3/3.5 MBProgress (1): 1.3/3.5 MBProgress (1): 1.3/3.5 MBProgress (1): 1.3/3.5 MBProgress (1): 1.3/3.5 MBProgress (1): 1.3/3.5 MBProgress (1): 1.3/3.5 MBProgress (1): 1.3/3.5 MBProgress (1): 1.3/3.5 MBProgress (1): 1.3/3.5 MBProgress (1): 1.3/3.5 MBProgress (1): 1.3/3.5 MBProgress (1): 1.3/3.5 MBProgress (1): 1.3/3.5 MBProgress (1): 1.3/3.5 MBProgress (1): 1.3/3.5 MBProgress (1): 1.3/3.5 MBProgress (1): 1.3/3.5 MBProgress (1): 1.3/3.5 MBProgress (1): 1.3/3.5 MBProgress (1): 1.3/3.5 MBProgress (1): 1.3/3.5 MBProgress (1): 1.3/3.5 MBProgress (1): 1.4/3.5 MBProgress (1): 1.4/3.5 MBProgress (1): 1.4/3.5 MBProgress (1): 1.4/3.5 MBProgress (1): 1.4/3.5 MBProgress (1): 1.4/3.5 MBProgress (1): 1.4/3.5 MBProgress (1): 1.4/3.5 MBProgress (1): 1.4/3.5 MBProgress (1): 1.4/3.5 MBProgress (1): 1.4/3.5 MBProgress (1): 1.4/3.5 MBProgress (1): 1.4/3.5 MBProgress (1): 1.4/3.5 MBProgress (1): 1.4/3.5 MBProgress (1): 1.4/3.5 MBProgress (1): 1.4/3.5 MBProgress (1): 1.4/3.5 MBProgress (1): 1.4/3.5 MBProgress (1): 1.4/3.5 MBProgress (1): 1.4/3.5 MBProgress (1): 1.4/3.5 MBProgress (1): 1.4/3.5 MBProgress (1): 1.4/3.5 MBProgress (1): 1.4/3.5 MBProgress (1): 1.5/3.5 MBProgress (1): 1.5/3.5 MBProgress (1): 1.5/3.5 MBProgress (1): 1.5/3.5 MBProgress (1): 1.5/3.5 MBProgress (1): 1.5/3.5 MBProgress (1): 1.5/3.5 MBProgress (1): 1.5/3.5 MBProgress (1): 1.5/3.5 MBProgress (1): 1.5/3.5 MBProgress (1): 1.5/3.5 MBProgress (1): 1.5/3.5 MBProgress (1): 1.5/3.5 MBProgress (1): 1.5/3.5 MBProgress (1): 1.5/3.5 MBProgress (1): 1.5/3.5 MBProgress (1): 1.5/3.5 MBProgress (1): 1.5/3.5 MBProgress (1): 1.5/3.5 MBProgress (1): 1.5/3.5 MBProgress (1): 1.5/3.5 MBProgress (1): 1.5/3.5 MBProgress (1): 1.5/3.5 MBProgress (1): 1.5/3.5 MBProgress (1): 1.6/3.5 MBProgress (1): 1.6/3.5 MBProgress (1): 1.6/3.5 MBProgress (1): 1.6/3.5 MBProgress (1): 1.6/3.5 MBProgress (1): 1.6/3.5 MBProgress (1): 1.6/3.5 MBProgress (1): 1.6/3.5 MBProgress (1): 1.6/3.5 MBProgress (1): 1.6/3.5 MBProgress (1): 1.6/3.5 MBProgress (1): 1.6/3.5 MBProgress (1): 1.6/3.5 MBProgress (1): 1.6/3.5 MBProgress (1): 1.6/3.5 MBProgress (1): 1.6/3.5 MBProgress (1): 1.6/3.5 MBProgress (1): 1.6/3.5 MBProgress (1): 1.6/3.5 MBProgress (1): 1.6/3.5 MBProgress (1): 1.6/3.5 MBProgress (1): 1.6/3.5 MBProgress (1): 1.6/3.5 MBProgress (1): 1.6/3.5 MBProgress (1): 1.6/3.5 MBProgress (1): 1.7/3.5 MBProgress (1): 1.7/3.5 MBProgress (1): 1.7/3.5 MBProgress (1): 1.7/3.5 MBProgress (1): 1.7/3.5 MBProgress (1): 1.7/3.5 MBProgress (1): 1.7/3.5 MBProgress (1): 1.7/3.5 MBProgress (1): 1.7/3.5 MBProgress (1): 1.7/3.5 MBProgress (1): 1.7/3.5 MBProgress (1): 1.7/3.5 MBProgress (1): 1.7/3.5 MBProgress (1): 1.7/3.5 MBProgress (1): 1.7/3.5 MBProgress (1): 1.7/3.5 MBProgress (1): 1.7/3.5 MBProgress (1): 1.7/3.5 MBProgress (1): 1.7/3.5 MBProgress (1): 1.7/3.5 MBProgress (1): 1.7/3.5 MBProgress (1): 1.7/3.5 MBProgress (1): 1.7/3.5 MBProgress (1): 1.7/3.5 MBProgress (1): 1.8/3.5 MBProgress (1): 1.8/3.5 MBProgress (1): 1.8/3.5 MBProgress (1): 1.8/3.5 MBProgress (1): 1.8/3.5 MBProgress (1): 1.8/3.5 MBProgress (1): 1.8/3.5 MBProgress (1): 1.8/3.5 MBProgress (1): 1.8/3.5 MBProgress (1): 1.8/3.5 MBProgress (1): 1.8/3.5 MBProgress (1): 1.8/3.5 MBProgress (1): 1.8/3.5 MBProgress (1): 1.8/3.5 MBProgress (1): 1.8/3.5 MBProgress (1): 1.8/3.5 MBProgress (1): 1.8/3.5 MBProgress (1): 1.8/3.5 MBProgress (1): 1.8/3.5 MBProgress (1): 1.8/3.5 MBProgress (1): 1.8/3.5 MBProgress (1): 1.8/3.5 MBProgress (1): 1.8/3.5 MBProgress (1): 1.8/3.5 MBProgress (1): 1.8/3.5 MBProgress (1): 1.9/3.5 MBProgress (1): 1.9/3.5 MBProgress (1): 1.9/3.5 MBProgress (1): 1.9/3.5 MBProgress (1): 1.9/3.5 MBProgress (1): 1.9/3.5 MBProgress (1): 1.9/3.5 MBProgress (1): 1.9/3.5 MBProgress (1): 1.9/3.5 MBProgress (1): 1.9/3.5 MBProgress (1): 1.9/3.5 MBProgress (1): 1.9/3.5 MBProgress (1): 1.9/3.5 MBProgress (1): 1.9/3.5 MBProgress (1): 1.9/3.5 MBProgress (1): 1.9/3.5 MBProgress (1): 1.9/3.5 MBProgress (1): 1.9/3.5 MBProgress (1): 1.9/3.5 MBProgress (1): 1.9/3.5 MBProgress (1): 1.9/3.5 MBProgress (1): 1.9/3.5 MBProgress (1): 1.9/3.5 MBProgress (1): 1.9/3.5 MBProgress (1): 1.9/3.5 MBProgress (1): 2.0/3.5 MBProgress (1): 2.0/3.5 MBProgress (1): 2.0/3.5 MBProgress (1): 2.0/3.5 MBProgress (1): 2.0/3.5 MBProgress (1): 2.0/3.5 MBProgress (1): 2.0/3.5 MBProgress (1): 2.0/3.5 MBProgress (1): 2.0/3.5 MBProgress (1): 2.0/3.5 MBProgress (1): 2.0/3.5 MBProgress (1): 2.0/3.5 MBProgress (1): 2.0/3.5 MBProgress (1): 2.0/3.5 MBProgress (1): 2.0/3.5 MBProgress (1): 2.0/3.5 MBProgress (1): 2.0/3.5 MBProgress (1): 2.0/3.5 MBProgress (1): 2.0/3.5 MBProgress (1): 2.0/3.5 MBProgress (1): 2.0/3.5 MBProgress (1): 2.0/3.5 MBProgress (1): 2.0/3.5 MBProgress (1): 2.0/3.5 MBProgress (1): 2.1/3.5 MBProgress (1): 2.1/3.5 MBProgress (1): 2.1/3.5 MBProgress (1): 2.1/3.5 MBProgress (1): 2.1/3.5 MBProgress (1): 2.1/3.5 MBProgress (1): 2.1/3.5 MBProgress (1): 2.1/3.5 MBProgress (1): 2.1/3.5 MBProgress (1): 2.1/3.5 MBProgress (1): 2.1/3.5 MBProgress (1): 2.1/3.5 MBProgress (1): 2.1/3.5 MBProgress (1): 2.1/3.5 MBProgress (1): 2.1/3.5 MBProgress (1): 2.1/3.5 MBProgress (1): 2.1/3.5 MBProgress (1): 2.1/3.5 MBProgress (1): 2.1/3.5 MBProgress (1): 2.1/3.5 MBProgress (1): 2.1/3.5 MBProgress (1): 2.1/3.5 MBProgress (1): 2.1/3.5 MBProgress (1): 2.1/3.5 MBProgress (1): 2.1/3.5 MBProgress (1): 2.2/3.5 MBProgress (1): 2.2/3.5 MBProgress (1): 2.2/3.5 MBProgress (1): 2.2/3.5 MBProgress (1): 2.2/3.5 MBProgress (1): 2.2/3.5 MBProgress (1): 2.2/3.5 MBProgress (1): 2.2/3.5 MBProgress (1): 2.2/3.5 MBProgress (1): 2.2/3.5 MBProgress (1): 2.2/3.5 MBProgress (1): 2.2/3.5 MBProgress (1): 2.2/3.5 MBProgress (1): 2.2/3.5 MBProgress (1): 2.2/3.5 MBProgress (1): 2.2/3.5 MBProgress (1): 2.2/3.5 MBProgress (1): 2.2/3.5 MBProgress (1): 2.2/3.5 MBProgress (1): 2.2/3.5 MBProgress (1): 2.2/3.5 MBProgress (1): 2.2/3.5 MBProgress (1): 2.2/3.5 MBProgress (1): 2.2/3.5 MBProgress (1): 2.3/3.5 MBProgress (1): 2.3/3.5 MBProgress (1): 2.3/3.5 MBProgress (1): 2.3/3.5 MBProgress (1): 2.3/3.5 MBProgress (1): 2.3/3.5 MBProgress (1): 2.3/3.5 MBProgress (1): 2.3/3.5 MBProgress (1): 2.3/3.5 MBProgress (1): 2.3/3.5 MBProgress (1): 2.3/3.5 MBProgress (1): 2.3/3.5 MBProgress (1): 2.3/3.5 MBProgress (1): 2.3/3.5 MBProgress (1): 2.3/3.5 MBProgress (1): 2.3/3.5 MBProgress (1): 2.3/3.5 MBProgress (1): 2.3/3.5 MBProgress (1): 2.3/3.5 MBProgress (1): 2.3/3.5 MBProgress (1): 2.3/3.5 MBProgress (1): 2.3/3.5 MBProgress (1): 2.3/3.5 MBProgress (1): 2.3/3.5 MBProgress (1): 2.3/3.5 MBProgress (1): 2.4/3.5 MBProgress (1): 2.4/3.5 MBProgress (1): 2.4/3.5 MBProgress (1): 2.4/3.5 MBProgress (1): 2.4/3.5 MBProgress (1): 2.4/3.5 MBProgress (1): 2.4/3.5 MBProgress (1): 2.4/3.5 MBProgress (1): 2.4/3.5 MBProgress (1): 2.4/3.5 MBProgress (1): 2.4/3.5 MBProgress (1): 2.4/3.5 MBProgress (1): 2.4/3.5 MBProgress (1): 2.4/3.5 MBProgress (1): 2.4/3.5 MBProgress (1): 2.4/3.5 MBProgress (1): 2.4/3.5 MBProgress (1): 2.4/3.5 MBProgress (1): 2.4/3.5 MBProgress (1): 2.4/3.5 MBProgress (1): 2.4/3.5 MBProgress (1): 2.4/3.5 MBProgress (1): 2.4/3.5 MBProgress (1): 2.4/3.5 MBProgress (1): 2.4/3.5 MBProgress (1): 2.5/3.5 MBProgress (1): 2.5/3.5 MBProgress (1): 2.5/3.5 MBProgress (1): 2.5/3.5 MBProgress (1): 2.5/3.5 MBProgress (1): 2.5/3.5 MBProgress (1): 2.5/3.5 MBProgress (1): 2.5/3.5 MBProgress (1): 2.5/3.5 MBProgress (1): 2.5/3.5 MBProgress (1): 2.5/3.5 MBProgress (1): 2.5/3.5 MBProgress (1): 2.5/3.5 MBProgress (1): 2.5/3.5 MBProgress (1): 2.5/3.5 MBProgress (1): 2.5/3.5 MBProgress (1): 2.5/3.5 MBProgress (1): 2.5/3.5 MBProgress (1): 2.5/3.5 MBProgress (1): 2.5/3.5 MBProgress (1): 2.5/3.5 MBProgress (1): 2.5/3.5 MBProgress (1): 2.5/3.5 MBProgress (1): 2.5/3.5 MBProgress (1): 2.6/3.5 MBProgress (1): 2.6/3.5 MBProgress (1): 2.6/3.5 MBProgress (1): 2.6/3.5 MBProgress (1): 2.6/3.5 MBProgress (1): 2.6/3.5 MBProgress (1): 2.6/3.5 MBProgress (1): 2.6/3.5 MBProgress (1): 2.6/3.5 MBProgress (1): 2.6/3.5 MBProgress (1): 2.6/3.5 MBProgress (1): 2.6/3.5 MBProgress (1): 2.6/3.5 MBProgress (1): 2.6/3.5 MBProgress (1): 2.6/3.5 MBProgress (1): 2.6/3.5 MBProgress (1): 2.6/3.5 MBProgress (1): 2.6/3.5 MBProgress (1): 2.6/3.5 MBProgress (1): 2.6/3.5 MBProgress (1): 2.6/3.5 MBProgress (1): 2.6/3.5 MBProgress (1): 2.6/3.5 MBProgress (1): 2.6/3.5 MBProgress (1): 2.7/3.5 MBProgress (1): 2.7/3.5 MBProgress (1): 2.7/3.5 MBProgress (1): 2.7/3.5 MBProgress (1): 2.7/3.5 MBProgress (1): 2.7/3.5 MBProgress (1): 2.7/3.5 MBProgress (1): 2.7/3.5 MBProgress (1): 2.7/3.5 MBProgress (1): 2.7/3.5 MBProgress (1): 2.7/3.5 MBProgress (1): 2.7/3.5 MBProgress (1): 2.7/3.5 MBProgress (1): 2.7/3.5 MBProgress (1): 2.7/3.5 MBProgress (1): 2.7/3.5 MBProgress (1): 2.7/3.5 MBProgress (1): 2.7/3.5 MBProgress (1): 2.7/3.5 MBProgress (1): 2.7/3.5 MBProgress (1): 2.7/3.5 MBProgress (1): 2.7/3.5 MBProgress (1): 2.7/3.5 MBProgress (1): 2.7/3.5 MBProgress (1): 2.7/3.5 MBProgress (1): 2.8/3.5 MBProgress (1): 2.8/3.5 MBProgress (1): 2.8/3.5 MBProgress (1): 2.8/3.5 MBProgress (1): 2.8/3.5 MBProgress (1): 2.8/3.5 MBProgress (1): 2.8/3.5 MBProgress (1): 2.8/3.5 MBProgress (1): 2.8/3.5 MBProgress (1): 2.8/3.5 MBProgress (1): 2.8/3.5 MBProgress (1): 2.8/3.5 MBProgress (1): 2.8/3.5 MBProgress (1): 2.8/3.5 MBProgress (1): 2.8/3.5 MBProgress (1): 2.8/3.5 MBProgress (1): 2.8/3.5 MBProgress (1): 2.8/3.5 MBProgress (1): 2.8/3.5 MBProgress (1): 2.8/3.5 MBProgress (1): 2.8/3.5 MBProgress (1): 2.8/3.5 MBProgress (1): 2.8/3.5 MBProgress (1): 2.8/3.5 MBProgress (1): 2.9/3.5 MBProgress (1): 2.9/3.5 MBProgress (1): 2.9/3.5 MBProgress (1): 2.9/3.5 MBProgress (1): 2.9/3.5 MBProgress (1): 2.9/3.5 MBProgress (1): 2.9/3.5 MBProgress (1): 2.9/3.5 MBProgress (1): 2.9/3.5 MBProgress (1): 2.9/3.5 MBProgress (1): 2.9/3.5 MBProgress (1): 2.9/3.5 MBProgress (1): 2.9/3.5 MBProgress (1): 2.9/3.5 MBProgress (1): 2.9/3.5 MBProgress (1): 2.9/3.5 MBProgress (1): 2.9/3.5 MBProgress (1): 2.9/3.5 MBProgress (1): 2.9/3.5 MBProgress (1): 2.9/3.5 MBProgress (1): 2.9/3.5 MBProgress (1): 2.9/3.5 MBProgress (1): 2.9/3.5 MBProgress (1): 2.9/3.5 MBProgress (1): 2.9/3.5 MBProgress (1): 3.0/3.5 MBProgress (1): 3.0/3.5 MBProgress (1): 3.0/3.5 MBProgress (1): 3.0/3.5 MBProgress (1): 3.0/3.5 MBProgress (1): 3.0/3.5 MBProgress (1): 3.0/3.5 MBProgress (1): 3.0/3.5 MBProgress (1): 3.0/3.5 MBProgress (1): 3.0/3.5 MBProgress (1): 3.0/3.5 MBProgress (1): 3.0/3.5 MBProgress (1): 3.0/3.5 MBProgress (1): 3.0/3.5 MBProgress (1): 3.0/3.5 MBProgress (1): 3.0/3.5 MBProgress (1): 3.0/3.5 MBProgress (1): 3.0/3.5 MBProgress (1): 3.0/3.5 MBProgress (1): 3.0/3.5 MBProgress (1): 3.0/3.5 MBProgress (1): 3.0/3.5 MBProgress (1): 3.0/3.5 MBProgress (1): 3.0/3.5 MBProgress (1): 3.1/3.5 MBProgress (1): 3.1/3.5 MBProgress (1): 3.1/3.5 MBProgress (1): 3.1/3.5 MBProgress (1): 3.1/3.5 MBProgress (1): 3.1/3.5 MBProgress (1): 3.1/3.5 MBProgress (1): 3.1/3.5 MBProgress (1): 3.1/3.5 MBProgress (1): 3.1/3.5 MBProgress (1): 3.1/3.5 MBProgress (1): 3.1/3.5 MBProgress (1): 3.1/3.5 MBProgress (1): 3.1/3.5 MBProgress (1): 3.1/3.5 MBProgress (1): 3.1/3.5 MBProgress (1): 3.1/3.5 MBProgress (1): 3.1/3.5 MBProgress (1): 3.1/3.5 MBProgress (1): 3.1/3.5 MBProgress (1): 3.1/3.5 MBProgress (1): 3.1/3.5 MBProgress (1): 3.1/3.5 MBProgress (1): 3.1/3.5 MBProgress (1): 3.1/3.5 MBProgress (1): 3.2/3.5 MBProgress (1): 3.2/3.5 MBProgress (1): 3.2/3.5 MBProgress (1): 3.2/3.5 MBProgress (1): 3.2/3.5 MBProgress (1): 3.2/3.5 MBProgress (1): 3.2/3.5 MBProgress (1): 3.2/3.5 MBProgress (1): 3.2/3.5 MBProgress (1): 3.2/3.5 MBProgress (1): 3.2/3.5 MBProgress (1): 3.2/3.5 MBProgress (1): 3.2/3.5 MBProgress (1): 3.2/3.5 MBProgress (1): 3.2/3.5 MBProgress (1): 3.2/3.5 MBProgress (1): 3.2/3.5 MBProgress (1): 3.2/3.5 MBProgress (1): 3.2/3.5 MBProgress (1): 3.2/3.5 MBProgress (1): 3.2/3.5 MBProgress (1): 3.2/3.5 MBProgress (1): 3.2/3.5 MBProgress (1): 3.2/3.5 MBProgress (1): 3.3/3.5 MBProgress (1): 3.3/3.5 MBProgress (1): 3.3/3.5 MBProgress (1): 3.3/3.5 MBProgress (1): 3.3/3.5 MBProgress (1): 3.3/3.5 MBProgress (1): 3.3/3.5 MBProgress (1): 3.3/3.5 MBProgress (1): 3.3/3.5 MBProgress (1): 3.3/3.5 MBProgress (1): 3.3/3.5 MBProgress (1): 3.3/3.5 MBProgress (1): 3.3/3.5 MBProgress (1): 3.3/3.5 MBProgress (1): 3.3/3.5 MBProgress (1): 3.3/3.5 MBProgress (1): 3.3/3.5 MBProgress (1): 3.3/3.5 MBProgress (1): 3.3/3.5 MBProgress (1): 3.3/3.5 MBProgress (1): 3.3/3.5 MBProgress (1): 3.3/3.5 MBProgress (1): 3.3/3.5 MBProgress (1): 3.3/3.5 MBProgress (1): 3.4/3.5 MBProgress (1): 3.4/3.5 MBProgress (1): 3.4/3.5 MBProgress (1): 3.4/3.5 MBProgress (1): 3.4/3.5 MBProgress (1): 3.4/3.5 MBProgress (1): 3.4/3.5 MBProgress (1): 3.4/3.5 MBProgress (1): 3.4/3.5 MBProgress (1): 3.4/3.5 MBProgress (1): 3.4/3.5 MBProgress (1): 3.4/3.5 MBProgress (1): 3.4/3.5 MBProgress (1): 3.4/3.5 MBProgress (1): 3.4/3.5 MBProgress (1): 3.4/3.5 MBProgress (1): 3.4/3.5 MBProgress (1): 3.4/3.5 MBProgress (1): 3.4/3.5 MBProgress (1): 3.4/3.5 MBProgress (1): 3.4/3.5 MBProgress (1): 3.4/3.5 MBProgress (1): 3.4/3.5 MBProgress (1): 3.4/3.5 MBProgress (1): 3.4/3.5 MBProgress (1): 3.5/3.5 MBProgress (1): 3.5/3.5 MBProgress (1): 3.5/3.5 MBProgress (1): 3.5/3.5 MBProgress (1): 3.5/3.5 MBProgress (1): 3.5/3.5 MBProgress (1): 3.5/3.5 MBProgress (1): 3.5/3.5 MBProgress (1): 3.5/3.5 MBProgress (1): 3.5/3.5 MBProgress (1): 3.5/3.5 MBProgress (1): 3.5/3.5 MBProgress (1): 3.5/3.5 MBProgress (1): 3.5/3.5 MBProgress (1): 3.5/3.5 MBProgress (1): 3.5/3.5 MBProgress (1): 3.5/3.5 MBProgress (1): 3.5/3.5 MBProgress (1): 3.5/3.5 MBProgress (1): 3.5/3.5 MBProgress (1): 3.5 MB                        Downloaded from central: https://repo.maven.apache.org/maven2/net/bytebuddy/byte-buddy/1.11.0/byte-buddy-1.11.0.jar (3.5 MB at 9.1 MB/s)
[[1;34mINFO[m] 
[[1;34mINFO[m] [1m--- [0;32mjacoco-maven-plugin:0.8.5:prepare-agent[m [1m(default-prepare-agent)[m @ [36mrocketmq-all[0;1m ---[m
Downloading from central: https://repo.maven.apache.org/maven2/org/jacoco/org.jacoco.agent/0.8.5/org.jacoco.agent-0.8.5.pom
Progress (1): 3.5 kB                    Downloaded from central: https://repo.maven.apache.org/maven2/org/jacoco/org.jacoco.agent/0.8.5/org.jacoco.agent-0.8.5.pom (3.5 kB at 21 kB/s)
Downloading from central: https://repo.maven.apache.org/maven2/org/jacoco/org.jacoco.core/0.8.5/org.jacoco.core-0.8.5.pom
Progress (1): 2.1 kB                    Downloaded from central: https://repo.maven.apache.org/maven2/org/jacoco/org.jacoco.core/0.8.5/org.jacoco.core-0.8.5.pom (2.1 kB at 139 kB/s)
Downloading from central: https://repo.maven.apache.org/maven2/org/ow2/asm/asm-commons/7.2/asm-commons-7.2.pom
Progress (1): 3.7 kB                    Downloaded from central: https://repo.maven.apache.org/maven2/org/ow2/asm/asm-commons/7.2/asm-commons-7.2.pom (3.7 kB at 43 kB/s)
Downloading from central: https://repo.maven.apache.org/maven2/org/ow2/asm/asm-tree/7.2/asm-tree-7.2.pom
Progress (1): 3.1 kB                    Downloaded from central: https://repo.maven.apache.org/maven2/org/ow2/asm/asm-tree/7.2/asm-tree-7.2.pom (3.1 kB at 125 kB/s)
Downloading from central: https://repo.maven.apache.org/maven2/org/ow2/asm/asm-analysis/7.2/asm-analysis-7.2.pom
Progress (1): 3.2 kB                    Downloaded from central: https://repo.maven.apache.org/maven2/org/ow2/asm/asm-analysis/7.2/asm-analysis-7.2.pom (3.2 kB at 144 kB/s)
Downloading from central: https://repo.maven.apache.org/maven2/org/jacoco/org.jacoco.report/0.8.5/org.jacoco.report-0.8.5.pom
Progress (1): 1.9 kB                    Downloaded from central: https://repo.maven.apache.org/maven2/org/jacoco/org.jacoco.report/0.8.5/org.jacoco.report-0.8.5.pom (1.9 kB at 10 kB/s)
Downloading from central: https://repo.maven.apache.org/maven2/org/jacoco/org.jacoco.agent/0.8.5/org.jacoco.agent-0.8.5-runtime.jar
Downloading from central: https://repo.maven.apache.org/maven2/org/jacoco/org.jacoco.core/0.8.5/org.jacoco.core-0.8.5.jar
Downloading from central: https://repo.maven.apache.org/maven2/org/ow2/asm/asm-commons/7.2/asm-commons-7.2.jar
Downloading from central: https://repo.maven.apache.org/maven2/org/ow2/asm/asm-analysis/7.2/asm-analysis-7.2.jar
Downloading from central: https://repo.maven.apache.org/maven2/org/ow2/asm/asm-tree/7.2/asm-tree-7.2.jar
Progress (1): 4.1/70 kBProgress (1): 8.2/70 kBProgress (1): 12/70 kB Progress (1): 16/70 kBProgress (1): 20/70 kBProgress (1): 25/70 kBProgress (1): 29/70 kBProgress (1): 33/70 kBProgress (2): 33/70 kB | 4.1/195 kBProgress (2): 33/70 kB | 8.2/195 kBProgress (2): 33/70 kB | 12/195 kB Progress (2): 33/70 kB | 16/195 kBProgress (2): 37/70 kB | 16/195 kBProgress (2): 41/70 kB | 16/195 kBProgress (2): 45/70 kB | 16/195 kBProgress (2): 49/70 kB | 16/195 kBProgress (2): 53/70 kB | 16/195 kBProgress (2): 57/70 kB | 16/195 kBProgress (2): 61/70 kB | 16/195 kBProgress (2): 61/70 kB | 20/195 kBProgress (2): 66/70 kB | 20/195 kBProgress (2): 66/70 kB | 25/195 kBProgress (2): 66/70 kB | 29/195 kBProgress (2): 66/70 kB | 33/195 kBProgress (2): 70/70 kB | 33/195 kBProgress (2): 70 kB | 33/195 kB   Progress (3): 70 kB | 33/195 kB | 4.1/33 kBProgress (3): 70 kB | 37/195 kB | 4.1/33 kBProgress (3): 70 kB | 41/195 kB | 4.1/33 kBProgress (3): 70 kB | 45/195 kB | 4.1/33 kBProgress (3): 70 kB | 49/195 kB | 4.1/33 kBProgress (3): 70 kB | 49/195 kB | 8.2/33 kBProgress (3): 70 kB | 49/195 kB | 12/33 kB Progress (3): 70 kB | 49/195 kB | 16/33 kBProgress (3): 70 kB | 53/195 kB | 16/33 kBProgress (3): 70 kB | 57/195 kB | 16/33 kBProgress (3): 70 kB | 61/195 kB | 16/33 kBProgress (3): 70 kB | 66/195 kB | 16/33 kBProgress (3): 70 kB | 66/195 kB | 20/33 kBProgress (3): 70 kB | 66/195 kB | 25/33 kBProgress (3): 70 kB | 66/195 kB | 29/33 kBProgress (3): 70 kB | 66/195 kB | 33/33 kBProgress (3): 70 kB | 66/195 kB | 33 kB   Progress (3): 70 kB | 70/195 kB | 33 kBProgress (3): 70 kB | 74/195 kB | 33 kBProgress (3): 70 kB | 78/195 kB | 33 kBProgress (3): 70 kB | 82/195 kB | 33 kBProgress (4): 70 kB | 82/195 kB | 33 kB | 4.1/50 kBProgress (4): 70 kB | 86/195 kB | 33 kB | 4.1/50 kBProgress (4): 70 kB | 90/195 kB | 33 kB | 4.1/50 kBProgress (4): 70 kB | 94/195 kB | 33 kB | 4.1/50 kBProgress (4): 70 kB | 98/195 kB | 33 kB | 4.1/50 kBProgress (4): 70 kB | 102/195 kB | 33 kB | 4.1/50 kBProgress (4): 70 kB | 102/195 kB | 33 kB | 8.2/50 kBProgress (4): 70 kB | 106/195 kB | 33 kB | 8.2/50 kBProgress (4): 70 kB | 111/195 kB | 33 kB | 8.2/50 kBProgress (4): 70 kB | 111/195 kB | 33 kB | 12/50 kB Progress (4): 70 kB | 115/195 kB | 33 kB | 12/50 kBProgress (4): 70 kB | 115/195 kB | 33 kB | 16/50 kBProgress (4): 70 kB | 119/195 kB | 33 kB | 16/50 kBProgress (4): 70 kB | 123/195 kB | 33 kB | 16/50 kBProgress (4): 70 kB | 127/195 kB | 33 kB | 16/50 kBProgress (4): 70 kB | 131/195 kB | 33 kB | 16/50 kBProgress (4): 70 kB | 135/195 kB | 33 kB | 16/50 kBProgress (4): 70 kB | 139/195 kB | 33 kB | 16/50 kBProgress (4): 70 kB | 143/195 kB | 33 kB | 16/50 kBProgress (4): 70 kB | 147/195 kB | 33 kB | 16/50 kB                                                   Downloaded from central: https://repo.maven.apache.org/maven2/org/ow2/asm/asm-commons/7.2/asm-commons-7.2.jar (70 kB at 2.4 MB/s)
Downloading from central: https://repo.maven.apache.org/maven2/org/jacoco/org.jacoco.report/0.8.5/org.jacoco.report-0.8.5.jar
Progress (3): 152/195 kB | 33 kB | 16/50 kBProgress (3): 156/195 kB | 33 kB | 16/50 kBProgress (3): 160/195 kB | 33 kB | 16/50 kBProgress (3): 164/195 kB | 33 kB | 16/50 kBProgress (3): 164/195 kB | 33 kB | 20/50 kBProgress (3): 164/195 kB | 33 kB | 25/50 kBProgress (3): 168/195 kB | 33 kB | 25/50 kBProgress (3): 172/195 kB | 33 kB | 25/50 kBProgress (3): 176/195 kB | 33 kB | 25/50 kBProgress (3): 176/195 kB | 33 kB | 29/50 kBProgress (3): 180/195 kB | 33 kB | 29/50 kBProgress (3): 180/195 kB | 33 kB | 33/50 kBProgress (3): 184/195 kB | 33 kB | 33/50 kBProgress (3): 188/195 kB | 33 kB | 33/50 kBProgress (3): 193/195 kB | 33 kB | 33/50 kBProgress (3): 193/195 kB | 33 kB | 37/50 kBProgress (3): 195 kB | 33 kB | 37/50 kB    Progress (3): 195 kB | 33 kB | 41/50 kBProgress (3): 195 kB | 33 kB | 45/50 kBProgress (3): 195 kB | 33 kB | 49/50 kBProgress (3): 195 kB | 33 kB | 50 kB   Progress (4): 195 kB | 33 kB | 50 kB | 4.1/129 kBProgress (4): 195 kB | 33 kB | 50 kB | 8.2/129 kBProgress (4): 195 kB | 33 kB | 50 kB | 12/129 kB Progress (4): 195 kB | 33 kB | 50 kB | 16/129 kBProgress (4): 195 kB | 33 kB | 50 kB | 20/129 kBProgress (4): 195 kB | 33 kB | 50 kB | 25/129 kBProgress (4): 195 kB | 33 kB | 50 kB | 29/129 kBProgress (4): 195 kB | 33 kB | 50 kB | 33/129 kBProgress (4): 195 kB | 33 kB | 50 kB | 37/129 kBProgress (4): 195 kB | 33 kB | 50 kB | 41/129 kBProgress (4): 195 kB | 33 kB | 50 kB | 45/129 kBProgress (4): 195 kB | 33 kB | 50 kB | 49/129 kBProgress (4): 195 kB | 33 kB | 50 kB | 53/129 kBProgress (4): 195 kB | 33 kB | 50 kB | 57/129 kBProgress (4): 195 kB | 33 kB | 50 kB | 61/129 kBProgress (4): 195 kB | 33 kB | 50 kB | 66/129 kBProgress (4): 195 kB | 33 kB | 50 kB | 70/129 kB                                                Downloaded from central: https://repo.maven.apache.org/maven2/org/jacoco/org.jacoco.core/0.8.5/org.jacoco.core-0.8.5.jar (195 kB at 4.4 MB/s)
Progress (3): 33 kB | 50 kB | 74/129 kBProgress (3): 33 kB | 50 kB | 78/129 kBProgress (3): 33 kB | 50 kB | 82/129 kBProgress (3): 33 kB | 50 kB | 86/129 kBProgress (3): 33 kB | 50 kB | 90/129 kBProgress (3): 33 kB | 50 kB | 94/129 kBProgress (3): 33 kB | 50 kB | 98/129 kBProgress (3): 33 kB | 50 kB | 102/129 kBProgress (3): 33 kB | 50 kB | 106/129 kBProgress (3): 33 kB | 50 kB | 111/129 kBProgress (3): 33 kB | 50 kB | 115/129 kB                                        Downloaded from central: https://repo.maven.apache.org/maven2/org/ow2/asm/asm-analysis/7.2/asm-analysis-7.2.jar (33 kB at 778 kB/s)
Progress (2): 50 kB | 119/129 kBProgress (2): 50 kB | 123/129 kBProgress (2): 50 kB | 127/129 kBProgress (2): 50 kB | 129 kB                                Downloaded from central: https://repo.maven.apache.org/maven2/org/ow2/asm/asm-tree/7.2/asm-tree-7.2.jar (50 kB at 1.1 MB/s)
Downloaded from central: https://repo.maven.apache.org/maven2/org/jacoco/org.jacoco.report/0.8.5/org.jacoco.report-0.8.5.jar (129 kB at 2.7 MB/s)
Progress (1): 4.1/282 kBProgress (1): 8.2/282 kBProgress (1): 12/282 kB Progress (1): 16/282 kBProgress (1): 20/282 kBProgress (1): 25/282 kBProgress (1): 29/282 kBProgress (1): 33/282 kBProgress (1): 37/282 kBProgress (1): 41/282 kBProgress (1): 45/282 kBProgress (1): 49/282 kBProgress (1): 53/282 kBProgress (1): 57/282 kBProgress (1): 61/282 kBProgress (1): 66/282 kBProgress (1): 70/282 kBProgress (1): 74/282 kBProgress (1): 78/282 kBProgress (1): 82/282 kBProgress (1): 86/282 kBProgress (1): 90/282 kBProgress (1): 94/282 kBProgress (1): 98/282 kBProgress (1): 102/282 kBProgress (1): 106/282 kBProgress (1): 111/282 kBProgress (1): 115/282 kBProgress (1): 119/282 kBProgress (1): 123/282 kBProgress (1): 127/282 kBProgress (1): 131/282 kBProgress (1): 135/282 kBProgress (1): 139/282 kBProgress (1): 143/282 kBProgress (1): 147/282 kBProgress (1): 152/282 kBProgress (1): 156/282 kBProgress (1): 160/282 kBProgress (1): 164/282 kBProgress (1): 168/282 kBProgress (1): 172/282 kBProgress (1): 176/282 kBProgress (1): 180/282 kBProgress (1): 184/282 kBProgress (1): 188/282 kBProgress (1): 193/282 kBProgress (1): 197/282 kBProgress (1): 201/282 kBProgress (1): 205/282 kBProgress (1): 209/282 kBProgress (1): 213/282 kBProgress (1): 217/282 kBProgress (1): 219/282 kBProgress (1): 223/282 kBProgress (1): 227/282 kBProgress (1): 231/282 kBProgress (1): 235/282 kBProgress (1): 239/282 kBProgress (1): 243/282 kBProgress (1): 247/282 kBProgress (1): 251/282 kBProgress (1): 256/282 kBProgress (1): 260/282 kBProgress (1): 264/282 kBProgress (1): 268/282 kBProgress (1): 272/282 kBProgress (1): 276/282 kBProgress (1): 280/282 kBProgress (1): 282 kB                        Downloaded from central: https://repo.maven.apache.org/maven2/org/jacoco/org.jacoco.agent/0.8.5/org.jacoco.agent-0.8.5-runtime.jar (282 kB at 934 kB/s)
[[1;34mINFO[m] argLine set to -javaagent:/home/ch61/.m2/repository/org/jacoco/org.jacoco.agent/0.8.5/org.jacoco.agent-0.8.5-runtime.jar=destfile=/home/ch61/rocketmq/target/jacoco.exec
[[1;34mINFO[m] 
[[1;34mINFO[m] [1m--- [0;32mmaven-remote-resources-plugin:1.5:process[m [1m(process-resource-bundles)[m @ [36mrocketmq-all[0;1m ---[m
[[1;34mINFO[m] 
[[1;34mINFO[m] [1m<<< [0;32mnondex-maven-plugin:1.1.2:nondex[m [1m(default-cli)[0;1m < [0;1mtest-compile[m @ [36mrocketmq-all[0;1m <<<[m
[[1;34mINFO[m] 
[[1;34mINFO[m] 
[[1;34mINFO[m] [1m--- [0;32mnondex-maven-plugin:1.1.2:nondex[m [1m(default-cli)[m @ [36mrocketmq-all[0;1m ---[m
INFO: The original argline is: 
INFO: Creating new argline for Surefire
CONFIG: nondexFilter=.*
nondexMode=FULL
nondexSeed=933178
nondexStart=0
nondexEnd=9223372036854775807
nondexPrintstack=false
nondexDir=/home/ch61/rocketmq/.nondex
nondexJarDir=.nondex
nondexExecid=clean_iiKtuboZyALR1NVgyKhhhYZ1YXrjVtLVWiZ+on9dzDQ=
nondexLogging=CONFIG
test=
[[1;34mINFO[m] No tests to run.
INFO: Adding excluded groups to newly created one
INFO: Creating new argline for Surefire
CONFIG: nondexFilter=.*
nondexMode=FULL
nondexSeed=933178
nondexStart=0
nondexEnd=9223372036854775807
nondexPrintstack=false
nondexDir=/home/ch61/rocketmq/.nondex
nondexJarDir=/home/ch61/rocketmq/.nondex
nondexExecid=mIu15JaFbhKIVbjJHpKeyKM6eAX5XRf2hmFmbGRWFZk=
nondexLogging=CONFIG
test=
[[1;34mINFO[m] No tests to run.
INFO: Adding excluded groups to newly created one
INFO: Creating new argline for Surefire
CONFIG: nondexFilter=.*
nondexMode=FULL
nondexSeed=974622
nondexStart=0
nondexEnd=9223372036854775807
nondexPrintstack=false
nondexDir=/home/ch61/rocketmq/.nondex
nondexJarDir=/home/ch61/rocketmq/.nondex
nondexExecid=7DUzRtt7ANZAE9My41S3FX3yKSnx8fKMgJQ4tTbJ7M=
nondexLogging=CONFIG
test=
[[1;34mINFO[m] No tests to run.
INFO: Adding excluded groups to newly created one
INFO: Creating new argline for Surefire
CONFIG: nondexFilter=.*
nondexMode=FULL
nondexSeed=1016066
nondexStart=0
nondexEnd=9223372036854775807
nondexPrintstack=false
nondexDir=/home/ch61/rocketmq/.nondex
nondexJarDir=/home/ch61/rocketmq/.nondex
nondexExecid=kkf7zPRBX5DYv+Q99Y1UtEwmWjQtGnNk7oZGRmvsnbA=
nondexLogging=CONFIG
test=
[[1;34mINFO[m] No tests to run.
[[1;34mINFO[m] NonDex SUMMARY:
[[1;34mINFO[m] *********
[[1;34mINFO[m] mvn nondex:nondex  -DnondexFilter='.*' -DnondexMode=FULL -DnondexSeed=933178 -DnondexStart=0 -DnondexEnd=9223372036854775807 -DnondexPrintstack=false -DnondexDir="/home/ch61/rocketmq/.nondex" -DnondexJarDir="/home/ch61/rocketmq/.nondex" -DnondexExecid=mIu15JaFbhKIVbjJHpKeyKM6eAX5XRf2hmFmbGRWFZk= -DnondexLogging=CONFIG
[[1;34mINFO[m] No Test Failed with this configuration.
[[1;34mINFO[m] *********
[[1;34mINFO[m] *********
[[1;34mINFO[m] mvn nondex:nondex  -DnondexFilter='.*' -DnondexMode=FULL -DnondexSeed=974622 -DnondexStart=0 -DnondexEnd=9223372036854775807 -DnondexPrintstack=false -DnondexDir="/home/ch61/rocketmq/.nondex" -DnondexJarDir="/home/ch61/rocketmq/.nondex" -DnondexExecid=7DUzRtt7ANZAE9My41S3FX3yKSnx8fKMgJQ4tTbJ7M= -DnondexLogging=CONFIG
[[1;34mINFO[m] No Test Failed with this configuration.
[[1;34mINFO[m] *********
[[1;34mINFO[m] *********
[[1;34mINFO[m] mvn nondex:nondex  -DnondexFilter='.*' -DnondexMode=FULL -DnondexSeed=1016066 -DnondexStart=0 -DnondexEnd=9223372036854775807 -DnondexPrintstack=false -DnondexDir="/home/ch61/rocketmq/.nondex" -DnondexJarDir="/home/ch61/rocketmq/.nondex" -DnondexExecid=kkf7zPRBX5DYv+Q99Y1UtEwmWjQtGnNk7oZGRmvsnbA= -DnondexLogging=CONFIG
[[1;34mINFO[m] No Test Failed with this configuration.
[[1;34mINFO[m] *********
[[1;34mINFO[m] Across all seeds:
[[1;34mINFO[m] Test results can be found at: 
[[1;34mINFO[m] file:///home/ch61/rocketmq/.nondex/mIu15JaFbhKIVbjJHpKeyKM6eAX5XRf2hmFmbGRWFZk=/test_results.html
[[1;34mINFO[m] [NonDex] The id of this run is: mIu15JaFbhKIVbjJHpKeyKM6eAX5XRf2hmFmbGRWFZk=
[[1;34mINFO[m] 
[[1;34mINFO[m] [1m----------------< [0;36morg.apache.rocketmq:rocketmq-logging[0;1m >----------------[m
[[1;34mINFO[m] [1mBuilding rocketmq-logging 4.9.3-SNAPSHOT 4.9.3-SNAPSHOT           [2/17][m
[[1;34mINFO[m] [1m--------------------------------[ jar ]---------------------------------[m
[[1;34mINFO[m] 
[[1;34mINFO[m] [1m>>> [0;32mnondex-maven-plugin:1.1.2:nondex[m [1m(default-cli)[0;1m > [0;1mtest-compile[m @ [36mrocketmq-logging[0;1m >>>[m
Downloading from central: https://repo.maven.apache.org/maven2/ch/qos/logback/logback-classic/1.0.13/logback-classic-1.0.13.pom
Progress (1): 4.1/12 kBProgress (1): 8.2/12 kBProgress (1): 12 kB                       Downloaded from central: https://repo.maven.apache.org/maven2/ch/qos/logback/logback-classic/1.0.13/logback-classic-1.0.13.pom (12 kB at 791 kB/s)
Downloading from central: https://repo.maven.apache.org/maven2/ch/qos/logback/logback-parent/1.0.13/logback-parent-1.0.13.pom
Progress (1): 4.1/15 kBProgress (1): 8.2/15 kBProgress (1): 12/15 kB Progress (1): 15 kB                      Downloaded from central: https://repo.maven.apache.org/maven2/ch/qos/logback/logback-parent/1.0.13/logback-parent-1.0.13.pom (15 kB at 189 kB/s)
Downloading from central: https://repo.maven.apache.org/maven2/ch/qos/logback/logback-core/1.0.13/logback-core-1.0.13.pom
Progress (1): 4.1/5.0 kBProgress (1): 5.0 kB                        Downloaded from central: https://repo.maven.apache.org/maven2/ch/qos/logback/logback-core/1.0.13/logback-core-1.0.13.pom (5.0 kB at 33 kB/s)
Downloading from central: https://repo.maven.apache.org/maven2/ch/qos/logback/logback-classic/1.0.13/logback-classic-1.0.13.jar
Downloading from central: https://repo.maven.apache.org/maven2/ch/qos/logback/logback-core/1.0.13/logback-core-1.0.13.jar
Progress (1): 4.1/265 kBProgress (1): 8.2/265 kBProgress (1): 12/265 kB Progress (1): 16/265 kBProgress (1): 20/265 kBProgress (1): 25/265 kBProgress (1): 29/265 kBProgress (1): 33/265 kBProgress (1): 37/265 kBProgress (1): 41/265 kBProgress (1): 45/265 kBProgress (1): 49/265 kBProgress (1): 53/265 kBProgress (1): 57/265 kBProgress (1): 61/265 kBProgress (1): 66/265 kBProgress (1): 70/265 kBProgress (1): 74/265 kBProgress (1): 78/265 kBProgress (1): 82/265 kBProgress (1): 86/265 kBProgress (1): 90/265 kBProgress (1): 94/265 kBProgress (1): 98/265 kBProgress (2): 98/265 kB | 4.1/419 kBProgress (2): 98/265 kB | 8.2/419 kBProgress (2): 98/265 kB | 12/419 kB Progress (2): 98/265 kB | 16/419 kBProgress (2): 98/265 kB | 20/419 kBProgress (2): 98/265 kB | 25/419 kBProgress (2): 98/265 kB | 29/419 kBProgress (2): 98/265 kB | 33/419 kBProgress (2): 98/265 kB | 37/419 kBProgress (2): 98/265 kB | 41/419 kBProgress (2): 98/265 kB | 45/419 kBProgress (2): 98/265 kB | 49/419 kBProgress (2): 98/265 kB | 53/419 kBProgress (2): 98/265 kB | 57/419 kBProgress (2): 98/265 kB | 61/419 kBProgress (2): 102/265 kB | 61/419 kBProgress (2): 106/265 kB | 61/419 kBProgress (2): 111/265 kB | 61/419 kBProgress (2): 115/265 kB | 61/419 kBProgress (2): 119/265 kB | 61/419 kBProgress (2): 123/265 kB | 61/419 kBProgress (2): 127/265 kB | 61/419 kBProgress (2): 131/265 kB | 61/419 kBProgress (2): 135/265 kB | 61/419 kBProgress (2): 139/265 kB | 61/419 kBProgress (2): 143/265 kB | 61/419 kBProgress (2): 147/265 kB | 61/419 kBProgress (2): 152/265 kB | 61/419 kBProgress (2): 156/265 kB | 61/419 kBProgress (2): 160/265 kB | 61/419 kBProgress (2): 164/265 kB | 61/419 kBProgress (2): 168/265 kB | 61/419 kBProgress (2): 172/265 kB | 61/419 kBProgress (2): 176/265 kB | 61/419 kBProgress (2): 180/265 kB | 61/419 kBProgress (2): 184/265 kB | 61/419 kBProgress (2): 188/265 kB | 61/419 kBProgress (2): 193/265 kB | 61/419 kBProgress (2): 197/265 kB | 61/419 kBProgress (2): 201/265 kB | 61/419 kBProgress (2): 205/265 kB | 61/419 kBProgress (2): 209/265 kB | 61/419 kBProgress (2): 213/265 kB | 61/419 kBProgress (2): 213/265 kB | 66/419 kBProgress (2): 213/265 kB | 70/419 kBProgress (2): 213/265 kB | 74/419 kBProgress (2): 213/265 kB | 78/419 kBProgress (2): 213/265 kB | 82/419 kBProgress (2): 213/265 kB | 86/419 kBProgress (2): 213/265 kB | 90/419 kBProgress (2): 213/265 kB | 94/419 kBProgress (2): 213/265 kB | 98/419 kBProgress (2): 213/265 kB | 102/419 kBProgress (2): 213/265 kB | 106/419 kBProgress (2): 213/265 kB | 111/419 kBProgress (2): 213/265 kB | 115/419 kBProgress (2): 213/265 kB | 119/419 kBProgress (2): 213/265 kB | 123/419 kBProgress (2): 213/265 kB | 127/419 kBProgress (2): 213/265 kB | 131/419 kBProgress (2): 213/265 kB | 135/419 kBProgress (2): 213/265 kB | 139/419 kBProgress (2): 213/265 kB | 143/419 kBProgress (2): 213/265 kB | 147/419 kBProgress (2): 213/265 kB | 152/419 kBProgress (2): 213/265 kB | 156/419 kBProgress (2): 213/265 kB | 160/419 kBProgress (2): 213/265 kB | 164/419 kBProgress (2): 213/265 kB | 168/419 kBProgress (2): 217/265 kB | 168/419 kBProgress (2): 219/265 kB | 168/419 kBProgress (2): 223/265 kB | 168/419 kBProgress (2): 227/265 kB | 168/419 kBProgress (2): 231/265 kB | 168/419 kBProgress (2): 235/265 kB | 168/419 kBProgress (2): 239/265 kB | 168/419 kBProgress (2): 243/265 kB | 168/419 kBProgress (2): 247/265 kB | 168/419 kBProgress (2): 251/265 kB | 168/419 kBProgress (2): 256/265 kB | 168/419 kBProgress (2): 260/265 kB | 168/419 kBProgress (2): 264/265 kB | 168/419 kBProgress (2): 265 kB | 168/419 kB    Progress (2): 265 kB | 172/419 kBProgress (2): 265 kB | 176/419 kBProgress (2): 265 kB | 180/419 kBProgress (2): 265 kB | 184/419 kBProgress (2): 265 kB | 188/419 kBProgress (2): 265 kB | 193/419 kBProgress (2): 265 kB | 197/419 kBProgress (2): 265 kB | 201/419 kBProgress (2): 265 kB | 205/419 kBProgress (2): 265 kB | 209/419 kBProgress (2): 265 kB | 213/419 kBProgress (2): 265 kB | 217/419 kBProgress (2): 265 kB | 221/419 kBProgress (2): 265 kB | 225/419 kBProgress (2): 265 kB | 229/419 kBProgress (2): 265 kB | 233/419 kBProgress (2): 265 kB | 238/419 kBProgress (2): 265 kB | 242/419 kBProgress (2): 265 kB | 246/419 kBProgress (2): 265 kB | 250/419 kBProgress (2): 265 kB | 254/419 kBProgress (2): 265 kB | 258/419 kBProgress (2): 265 kB | 262/419 kBProgress (2): 265 kB | 266/419 kBProgress (2): 265 kB | 270/419 kB                                 Downloaded from central: https://repo.maven.apache.org/maven2/ch/qos/logback/logback-classic/1.0.13/logback-classic-1.0.13.jar (265 kB at 7.0 MB/s)
Progress (1): 274/419 kBProgress (1): 279/419 kBProgress (1): 283/419 kBProgress (1): 287/419 kBProgress (1): 291/419 kBProgress (1): 295/419 kBProgress (1): 299/419 kBProgress (1): 303/419 kBProgress (1): 307/419 kBProgress (1): 311/419 kBProgress (1): 315/419 kBProgress (1): 319/419 kBProgress (1): 324/419 kBProgress (1): 328/419 kBProgress (1): 332/419 kBProgress (1): 336/419 kBProgress (1): 340/419 kBProgress (1): 344/419 kBProgress (1): 348/419 kBProgress (1): 352/419 kBProgress (1): 356/419 kBProgress (1): 360/419 kBProgress (1): 365/419 kBProgress (1): 369/419 kBProgress (1): 373/419 kBProgress (1): 377/419 kBProgress (1): 381/419 kBProgress (1): 385/419 kBProgress (1): 389/419 kBProgress (1): 393/419 kBProgress (1): 397/419 kBProgress (1): 401/419 kBProgress (1): 406/419 kBProgress (1): 410/419 kBProgress (1): 414/419 kBProgress (1): 418/419 kBProgress (1): 419 kB                        Downloaded from central: https://repo.maven.apache.org/maven2/ch/qos/logback/logback-core/1.0.13/logback-core-1.0.13.jar (419 kB at 7.6 MB/s)
[[1;34mINFO[m] 
[[1;34mINFO[m] [1m--- [0;32mmaven-enforcer-plugin:1.4.1:enforce[m [1m(enforce-ban-circular-dependencies)[m @ [36mrocketmq-logging[0;1m ---[m
[[1;34mINFO[m] 
[[1;34mINFO[m] [1m--- [0;32mjacoco-maven-plugin:0.8.5:prepare-agent[m [1m(default-prepare-agent)[m @ [36mrocketmq-logging[0;1m ---[m
[[1;34mINFO[m] argLine set to -javaagent:/home/ch61/.m2/repository/org/jacoco/org.jacoco.agent/0.8.5/org.jacoco.agent-0.8.5-runtime.jar=destfile=/home/ch61/rocketmq/logging/target/jacoco.exec
[[1;34mINFO[m] 
[[1;34mINFO[m] [1m--- [0;32mmaven-remote-resources-plugin:1.5:process[m [1m(process-resource-bundles)[m @ [36mrocketmq-logging[0;1m ---[m
[[1;34mINFO[m] 
[[1;34mINFO[m] [1m--- [0;32mmaven-resources-plugin:3.0.2:resources[m [1m(default-resources)[m @ [36mrocketmq-logging[0;1m ---[m
[[1;34mINFO[m] Using 'UTF-8' encoding to copy filtered resources.
[[1;34mINFO[m] skip non existing resourceDirectory /home/ch61/rocketmq/logging/src/main/resources
[[1;34mINFO[m] Copying 3 resources
[[1;34mINFO[m] 
[[1;34mINFO[m] [1m--- [0;32mmaven-compiler-plugin:3.5.1:compile[m [1m(default-compile)[m @ [36mrocketmq-logging[0;1m ---[m
[[1;34mINFO[m] Changes detected - recompiling the module!
[[1;34mINFO[m] Compiling 12 source files to /home/ch61/rocketmq/logging/target/classes
[[1;34mINFO[m] 
[[1;34mINFO[m] [1m--- [0;32mmaven-resources-plugin:3.0.2:testResources[m [1m(default-testResources)[m @ [36mrocketmq-logging[0;1m ---[m
[[1;34mINFO[m] Using 'UTF-8' encoding to copy filtered resources.
[[1;34mINFO[m] Copying 1 resource
[[1;34mINFO[m] Copying 3 resources
[[1;34mINFO[m] 
[[1;34mINFO[m] [1m--- [0;32mmaven-compiler-plugin:3.5.1:testCompile[m [1m(default-testCompile)[m @ [36mrocketmq-logging[0;1m ---[m
[[1;34mINFO[m] Changes detected - recompiling the module!
[[1;34mINFO[m] Compiling 11 source files to /home/ch61/rocketmq/logging/target/test-classes
[[1;34mINFO[m] 
[[1;34mINFO[m] [1m<<< [0;32mnondex-maven-plugin:1.1.2:nondex[m [1m(default-cli)[0;1m < [0;1mtest-compile[m @ [36mrocketmq-logging[0;1m <<<[m
[[1;34mINFO[m] 
[[1;34mINFO[m] 
[[1;34mINFO[m] [1m--- [0;32mnondex-maven-plugin:1.1.2:nondex[m [1m(default-cli)[m @ [36mrocketmq-logging[0;1m ---[m
INFO: The original argline is: 
INFO: Creating new argline for Surefire
CONFIG: nondexFilter=.*
nondexMode=FULL
nondexSeed=933178
nondexStart=0
nondexEnd=9223372036854775807
nondexPrintstack=false
nondexDir=/home/ch61/rocketmq/logging/.nondex
nondexJarDir=.nondex
nondexExecid=clean_NF6EQtVjgd2U8ioBNwWJmL1J4AeOcj+y23kyIVqVvug=
nondexLogging=CONFIG
test=

-------------------------------------------------------
 T E S T S
-------------------------------------------------------
Running org.apache.rocketmq.logging.InnerLoggerFactoryTest
RocketMQLog:WARN No appenders could be found for logger (org.apache.rocketmq.logging.InnerLoggerFactoryTest).
RocketMQLog:WARN Please initialize the logger system properly.
Tests run: 1, Failures: 0, Errors: 0, Skipped: 0, Time elapsed: 0.266 sec - in org.apache.rocketmq.logging.InnerLoggerFactoryTest
Running org.apache.rocketmq.logging.inner.LoggerRepositoryTest
Tests run: 1, Failures: 0, Errors: 0, Skipped: 0, Time elapsed: 0.001 sec - in org.apache.rocketmq.logging.inner.LoggerRepositoryTest
Running org.apache.rocketmq.logging.inner.MessageFormatterTest
cause exception 143545
Tests run: 1, Failures: 0, Errors: 0, Skipped: 0, Time elapsed: 0.002 sec - in org.apache.rocketmq.logging.inner.MessageFormatterTest
Running org.apache.rocketmq.logging.inner.LoggingBuilderTest
Tests run: 3, Failures: 0, Errors: 0, Skipped: 0, Time elapsed: 0.098 sec - in org.apache.rocketmq.logging.inner.LoggingBuilderTest
Running org.apache.rocketmq.logging.inner.AppenderTest
2021-10-31 20:55:39,290 INFO fileLogger - fileLogger info Message
2021-10-31 20:55:39,290 ERROR fileLogger - fileLogger error Message
java.lang.RuntimeException
	at org.apache.rocketmq.logging.inner.AppenderTest.testInnerFile(AppenderTest.java:87)
	at sun.reflect.NativeMethodAccessorImpl.invoke0(Native Method)
	at sun.reflect.NativeMethodAccessorImpl.invoke(NativeMethodAccessorImpl.java:62)
	at sun.reflect.DelegatingMethodAccessorImpl.invoke(DelegatingMethodAccessorImpl.java:43)
	at java.lang.reflect.Method.invoke(Method.java:498)
	at org.junit.runners.model.FrameworkMethod$1.runReflectiveCall(FrameworkMethod.java:59)
	at org.junit.internal.runners.model.ReflectiveCallable.run(ReflectiveCallable.java:12)
	at org.junit.runners.model.FrameworkMethod.invokeExplosively(FrameworkMethod.java:56)
	at org.junit.internal.runners.statements.InvokeMethod.evaluate(InvokeMethod.java:17)
	at org.junit.internal.runners.statements.RunBefores.evaluate(RunBefores.java:26)
	at org.junit.internal.runners.statements.RunAfters.evaluate(RunAfters.java:27)
	at org.junit.runners.ParentRunner$3.evaluate(ParentRunner.java:306)
	at org.junit.runners.BlockJUnit4ClassRunner$1.evaluate(BlockJUnit4ClassRunner.java:100)
	at org.junit.runners.ParentRunner.runLeaf(ParentRunner.java:366)
	at org.junit.runners.BlockJUnit4ClassRunner.runChild(BlockJUnit4ClassRunner.java:103)
	at org.junit.runners.BlockJUnit4ClassRunner.runChild(BlockJUnit4ClassRunner.java:63)
	at org.junit.runners.ParentRunner$4.run(ParentRunner.java:331)
	at org.junit.runners.ParentRunner$1.schedule(ParentRunner.java:79)
	at org.junit.runners.ParentRunner.runChildren(ParentRunner.java:329)
	at org.junit.runners.ParentRunner.access$100(ParentRunner.java:66)
	at org.junit.runners.ParentRunner$2.evaluate(ParentRunner.java:293)
	at org.junit.runners.ParentRunner$3.evaluate(ParentRunner.java:306)
	at org.junit.runners.ParentRunner.run(ParentRunner.java:413)
	at org.apache.maven.surefire.junit4.JUnit4Provider.execute(JUnit4Provider.java:367)
	at org.apache.maven.surefire.junit4.JUnit4Provider.executeWithRerun(JUnit4Provider.java:274)
	at org.apache.maven.surefire.junit4.JUnit4Provider.executeTestSet(JUnit4Provider.java:238)
	at org.apache.maven.surefire.junit4.JUnit4Provider.invoke(JUnit4Provider.java:161)
	at org.apache.maven.surefire.booter.ForkedBooter.invokeProviderInSameClassLoader(ForkedBooter.java:290)
	at org.apache.maven.surefire.booter.ForkedBooter.runSuitesInProcess(ForkedBooter.java:242)
	at org.apache.maven.surefire.booter.ForkedBooter.main(ForkedBooter.java:121)


RocketMQLog: setFile called: /home/ch61/logs/rocketmq-test/simple.log, true
RocketMQLog: setFile ended
RocketMQLog: setFile called: /home/ch61/logs/rocketmq-test/rolling_file.log, true
RocketMQLog: setFile ended
Tests run: 6, Failures: 0, Errors: 0, Skipped: 0, Time elapsed: 0.01 sec - in org.apache.rocketmq.logging.inner.AppenderTest
Running org.apache.rocketmq.logging.inner.LevelTest
Tests run: 2, Failures: 0, Errors: 0, Skipped: 0, Time elapsed: 0 sec - in org.apache.rocketmq.logging.inner.LevelTest
Running org.apache.rocketmq.logging.inner.LayoutTest
2021-10-31 20:55:39,296 INFO test - junit test error

Tests run: 3, Failures: 0, Errors: 0, Skipped: 0, Time elapsed: 0 sec - in org.apache.rocketmq.logging.inner.LayoutTest
Running org.apache.rocketmq.logging.inner.LoggerTest
RocketMQLog: setFile called: /home/ch61/logs/rocketmq-test/inner.log, true
RocketMQLog: setFile ended
RocketMQLog: Appender [null] to be rolled at midnight.
RocketMQLog:ERROR Attempted to append to closed appender named [null].
RocketMQLog:ERROR Attempted to append to closed appender named [null].
2021-10-31 20:55:39,313 INFO innerLogger - fileLogger info Message
2021-10-31 20:55:39,313 ERROR innerLogger - fileLogger error Message
java.lang.RuntimeException
	at org.apache.rocketmq.logging.inner.LoggerTest.testInnerFileLogger(LoggerTest.java:97)
	at sun.reflect.NativeMethodAccessorImpl.invoke0(Native Method)
	at sun.reflect.NativeMethodAccessorImpl.invoke(NativeMethodAccessorImpl.java:62)
	at sun.reflect.DelegatingMethodAccessorImpl.invoke(DelegatingMethodAccessorImpl.java:43)
	at java.lang.reflect.Method.invoke(Method.java:498)
	at org.junit.runners.model.FrameworkMethod$1.runReflectiveCall(FrameworkMethod.java:59)
	at org.junit.internal.runners.model.ReflectiveCallable.run(ReflectiveCallable.java:12)
	at org.junit.runners.model.FrameworkMethod.invokeExplosively(FrameworkMethod.java:56)
	at org.junit.internal.runners.statements.InvokeMethod.evaluate(InvokeMethod.java:17)
	at org.junit.internal.runners.statements.RunBefores.evaluate(RunBefores.java:26)
	at org.junit.internal.runners.statements.RunAfters.evaluate(RunAfters.java:27)
	at org.junit.runners.ParentRunner$3.evaluate(ParentRunner.java:306)
	at org.junit.runners.BlockJUnit4ClassRunner$1.evaluate(BlockJUnit4ClassRunner.java:100)
	at org.junit.runners.ParentRunner.runLeaf(ParentRunner.java:366)
	at org.junit.runners.BlockJUnit4ClassRunner.runChild(BlockJUnit4ClassRunner.java:103)
	at org.junit.runners.BlockJUnit4ClassRunner.runChild(BlockJUnit4ClassRunner.java:63)
	at org.junit.runners.ParentRunner$4.run(ParentRunner.java:331)
	at org.junit.runners.ParentRunner$1.schedule(ParentRunner.java:79)
	at org.junit.runners.ParentRunner.runChildren(ParentRunner.java:329)
	at org.junit.runners.ParentRunner.access$100(ParentRunner.java:66)
	at org.junit.runners.ParentRunner$2.evaluate(ParentRunner.java:293)
	at org.junit.runners.ParentRunner$3.evaluate(ParentRunner.java:306)
	at org.junit.runners.ParentRunner.run(ParentRunner.java:413)
	at org.apache.maven.surefire.junit4.JUnit4Provider.execute(JUnit4Provider.java:367)
	at org.apache.maven.surefire.junit4.JUnit4Provider.executeWithRerun(JUnit4Provider.java:274)
	at org.apache.maven.surefire.junit4.JUnit4Provider.executeTestSet(JUnit4Provider.java:238)
	at org.apache.maven.surefire.junit4.JUnit4Provider.invoke(JUnit4Provider.java:161)
	at org.apache.maven.surefire.booter.ForkedBooter.invokeProviderInSameClassLoader(ForkedBooter.java:290)
	at org.apache.maven.surefire.booter.ForkedBooter.runSuitesInProcess(ForkedBooter.java:242)
	at org.apache.maven.surefire.booter.ForkedBooter.main(ForkedBooter.java:121)


RocketMQLog:ERROR Attempted to append to closed appender named [null].
RocketMQLog:ERROR Attempted to append to closed appender named [null].
RocketMQLog:ERROR Attempted to append to closed appender named [null].
RocketMQLog:ERROR Attempted to append to closed appender named [null].
RocketMQLog:ERROR Attempted to append to closed appender named [null].
2021-10-31 20:55:39,316 INFO ConsoleLogger - console info Message
2021-10-31 20:55:39,317 ERROR ConsoleLogger - console error Message
java.lang.RuntimeException
	at org.apache.rocketmq.logging.inner.LoggerTest.testInnerConsoleLogger(LoggerTest.java:56)
	at sun.reflect.NativeMethodAccessorImpl.invoke0(Native Method)
	at sun.reflect.NativeMethodAccessorImpl.invoke(NativeMethodAccessorImpl.java:62)
	at sun.reflect.DelegatingMethodAccessorImpl.invoke(DelegatingMethodAccessorImpl.java:43)
	at java.lang.reflect.Method.invoke(Method.java:498)
	at org.junit.runners.model.FrameworkMethod$1.runReflectiveCall(FrameworkMethod.java:59)
	at org.junit.internal.runners.model.ReflectiveCallable.run(ReflectiveCallable.java:12)
	at org.junit.runners.model.FrameworkMethod.invokeExplosively(FrameworkMethod.java:56)
	at org.junit.internal.runners.statements.InvokeMethod.evaluate(InvokeMethod.java:17)
	at org.junit.internal.runners.statements.RunBefores.evaluate(RunBefores.java:26)
	at org.junit.internal.runners.statements.RunAfters.evaluate(RunAfters.java:27)
	at org.junit.runners.ParentRunner$3.evaluate(ParentRunner.java:306)
	at org.junit.runners.BlockJUnit4ClassRunner$1.evaluate(BlockJUnit4ClassRunner.java:100)
	at org.junit.runners.ParentRunner.runLeaf(ParentRunner.java:366)
	at org.junit.runners.BlockJUnit4ClassRunner.runChild(BlockJUnit4ClassRunner.java:103)
	at org.junit.runners.BlockJUnit4ClassRunner.runChild(BlockJUnit4ClassRunner.java:63)
	at org.junit.runners.ParentRunner$4.run(ParentRunner.java:331)
	at org.junit.runners.ParentRunner$1.schedule(ParentRunner.java:79)
	at org.junit.runners.ParentRunner.runChildren(ParentRunner.java:329)
	at org.junit.runners.ParentRunner.access$100(ParentRunner.java:66)
	at org.junit.runners.ParentRunner$2.evaluate(ParentRunner.java:293)
	at org.junit.runners.ParentRunner$3.evaluate(ParentRunner.java:306)
	at org.junit.runners.ParentRunner.run(ParentRunner.java:413)
	at org.apache.maven.surefire.junit4.JUnit4Provider.execute(JUnit4Provider.java:367)
	at org.apache.maven.surefire.junit4.JUnit4Provider.executeWithRerun(JUnit4Provider.java:274)
	at org.apache.maven.surefire.junit4.JUnit4Provider.executeTestSet(JUnit4Provider.java:238)
	at org.apache.maven.surefire.junit4.JUnit4Provider.invoke(JUnit4Provider.java:161)
	at org.apache.maven.surefire.booter.ForkedBooter.invokeProviderInSameClassLoader(ForkedBooter.java:290)
	at org.apache.maven.surefire.booter.ForkedBooter.runSuitesInProcess(ForkedBooter.java:242)
	at org.apache.maven.surefire.booter.ForkedBooter.main(ForkedBooter.java:121)

2021-10-31 20:55:39,318 INFO ConsoleLogger - console simple test
2021-10-31 20:55:39,318 INFO ConsoleLogger - [WATERMARK] Send Queue Size: 1 SlowTimeMills: 300
2021-10-31 20:55:39,318 INFO ConsoleLogger - new consumer connected, group: mygroup orderly broudcast channel: java.lang.RuntimeException: simple object

Tests run: 2, Failures: 0, Errors: 0, Skipped: 0, Time elapsed: 0.013 sec - in org.apache.rocketmq.logging.inner.LoggerTest
Running org.apache.rocketmq.logging.InternalLoggerTest
RocketMQLog:ERROR Attempted to append to closed appender named [null].
RocketMQLog:ERROR Attempted to append to closed appender named [null].
RocketMQLog:ERROR Attempted to append to closed appender named [null].
RocketMQLog:ERROR Attempted to append to closed appender named [null].
RocketMQLog:ERROR Attempted to append to closed appender named [null].
Tests run: 1, Failures: 0, Errors: 0, Skipped: 0, Time elapsed: 0.004 sec - in org.apache.rocketmq.logging.InternalLoggerTest
Running org.apache.rocketmq.logging.Slf4jLoggerFactoryTest
20:55:39.485 [main] INFO  o.a.r.logging.Slf4jLoggerFactoryTest - logback info message
20:55:39.485 [main] ERROR o.a.r.logging.Slf4jLoggerFactoryTest - logback error message
20:55:39.485 [main] INFO  o.a.r.logging.Slf4jLoggerFactoryTest - info hahahah
20:55:39.485 [main] WARN  o.a.r.logging.Slf4jLoggerFactoryTest - warn hahahah
20:55:39.486 [main] WARN  o.a.r.logging.Slf4jLoggerFactoryTest - logger3 warn
20:55:39.486 [main] ERROR o.a.r.logging.Slf4jLoggerFactoryTest - error hahahah
20:55:39.486 [main] DEBUG o.a.r.logging.Slf4jLoggerFactoryTest - debug hahahah
2021-11-01 09:55:39 INFO main - logback slf4j info Message
2021-11-01 09:55:39 ERROR main - logback slf4j error Message
java.lang.RuntimeException: test
	at org.apache.rocketmq.logging.Slf4jLoggerFactoryTest.testSlf4j(Slf4jLoggerFactoryTest.java:62) [test-classes/:na]
	at sun.reflect.NativeMethodAccessorImpl.invoke0(Native Method) ~[na:1.8.0_292]
	at sun.reflect.NativeMethodAccessorImpl.invoke(NativeMethodAccessorImpl.java:62) ~[na:1.8.0_292]
	at sun.reflect.DelegatingMethodAccessorImpl.invoke(DelegatingMethodAccessorImpl.java:43) ~[na:1.8.0_292]
	at java.lang.reflect.Method.invoke(Method.java:498) ~[na:1.8.0_292]
	at org.junit.runners.model.FrameworkMethod$1.runReflectiveCall(FrameworkMethod.java:59) [junit-4.13.2.jar:4.13.2]
	at org.junit.internal.runners.model.ReflectiveCallable.run(ReflectiveCallable.java:12) [junit-4.13.2.jar:4.13.2]
	at org.junit.runners.model.FrameworkMethod.invokeExplosively(FrameworkMethod.java:56) [junit-4.13.2.jar:4.13.2]
	at org.junit.internal.runners.statements.InvokeMethod.evaluate(InvokeMethod.java:17) [junit-4.13.2.jar:4.13.2]
	at org.junit.internal.runners.statements.RunBefores.evaluate(RunBefores.java:26) [junit-4.13.2.jar:4.13.2]
	at org.junit.internal.runners.statements.RunAfters.evaluate(RunAfters.java:27) [junit-4.13.2.jar:4.13.2]
	at org.junit.runners.ParentRunner$3.evaluate(ParentRunner.java:306) [junit-4.13.2.jar:4.13.2]
	at org.junit.runners.BlockJUnit4ClassRunner$1.evaluate(BlockJUnit4ClassRunner.java:100) [junit-4.13.2.jar:4.13.2]
	at org.junit.runners.ParentRunner.runLeaf(ParentRunner.java:366) [junit-4.13.2.jar:4.13.2]
	at org.junit.runners.BlockJUnit4ClassRunner.runChild(BlockJUnit4ClassRunner.java:103) [junit-4.13.2.jar:4.13.2]
	at org.junit.runners.BlockJUnit4ClassRunner.runChild(BlockJUnit4ClassRunner.java:63) [junit-4.13.2.jar:4.13.2]
	at org.junit.runners.ParentRunner$4.run(ParentRunner.java:331) [junit-4.13.2.jar:4.13.2]
	at org.junit.runners.ParentRunner$1.schedule(ParentRunner.java:79) [junit-4.13.2.jar:4.13.2]
	at org.junit.runners.ParentRunner.runChildren(ParentRunner.java:329) [junit-4.13.2.jar:4.13.2]
	at org.junit.runners.ParentRunner.access$100(ParentRunner.java:66) [junit-4.13.2.jar:4.13.2]
	at org.junit.runners.ParentRunner$2.evaluate(ParentRunner.java:293) [junit-4.13.2.jar:4.13.2]
	at org.junit.runners.ParentRunner$3.evaluate(ParentRunner.java:306) [junit-4.13.2.jar:4.13.2]
	at org.junit.runners.ParentRunner.run(ParentRunner.java:413) [junit-4.13.2.jar:4.13.2]
	at org.apache.maven.surefire.junit4.JUnit4Provider.execute(JUnit4Provider.java:367) [surefire-junit4-2.19.1.jar:2.19.1]
	at org.apache.maven.surefire.junit4.JUnit4Provider.executeWithRerun(JUnit4Provider.java:274) [surefire-junit4-2.19.1.jar:2.19.1]
	at org.apache.maven.surefire.junit4.JUnit4Provider.executeTestSet(JUnit4Provider.java:238) [surefire-junit4-2.19.1.jar:2.19.1]
	at org.apache.maven.surefire.junit4.JUnit4Provider.invoke(JUnit4Provider.java:161) [surefire-junit4-2.19.1.jar:2.19.1]
	at org.apache.maven.surefire.booter.ForkedBooter.invokeProviderInSameClassLoader(ForkedBooter.java:290) [surefire-booter-2.19.1.jar:2.19.1]
	at org.apache.maven.surefire.booter.ForkedBooter.runSuitesInProcess(ForkedBooter.java:242) [surefire-booter-2.19.1.jar:2.19.1]
	at org.apache.maven.surefire.booter.ForkedBooter.main(ForkedBooter.java:121) [surefire-booter-2.19.1.jar:2.19.1]

Tests run: 1, Failures: 0, Errors: 0, Skipped: 0, Time elapsed: 0.158 sec - in org.apache.rocketmq.logging.Slf4jLoggerFactoryTest

Results :

Tests run: 21, Failures: 0, Errors: 0, Skipped: 0

INFO: Adding excluded groups to newly created one
INFO: Creating new argline for Surefire
CONFIG: nondexFilter=.*
nondexMode=FULL
nondexSeed=933178
nondexStart=0
nondexEnd=9223372036854775807
nondexPrintstack=false
nondexDir=/home/ch61/rocketmq/logging/.nondex
nondexJarDir=/home/ch61/rocketmq/logging/.nondex
nondexExecid=1Pb5E9NFELHn3k2DgHZIjfj5JFmPzCFAQKNDt8zvrb8=
nondexLogging=CONFIG
test=

-------------------------------------------------------
 T E S T S
-------------------------------------------------------
Running org.apache.rocketmq.logging.InnerLoggerFactoryTest
RocketMQLog:WARN No appenders could be found for logger (org.apache.rocketmq.logging.InnerLoggerFactoryTest).
RocketMQLog:WARN Please initialize the logger system properly.
Tests run: 1, Failures: 0, Errors: 0, Skipped: 0, Time elapsed: 0.128 sec - in org.apache.rocketmq.logging.InnerLoggerFactoryTest
Running org.apache.rocketmq.logging.inner.LoggerRepositoryTest
Tests run: 1, Failures: 0, Errors: 0, Skipped: 0, Time elapsed: 0.002 sec - in org.apache.rocketmq.logging.inner.LoggerRepositoryTest
Running org.apache.rocketmq.logging.inner.MessageFormatterTest
cause exception 143545
Tests run: 1, Failures: 0, Errors: 0, Skipped: 0, Time elapsed: 0.001 sec - in org.apache.rocketmq.logging.inner.MessageFormatterTest
Running org.apache.rocketmq.logging.inner.LoggingBuilderTest
Tests run: 3, Failures: 0, Errors: 0, Skipped: 0, Time elapsed: 0.112 sec - in org.apache.rocketmq.logging.inner.LoggingBuilderTest
Running org.apache.rocketmq.logging.inner.AppenderTest
2021-10-31 20:55:40,599 INFO fileLogger - fileLogger info Message
2021-10-31 20:55:40,599 ERROR fileLogger - fileLogger error Message
java.lang.RuntimeException
	at org.apache.rocketmq.logging.inner.AppenderTest.testInnerFile(AppenderTest.java:87)
	at sun.reflect.NativeMethodAccessorImpl.invoke0(Native Method)
	at sun.reflect.NativeMethodAccessorImpl.invoke(NativeMethodAccessorImpl.java:62)
	at sun.reflect.DelegatingMethodAccessorImpl.invoke(DelegatingMethodAccessorImpl.java:43)
	at java.lang.reflect.Method.invoke(Method.java:498)
	at org.junit.runners.model.FrameworkMethod$1.runReflectiveCall(FrameworkMethod.java:59)
	at org.junit.internal.runners.model.ReflectiveCallable.run(ReflectiveCallable.java:12)
	at org.junit.runners.model.FrameworkMethod.invokeExplosively(FrameworkMethod.java:56)
	at org.junit.internal.runners.statements.InvokeMethod.evaluate(InvokeMethod.java:17)
	at org.junit.internal.runners.statements.RunBefores.evaluate(RunBefores.java:26)
	at org.junit.internal.runners.statements.RunAfters.evaluate(RunAfters.java:27)
	at org.junit.runners.ParentRunner$3.evaluate(ParentRunner.java:306)
	at org.junit.runners.BlockJUnit4ClassRunner$1.evaluate(BlockJUnit4ClassRunner.java:100)
	at org.junit.runners.ParentRunner.runLeaf(ParentRunner.java:366)
	at org.junit.runners.BlockJUnit4ClassRunner.runChild(BlockJUnit4ClassRunner.java:103)
	at org.junit.runners.BlockJUnit4ClassRunner.runChild(BlockJUnit4ClassRunner.java:63)
	at org.junit.runners.ParentRunner$4.run(ParentRunner.java:331)
	at org.junit.runners.ParentRunner$1.schedule(ParentRunner.java:79)
	at org.junit.runners.ParentRunner.runChildren(ParentRunner.java:329)
	at org.junit.runners.ParentRunner.access$100(ParentRunner.java:66)
	at org.junit.runners.ParentRunner$2.evaluate(ParentRunner.java:293)
	at org.junit.runners.ParentRunner$3.evaluate(ParentRunner.java:306)
	at org.junit.runners.ParentRunner.run(ParentRunner.java:413)
	at org.junit.runners.Suite.runChild(Suite.java:128)
	at org.junit.runners.Suite.runChild(Suite.java:27)
	at org.junit.runners.ParentRunner$4.run(ParentRunner.java:331)
	at org.junit.runners.ParentRunner$1.schedule(ParentRunner.java:79)
	at org.junit.runners.ParentRunner.runChildren(ParentRunner.java:329)
	at org.junit.runners.ParentRunner.access$100(ParentRunner.java:66)
	at org.junit.runners.ParentRunner$2.evaluate(ParentRunner.java:293)
	at org.junit.runners.ParentRunner$3.evaluate(ParentRunner.java:306)
	at org.junit.runners.ParentRunner.run(ParentRunner.java:413)
	at org.apache.maven.surefire.junitcore.JUnitCore.run(JUnitCore.java:55)
	at org.apache.maven.surefire.junitcore.JUnitCoreWrapper.createRequestAndRun(JUnitCoreWrapper.java:137)
	at org.apache.maven.surefire.junitcore.JUnitCoreWrapper.executeEager(JUnitCoreWrapper.java:107)
	at org.apache.maven.surefire.junitcore.JUnitCoreWrapper.execute(JUnitCoreWrapper.java:83)
	at org.apache.maven.surefire.junitcore.JUnitCoreWrapper.execute(JUnitCoreWrapper.java:75)
	at org.apache.maven.surefire.junitcore.JUnitCoreProvider.invoke(JUnitCoreProvider.java:161)
	at org.apache.maven.surefire.booter.ForkedBooter.invokeProviderInSameClassLoader(ForkedBooter.java:290)
	at org.apache.maven.surefire.booter.ForkedBooter.runSuitesInProcess(ForkedBooter.java:242)
	at org.apache.maven.surefire.booter.ForkedBooter.main(ForkedBooter.java:121)


RocketMQLog: setFile called: /home/ch61/logs/rocketmq-test/simple.log, true
RocketMQLog: setFile ended
RocketMQLog: setFile called: /home/ch61/logs/rocketmq-test/rolling_file.log, true
RocketMQLog: setFile ended
Tests run: 6, Failures: 0, Errors: 0, Skipped: 0, Time elapsed: 0.011 sec - in org.apache.rocketmq.logging.inner.AppenderTest
Running org.apache.rocketmq.logging.inner.LevelTest
Tests run: 2, Failures: 0, Errors: 0, Skipped: 0, Time elapsed: 0 sec - in org.apache.rocketmq.logging.inner.LevelTest
Running org.apache.rocketmq.logging.inner.LayoutTest
2021-10-31 20:55:40,616 INFO test - junit test error

Tests run: 3, Failures: 0, Errors: 0, Skipped: 0, Time elapsed: 0.002 sec - in org.apache.rocketmq.logging.inner.LayoutTest
Running org.apache.rocketmq.logging.inner.LoggerTest
RocketMQLog: setFile called: /home/ch61/logs/rocketmq-test/inner.log, true
RocketMQLog: setFile ended
RocketMQLog: Appender [null] to be rolled at midnight.
RocketMQLog:ERROR Attempted to append to closed appender named [null].
RocketMQLog:ERROR Attempted to append to closed appender named [null].
2021-10-31 20:55:40,620 INFO innerLogger - fileLogger info Message
2021-10-31 20:55:40,620 ERROR innerLogger - fileLogger error Message
java.lang.RuntimeException
	at org.apache.rocketmq.logging.inner.LoggerTest.testInnerFileLogger(LoggerTest.java:97)
	at sun.reflect.NativeMethodAccessorImpl.invoke0(Native Method)
	at sun.reflect.NativeMethodAccessorImpl.invoke(NativeMethodAccessorImpl.java:62)
	at sun.reflect.DelegatingMethodAccessorImpl.invoke(DelegatingMethodAccessorImpl.java:43)
	at java.lang.reflect.Method.invoke(Method.java:498)
	at org.junit.runners.model.FrameworkMethod$1.runReflectiveCall(FrameworkMethod.java:59)
	at org.junit.internal.runners.model.ReflectiveCallable.run(ReflectiveCallable.java:12)
	at org.junit.runners.model.FrameworkMethod.invokeExplosively(FrameworkMethod.java:56)
	at org.junit.internal.runners.statements.InvokeMethod.evaluate(InvokeMethod.java:17)
	at org.junit.internal.runners.statements.RunBefores.evaluate(RunBefores.java:26)
	at org.junit.internal.runners.statements.RunAfters.evaluate(RunAfters.java:27)
	at org.junit.runners.ParentRunner$3.evaluate(ParentRunner.java:306)
	at org.junit.runners.BlockJUnit4ClassRunner$1.evaluate(BlockJUnit4ClassRunner.java:100)
	at org.junit.runners.ParentRunner.runLeaf(ParentRunner.java:366)
	at org.junit.runners.BlockJUnit4ClassRunner.runChild(BlockJUnit4ClassRunner.java:103)
	at org.junit.runners.BlockJUnit4ClassRunner.runChild(BlockJUnit4ClassRunner.java:63)
	at org.junit.runners.ParentRunner$4.run(ParentRunner.java:331)
	at org.junit.runners.ParentRunner$1.schedule(ParentRunner.java:79)
	at org.junit.runners.ParentRunner.runChildren(ParentRunner.java:329)
	at org.junit.runners.ParentRunner.access$100(ParentRunner.java:66)
	at org.junit.runners.ParentRunner$2.evaluate(ParentRunner.java:293)
	at org.junit.runners.ParentRunner$3.evaluate(ParentRunner.java:306)
	at org.junit.runners.ParentRunner.run(ParentRunner.java:413)
	at org.junit.runners.Suite.runChild(Suite.java:128)
	at org.junit.runners.Suite.runChild(Suite.java:27)
	at org.junit.runners.ParentRunner$4.run(ParentRunner.java:331)
	at org.junit.runners.ParentRunner$1.schedule(ParentRunner.java:79)
	at org.junit.runners.ParentRunner.runChildren(ParentRunner.java:329)
	at org.junit.runners.ParentRunner.access$100(ParentRunner.java:66)
	at org.junit.runners.ParentRunner$2.evaluate(ParentRunner.java:293)
	at org.junit.runners.ParentRunner$3.evaluate(ParentRunner.java:306)
	at org.junit.runners.ParentRunner.run(ParentRunner.java:413)
	at org.apache.maven.surefire.junitcore.JUnitCore.run(JUnitCore.java:55)
	at org.apache.maven.surefire.junitcore.JUnitCoreWrapper.createRequestAndRun(JUnitCoreWrapper.java:137)
	at org.apache.maven.surefire.junitcore.JUnitCoreWrapper.executeEager(JUnitCoreWrapper.java:107)
	at org.apache.maven.surefire.junitcore.JUnitCoreWrapper.execute(JUnitCoreWrapper.java:83)
	at org.apache.maven.surefire.junitcore.JUnitCoreWrapper.execute(JUnitCoreWrapper.java:75)
	at org.apache.maven.surefire.junitcore.JUnitCoreProvider.invoke(JUnitCoreProvider.java:161)
	at org.apache.maven.surefire.booter.ForkedBooter.invokeProviderInSameClassLoader(ForkedBooter.java:290)
	at org.apache.maven.surefire.booter.ForkedBooter.runSuitesInProcess(ForkedBooter.java:242)
	at org.apache.maven.surefire.booter.ForkedBooter.main(ForkedBooter.java:121)


RocketMQLog:ERROR Attempted to append to closed appender named [null].
RocketMQLog:ERROR Attempted to append to closed appender named [null].
RocketMQLog:ERROR Attempted to append to closed appender named [null].
RocketMQLog:ERROR Attempted to append to closed appender named [null].
RocketMQLog:ERROR Attempted to append to closed appender named [null].
2021-10-31 20:55:40,628 INFO ConsoleLogger - console info Message
2021-10-31 20:55:40,628 ERROR ConsoleLogger - console error Message
java.lang.RuntimeException
	at org.apache.rocketmq.logging.inner.LoggerTest.testInnerConsoleLogger(LoggerTest.java:56)
	at sun.reflect.NativeMethodAccessorImpl.invoke0(Native Method)
	at sun.reflect.NativeMethodAccessorImpl.invoke(NativeMethodAccessorImpl.java:62)
	at sun.reflect.DelegatingMethodAccessorImpl.invoke(DelegatingMethodAccessorImpl.java:43)
	at java.lang.reflect.Method.invoke(Method.java:498)
	at org.junit.runners.model.FrameworkMethod$1.runReflectiveCall(FrameworkMethod.java:59)
	at org.junit.internal.runners.model.ReflectiveCallable.run(ReflectiveCallable.java:12)
	at org.junit.runners.model.FrameworkMethod.invokeExplosively(FrameworkMethod.java:56)
	at org.junit.internal.runners.statements.InvokeMethod.evaluate(InvokeMethod.java:17)
	at org.junit.internal.runners.statements.RunBefores.evaluate(RunBefores.java:26)
	at org.junit.internal.runners.statements.RunAfters.evaluate(RunAfters.java:27)
	at org.junit.runners.ParentRunner$3.evaluate(ParentRunner.java:306)
	at org.junit.runners.BlockJUnit4ClassRunner$1.evaluate(BlockJUnit4ClassRunner.java:100)
	at org.junit.runners.ParentRunner.runLeaf(ParentRunner.java:366)
	at org.junit.runners.BlockJUnit4ClassRunner.runChild(BlockJUnit4ClassRunner.java:103)
	at org.junit.runners.BlockJUnit4ClassRunner.runChild(BlockJUnit4ClassRunner.java:63)
	at org.junit.runners.ParentRunner$4.run(ParentRunner.java:331)
	at org.junit.runners.ParentRunner$1.schedule(ParentRunner.java:79)
	at org.junit.runners.ParentRunner.runChildren(ParentRunner.java:329)
	at org.junit.runners.ParentRunner.access$100(ParentRunner.java:66)
	at org.junit.runners.ParentRunner$2.evaluate(ParentRunner.java:293)
	at org.junit.runners.ParentRunner$3.evaluate(ParentRunner.java:306)
	at org.junit.runners.ParentRunner.run(ParentRunner.java:413)
	at org.junit.runners.Suite.runChild(Suite.java:128)
	at org.junit.runners.Suite.runChild(Suite.java:27)
	at org.junit.runners.ParentRunner$4.run(ParentRunner.java:331)
	at org.junit.runners.ParentRunner$1.schedule(ParentRunner.java:79)
	at org.junit.runners.ParentRunner.runChildren(ParentRunner.java:329)
	at org.junit.runners.ParentRunner.access$100(ParentRunner.java:66)
	at org.junit.runners.ParentRunner$2.evaluate(ParentRunner.java:293)
	at org.junit.runners.ParentRunner$3.evaluate(ParentRunner.java:306)
	at org.junit.runners.ParentRunner.run(ParentRunner.java:413)
	at org.apache.maven.surefire.junitcore.JUnitCore.run(JUnitCore.java:55)
	at org.apache.maven.surefire.junitcore.JUnitCoreWrapper.createRequestAndRun(JUnitCoreWrapper.java:137)
	at org.apache.maven.surefire.junitcore.JUnitCoreWrapper.executeEager(JUnitCoreWrapper.java:107)
	at org.apache.maven.surefire.junitcore.JUnitCoreWrapper.execute(JUnitCoreWrapper.java:83)
	at org.apache.maven.surefire.junitcore.JUnitCoreWrapper.execute(JUnitCoreWrapper.java:75)
	at org.apache.maven.surefire.junitcore.JUnitCoreProvider.invoke(JUnitCoreProvider.java:161)
	at org.apache.maven.surefire.booter.ForkedBooter.invokeProviderInSameClassLoader(ForkedBooter.java:290)
	at org.apache.maven.surefire.booter.ForkedBooter.runSuitesInProcess(ForkedBooter.java:242)
	at org.apache.maven.surefire.booter.ForkedBooter.main(ForkedBooter.java:121)

2021-10-31 20:55:40,628 INFO ConsoleLogger - console simple test
2021-10-31 20:55:40,629 INFO ConsoleLogger - [WATERMARK] Send Queue Size: 1 SlowTimeMills: 300
2021-10-31 20:55:40,629 INFO ConsoleLogger - new consumer connected, group: mygroup orderly broudcast channel: java.lang.RuntimeException: simple object

Tests run: 2, Failures: 0, Errors: 0, Skipped: 0, Time elapsed: 0.013 sec - in org.apache.rocketmq.logging.inner.LoggerTest
Running org.apache.rocketmq.logging.InternalLoggerTest
RocketMQLog:ERROR Attempted to append to closed appender named [null].
RocketMQLog:ERROR Attempted to append to closed appender named [null].
RocketMQLog:ERROR Attempted to append to closed appender named [null].
RocketMQLog:ERROR Attempted to append to closed appender named [null].
RocketMQLog:ERROR Attempted to append to closed appender named [null].
Tests run: 1, Failures: 0, Errors: 0, Skipped: 0, Time elapsed: 0.002 sec - in org.apache.rocketmq.logging.InternalLoggerTest
Running org.apache.rocketmq.logging.Slf4jLoggerFactoryTest
20:55:40.801 [main] INFO  o.a.r.logging.Slf4jLoggerFactoryTest - logback info message
20:55:40.801 [main] ERROR o.a.r.logging.Slf4jLoggerFactoryTest - logback error message
20:55:40.801 [main] INFO  o.a.r.logging.Slf4jLoggerFactoryTest - info hahahah
20:55:40.802 [main] WARN  o.a.r.logging.Slf4jLoggerFactoryTest - warn hahahah
20:55:40.802 [main] WARN  o.a.r.logging.Slf4jLoggerFactoryTest - logger3 warn
20:55:40.802 [main] ERROR o.a.r.logging.Slf4jLoggerFactoryTest - error hahahah
20:55:40.802 [main] DEBUG o.a.r.logging.Slf4jLoggerFactoryTest - debug hahahah
2021-11-01 09:55:40 INFO main - logback slf4j info Message
2021-11-01 09:55:40 ERROR main - logback slf4j error Message
java.lang.RuntimeException: test
	at org.apache.rocketmq.logging.Slf4jLoggerFactoryTest.testSlf4j(Slf4jLoggerFactoryTest.java:62) [test-classes/:na]
	at sun.reflect.NativeMethodAccessorImpl.invoke0(Native Method) ~[na:1.8.0_292]
	at sun.reflect.NativeMethodAccessorImpl.invoke(NativeMethodAccessorImpl.java:62) ~[na:1.8.0_292]
	at sun.reflect.DelegatingMethodAccessorImpl.invoke(DelegatingMethodAccessorImpl.java:43) ~[na:1.8.0_292]
	at java.lang.reflect.Method.invoke(Method.java:498) ~[na:1.8.0_292]
	at org.junit.runners.model.FrameworkMethod$1.runReflectiveCall(FrameworkMethod.java:59) [junit-4.13.2.jar:4.13.2]
	at org.junit.internal.runners.model.ReflectiveCallable.run(ReflectiveCallable.java:12) [junit-4.13.2.jar:4.13.2]
	at org.junit.runners.model.FrameworkMethod.invokeExplosively(FrameworkMethod.java:56) [junit-4.13.2.jar:4.13.2]
	at org.junit.internal.runners.statements.InvokeMethod.evaluate(InvokeMethod.java:17) [junit-4.13.2.jar:4.13.2]
	at org.junit.internal.runners.statements.RunBefores.evaluate(RunBefores.java:26) [junit-4.13.2.jar:4.13.2]
	at org.junit.internal.runners.statements.RunAfters.evaluate(RunAfters.java:27) [junit-4.13.2.jar:4.13.2]
	at org.junit.runners.ParentRunner$3.evaluate(ParentRunner.java:306) [junit-4.13.2.jar:4.13.2]
	at org.junit.runners.BlockJUnit4ClassRunner$1.evaluate(BlockJUnit4ClassRunner.java:100) [junit-4.13.2.jar:4.13.2]
	at org.junit.runners.ParentRunner.runLeaf(ParentRunner.java:366) [junit-4.13.2.jar:4.13.2]
	at org.junit.runners.BlockJUnit4ClassRunner.runChild(BlockJUnit4ClassRunner.java:103) [junit-4.13.2.jar:4.13.2]
	at org.junit.runners.BlockJUnit4ClassRunner.runChild(BlockJUnit4ClassRunner.java:63) [junit-4.13.2.jar:4.13.2]
	at org.junit.runners.ParentRunner$4.run(ParentRunner.java:331) [junit-4.13.2.jar:4.13.2]
	at org.junit.runners.ParentRunner$1.schedule(ParentRunner.java:79) [junit-4.13.2.jar:4.13.2]
	at org.junit.runners.ParentRunner.runChildren(ParentRunner.java:329) [junit-4.13.2.jar:4.13.2]
	at org.junit.runners.ParentRunner.access$100(ParentRunner.java:66) [junit-4.13.2.jar:4.13.2]
	at org.junit.runners.ParentRunner$2.evaluate(ParentRunner.java:293) [junit-4.13.2.jar:4.13.2]
	at org.junit.runners.ParentRunner$3.evaluate(ParentRunner.java:306) [junit-4.13.2.jar:4.13.2]
	at org.junit.runners.ParentRunner.run(ParentRunner.java:413) [junit-4.13.2.jar:4.13.2]
	at org.junit.runners.Suite.runChild(Suite.java:128) [junit-4.13.2.jar:4.13.2]
	at org.junit.runners.Suite.runChild(Suite.java:27) [junit-4.13.2.jar:4.13.2]
	at org.junit.runners.ParentRunner$4.run(ParentRunner.java:331) [junit-4.13.2.jar:4.13.2]
	at org.junit.runners.ParentRunner$1.schedule(ParentRunner.java:79) [junit-4.13.2.jar:4.13.2]
	at org.junit.runners.ParentRunner.runChildren(ParentRunner.java:329) [junit-4.13.2.jar:4.13.2]
	at org.junit.runners.ParentRunner.access$100(ParentRunner.java:66) [junit-4.13.2.jar:4.13.2]
	at org.junit.runners.ParentRunner$2.evaluate(ParentRunner.java:293) [junit-4.13.2.jar:4.13.2]
	at org.junit.runners.ParentRunner$3.evaluate(ParentRunner.java:306) [junit-4.13.2.jar:4.13.2]
	at org.junit.runners.ParentRunner.run(ParentRunner.java:413) [junit-4.13.2.jar:4.13.2]
	at org.apache.maven.surefire.junitcore.JUnitCore.run(JUnitCore.java:55) [surefire-junit47-2.19.1.jar:2.19.1]
	at org.apache.maven.surefire.junitcore.JUnitCoreWrapper.createRequestAndRun(JUnitCoreWrapper.java:137) [surefire-junit47-2.19.1.jar:2.19.1]
	at org.apache.maven.surefire.junitcore.JUnitCoreWrapper.executeEager(JUnitCoreWrapper.java:107) [surefire-junit47-2.19.1.jar:2.19.1]
	at org.apache.maven.surefire.junitcore.JUnitCoreWrapper.execute(JUnitCoreWrapper.java:83) [surefire-junit47-2.19.1.jar:2.19.1]
	at org.apache.maven.surefire.junitcore.JUnitCoreWrapper.execute(JUnitCoreWrapper.java:75) [surefire-junit47-2.19.1.jar:2.19.1]
	at org.apache.maven.surefire.junitcore.JUnitCoreProvider.invoke(JUnitCoreProvider.java:161) [surefire-junit47-2.19.1.jar:2.19.1]
	at org.apache.maven.surefire.booter.ForkedBooter.invokeProviderInSameClassLoader(ForkedBooter.java:290) [surefire-booter-2.19.1.jar:2.19.1]
	at org.apache.maven.surefire.booter.ForkedBooter.runSuitesInProcess(ForkedBooter.java:242) [surefire-booter-2.19.1.jar:2.19.1]
	at org.apache.maven.surefire.booter.ForkedBooter.main(ForkedBooter.java:121) [surefire-booter-2.19.1.jar:2.19.1]

Tests run: 1, Failures: 0, Errors: 0, Skipped: 0, Time elapsed: 0.168 sec - in org.apache.rocketmq.logging.Slf4jLoggerFactoryTest

Results :

Tests run: 21, Failures: 0, Errors: 0, Skipped: 0

INFO: Adding excluded groups to newly created one
INFO: Creating new argline for Surefire
CONFIG: nondexFilter=.*
nondexMode=FULL
nondexSeed=974622
nondexStart=0
nondexEnd=9223372036854775807
nondexPrintstack=false
nondexDir=/home/ch61/rocketmq/logging/.nondex
nondexJarDir=/home/ch61/rocketmq/logging/.nondex
nondexExecid=8dmLcJk+rEOmGPJM0OOTIt5a9qiuHMhZs0W8KJbF15c=
nondexLogging=CONFIG
test=

-------------------------------------------------------
 T E S T S
-------------------------------------------------------
Running org.apache.rocketmq.logging.InnerLoggerFactoryTest
RocketMQLog:WARN No appenders could be found for logger (org.apache.rocketmq.logging.InnerLoggerFactoryTest).
RocketMQLog:WARN Please initialize the logger system properly.
Tests run: 1, Failures: 0, Errors: 0, Skipped: 0, Time elapsed: 0.104 sec - in org.apache.rocketmq.logging.InnerLoggerFactoryTest
Running org.apache.rocketmq.logging.inner.LoggerRepositoryTest
Tests run: 1, Failures: 0, Errors: 0, Skipped: 0, Time elapsed: 0.003 sec - in org.apache.rocketmq.logging.inner.LoggerRepositoryTest
Running org.apache.rocketmq.logging.inner.MessageFormatterTest
cause exception 143545
Tests run: 1, Failures: 0, Errors: 0, Skipped: 0, Time elapsed: 0.001 sec - in org.apache.rocketmq.logging.inner.MessageFormatterTest
Running org.apache.rocketmq.logging.inner.LoggingBuilderTest
Tests run: 3, Failures: 0, Errors: 0, Skipped: 0, Time elapsed: 0.084 sec - in org.apache.rocketmq.logging.inner.LoggingBuilderTest
Running org.apache.rocketmq.logging.inner.AppenderTest
2021-10-31 20:55:41,695 INFO fileLogger - fileLogger info Message
2021-10-31 20:55:41,695 ERROR fileLogger - fileLogger error Message
java.lang.RuntimeException
	at org.apache.rocketmq.logging.inner.AppenderTest.testInnerFile(AppenderTest.java:87)
	at sun.reflect.NativeMethodAccessorImpl.invoke0(Native Method)
	at sun.reflect.NativeMethodAccessorImpl.invoke(NativeMethodAccessorImpl.java:62)
	at sun.reflect.DelegatingMethodAccessorImpl.invoke(DelegatingMethodAccessorImpl.java:43)
	at java.lang.reflect.Method.invoke(Method.java:498)
	at org.junit.runners.model.FrameworkMethod$1.runReflectiveCall(FrameworkMethod.java:59)
	at org.junit.internal.runners.model.ReflectiveCallable.run(ReflectiveCallable.java:12)
	at org.junit.runners.model.FrameworkMethod.invokeExplosively(FrameworkMethod.java:56)
	at org.junit.internal.runners.statements.InvokeMethod.evaluate(InvokeMethod.java:17)
	at org.junit.internal.runners.statements.RunBefores.evaluate(RunBefores.java:26)
	at org.junit.internal.runners.statements.RunAfters.evaluate(RunAfters.java:27)
	at org.junit.runners.ParentRunner$3.evaluate(ParentRunner.java:306)
	at org.junit.runners.BlockJUnit4ClassRunner$1.evaluate(BlockJUnit4ClassRunner.java:100)
	at org.junit.runners.ParentRunner.runLeaf(ParentRunner.java:366)
	at org.junit.runners.BlockJUnit4ClassRunner.runChild(BlockJUnit4ClassRunner.java:103)
	at org.junit.runners.BlockJUnit4ClassRunner.runChild(BlockJUnit4ClassRunner.java:63)
	at org.junit.runners.ParentRunner$4.run(ParentRunner.java:331)
	at org.junit.runners.ParentRunner$1.schedule(ParentRunner.java:79)
	at org.junit.runners.ParentRunner.runChildren(ParentRunner.java:329)
	at org.junit.runners.ParentRunner.access$100(ParentRunner.java:66)
	at org.junit.runners.ParentRunner$2.evaluate(ParentRunner.java:293)
	at org.junit.runners.ParentRunner$3.evaluate(ParentRunner.java:306)
	at org.junit.runners.ParentRunner.run(ParentRunner.java:413)
	at org.junit.runners.Suite.runChild(Suite.java:128)
	at org.junit.runners.Suite.runChild(Suite.java:27)
	at org.junit.runners.ParentRunner$4.run(ParentRunner.java:331)
	at org.junit.runners.ParentRunner$1.schedule(ParentRunner.java:79)
	at org.junit.runners.ParentRunner.runChildren(ParentRunner.java:329)
	at org.junit.runners.ParentRunner.access$100(ParentRunner.java:66)
	at org.junit.runners.ParentRunner$2.evaluate(ParentRunner.java:293)
	at org.junit.runners.ParentRunner$3.evaluate(ParentRunner.java:306)
	at org.junit.runners.ParentRunner.run(ParentRunner.java:413)
	at org.apache.maven.surefire.junitcore.JUnitCore.run(JUnitCore.java:55)
	at org.apache.maven.surefire.junitcore.JUnitCoreWrapper.createRequestAndRun(JUnitCoreWrapper.java:137)
	at org.apache.maven.surefire.junitcore.JUnitCoreWrapper.executeEager(JUnitCoreWrapper.java:107)
	at org.apache.maven.surefire.junitcore.JUnitCoreWrapper.execute(JUnitCoreWrapper.java:83)
	at org.apache.maven.surefire.junitcore.JUnitCoreWrapper.execute(JUnitCoreWrapper.java:75)
	at org.apache.maven.surefire.junitcore.JUnitCoreProvider.invoke(JUnitCoreProvider.java:161)
	at org.apache.maven.surefire.booter.ForkedBooter.invokeProviderInSameClassLoader(ForkedBooter.java:290)
	at org.apache.maven.surefire.booter.ForkedBooter.runSuitesInProcess(ForkedBooter.java:242)
	at org.apache.maven.surefire.booter.ForkedBooter.main(ForkedBooter.java:121)


RocketMQLog: setFile called: /home/ch61/logs/rocketmq-test/simple.log, true
RocketMQLog: setFile ended
RocketMQLog: setFile called: /home/ch61/logs/rocketmq-test/rolling_file.log, true
RocketMQLog: setFile ended
Tests run: 6, Failures: 0, Errors: 0, Skipped: 0, Time elapsed: 0.004 sec - in org.apache.rocketmq.logging.inner.AppenderTest
Running org.apache.rocketmq.logging.inner.LevelTest
Tests run: 2, Failures: 0, Errors: 0, Skipped: 0, Time elapsed: 0.001 sec - in org.apache.rocketmq.logging.inner.LevelTest
Running org.apache.rocketmq.logging.inner.LayoutTest
2021-10-31 20:55:41,703 INFO test - junit test error

Tests run: 3, Failures: 0, Errors: 0, Skipped: 0, Time elapsed: 0.003 sec - in org.apache.rocketmq.logging.inner.LayoutTest
Running org.apache.rocketmq.logging.inner.LoggerTest
RocketMQLog: setFile called: /home/ch61/logs/rocketmq-test/inner.log, true
RocketMQLog: setFile ended
RocketMQLog: Appender [null] to be rolled at midnight.
RocketMQLog:ERROR Attempted to append to closed appender named [null].
RocketMQLog:ERROR Attempted to append to closed appender named [null].
2021-10-31 20:55:41,708 INFO innerLogger - fileLogger info Message
2021-10-31 20:55:41,708 ERROR innerLogger - fileLogger error Message
java.lang.RuntimeException
	at org.apache.rocketmq.logging.inner.LoggerTest.testInnerFileLogger(LoggerTest.java:97)
	at sun.reflect.NativeMethodAccessorImpl.invoke0(Native Method)
	at sun.reflect.NativeMethodAccessorImpl.invoke(NativeMethodAccessorImpl.java:62)
	at sun.reflect.DelegatingMethodAccessorImpl.invoke(DelegatingMethodAccessorImpl.java:43)
	at java.lang.reflect.Method.invoke(Method.java:498)
	at org.junit.runners.model.FrameworkMethod$1.runReflectiveCall(FrameworkMethod.java:59)
	at org.junit.internal.runners.model.ReflectiveCallable.run(ReflectiveCallable.java:12)
	at org.junit.runners.model.FrameworkMethod.invokeExplosively(FrameworkMethod.java:56)
	at org.junit.internal.runners.statements.InvokeMethod.evaluate(InvokeMethod.java:17)
	at org.junit.internal.runners.statements.RunBefores.evaluate(RunBefores.java:26)
	at org.junit.internal.runners.statements.RunAfters.evaluate(RunAfters.java:27)
	at org.junit.runners.ParentRunner$3.evaluate(ParentRunner.java:306)
	at org.junit.runners.BlockJUnit4ClassRunner$1.evaluate(BlockJUnit4ClassRunner.java:100)
	at org.junit.runners.ParentRunner.runLeaf(ParentRunner.java:366)
	at org.junit.runners.BlockJUnit4ClassRunner.runChild(BlockJUnit4ClassRunner.java:103)
	at org.junit.runners.BlockJUnit4ClassRunner.runChild(BlockJUnit4ClassRunner.java:63)
	at org.junit.runners.ParentRunner$4.run(ParentRunner.java:331)
	at org.junit.runners.ParentRunner$1.schedule(ParentRunner.java:79)
	at org.junit.runners.ParentRunner.runChildren(ParentRunner.java:329)
	at org.junit.runners.ParentRunner.access$100(ParentRunner.java:66)
	at org.junit.runners.ParentRunner$2.evaluate(ParentRunner.java:293)
	at org.junit.runners.ParentRunner$3.evaluate(ParentRunner.java:306)
	at org.junit.runners.ParentRunner.run(ParentRunner.java:413)
	at org.junit.runners.Suite.runChild(Suite.java:128)
	at org.junit.runners.Suite.runChild(Suite.java:27)
	at org.junit.runners.ParentRunner$4.run(ParentRunner.java:331)
	at org.junit.runners.ParentRunner$1.schedule(ParentRunner.java:79)
	at org.junit.runners.ParentRunner.runChildren(ParentRunner.java:329)
	at org.junit.runners.ParentRunner.access$100(ParentRunner.java:66)
	at org.junit.runners.ParentRunner$2.evaluate(ParentRunner.java:293)
	at org.junit.runners.ParentRunner$3.evaluate(ParentRunner.java:306)
	at org.junit.runners.ParentRunner.run(ParentRunner.java:413)
	at org.apache.maven.surefire.junitcore.JUnitCore.run(JUnitCore.java:55)
	at org.apache.maven.surefire.junitcore.JUnitCoreWrapper.createRequestAndRun(JUnitCoreWrapper.java:137)
	at org.apache.maven.surefire.junitcore.JUnitCoreWrapper.executeEager(JUnitCoreWrapper.java:107)
	at org.apache.maven.surefire.junitcore.JUnitCoreWrapper.execute(JUnitCoreWrapper.java:83)
	at org.apache.maven.surefire.junitcore.JUnitCoreWrapper.execute(JUnitCoreWrapper.java:75)
	at org.apache.maven.surefire.junitcore.JUnitCoreProvider.invoke(JUnitCoreProvider.java:161)
	at org.apache.maven.surefire.booter.ForkedBooter.invokeProviderInSameClassLoader(ForkedBooter.java:290)
	at org.apache.maven.surefire.booter.ForkedBooter.runSuitesInProcess(ForkedBooter.java:242)
	at org.apache.maven.surefire.booter.ForkedBooter.main(ForkedBooter.java:121)


RocketMQLog:ERROR Attempted to append to closed appender named [null].
RocketMQLog:ERROR Attempted to append to closed appender named [null].
RocketMQLog:ERROR Attempted to append to closed appender named [null].
RocketMQLog:ERROR Attempted to append to closed appender named [null].
RocketMQLog:ERROR Attempted to append to closed appender named [null].
2021-10-31 20:55:41,713 INFO ConsoleLogger - console info Message
2021-10-31 20:55:41,713 ERROR ConsoleLogger - console error Message
java.lang.RuntimeException
	at org.apache.rocketmq.logging.inner.LoggerTest.testInnerConsoleLogger(LoggerTest.java:56)
	at sun.reflect.NativeMethodAccessorImpl.invoke0(Native Method)
	at sun.reflect.NativeMethodAccessorImpl.invoke(NativeMethodAccessorImpl.java:62)
	at sun.reflect.DelegatingMethodAccessorImpl.invoke(DelegatingMethodAccessorImpl.java:43)
	at java.lang.reflect.Method.invoke(Method.java:498)
	at org.junit.runners.model.FrameworkMethod$1.runReflectiveCall(FrameworkMethod.java:59)
	at org.junit.internal.runners.model.ReflectiveCallable.run(ReflectiveCallable.java:12)
	at org.junit.runners.model.FrameworkMethod.invokeExplosively(FrameworkMethod.java:56)
	at org.junit.internal.runners.statements.InvokeMethod.evaluate(InvokeMethod.java:17)
	at org.junit.internal.runners.statements.RunBefores.evaluate(RunBefores.java:26)
	at org.junit.internal.runners.statements.RunAfters.evaluate(RunAfters.java:27)
	at org.junit.runners.ParentRunner$3.evaluate(ParentRunner.java:306)
	at org.junit.runners.BlockJUnit4ClassRunner$1.evaluate(BlockJUnit4ClassRunner.java:100)
	at org.junit.runners.ParentRunner.runLeaf(ParentRunner.java:366)
	at org.junit.runners.BlockJUnit4ClassRunner.runChild(BlockJUnit4ClassRunner.java:103)
	at org.junit.runners.BlockJUnit4ClassRunner.runChild(BlockJUnit4ClassRunner.java:63)
	at org.junit.runners.ParentRunner$4.run(ParentRunner.java:331)
	at org.junit.runners.ParentRunner$1.schedule(ParentRunner.java:79)
	at org.junit.runners.ParentRunner.runChildren(ParentRunner.java:329)
	at org.junit.runners.ParentRunner.access$100(ParentRunner.java:66)
	at org.junit.runners.ParentRunner$2.evaluate(ParentRunner.java:293)
	at org.junit.runners.ParentRunner$3.evaluate(ParentRunner.java:306)
	at org.junit.runners.ParentRunner.run(ParentRunner.java:413)
	at org.junit.runners.Suite.runChild(Suite.java:128)
	at org.junit.runners.Suite.runChild(Suite.java:27)
	at org.junit.runners.ParentRunner$4.run(ParentRunner.java:331)
	at org.junit.runners.ParentRunner$1.schedule(ParentRunner.java:79)
	at org.junit.runners.ParentRunner.runChildren(ParentRunner.java:329)
	at org.junit.runners.ParentRunner.access$100(ParentRunner.java:66)
	at org.junit.runners.ParentRunner$2.evaluate(ParentRunner.java:293)
	at org.junit.runners.ParentRunner$3.evaluate(ParentRunner.java:306)
	at org.junit.runners.ParentRunner.run(ParentRunner.java:413)
	at org.apache.maven.surefire.junitcore.JUnitCore.run(JUnitCore.java:55)
	at org.apache.maven.surefire.junitcore.JUnitCoreWrapper.createRequestAndRun(JUnitCoreWrapper.java:137)
	at org.apache.maven.surefire.junitcore.JUnitCoreWrapper.executeEager(JUnitCoreWrapper.java:107)
	at org.apache.maven.surefire.junitcore.JUnitCoreWrapper.execute(JUnitCoreWrapper.java:83)
	at org.apache.maven.surefire.junitcore.JUnitCoreWrapper.execute(JUnitCoreWrapper.java:75)
	at org.apache.maven.surefire.junitcore.JUnitCoreProvider.invoke(JUnitCoreProvider.java:161)
	at org.apache.maven.surefire.booter.ForkedBooter.invokeProviderInSameClassLoader(ForkedBooter.java:290)
	at org.apache.maven.surefire.booter.ForkedBooter.runSuitesInProcess(ForkedBooter.java:242)
	at org.apache.maven.surefire.booter.ForkedBooter.main(ForkedBooter.java:121)

2021-10-31 20:55:41,714 INFO ConsoleLogger - console simple test
2021-10-31 20:55:41,714 INFO ConsoleLogger - [WATERMARK] Send Queue Size: 1 SlowTimeMills: 300
2021-10-31 20:55:41,714 INFO ConsoleLogger - new consumer connected, group: mygroup orderly broudcast channel: java.lang.RuntimeException: simple object

Tests run: 2, Failures: 0, Errors: 0, Skipped: 0, Time elapsed: 0.01 sec - in org.apache.rocketmq.logging.inner.LoggerTest
Running org.apache.rocketmq.logging.InternalLoggerTest
RocketMQLog:ERROR Attempted to append to closed appender named [null].
RocketMQLog:ERROR Attempted to append to closed appender named [null].
RocketMQLog:ERROR Attempted to append to closed appender named [null].
RocketMQLog:ERROR Attempted to append to closed appender named [null].
RocketMQLog:ERROR Attempted to append to closed appender named [null].
Tests run: 1, Failures: 0, Errors: 0, Skipped: 0, Time elapsed: 0.001 sec - in org.apache.rocketmq.logging.InternalLoggerTest
Running org.apache.rocketmq.logging.Slf4jLoggerFactoryTest
20:55:41.816 [main] INFO  o.a.r.logging.Slf4jLoggerFactoryTest - logback info message
20:55:41.817 [main] ERROR o.a.r.logging.Slf4jLoggerFactoryTest - logback error message
20:55:41.817 [main] INFO  o.a.r.logging.Slf4jLoggerFactoryTest - info hahahah
20:55:41.817 [main] WARN  o.a.r.logging.Slf4jLoggerFactoryTest - warn hahahah
20:55:41.817 [main] WARN  o.a.r.logging.Slf4jLoggerFactoryTest - logger3 warn
20:55:41.817 [main] ERROR o.a.r.logging.Slf4jLoggerFactoryTest - error hahahah
20:55:41.817 [main] DEBUG o.a.r.logging.Slf4jLoggerFactoryTest - debug hahahah
2021-11-01 09:55:41 INFO main - logback slf4j info Message
2021-11-01 09:55:41 ERROR main - logback slf4j error Message
java.lang.RuntimeException: test
	at org.apache.rocketmq.logging.Slf4jLoggerFactoryTest.testSlf4j(Slf4jLoggerFactoryTest.java:62) [test-classes/:na]
	at sun.reflect.NativeMethodAccessorImpl.invoke0(Native Method) ~[na:1.8.0_292]
	at sun.reflect.NativeMethodAccessorImpl.invoke(NativeMethodAccessorImpl.java:62) ~[na:1.8.0_292]
	at sun.reflect.DelegatingMethodAccessorImpl.invoke(DelegatingMethodAccessorImpl.java:43) ~[na:1.8.0_292]
	at java.lang.reflect.Method.invoke(Method.java:498) ~[na:1.8.0_292]
	at org.junit.runners.model.FrameworkMethod$1.runReflectiveCall(FrameworkMethod.java:59) [junit-4.13.2.jar:4.13.2]
	at org.junit.internal.runners.model.ReflectiveCallable.run(ReflectiveCallable.java:12) [junit-4.13.2.jar:4.13.2]
	at org.junit.runners.model.FrameworkMethod.invokeExplosively(FrameworkMethod.java:56) [junit-4.13.2.jar:4.13.2]
	at org.junit.internal.runners.statements.InvokeMethod.evaluate(InvokeMethod.java:17) [junit-4.13.2.jar:4.13.2]
	at org.junit.internal.runners.statements.RunBefores.evaluate(RunBefores.java:26) [junit-4.13.2.jar:4.13.2]
	at org.junit.internal.runners.statements.RunAfters.evaluate(RunAfters.java:27) [junit-4.13.2.jar:4.13.2]
	at org.junit.runners.ParentRunner$3.evaluate(ParentRunner.java:306) [junit-4.13.2.jar:4.13.2]
	at org.junit.runners.BlockJUnit4ClassRunner$1.evaluate(BlockJUnit4ClassRunner.java:100) [junit-4.13.2.jar:4.13.2]
	at org.junit.runners.ParentRunner.runLeaf(ParentRunner.java:366) [junit-4.13.2.jar:4.13.2]
	at org.junit.runners.BlockJUnit4ClassRunner.runChild(BlockJUnit4ClassRunner.java:103) [junit-4.13.2.jar:4.13.2]
	at org.junit.runners.BlockJUnit4ClassRunner.runChild(BlockJUnit4ClassRunner.java:63) [junit-4.13.2.jar:4.13.2]
	at org.junit.runners.ParentRunner$4.run(ParentRunner.java:331) [junit-4.13.2.jar:4.13.2]
	at org.junit.runners.ParentRunner$1.schedule(ParentRunner.java:79) [junit-4.13.2.jar:4.13.2]
	at org.junit.runners.ParentRunner.runChildren(ParentRunner.java:329) [junit-4.13.2.jar:4.13.2]
	at org.junit.runners.ParentRunner.access$100(ParentRunner.java:66) [junit-4.13.2.jar:4.13.2]
	at org.junit.runners.ParentRunner$2.evaluate(ParentRunner.java:293) [junit-4.13.2.jar:4.13.2]
	at org.junit.runners.ParentRunner$3.evaluate(ParentRunner.java:306) [junit-4.13.2.jar:4.13.2]
	at org.junit.runners.ParentRunner.run(ParentRunner.java:413) [junit-4.13.2.jar:4.13.2]
	at org.junit.runners.Suite.runChild(Suite.java:128) [junit-4.13.2.jar:4.13.2]
	at org.junit.runners.Suite.runChild(Suite.java:27) [junit-4.13.2.jar:4.13.2]
	at org.junit.runners.ParentRunner$4.run(ParentRunner.java:331) [junit-4.13.2.jar:4.13.2]
	at org.junit.runners.ParentRunner$1.schedule(ParentRunner.java:79) [junit-4.13.2.jar:4.13.2]
	at org.junit.runners.ParentRunner.runChildren(ParentRunner.java:329) [junit-4.13.2.jar:4.13.2]
	at org.junit.runners.ParentRunner.access$100(ParentRunner.java:66) [junit-4.13.2.jar:4.13.2]
	at org.junit.runners.ParentRunner$2.evaluate(ParentRunner.java:293) [junit-4.13.2.jar:4.13.2]
	at org.junit.runners.ParentRunner$3.evaluate(ParentRunner.java:306) [junit-4.13.2.jar:4.13.2]
	at org.junit.runners.ParentRunner.run(ParentRunner.java:413) [junit-4.13.2.jar:4.13.2]
	at org.apache.maven.surefire.junitcore.JUnitCore.run(JUnitCore.java:55) [surefire-junit47-2.19.1.jar:2.19.1]
	at org.apache.maven.surefire.junitcore.JUnitCoreWrapper.createRequestAndRun(JUnitCoreWrapper.java:137) [surefire-junit47-2.19.1.jar:2.19.1]
	at org.apache.maven.surefire.junitcore.JUnitCoreWrapper.executeEager(JUnitCoreWrapper.java:107) [surefire-junit47-2.19.1.jar:2.19.1]
	at org.apache.maven.surefire.junitcore.JUnitCoreWrapper.execute(JUnitCoreWrapper.java:83) [surefire-junit47-2.19.1.jar:2.19.1]
	at org.apache.maven.surefire.junitcore.JUnitCoreWrapper.execute(JUnitCoreWrapper.java:75) [surefire-junit47-2.19.1.jar:2.19.1]
	at org.apache.maven.surefire.junitcore.JUnitCoreProvider.invoke(JUnitCoreProvider.java:161) [surefire-junit47-2.19.1.jar:2.19.1]
	at org.apache.maven.surefire.booter.ForkedBooter.invokeProviderInSameClassLoader(ForkedBooter.java:290) [surefire-booter-2.19.1.jar:2.19.1]
	at org.apache.maven.surefire.booter.ForkedBooter.runSuitesInProcess(ForkedBooter.java:242) [surefire-booter-2.19.1.jar:2.19.1]
	at org.apache.maven.surefire.booter.ForkedBooter.main(ForkedBooter.java:121) [surefire-booter-2.19.1.jar:2.19.1]

Tests run: 1, Failures: 0, Errors: 0, Skipped: 0, Time elapsed: 0.101 sec - in org.apache.rocketmq.logging.Slf4jLoggerFactoryTest

Results :

Tests run: 21, Failures: 0, Errors: 0, Skipped: 0

INFO: Adding excluded groups to newly created one
INFO: Creating new argline for Surefire
CONFIG: nondexFilter=.*
nondexMode=FULL
nondexSeed=1016066
nondexStart=0
nondexEnd=9223372036854775807
nondexPrintstack=false
nondexDir=/home/ch61/rocketmq/logging/.nondex
nondexJarDir=/home/ch61/rocketmq/logging/.nondex
nondexExecid=1SyR0VLp78VRPX0A2jm5yUSksoaBVkYOMCSIqpp8aQ=
nondexLogging=CONFIG
test=

-------------------------------------------------------
 T E S T S
-------------------------------------------------------
Running org.apache.rocketmq.logging.InnerLoggerFactoryTest
RocketMQLog:WARN No appenders could be found for logger (org.apache.rocketmq.logging.InnerLoggerFactoryTest).
RocketMQLog:WARN Please initialize the logger system properly.
Tests run: 1, Failures: 0, Errors: 0, Skipped: 0, Time elapsed: 0.073 sec - in org.apache.rocketmq.logging.InnerLoggerFactoryTest
Running org.apache.rocketmq.logging.inner.LoggerRepositoryTest
Tests run: 1, Failures: 0, Errors: 0, Skipped: 0, Time elapsed: 0 sec - in org.apache.rocketmq.logging.inner.LoggerRepositoryTest
Running org.apache.rocketmq.logging.inner.MessageFormatterTest
cause exception 143545
Tests run: 1, Failures: 0, Errors: 0, Skipped: 0, Time elapsed: 0 sec - in org.apache.rocketmq.logging.inner.MessageFormatterTest
Running org.apache.rocketmq.logging.inner.LoggingBuilderTest
Tests run: 3, Failures: 0, Errors: 0, Skipped: 0, Time elapsed: 0.071 sec - in org.apache.rocketmq.logging.inner.LoggingBuilderTest
Running org.apache.rocketmq.logging.inner.AppenderTest
2021-10-31 20:55:42,553 INFO fileLogger - fileLogger info Message
2021-10-31 20:55:42,553 ERROR fileLogger - fileLogger error Message
java.lang.RuntimeException
	at org.apache.rocketmq.logging.inner.AppenderTest.testInnerFile(AppenderTest.java:87)
	at sun.reflect.NativeMethodAccessorImpl.invoke0(Native Method)
	at sun.reflect.NativeMethodAccessorImpl.invoke(NativeMethodAccessorImpl.java:62)
	at sun.reflect.DelegatingMethodAccessorImpl.invoke(DelegatingMethodAccessorImpl.java:43)
	at java.lang.reflect.Method.invoke(Method.java:498)
	at org.junit.runners.model.FrameworkMethod$1.runReflectiveCall(FrameworkMethod.java:59)
	at org.junit.internal.runners.model.ReflectiveCallable.run(ReflectiveCallable.java:12)
	at org.junit.runners.model.FrameworkMethod.invokeExplosively(FrameworkMethod.java:56)
	at org.junit.internal.runners.statements.InvokeMethod.evaluate(InvokeMethod.java:17)
	at org.junit.internal.runners.statements.RunBefores.evaluate(RunBefores.java:26)
	at org.junit.internal.runners.statements.RunAfters.evaluate(RunAfters.java:27)
	at org.junit.runners.ParentRunner$3.evaluate(ParentRunner.java:306)
	at org.junit.runners.BlockJUnit4ClassRunner$1.evaluate(BlockJUnit4ClassRunner.java:100)
	at org.junit.runners.ParentRunner.runLeaf(ParentRunner.java:366)
	at org.junit.runners.BlockJUnit4ClassRunner.runChild(BlockJUnit4ClassRunner.java:103)
	at org.junit.runners.BlockJUnit4ClassRunner.runChild(BlockJUnit4ClassRunner.java:63)
	at org.junit.runners.ParentRunner$4.run(ParentRunner.java:331)
	at org.junit.runners.ParentRunner$1.schedule(ParentRunner.java:79)
	at org.junit.runners.ParentRunner.runChildren(ParentRunner.java:329)
	at org.junit.runners.ParentRunner.access$100(ParentRunner.java:66)
	at org.junit.runners.ParentRunner$2.evaluate(ParentRunner.java:293)
	at org.junit.runners.ParentRunner$3.evaluate(ParentRunner.java:306)
	at org.junit.runners.ParentRunner.run(ParentRunner.java:413)
	at org.junit.runners.Suite.runChild(Suite.java:128)
	at org.junit.runners.Suite.runChild(Suite.java:27)
	at org.junit.runners.ParentRunner$4.run(ParentRunner.java:331)
	at org.junit.runners.ParentRunner$1.schedule(ParentRunner.java:79)
	at org.junit.runners.ParentRunner.runChildren(ParentRunner.java:329)
	at org.junit.runners.ParentRunner.access$100(ParentRunner.java:66)
	at org.junit.runners.ParentRunner$2.evaluate(ParentRunner.java:293)
	at org.junit.runners.ParentRunner$3.evaluate(ParentRunner.java:306)
	at org.junit.runners.ParentRunner.run(ParentRunner.java:413)
	at org.apache.maven.surefire.junitcore.JUnitCore.run(JUnitCore.java:55)
	at org.apache.maven.surefire.junitcore.JUnitCoreWrapper.createRequestAndRun(JUnitCoreWrapper.java:137)
	at org.apache.maven.surefire.junitcore.JUnitCoreWrapper.executeEager(JUnitCoreWrapper.java:107)
	at org.apache.maven.surefire.junitcore.JUnitCoreWrapper.execute(JUnitCoreWrapper.java:83)
	at org.apache.maven.surefire.junitcore.JUnitCoreWrapper.execute(JUnitCoreWrapper.java:75)
	at org.apache.maven.surefire.junitcore.JUnitCoreProvider.invoke(JUnitCoreProvider.java:161)
	at org.apache.maven.surefire.booter.ForkedBooter.invokeProviderInSameClassLoader(ForkedBooter.java:290)
	at org.apache.maven.surefire.booter.ForkedBooter.runSuitesInProcess(ForkedBooter.java:242)
	at org.apache.maven.surefire.booter.ForkedBooter.main(ForkedBooter.java:121)


RocketMQLog: setFile called: /home/ch61/logs/rocketmq-test/simple.log, true
RocketMQLog: setFile ended
RocketMQLog: setFile called: /home/ch61/logs/rocketmq-test/rolling_file.log, true
RocketMQLog: setFile ended
Tests run: 6, Failures: 0, Errors: 0, Skipped: 0, Time elapsed: 0.004 sec - in org.apache.rocketmq.logging.inner.AppenderTest
Running org.apache.rocketmq.logging.inner.LevelTest
Tests run: 2, Failures: 0, Errors: 0, Skipped: 0, Time elapsed: 0 sec - in org.apache.rocketmq.logging.inner.LevelTest
Running org.apache.rocketmq.logging.inner.LayoutTest
2021-10-31 20:55:42,557 INFO test - junit test error

Tests run: 3, Failures: 0, Errors: 0, Skipped: 0, Time elapsed: 0.002 sec - in org.apache.rocketmq.logging.inner.LayoutTest
Running org.apache.rocketmq.logging.inner.LoggerTest
RocketMQLog: setFile called: /home/ch61/logs/rocketmq-test/inner.log, true
RocketMQLog: setFile ended
RocketMQLog: Appender [null] to be rolled at midnight.
RocketMQLog:ERROR Attempted to append to closed appender named [null].
RocketMQLog:ERROR Attempted to append to closed appender named [null].
2021-10-31 20:55:42,562 INFO innerLogger - fileLogger info Message
2021-10-31 20:55:42,562 ERROR innerLogger - fileLogger error Message
java.lang.RuntimeException
	at org.apache.rocketmq.logging.inner.LoggerTest.testInnerFileLogger(LoggerTest.java:97)
	at sun.reflect.NativeMethodAccessorImpl.invoke0(Native Method)
	at sun.reflect.NativeMethodAccessorImpl.invoke(NativeMethodAccessorImpl.java:62)
	at sun.reflect.DelegatingMethodAccessorImpl.invoke(DelegatingMethodAccessorImpl.java:43)
	at java.lang.reflect.Method.invoke(Method.java:498)
	at org.junit.runners.model.FrameworkMethod$1.runReflectiveCall(FrameworkMethod.java:59)
	at org.junit.internal.runners.model.ReflectiveCallable.run(ReflectiveCallable.java:12)
	at org.junit.runners.model.FrameworkMethod.invokeExplosively(FrameworkMethod.java:56)
	at org.junit.internal.runners.statements.InvokeMethod.evaluate(InvokeMethod.java:17)
	at org.junit.internal.runners.statements.RunBefores.evaluate(RunBefores.java:26)
	at org.junit.internal.runners.statements.RunAfters.evaluate(RunAfters.java:27)
	at org.junit.runners.ParentRunner$3.evaluate(ParentRunner.java:306)
	at org.junit.runners.BlockJUnit4ClassRunner$1.evaluate(BlockJUnit4ClassRunner.java:100)
	at org.junit.runners.ParentRunner.runLeaf(ParentRunner.java:366)
	at org.junit.runners.BlockJUnit4ClassRunner.runChild(BlockJUnit4ClassRunner.java:103)
	at org.junit.runners.BlockJUnit4ClassRunner.runChild(BlockJUnit4ClassRunner.java:63)
	at org.junit.runners.ParentRunner$4.run(ParentRunner.java:331)
	at org.junit.runners.ParentRunner$1.schedule(ParentRunner.java:79)
	at org.junit.runners.ParentRunner.runChildren(ParentRunner.java:329)
	at org.junit.runners.ParentRunner.access$100(ParentRunner.java:66)
	at org.junit.runners.ParentRunner$2.evaluate(ParentRunner.java:293)
	at org.junit.runners.ParentRunner$3.evaluate(ParentRunner.java:306)
	at org.junit.runners.ParentRunner.run(ParentRunner.java:413)
	at org.junit.runners.Suite.runChild(Suite.java:128)
	at org.junit.runners.Suite.runChild(Suite.java:27)
	at org.junit.runners.ParentRunner$4.run(ParentRunner.java:331)
	at org.junit.runners.ParentRunner$1.schedule(ParentRunner.java:79)
	at org.junit.runners.ParentRunner.runChildren(ParentRunner.java:329)
	at org.junit.runners.ParentRunner.access$100(ParentRunner.java:66)
	at org.junit.runners.ParentRunner$2.evaluate(ParentRunner.java:293)
	at org.junit.runners.ParentRunner$3.evaluate(ParentRunner.java:306)
	at org.junit.runners.ParentRunner.run(ParentRunner.java:413)
	at org.apache.maven.surefire.junitcore.JUnitCore.run(JUnitCore.java:55)
	at org.apache.maven.surefire.junitcore.JUnitCoreWrapper.createRequestAndRun(JUnitCoreWrapper.java:137)
	at org.apache.maven.surefire.junitcore.JUnitCoreWrapper.executeEager(JUnitCoreWrapper.java:107)
	at org.apache.maven.surefire.junitcore.JUnitCoreWrapper.execute(JUnitCoreWrapper.java:83)
	at org.apache.maven.surefire.junitcore.JUnitCoreWrapper.execute(JUnitCoreWrapper.java:75)
	at org.apache.maven.surefire.junitcore.JUnitCoreProvider.invoke(JUnitCoreProvider.java:161)
	at org.apache.maven.surefire.booter.ForkedBooter.invokeProviderInSameClassLoader(ForkedBooter.java:290)
	at org.apache.maven.surefire.booter.ForkedBooter.runSuitesInProcess(ForkedBooter.java:242)
	at org.apache.maven.surefire.booter.ForkedBooter.main(ForkedBooter.java:121)


RocketMQLog:ERROR Attempted to append to closed appender named [null].
RocketMQLog:ERROR Attempted to append to closed appender named [null].
RocketMQLog:ERROR Attempted to append to closed appender named [null].
RocketMQLog:ERROR Attempted to append to closed appender named [null].
RocketMQLog:ERROR Attempted to append to closed appender named [null].
2021-10-31 20:55:42,564 INFO ConsoleLogger - console info Message
2021-10-31 20:55:42,564 ERROR ConsoleLogger - console error Message
java.lang.RuntimeException
	at org.apache.rocketmq.logging.inner.LoggerTest.testInnerConsoleLogger(LoggerTest.java:56)
	at sun.reflect.NativeMethodAccessorImpl.invoke0(Native Method)
	at sun.reflect.NativeMethodAccessorImpl.invoke(NativeMethodAccessorImpl.java:62)
	at sun.reflect.DelegatingMethodAccessorImpl.invoke(DelegatingMethodAccessorImpl.java:43)
	at java.lang.reflect.Method.invoke(Method.java:498)
	at org.junit.runners.model.FrameworkMethod$1.runReflectiveCall(FrameworkMethod.java:59)
	at org.junit.internal.runners.model.ReflectiveCallable.run(ReflectiveCallable.java:12)
	at org.junit.runners.model.FrameworkMethod.invokeExplosively(FrameworkMethod.java:56)
	at org.junit.internal.runners.statements.InvokeMethod.evaluate(InvokeMethod.java:17)
	at org.junit.internal.runners.statements.RunBefores.evaluate(RunBefores.java:26)
	at org.junit.internal.runners.statements.RunAfters.evaluate(RunAfters.java:27)
	at org.junit.runners.ParentRunner$3.evaluate(ParentRunner.java:306)
	at org.junit.runners.BlockJUnit4ClassRunner$1.evaluate(BlockJUnit4ClassRunner.java:100)
	at org.junit.runners.ParentRunner.runLeaf(ParentRunner.java:366)
	at org.junit.runners.BlockJUnit4ClassRunner.runChild(BlockJUnit4ClassRunner.java:103)
	at org.junit.runners.BlockJUnit4ClassRunner.runChild(BlockJUnit4ClassRunner.java:63)
	at org.junit.runners.ParentRunner$4.run(ParentRunner.java:331)
	at org.junit.runners.ParentRunner$1.schedule(ParentRunner.java:79)
	at org.junit.runners.ParentRunner.runChildren(ParentRunner.java:329)
	at org.junit.runners.ParentRunner.access$100(ParentRunner.java:66)
	at org.junit.runners.ParentRunner$2.evaluate(ParentRunner.java:293)
	at org.junit.runners.ParentRunner$3.evaluate(ParentRunner.java:306)
	at org.junit.runners.ParentRunner.run(ParentRunner.java:413)
	at org.junit.runners.Suite.runChild(Suite.java:128)
	at org.junit.runners.Suite.runChild(Suite.java:27)
	at org.junit.runners.ParentRunner$4.run(ParentRunner.java:331)
	at org.junit.runners.ParentRunner$1.schedule(ParentRunner.java:79)
	at org.junit.runners.ParentRunner.runChildren(ParentRunner.java:329)
	at org.junit.runners.ParentRunner.access$100(ParentRunner.java:66)
	at org.junit.runners.ParentRunner$2.evaluate(ParentRunner.java:293)
	at org.junit.runners.ParentRunner$3.evaluate(ParentRunner.java:306)
	at org.junit.runners.ParentRunner.run(ParentRunner.java:413)
	at org.apache.maven.surefire.junitcore.JUnitCore.run(JUnitCore.java:55)
	at org.apache.maven.surefire.junitcore.JUnitCoreWrapper.createRequestAndRun(JUnitCoreWrapper.java:137)
	at org.apache.maven.surefire.junitcore.JUnitCoreWrapper.executeEager(JUnitCoreWrapper.java:107)
	at org.apache.maven.surefire.junitcore.JUnitCoreWrapper.execute(JUnitCoreWrapper.java:83)
	at org.apache.maven.surefire.junitcore.JUnitCoreWrapper.execute(JUnitCoreWrapper.java:75)
	at org.apache.maven.surefire.junitcore.JUnitCoreProvider.invoke(JUnitCoreProvider.java:161)
	at org.apache.maven.surefire.booter.ForkedBooter.invokeProviderInSameClassLoader(ForkedBooter.java:290)
	at org.apache.maven.surefire.booter.ForkedBooter.runSuitesInProcess(ForkedBooter.java:242)
	at org.apache.maven.surefire.booter.ForkedBooter.main(ForkedBooter.java:121)

2021-10-31 20:55:42,565 INFO ConsoleLogger - console simple test
2021-10-31 20:55:42,566 INFO ConsoleLogger - [WATERMARK] Send Queue Size: 1 SlowTimeMills: 300
2021-10-31 20:55:42,566 INFO ConsoleLogger - new consumer connected, group: mygroup orderly broudcast channel: java.lang.RuntimeException: simple object

Tests run: 2, Failures: 0, Errors: 0, Skipped: 0, Time elapsed: 0.008 sec - in org.apache.rocketmq.logging.inner.LoggerTest
Running org.apache.rocketmq.logging.InternalLoggerTest
RocketMQLog:ERROR Attempted to append to closed appender named [null].
RocketMQLog:ERROR Attempted to append to closed appender named [null].
RocketMQLog:ERROR Attempted to append to closed appender named [null].
RocketMQLog:ERROR Attempted to append to closed appender named [null].
RocketMQLog:ERROR Attempted to append to closed appender named [null].
Tests run: 1, Failures: 0, Errors: 0, Skipped: 0, Time elapsed: 0.002 sec - in org.apache.rocketmq.logging.InternalLoggerTest
Running org.apache.rocketmq.logging.Slf4jLoggerFactoryTest
20:55:42.704 [main] INFO  o.a.r.logging.Slf4jLoggerFactoryTest - logback info message
20:55:42.705 [main] ERROR o.a.r.logging.Slf4jLoggerFactoryTest - logback error message
20:55:42.705 [main] INFO  o.a.r.logging.Slf4jLoggerFactoryTest - info hahahah
20:55:42.705 [main] WARN  o.a.r.logging.Slf4jLoggerFactoryTest - warn hahahah
20:55:42.705 [main] WARN  o.a.r.logging.Slf4jLoggerFactoryTest - logger3 warn
20:55:42.706 [main] ERROR o.a.r.logging.Slf4jLoggerFactoryTest - error hahahah
20:55:42.706 [main] DEBUG o.a.r.logging.Slf4jLoggerFactoryTest - debug hahahah
2021-11-01 09:55:42 INFO main - logback slf4j info Message
2021-11-01 09:55:42 ERROR main - logback slf4j error Message
java.lang.RuntimeException: test
	at org.apache.rocketmq.logging.Slf4jLoggerFactoryTest.testSlf4j(Slf4jLoggerFactoryTest.java:62) [test-classes/:na]
	at sun.reflect.NativeMethodAccessorImpl.invoke0(Native Method) ~[na:1.8.0_292]
	at sun.reflect.NativeMethodAccessorImpl.invoke(NativeMethodAccessorImpl.java:62) ~[na:1.8.0_292]
	at sun.reflect.DelegatingMethodAccessorImpl.invoke(DelegatingMethodAccessorImpl.java:43) ~[na:1.8.0_292]
	at java.lang.reflect.Method.invoke(Method.java:498) ~[na:1.8.0_292]
	at org.junit.runners.model.FrameworkMethod$1.runReflectiveCall(FrameworkMethod.java:59) [junit-4.13.2.jar:4.13.2]
	at org.junit.internal.runners.model.ReflectiveCallable.run(ReflectiveCallable.java:12) [junit-4.13.2.jar:4.13.2]
	at org.junit.runners.model.FrameworkMethod.invokeExplosively(FrameworkMethod.java:56) [junit-4.13.2.jar:4.13.2]
	at org.junit.internal.runners.statements.InvokeMethod.evaluate(InvokeMethod.java:17) [junit-4.13.2.jar:4.13.2]
	at org.junit.internal.runners.statements.RunBefores.evaluate(RunBefores.java:26) [junit-4.13.2.jar:4.13.2]
	at org.junit.internal.runners.statements.RunAfters.evaluate(RunAfters.java:27) [junit-4.13.2.jar:4.13.2]
	at org.junit.runners.ParentRunner$3.evaluate(ParentRunner.java:306) [junit-4.13.2.jar:4.13.2]
	at org.junit.runners.BlockJUnit4ClassRunner$1.evaluate(BlockJUnit4ClassRunner.java:100) [junit-4.13.2.jar:4.13.2]
	at org.junit.runners.ParentRunner.runLeaf(ParentRunner.java:366) [junit-4.13.2.jar:4.13.2]
	at org.junit.runners.BlockJUnit4ClassRunner.runChild(BlockJUnit4ClassRunner.java:103) [junit-4.13.2.jar:4.13.2]
	at org.junit.runners.BlockJUnit4ClassRunner.runChild(BlockJUnit4ClassRunner.java:63) [junit-4.13.2.jar:4.13.2]
	at org.junit.runners.ParentRunner$4.run(ParentRunner.java:331) [junit-4.13.2.jar:4.13.2]
	at org.junit.runners.ParentRunner$1.schedule(ParentRunner.java:79) [junit-4.13.2.jar:4.13.2]
	at org.junit.runners.ParentRunner.runChildren(ParentRunner.java:329) [junit-4.13.2.jar:4.13.2]
	at org.junit.runners.ParentRunner.access$100(ParentRunner.java:66) [junit-4.13.2.jar:4.13.2]
	at org.junit.runners.ParentRunner$2.evaluate(ParentRunner.java:293) [junit-4.13.2.jar:4.13.2]
	at org.junit.runners.ParentRunner$3.evaluate(ParentRunner.java:306) [junit-4.13.2.jar:4.13.2]
	at org.junit.runners.ParentRunner.run(ParentRunner.java:413) [junit-4.13.2.jar:4.13.2]
	at org.junit.runners.Suite.runChild(Suite.java:128) [junit-4.13.2.jar:4.13.2]
	at org.junit.runners.Suite.runChild(Suite.java:27) [junit-4.13.2.jar:4.13.2]
	at org.junit.runners.ParentRunner$4.run(ParentRunner.java:331) [junit-4.13.2.jar:4.13.2]
	at org.junit.runners.ParentRunner$1.schedule(ParentRunner.java:79) [junit-4.13.2.jar:4.13.2]
	at org.junit.runners.ParentRunner.runChildren(ParentRunner.java:329) [junit-4.13.2.jar:4.13.2]
	at org.junit.runners.ParentRunner.access$100(ParentRunner.java:66) [junit-4.13.2.jar:4.13.2]
	at org.junit.runners.ParentRunner$2.evaluate(ParentRunner.java:293) [junit-4.13.2.jar:4.13.2]
	at org.junit.runners.ParentRunner$3.evaluate(ParentRunner.java:306) [junit-4.13.2.jar:4.13.2]
	at org.junit.runners.ParentRunner.run(ParentRunner.java:413) [junit-4.13.2.jar:4.13.2]
	at org.apache.maven.surefire.junitcore.JUnitCore.run(JUnitCore.java:55) [surefire-junit47-2.19.1.jar:2.19.1]
	at org.apache.maven.surefire.junitcore.JUnitCoreWrapper.createRequestAndRun(JUnitCoreWrapper.java:137) [surefire-junit47-2.19.1.jar:2.19.1]
	at org.apache.maven.surefire.junitcore.JUnitCoreWrapper.executeEager(JUnitCoreWrapper.java:107) [surefire-junit47-2.19.1.jar:2.19.1]
	at org.apache.maven.surefire.junitcore.JUnitCoreWrapper.execute(JUnitCoreWrapper.java:83) [surefire-junit47-2.19.1.jar:2.19.1]
	at org.apache.maven.surefire.junitcore.JUnitCoreWrapper.execute(JUnitCoreWrapper.java:75) [surefire-junit47-2.19.1.jar:2.19.1]
	at org.apache.maven.surefire.junitcore.JUnitCoreProvider.invoke(JUnitCoreProvider.java:161) [surefire-junit47-2.19.1.jar:2.19.1]
	at org.apache.maven.surefire.booter.ForkedBooter.invokeProviderInSameClassLoader(ForkedBooter.java:290) [surefire-booter-2.19.1.jar:2.19.1]
	at org.apache.maven.surefire.booter.ForkedBooter.runSuitesInProcess(ForkedBooter.java:242) [surefire-booter-2.19.1.jar:2.19.1]
	at org.apache.maven.surefire.booter.ForkedBooter.main(ForkedBooter.java:121) [surefire-booter-2.19.1.jar:2.19.1]

Tests run: 1, Failures: 0, Errors: 0, Skipped: 0, Time elapsed: 0.136 sec - in org.apache.rocketmq.logging.Slf4jLoggerFactoryTest

Results :

Tests run: 21, Failures: 0, Errors: 0, Skipped: 0

[[1;34mINFO[m] NonDex SUMMARY:
[[1;34mINFO[m] *********
[[1;34mINFO[m] mvn nondex:nondex  -DnondexFilter='.*' -DnondexMode=FULL -DnondexSeed=933178 -DnondexStart=0 -DnondexEnd=9223372036854775807 -DnondexPrintstack=false -DnondexDir="/home/ch61/rocketmq/logging/.nondex" -DnondexJarDir="/home/ch61/rocketmq/logging/.nondex" -DnondexExecid=1Pb5E9NFELHn3k2DgHZIjfj5JFmPzCFAQKNDt8zvrb8= -DnondexLogging=CONFIG
[[1;34mINFO[m] No Test Failed with this configuration.
[[1;34mINFO[m] *********
[[1;34mINFO[m] *********
[[1;34mINFO[m] mvn nondex:nondex  -DnondexFilter='.*' -DnondexMode=FULL -DnondexSeed=974622 -DnondexStart=0 -DnondexEnd=9223372036854775807 -DnondexPrintstack=false -DnondexDir="/home/ch61/rocketmq/logging/.nondex" -DnondexJarDir="/home/ch61/rocketmq/logging/.nondex" -DnondexExecid=8dmLcJk+rEOmGPJM0OOTIt5a9qiuHMhZs0W8KJbF15c= -DnondexLogging=CONFIG
[[1;34mINFO[m] No Test Failed with this configuration.
[[1;34mINFO[m] *********
[[1;34mINFO[m] *********
[[1;34mINFO[m] mvn nondex:nondex  -DnondexFilter='.*' -DnondexMode=FULL -DnondexSeed=1016066 -DnondexStart=0 -DnondexEnd=9223372036854775807 -DnondexPrintstack=false -DnondexDir="/home/ch61/rocketmq/logging/.nondex" -DnondexJarDir="/home/ch61/rocketmq/logging/.nondex" -DnondexExecid=1SyR0VLp78VRPX0A2jm5yUSksoaBVkYOMCSIqpp8aQ= -DnondexLogging=CONFIG
[[1;34mINFO[m] No Test Failed with this configuration.
[[1;34mINFO[m] *********
[[1;34mINFO[m] Across all seeds:
[[1;34mINFO[m] Test results can be found at: 
[[1;34mINFO[m] file:///home/ch61/rocketmq/logging/.nondex/1Pb5E9NFELHn3k2DgHZIjfj5JFmPzCFAQKNDt8zvrb8=/test_results.html
[[1;34mINFO[m] [NonDex] The id of this run is: 1Pb5E9NFELHn3k2DgHZIjfj5JFmPzCFAQKNDt8zvrb8=
[[1;34mINFO[m] 
[[1;34mINFO[m] [1m---------------< [0;36morg.apache.rocketmq:rocketmq-remoting[0;1m >----------------[m
[[1;34mINFO[m] [1mBuilding rocketmq-remoting 4.9.3-SNAPSHOT 4.9.3-SNAPSHOT          [3/17][m
[[1;34mINFO[m] [1m--------------------------------[ jar ]---------------------------------[m
[[1;34mINFO[m] 
[[1;34mINFO[m] [1m>>> [0;32mnondex-maven-plugin:1.1.2:nondex[m [1m(default-cli)[0;1m > [0;1mtest-compile[m @ [36mrocketmq-remoting[0;1m >>>[m
Downloading from central: https://repo.maven.apache.org/maven2/com/alibaba/fastjson/1.2.76/fastjson-1.2.76.pom
Progress (1): 4.1/11 kBProgress (1): 8.2/11 kBProgress (1): 11 kB                       Downloaded from central: https://repo.maven.apache.org/maven2/com/alibaba/fastjson/1.2.76/fastjson-1.2.76.pom (11 kB at 464 kB/s)
Downloading from central: https://repo.maven.apache.org/maven2/com/alibaba/fastjson/1.2.76/fastjson-1.2.76.jar
Progress (1): 4.1/659 kBProgress (1): 8.2/659 kBProgress (1): 12/659 kB Progress (1): 16/659 kBProgress (1): 20/659 kBProgress (1): 25/659 kBProgress (1): 29/659 kBProgress (1): 33/659 kBProgress (1): 37/659 kBProgress (1): 41/659 kBProgress (1): 45/659 kBProgress (1): 49/659 kBProgress (1): 53/659 kBProgress (1): 57/659 kBProgress (1): 61/659 kBProgress (1): 66/659 kBProgress (1): 70/659 kBProgress (1): 74/659 kBProgress (1): 78/659 kBProgress (1): 82/659 kBProgress (1): 86/659 kBProgress (1): 90/659 kBProgress (1): 94/659 kBProgress (1): 98/659 kBProgress (1): 102/659 kBProgress (1): 106/659 kBProgress (1): 111/659 kBProgress (1): 115/659 kBProgress (1): 119/659 kBProgress (1): 123/659 kBProgress (1): 127/659 kBProgress (1): 131/659 kBProgress (1): 135/659 kBProgress (1): 139/659 kBProgress (1): 143/659 kBProgress (1): 147/659 kBProgress (1): 152/659 kBProgress (1): 156/659 kBProgress (1): 160/659 kBProgress (1): 164/659 kBProgress (1): 168/659 kBProgress (1): 172/659 kBProgress (1): 176/659 kBProgress (1): 180/659 kBProgress (1): 184/659 kBProgress (1): 188/659 kBProgress (1): 193/659 kBProgress (1): 197/659 kBProgress (1): 201/659 kBProgress (1): 205/659 kBProgress (1): 209/659 kBProgress (1): 213/659 kBProgress (1): 217/659 kBProgress (1): 221/659 kBProgress (1): 225/659 kBProgress (1): 229/659 kBProgress (1): 233/659 kBProgress (1): 238/659 kBProgress (1): 242/659 kBProgress (1): 246/659 kBProgress (1): 250/659 kBProgress (1): 254/659 kBProgress (1): 255/659 kBProgress (1): 259/659 kBProgress (1): 263/659 kBProgress (1): 268/659 kBProgress (1): 272/659 kBProgress (1): 276/659 kBProgress (1): 280/659 kBProgress (1): 284/659 kBProgress (1): 288/659 kBProgress (1): 292/659 kBProgress (1): 296/659 kBProgress (1): 300/659 kBProgress (1): 304/659 kBProgress (1): 309/659 kBProgress (1): 313/659 kBProgress (1): 317/659 kBProgress (1): 321/659 kBProgress (1): 325/659 kBProgress (1): 329/659 kBProgress (1): 333/659 kBProgress (1): 337/659 kBProgress (1): 341/659 kBProgress (1): 345/659 kBProgress (1): 349/659 kBProgress (1): 354/659 kBProgress (1): 358/659 kBProgress (1): 362/659 kBProgress (1): 366/659 kBProgress (1): 370/659 kBProgress (1): 374/659 kBProgress (1): 378/659 kBProgress (1): 382/659 kBProgress (1): 386/659 kBProgress (1): 390/659 kBProgress (1): 395/659 kBProgress (1): 399/659 kBProgress (1): 403/659 kBProgress (1): 407/659 kBProgress (1): 411/659 kBProgress (1): 415/659 kBProgress (1): 419/659 kBProgress (1): 423/659 kBProgress (1): 427/659 kBProgress (1): 431/659 kBProgress (1): 435/659 kBProgress (1): 440/659 kBProgress (1): 444/659 kBProgress (1): 448/659 kBProgress (1): 452/659 kBProgress (1): 456/659 kBProgress (1): 460/659 kBProgress (1): 464/659 kBProgress (1): 468/659 kBProgress (1): 472/659 kBProgress (1): 476/659 kBProgress (1): 481/659 kBProgress (1): 485/659 kBProgress (1): 489/659 kBProgress (1): 493/659 kBProgress (1): 497/659 kBProgress (1): 501/659 kBProgress (1): 505/659 kBProgress (1): 509/659 kBProgress (1): 513/659 kBProgress (1): 517/659 kBProgress (1): 522/659 kBProgress (1): 526/659 kBProgress (1): 530/659 kBProgress (1): 534/659 kBProgress (1): 538/659 kBProgress (1): 542/659 kBProgress (1): 546/659 kBProgress (1): 550/659 kBProgress (1): 554/659 kBProgress (1): 558/659 kBProgress (1): 562/659 kBProgress (1): 567/659 kBProgress (1): 571/659 kBProgress (1): 575/659 kBProgress (1): 579/659 kBProgress (1): 583/659 kBProgress (1): 587/659 kBProgress (1): 591/659 kBProgress (1): 595/659 kBProgress (1): 599/659 kBProgress (1): 603/659 kBProgress (1): 608/659 kBProgress (1): 612/659 kBProgress (1): 616/659 kBProgress (1): 620/659 kBProgress (1): 624/659 kBProgress (1): 628/659 kBProgress (1): 632/659 kBProgress (1): 636/659 kBProgress (1): 640/659 kBProgress (1): 644/659 kBProgress (1): 648/659 kBProgress (1): 653/659 kBProgress (1): 657/659 kBProgress (1): 659 kB                        Downloaded from central: https://repo.maven.apache.org/maven2/com/alibaba/fastjson/1.2.76/fastjson-1.2.76.jar (659 kB at 14 MB/s)
[[1;34mINFO[m] 
[[1;34mINFO[m] [1m--- [0;32mmaven-enforcer-plugin:1.4.1:enforce[m [1m(enforce-ban-circular-dependencies)[m @ [36mrocketmq-remoting[0;1m ---[m
[[1;34mINFO[m] 
[[1;34mINFO[m] [1m--- [0;32mjacoco-maven-plugin:0.8.5:prepare-agent[m [1m(default-prepare-agent)[m @ [36mrocketmq-remoting[0;1m ---[m
[[1;34mINFO[m] argLine set to -javaagent:/home/ch61/.m2/repository/org/jacoco/org.jacoco.agent/0.8.5/org.jacoco.agent-0.8.5-runtime.jar=destfile=/home/ch61/rocketmq/remoting/target/jacoco.exec
[[1;34mINFO[m] 
[[1;34mINFO[m] [1m--- [0;32mmaven-remote-resources-plugin:1.5:process[m [1m(process-resource-bundles)[m @ [36mrocketmq-remoting[0;1m ---[m
[[1;34mINFO[m] 
[[1;34mINFO[m] [1m--- [0;32mmaven-resources-plugin:3.0.2:resources[m [1m(default-resources)[m @ [36mrocketmq-remoting[0;1m ---[m
[[1;34mINFO[m] Using 'UTF-8' encoding to copy filtered resources.
[[1;34mINFO[m] skip non existing resourceDirectory /home/ch61/rocketmq/remoting/src/main/resources
[[1;34mINFO[m] Copying 3 resources
[[1;34mINFO[m] 
[[1;34mINFO[m] [1m--- [0;32mmaven-compiler-plugin:3.5.1:compile[m [1m(default-compile)[m @ [36mrocketmq-remoting[0;1m ---[m
[[1;34mINFO[m] Changes detected - recompiling the module!
[[1;34mINFO[m] Compiling 47 source files to /home/ch61/rocketmq/remoting/target/classes
[[1;33mWARNING[m] /home/ch61/rocketmq/remoting/src/main/java/org/apache/rocketmq/remoting/netty/FileRegionEncoder.java:[71,35] transfered() in io.netty.channel.FileRegion has been deprecated
[[1;34mINFO[m] 
[[1;34mINFO[m] [1m--- [0;32mmaven-resources-plugin:3.0.2:testResources[m [1m(default-testResources)[m @ [36mrocketmq-remoting[0;1m ---[m
[[1;34mINFO[m] Using 'UTF-8' encoding to copy filtered resources.
[[1;34mINFO[m] Copying 10 resources
[[1;34mINFO[m] Copying 3 resources
[[1;34mINFO[m] 
[[1;34mINFO[m] [1m--- [0;32mmaven-compiler-plugin:3.5.1:testCompile[m [1m(default-testCompile)[m @ [36mrocketmq-remoting[0;1m ---[m
[[1;34mINFO[m] Changes detected - recompiling the module!
[[1;34mINFO[m] Compiling 9 source files to /home/ch61/rocketmq/remoting/target/test-classes
[[1;33mWARNING[m] /home/ch61/rocketmq/remoting/src/test/java/org/apache/rocketmq/remoting/netty/FileRegionEncoderTest.java:[52,42] transfered() in io.netty.channel.FileRegion has been deprecated
[[1;34mINFO[m] /home/ch61/rocketmq/remoting/src/test/java/org/apache/rocketmq/remoting/protocol/RocketMQSerializableTest.java: /home/ch61/rocketmq/remoting/src/test/java/org/apache/rocketmq/remoting/protocol/RocketMQSerializableTest.java uses unchecked or unsafe operations.
[[1;34mINFO[m] /home/ch61/rocketmq/remoting/src/test/java/org/apache/rocketmq/remoting/protocol/RocketMQSerializableTest.java: Recompile with -Xlint:unchecked for details.
[[1;34mINFO[m] 
[[1;34mINFO[m] [1m<<< [0;32mnondex-maven-plugin:1.1.2:nondex[m [1m(default-cli)[0;1m < [0;1mtest-compile[m @ [36mrocketmq-remoting[0;1m <<<[m
[[1;34mINFO[m] 
[[1;34mINFO[m] 
[[1;34mINFO[m] [1m--- [0;32mnondex-maven-plugin:1.1.2:nondex[m [1m(default-cli)[m @ [36mrocketmq-remoting[0;1m ---[m
INFO: The original argline is: 
INFO: Creating new argline for Surefire
CONFIG: nondexFilter=.*
nondexMode=FULL
nondexSeed=933178
nondexStart=0
nondexEnd=9223372036854775807
nondexPrintstack=false
nondexDir=/home/ch61/rocketmq/remoting/.nondex
nondexJarDir=.nondex
nondexExecid=clean_C3jvldsF81JosYQuhqZwUgQ8NRzcf7abgVFT4jPV8vs=
nondexLogging=CONFIG
test=

-------------------------------------------------------
 T E S T S
-------------------------------------------------------
Running org.apache.rocketmq.remoting.RemotingServerTest
RocketMQLog:WARN No appenders could be found for logger (io.netty.util.internal.InternalThreadLocalMap).
RocketMQLog:WARN Please initialize the logger system properly.
Tests run: 3, Failures: 0, Errors: 0, Skipped: 0, Time elapsed: 1.124 sec - in org.apache.rocketmq.remoting.RemotingServerTest
Running org.apache.rocketmq.remoting.TlsTest
Tests run: 12, Failures: 0, Errors: 0, Skipped: 0, Time elapsed: 1.086 sec - in org.apache.rocketmq.remoting.TlsTest
Running org.apache.rocketmq.remoting.protocol.RemotingCommandTest
Tests run: 11, Failures: 0, Errors: 0, Skipped: 0, Time elapsed: 0.01 sec - in org.apache.rocketmq.remoting.protocol.RemotingCommandTest
Running org.apache.rocketmq.remoting.protocol.RemotingSerializableTest
Tests run: 3, Failures: 0, Errors: 0, Skipped: 0, Time elapsed: 0.013 sec - in org.apache.rocketmq.remoting.protocol.RemotingSerializableTest
Running org.apache.rocketmq.remoting.protocol.RocketMQSerializableTest
Tests run: 5, Failures: 0, Errors: 0, Skipped: 0, Time elapsed: 0.003 sec - in org.apache.rocketmq.remoting.protocol.RocketMQSerializableTest
Running org.apache.rocketmq.remoting.netty.FileRegionEncoderTest
Tests run: 1, Failures: 0, Errors: 0, Skipped: 0, Time elapsed: 0.017 sec - in org.apache.rocketmq.remoting.netty.FileRegionEncoderTest
Running org.apache.rocketmq.remoting.netty.NettyClientConfigTest
Tests run: 1, Failures: 0, Errors: 0, Skipped: 0, Time elapsed: 0 sec - in org.apache.rocketmq.remoting.netty.NettyClientConfigTest
Running org.apache.rocketmq.remoting.netty.NettyRemotingAbstractTest
Tests run: 4, Failures: 0, Errors: 0, Skipped: 0, Time elapsed: 0.324 sec - in org.apache.rocketmq.remoting.netty.NettyRemotingAbstractTest
Running org.apache.rocketmq.remoting.netty.NettyRemotingClientTest
Tests run: 1, Failures: 0, Errors: 0, Skipped: 0, Time elapsed: 0.001 sec - in org.apache.rocketmq.remoting.netty.NettyRemotingClientTest

Results :

Tests run: 41, Failures: 0, Errors: 0, Skipped: 0

INFO: Adding excluded groups to newly created one
INFO: Creating new argline for Surefire
CONFIG: nondexFilter=.*
nondexMode=FULL
nondexSeed=933178
nondexStart=0
nondexEnd=9223372036854775807
nondexPrintstack=false
nondexDir=/home/ch61/rocketmq/remoting/.nondex
nondexJarDir=/home/ch61/rocketmq/remoting/.nondex
nondexExecid=Sd8yUQS6CwjCjp+k4FKsy7n7dCPtqX3LZOxhIZLKmP0=
nondexLogging=CONFIG
test=

-------------------------------------------------------
 T E S T S
-------------------------------------------------------
RocketMQLog:WARN No appenders could be found for logger (io.netty.util.internal.InternalThreadLocalMap).
RocketMQLog:WARN Please initialize the logger system properly.
Running org.apache.rocketmq.remoting.RemotingServerTest
Tests run: 3, Failures: 0, Errors: 0, Skipped: 0, Time elapsed: 0.213 sec - in org.apache.rocketmq.remoting.RemotingServerTest
Running org.apache.rocketmq.remoting.TlsTest
Tests run: 12, Failures: 0, Errors: 0, Skipped: 0, Time elapsed: 7.578 sec - in org.apache.rocketmq.remoting.TlsTest
Running org.apache.rocketmq.remoting.protocol.RemotingCommandTest
Tests run: 11, Failures: 0, Errors: 0, Skipped: 0, Time elapsed: 0.013 sec - in org.apache.rocketmq.remoting.protocol.RemotingCommandTest
Running org.apache.rocketmq.remoting.protocol.RemotingSerializableTest
Tests run: 3, Failures: 0, Errors: 0, Skipped: 0, Time elapsed: 0.006 sec - in org.apache.rocketmq.remoting.protocol.RemotingSerializableTest
Running org.apache.rocketmq.remoting.protocol.RocketMQSerializableTest
Tests run: 5, Failures: 0, Errors: 0, Skipped: 0, Time elapsed: 0.003 sec - in org.apache.rocketmq.remoting.protocol.RocketMQSerializableTest
Running org.apache.rocketmq.remoting.netty.FileRegionEncoderTest
Tests run: 1, Failures: 0, Errors: 0, Skipped: 0, Time elapsed: 0.011 sec - in org.apache.rocketmq.remoting.netty.FileRegionEncoderTest
Running org.apache.rocketmq.remoting.netty.NettyClientConfigTest
Tests run: 1, Failures: 0, Errors: 0, Skipped: 0, Time elapsed: 0.001 sec - in org.apache.rocketmq.remoting.netty.NettyClientConfigTest
Running org.apache.rocketmq.remoting.netty.NettyRemotingAbstractTest
Tests run: 4, Failures: 0, Errors: 0, Skipped: 0, Time elapsed: 0.338 sec - in org.apache.rocketmq.remoting.netty.NettyRemotingAbstractTest
Running org.apache.rocketmq.remoting.netty.NettyRemotingClientTest
Tests run: 1, Failures: 0, Errors: 0, Skipped: 0, Time elapsed: 0.003 sec - in org.apache.rocketmq.remoting.netty.NettyRemotingClientTest

Results :

Tests run: 41, Failures: 0, Errors: 0, Skipped: 0

INFO: Adding excluded groups to newly created one
INFO: Creating new argline for Surefire
CONFIG: nondexFilter=.*
nondexMode=FULL
nondexSeed=974622
nondexStart=0
nondexEnd=9223372036854775807
nondexPrintstack=false
nondexDir=/home/ch61/rocketmq/remoting/.nondex
nondexJarDir=/home/ch61/rocketmq/remoting/.nondex
nondexExecid=M5ynNszf8+zs55R0MTKdIY5EVcCmhvF8rgjVCwPjkw=
nondexLogging=CONFIG
test=

-------------------------------------------------------
 T E S T S
-------------------------------------------------------
RocketMQLog:WARN No appenders could be found for logger (io.netty.util.internal.InternalThreadLocalMap).
RocketMQLog:WARN Please initialize the logger system properly.
Running org.apache.rocketmq.remoting.RemotingServerTest
Tests run: 3, Failures: 0, Errors: 0, Skipped: 0, Time elapsed: 0.191 sec - in org.apache.rocketmq.remoting.RemotingServerTest
Running org.apache.rocketmq.remoting.TlsTest
Tests run: 12, Failures: 0, Errors: 0, Skipped: 0, Time elapsed: 7.642 sec - in org.apache.rocketmq.remoting.TlsTest
Running org.apache.rocketmq.remoting.protocol.RemotingCommandTest
Tests run: 11, Failures: 0, Errors: 0, Skipped: 0, Time elapsed: 0.01 sec - in org.apache.rocketmq.remoting.protocol.RemotingCommandTest
Running org.apache.rocketmq.remoting.protocol.RemotingSerializableTest
Tests run: 3, Failures: 0, Errors: 0, Skipped: 0, Time elapsed: 0.002 sec - in org.apache.rocketmq.remoting.protocol.RemotingSerializableTest
Running org.apache.rocketmq.remoting.protocol.RocketMQSerializableTest
Tests run: 5, Failures: 0, Errors: 0, Skipped: 0, Time elapsed: 0.003 sec - in org.apache.rocketmq.remoting.protocol.RocketMQSerializableTest
Running org.apache.rocketmq.remoting.netty.FileRegionEncoderTest
Tests run: 1, Failures: 0, Errors: 0, Skipped: 0, Time elapsed: 0.011 sec - in org.apache.rocketmq.remoting.netty.FileRegionEncoderTest
Running org.apache.rocketmq.remoting.netty.NettyClientConfigTest
Tests run: 1, Failures: 0, Errors: 0, Skipped: 0, Time elapsed: 0.001 sec - in org.apache.rocketmq.remoting.netty.NettyClientConfigTest
Running org.apache.rocketmq.remoting.netty.NettyRemotingAbstractTest
Tests run: 4, Failures: 0, Errors: 0, Skipped: 0, Time elapsed: 0.353 sec - in org.apache.rocketmq.remoting.netty.NettyRemotingAbstractTest
Running org.apache.rocketmq.remoting.netty.NettyRemotingClientTest
Tests run: 1, Failures: 0, Errors: 0, Skipped: 0, Time elapsed: 0.003 sec - in org.apache.rocketmq.remoting.netty.NettyRemotingClientTest

Results :

Tests run: 41, Failures: 0, Errors: 0, Skipped: 0

INFO: Adding excluded groups to newly created one
INFO: Creating new argline for Surefire
CONFIG: nondexFilter=.*
nondexMode=FULL
nondexSeed=1016066
nondexStart=0
nondexEnd=9223372036854775807
nondexPrintstack=false
nondexDir=/home/ch61/rocketmq/remoting/.nondex
nondexJarDir=/home/ch61/rocketmq/remoting/.nondex
nondexExecid=nCptfwxDjNAU7JyYFMBs36f90itD8nkaPck2M2oRe8=
nondexLogging=CONFIG
test=

-------------------------------------------------------
 T E S T S
-------------------------------------------------------
RocketMQLog:WARN No appenders could be found for logger (io.netty.util.internal.InternalThreadLocalMap).
RocketMQLog:WARN Please initialize the logger system properly.
Running org.apache.rocketmq.remoting.RemotingServerTest
Tests run: 3, Failures: 0, Errors: 0, Skipped: 0, Time elapsed: 0.212 sec - in org.apache.rocketmq.remoting.RemotingServerTest
Running org.apache.rocketmq.remoting.TlsTest
Tests run: 12, Failures: 0, Errors: 0, Skipped: 0, Time elapsed: 7.6 sec - in org.apache.rocketmq.remoting.TlsTest
Running org.apache.rocketmq.remoting.protocol.RemotingCommandTest
Tests run: 11, Failures: 0, Errors: 0, Skipped: 0, Time elapsed: 0.012 sec - in org.apache.rocketmq.remoting.protocol.RemotingCommandTest
Running org.apache.rocketmq.remoting.protocol.RemotingSerializableTest
Tests run: 3, Failures: 0, Errors: 0, Skipped: 0, Time elapsed: 0.003 sec - in org.apache.rocketmq.remoting.protocol.RemotingSerializableTest
Running org.apache.rocketmq.remoting.protocol.RocketMQSerializableTest
Tests run: 5, Failures: 0, Errors: 0, Skipped: 0, Time elapsed: 0.003 sec - in org.apache.rocketmq.remoting.protocol.RocketMQSerializableTest
Running org.apache.rocketmq.remoting.netty.FileRegionEncoderTest
Tests run: 1, Failures: 0, Errors: 0, Skipped: 0, Time elapsed: 0.025 sec - in org.apache.rocketmq.remoting.netty.FileRegionEncoderTest
Running org.apache.rocketmq.remoting.netty.NettyClientConfigTest
Tests run: 1, Failures: 0, Errors: 0, Skipped: 0, Time elapsed: 0.006 sec - in org.apache.rocketmq.remoting.netty.NettyClientConfigTest
Running org.apache.rocketmq.remoting.netty.NettyRemotingAbstractTest
Tests run: 4, Failures: 0, Errors: 0, Skipped: 0, Time elapsed: 0.286 sec - in org.apache.rocketmq.remoting.netty.NettyRemotingAbstractTest
Running org.apache.rocketmq.remoting.netty.NettyRemotingClientTest
Tests run: 1, Failures: 0, Errors: 0, Skipped: 0, Time elapsed: 0.002 sec - in org.apache.rocketmq.remoting.netty.NettyRemotingClientTest

Results :

Tests run: 41, Failures: 0, Errors: 0, Skipped: 0

[[1;34mINFO[m] NonDex SUMMARY:
[[1;34mINFO[m] *********
[[1;34mINFO[m] mvn nondex:nondex  -DnondexFilter='.*' -DnondexMode=FULL -DnondexSeed=933178 -DnondexStart=0 -DnondexEnd=9223372036854775807 -DnondexPrintstack=false -DnondexDir="/home/ch61/rocketmq/remoting/.nondex" -DnondexJarDir="/home/ch61/rocketmq/remoting/.nondex" -DnondexExecid=Sd8yUQS6CwjCjp+k4FKsy7n7dCPtqX3LZOxhIZLKmP0= -DnondexLogging=CONFIG
[[1;34mINFO[m] No Test Failed with this configuration.
[[1;34mINFO[m] *********
[[1;34mINFO[m] *********
[[1;34mINFO[m] mvn nondex:nondex  -DnondexFilter='.*' -DnondexMode=FULL -DnondexSeed=974622 -DnondexStart=0 -DnondexEnd=9223372036854775807 -DnondexPrintstack=false -DnondexDir="/home/ch61/rocketmq/remoting/.nondex" -DnondexJarDir="/home/ch61/rocketmq/remoting/.nondex" -DnondexExecid=M5ynNszf8+zs55R0MTKdIY5EVcCmhvF8rgjVCwPjkw= -DnondexLogging=CONFIG
[[1;34mINFO[m] No Test Failed with this configuration.
[[1;34mINFO[m] *********
[[1;34mINFO[m] *********
[[1;34mINFO[m] mvn nondex:nondex  -DnondexFilter='.*' -DnondexMode=FULL -DnondexSeed=1016066 -DnondexStart=0 -DnondexEnd=9223372036854775807 -DnondexPrintstack=false -DnondexDir="/home/ch61/rocketmq/remoting/.nondex" -DnondexJarDir="/home/ch61/rocketmq/remoting/.nondex" -DnondexExecid=nCptfwxDjNAU7JyYFMBs36f90itD8nkaPck2M2oRe8= -DnondexLogging=CONFIG
[[1;34mINFO[m] No Test Failed with this configuration.
[[1;34mINFO[m] *********
[[1;34mINFO[m] Across all seeds:
[[1;34mINFO[m] Test results can be found at: 
[[1;34mINFO[m] file:///home/ch61/rocketmq/remoting/.nondex/Sd8yUQS6CwjCjp+k4FKsy7n7dCPtqX3LZOxhIZLKmP0=/test_results.html
[[1;34mINFO[m] [NonDex] The id of this run is: Sd8yUQS6CwjCjp+k4FKsy7n7dCPtqX3LZOxhIZLKmP0=
[[1;34mINFO[m] 
[[1;34mINFO[m] [1m----------------< [0;36morg.apache.rocketmq:rocketmq-common[0;1m >-----------------[m
[[1;34mINFO[m] [1mBuilding rocketmq-common 4.9.3-SNAPSHOT 4.9.3-SNAPSHOT            [4/17][m
[[1;34mINFO[m] [1m--------------------------------[ jar ]---------------------------------[m
[[1;34mINFO[m] 
[[1;34mINFO[m] [1m>>> [0;32mnondex-maven-plugin:1.1.2:nondex[m [1m(default-cli)[0;1m > [0;1mtest-compile[m @ [36mrocketmq-common[0;1m >>>[m
Downloading from central: https://repo.maven.apache.org/maven2/commons-validator/commons-validator/1.7/commons-validator-1.7.pom
Progress (1): 4.1/14 kBProgress (1): 8.2/14 kBProgress (1): 12/14 kB Progress (1): 14 kB                      Downloaded from central: https://repo.maven.apache.org/maven2/commons-validator/commons-validator/1.7/commons-validator-1.7.pom (14 kB at 983 kB/s)
Downloading from central: https://repo.maven.apache.org/maven2/commons-digester/commons-digester/2.1/commons-digester-2.1.pom
Progress (1): 4.1/10 kBProgress (1): 8.2/10 kBProgress (1): 10 kB                       Downloaded from central: https://repo.maven.apache.org/maven2/commons-digester/commons-digester/2.1/commons-digester-2.1.pom (10 kB at 789 kB/s)
Downloading from central: https://repo.maven.apache.org/maven2/commons-validator/commons-validator/1.7/commons-validator-1.7.jar
Downloading from central: https://repo.maven.apache.org/maven2/commons-digester/commons-digester/2.1/commons-digester-2.1.jar
Progress (1): 4.1/190 kBProgress (1): 8.2/190 kBProgress (1): 12/190 kB Progress (1): 16/190 kBProgress (1): 20/190 kBProgress (1): 25/190 kBProgress (1): 29/190 kBProgress (1): 33/190 kBProgress (1): 37/190 kBProgress (1): 41/190 kBProgress (1): 45/190 kBProgress (1): 49/190 kBProgress (1): 53/190 kBProgress (1): 57/190 kBProgress (1): 61/190 kBProgress (1): 66/190 kBProgress (1): 70/190 kBProgress (1): 74/190 kBProgress (1): 78/190 kBProgress (1): 82/190 kBProgress (1): 86/190 kBProgress (1): 90/190 kBProgress (1): 94/190 kBProgress (1): 98/190 kBProgress (1): 102/190 kBProgress (1): 106/190 kBProgress (1): 111/190 kBProgress (1): 115/190 kBProgress (1): 119/190 kBProgress (1): 123/190 kBProgress (1): 127/190 kBProgress (1): 131/190 kBProgress (1): 135/190 kBProgress (1): 139/190 kBProgress (1): 143/190 kBProgress (1): 147/190 kBProgress (1): 152/190 kBProgress (1): 156/190 kBProgress (1): 160/190 kBProgress (1): 164/190 kBProgress (1): 168/190 kBProgress (1): 172/190 kBProgress (1): 176/190 kBProgress (1): 180/190 kBProgress (1): 184/190 kBProgress (1): 188/190 kBProgress (1): 190 kB                        Downloaded from central: https://repo.maven.apache.org/maven2/commons-validator/commons-validator/1.7/commons-validator-1.7.jar (190 kB at 7.9 MB/s)
Progress (1): 4.1/197 kBProgress (1): 8.2/197 kBProgress (1): 12/197 kB Progress (1): 16/197 kBProgress (1): 20/197 kBProgress (1): 25/197 kBProgress (1): 29/197 kBProgress (1): 33/197 kBProgress (1): 37/197 kBProgress (1): 41/197 kBProgress (1): 45/197 kBProgress (1): 49/197 kBProgress (1): 53/197 kBProgress (1): 57/197 kBProgress (1): 61/197 kBProgress (1): 66/197 kBProgress (1): 70/197 kBProgress (1): 74/197 kBProgress (1): 78/197 kBProgress (1): 82/197 kBProgress (1): 86/197 kBProgress (1): 90/197 kBProgress (1): 94/197 kBProgress (1): 98/197 kBProgress (1): 102/197 kBProgress (1): 106/197 kBProgress (1): 111/197 kBProgress (1): 115/197 kBProgress (1): 119/197 kBProgress (1): 123/197 kBProgress (1): 127/197 kBProgress (1): 131/197 kBProgress (1): 135/197 kBProgress (1): 139/197 kBProgress (1): 143/197 kBProgress (1): 147/197 kBProgress (1): 152/197 kBProgress (1): 156/197 kBProgress (1): 160/197 kBProgress (1): 164/197 kBProgress (1): 168/197 kBProgress (1): 172/197 kBProgress (1): 176/197 kBProgress (1): 180/197 kBProgress (1): 184/197 kBProgress (1): 188/197 kBProgress (1): 193/197 kBProgress (1): 197/197 kBProgress (1): 197 kB                        Downloaded from central: https://repo.maven.apache.org/maven2/commons-digester/commons-digester/2.1/commons-digester-2.1.jar (197 kB at 2.4 MB/s)
[[1;34mINFO[m] 
[[1;34mINFO[m] [1m--- [0;32mmaven-enforcer-plugin:1.4.1:enforce[m [1m(enforce-ban-circular-dependencies)[m @ [36mrocketmq-common[0;1m ---[m
[[1;34mINFO[m] 
[[1;34mINFO[m] [1m--- [0;32mjacoco-maven-plugin:0.8.5:prepare-agent[m [1m(default-prepare-agent)[m @ [36mrocketmq-common[0;1m ---[m
[[1;34mINFO[m] argLine set to -javaagent:/home/ch61/.m2/repository/org/jacoco/org.jacoco.agent/0.8.5/org.jacoco.agent-0.8.5-runtime.jar=destfile=/home/ch61/rocketmq/common/target/jacoco.exec
[[1;34mINFO[m] 
[[1;34mINFO[m] [1m--- [0;32mmaven-remote-resources-plugin:1.5:process[m [1m(process-resource-bundles)[m @ [36mrocketmq-common[0;1m ---[m
[[1;34mINFO[m] 
[[1;34mINFO[m] [1m--- [0;32mmaven-resources-plugin:3.0.2:resources[m [1m(default-resources)[m @ [36mrocketmq-common[0;1m ---[m
[[1;34mINFO[m] Using 'UTF-8' encoding to copy filtered resources.
[[1;34mINFO[m] skip non existing resourceDirectory /home/ch61/rocketmq/common/src/main/resources
[[1;34mINFO[m] Copying 3 resources
[[1;34mINFO[m] 
[[1;34mINFO[m] [1m--- [0;32mmaven-compiler-plugin:3.5.1:compile[m [1m(default-compile)[m @ [36mrocketmq-common[0;1m ---[m
[[1;34mINFO[m] Changes detected - recompiling the module!
[[1;34mINFO[m] Compiling 209 source files to /home/ch61/rocketmq/common/target/classes
[[1;34mINFO[m] 
[[1;34mINFO[m] [1m--- [0;32mmaven-resources-plugin:3.0.2:testResources[m [1m(default-testResources)[m @ [36mrocketmq-common[0;1m ---[m
[[1;34mINFO[m] Using 'UTF-8' encoding to copy filtered resources.
[[1;34mINFO[m] skip non existing resourceDirectory /home/ch61/rocketmq/common/src/test/resources
[[1;34mINFO[m] Copying 3 resources
[[1;34mINFO[m] 
[[1;34mINFO[m] [1m--- [0;32mmaven-compiler-plugin:3.5.1:testCompile[m [1m(default-testCompile)[m @ [36mrocketmq-common[0;1m ---[m
[[1;34mINFO[m] Changes detected - recompiling the module!
[[1;34mINFO[m] Compiling 41 source files to /home/ch61/rocketmq/common/target/test-classes
[[1;33mWARNING[m] /home/ch61/rocketmq/common/src/test/java/org/apache/rocketmq/common/ServiceThreadTest.java:[129,30] stop(boolean) in org.apache.rocketmq.common.ServiceThread has been deprecated
[[1;33mWARNING[m] /home/ch61/rocketmq/common/src/test/java/org/apache/rocketmq/common/ServiceThreadTest.java:[131,30] stop() in org.apache.rocketmq.common.ServiceThread has been deprecated
[[1;33mWARNING[m] /home/ch61/rocketmq/common/src/test/java/org/apache/rocketmq/common/CountDownLatch2Test.java:[49,13] <T>assertThat(T,org.hamcrest.Matcher<? super T>) in org.junit.Assert has been deprecated
[[1;33mWARNING[m] /home/ch61/rocketmq/common/src/test/java/org/apache/rocketmq/common/CountDownLatch2Test.java:[63,9] <T>assertThat(java.lang.String,T,org.hamcrest.Matcher<? super T>) in org.junit.Assert has been deprecated
[[1;34mINFO[m] 
[[1;34mINFO[m] [1m<<< [0;32mnondex-maven-plugin:1.1.2:nondex[m [1m(default-cli)[0;1m < [0;1mtest-compile[m @ [36mrocketmq-common[0;1m <<<[m
[[1;34mINFO[m] 
[[1;34mINFO[m] 
[[1;34mINFO[m] [1m--- [0;32mnondex-maven-plugin:1.1.2:nondex[m [1m(default-cli)[m @ [36mrocketmq-common[0;1m ---[m
INFO: The original argline is: 
INFO: Creating new argline for Surefire
CONFIG: nondexFilter=.*
nondexMode=FULL
nondexSeed=933178
nondexStart=0
nondexEnd=9223372036854775807
nondexPrintstack=false
nondexDir=/home/ch61/rocketmq/common/.nondex
nondexJarDir=.nondex
nondexExecid=clean_VcKxONIpm6xxbnXzOxVVIYoj3iW9KsVUQw9dPI2g4w=
nondexLogging=CONFIG
test=

-------------------------------------------------------
 T E S T S
-------------------------------------------------------
Running org.apache.rocketmq.common.stats.StatsItemSetTest
Tests run: 3, Failures: 0, Errors: 0, Skipped: 0, Time elapsed: 3.147 sec - in org.apache.rocketmq.common.stats.StatsItemSetTest
Running org.apache.rocketmq.common.RemotingUtilTest
Tests run: 3, Failures: 0, Errors: 0, Skipped: 0, Time elapsed: 0.053 sec - in org.apache.rocketmq.common.RemotingUtilTest
Running org.apache.rocketmq.common.CountDownLatch2Test
Tests run: 5, Failures: 0, Errors: 0, Skipped: 0, Time elapsed: 0.017 sec - in org.apache.rocketmq.common.CountDownLatch2Test
Running org.apache.rocketmq.common.sysflag.PullSysFlagTest
Tests run: 2, Failures: 0, Errors: 0, Skipped: 0, Time elapsed: 0 sec - in org.apache.rocketmq.common.sysflag.PullSysFlagTest
Running org.apache.rocketmq.common.RegisterBrokerBodyTest
RocketMQLog:WARN No appenders could be found for logger (RocketmqCommon).
RocketMQLog:WARN Please initialize the logger system properly.
26712
1377910
Tests run: 1, Failures: 0, Errors: 0, Skipped: 0, Time elapsed: 0.363 sec - in org.apache.rocketmq.common.RegisterBrokerBodyTest
Running org.apache.rocketmq.common.MessageEncodeDecodeTest
Tests run: 2, Failures: 0, Errors: 0, Skipped: 0, Time elapsed: 0.008 sec - in org.apache.rocketmq.common.MessageEncodeDecodeTest
Running org.apache.rocketmq.common.message.MessageTest
Tests run: 6, Failures: 0, Errors: 0, Skipped: 0, Time elapsed: 0.005 sec - in org.apache.rocketmq.common.message.MessageTest
Running org.apache.rocketmq.common.message.MessageDecoderTest
Tests run: 5, Failures: 0, Errors: 0, Skipped: 0, Time elapsed: 0.01 sec - in org.apache.rocketmq.common.message.MessageDecoderTest
Running org.apache.rocketmq.common.message.MessageClientIDSetterTest
Tests run: 2, Failures: 0, Errors: 0, Skipped: 0, Time elapsed: 0.007 sec - in org.apache.rocketmq.common.message.MessageClientIDSetterTest
Running org.apache.rocketmq.common.UtilAllTest
Tests run: 9, Failures: 0, Errors: 0, Skipped: 0, Time elapsed: 0.007 sec - in org.apache.rocketmq.common.UtilAllTest
Running org.apache.rocketmq.common.utils.IOTinyUtilsTest
Tests run: 8, Failures: 0, Errors: 0, Skipped: 0, Time elapsed: 0.01 sec - in org.apache.rocketmq.common.utils.IOTinyUtilsTest
Running org.apache.rocketmq.common.utils.NameServerAddressUtilsTest
Tests run: 3, Failures: 0, Errors: 0, Skipped: 0, Time elapsed: 0.006 sec - in org.apache.rocketmq.common.utils.NameServerAddressUtilsTest
Running org.apache.rocketmq.common.BrokerConfigTest
Tests run: 2, Failures: 0, Errors: 0, Skipped: 0, Time elapsed: 0.003 sec - in org.apache.rocketmq.common.BrokerConfigTest
Running org.apache.rocketmq.common.admin.TopicStatsTableTest
Tests run: 2, Failures: 0, Errors: 0, Skipped: 0, Time elapsed: 0.013 sec - in org.apache.rocketmq.common.admin.TopicStatsTableTest
Running org.apache.rocketmq.common.filter.FilterAPITest
Tests run: 4, Failures: 0, Errors: 0, Skipped: 0, Time elapsed: 0.009 sec - in org.apache.rocketmq.common.filter.FilterAPITest
Running org.apache.rocketmq.common.MessageBatchTest
Tests run: 5, Failures: 0, Errors: 0, Skipped: 0, Time elapsed: 0.005 sec - in org.apache.rocketmq.common.MessageBatchTest
Running org.apache.rocketmq.common.ConfigManagerTest
Tests run: 3, Failures: 0, Errors: 0, Skipped: 0, Time elapsed: 0.004 sec - in org.apache.rocketmq.common.ConfigManagerTest
Running org.apache.rocketmq.common.protocol.ConsumeStatusTest
Tests run: 1, Failures: 0, Errors: 0, Skipped: 0, Time elapsed: 0.032 sec - in org.apache.rocketmq.common.protocol.ConsumeStatusTest
Running org.apache.rocketmq.common.protocol.GroupListTest
Tests run: 1, Failures: 0, Errors: 0, Skipped: 0, Time elapsed: 0.008 sec - in org.apache.rocketmq.common.protocol.GroupListTest
Running org.apache.rocketmq.common.protocol.route.TopicRouteDataTest
Tests run: 2, Failures: 0, Errors: 0, Skipped: 0, Time elapsed: 0.014 sec - in org.apache.rocketmq.common.protocol.route.TopicRouteDataTest
Running org.apache.rocketmq.common.protocol.heartbeat.SubscriptionDataTest
Tests run: 5, Failures: 0, Errors: 0, Skipped: 0, Time elapsed: 0.013 sec - in org.apache.rocketmq.common.protocol.heartbeat.SubscriptionDataTest
Running org.apache.rocketmq.common.protocol.ClusterInfoTest
Tests run: 3, Failures: 0, Errors: 0, Skipped: 0, Time elapsed: 0.013 sec - in org.apache.rocketmq.common.protocol.ClusterInfoTest
Running org.apache.rocketmq.common.protocol.QueryConsumeTimeSpanBodyTest
Tests run: 4, Failures: 0, Errors: 0, Skipped: 0, Time elapsed: 0.012 sec - in org.apache.rocketmq.common.protocol.QueryConsumeTimeSpanBodyTest
Running org.apache.rocketmq.common.protocol.topic.OffsetMovedEventTest
Tests run: 2, Failures: 0, Errors: 0, Skipped: 0, Time elapsed: 0.006 sec - in org.apache.rocketmq.common.protocol.topic.OffsetMovedEventTest
Running org.apache.rocketmq.common.protocol.NamespaceUtilTest
Tests run: 3, Failures: 0, Errors: 0, Skipped: 0, Time elapsed: 0.006 sec - in org.apache.rocketmq.common.protocol.NamespaceUtilTest
Running org.apache.rocketmq.common.protocol.body.ConsumerConnectionTest
Tests run: 2, Failures: 0, Errors: 0, Skipped: 0, Time elapsed: 0.007 sec - in org.apache.rocketmq.common.protocol.body.ConsumerConnectionTest
Running org.apache.rocketmq.common.protocol.body.ConsumerRunningInfoTest
Tests run: 4, Failures: 0, Errors: 0, Skipped: 0, Time elapsed: 0.016 sec - in org.apache.rocketmq.common.protocol.body.ConsumerRunningInfoTest
Running org.apache.rocketmq.common.protocol.body.BrokerStatsDataTest
Tests run: 1, Failures: 0, Errors: 0, Skipped: 0, Time elapsed: 0.006 sec - in org.apache.rocketmq.common.protocol.body.BrokerStatsDataTest
Running org.apache.rocketmq.common.protocol.body.ResetOffsetBodyTest
Tests run: 1, Failures: 0, Errors: 0, Skipped: 0, Time elapsed: 0.002 sec - in org.apache.rocketmq.common.protocol.body.ResetOffsetBodyTest
Running org.apache.rocketmq.common.protocol.body.SubscriptionGroupWrapperTest
Tests run: 1, Failures: 0, Errors: 0, Skipped: 0, Time elapsed: 0.007 sec - in org.apache.rocketmq.common.protocol.body.SubscriptionGroupWrapperTest
Running org.apache.rocketmq.common.protocol.body.ConsumeStatsListTest
Tests run: 1, Failures: 0, Errors: 0, Skipped: 0, Time elapsed: 0.01 sec - in org.apache.rocketmq.common.protocol.body.ConsumeStatsListTest
Running org.apache.rocketmq.common.protocol.body.KVTableTest
Tests run: 1, Failures: 0, Errors: 0, Skipped: 0, Time elapsed: 0.005 sec - in org.apache.rocketmq.common.protocol.body.KVTableTest
Running org.apache.rocketmq.common.protocol.body.ConsumeMessageDirectlyResultTest
Tests run: 1, Failures: 0, Errors: 0, Skipped: 0, Time elapsed: 0.006 sec - in org.apache.rocketmq.common.protocol.body.ConsumeMessageDirectlyResultTest
Running org.apache.rocketmq.common.protocol.body.QueryConsumeQueueResponseBodyTest
{
	"filterData":"default filter data",
	"maxQueueIndex":100,
	"minQueueIndex":1,
	"queueData":[
		{
			"bitMap":"defaultBitMap",
			"eval":false,
			"msg":"this is default msg",
			"physicOffset":10,
			"physicSize":1,
			"tagsCode":1
		}
	],
	"subscriptionData":{
		"classFilterMode":false,
		"codeSet":[],
		"expressionType":"TAG",
		"subVersion":1635731784836,
		"tagsSet":[]
	}
}
Tests run: 1, Failures: 0, Errors: 0, Skipped: 0, Time elapsed: 0.014 sec - in org.apache.rocketmq.common.protocol.body.QueryConsumeQueueResponseBodyTest
Running org.apache.rocketmq.common.protocol.body.CheckClientRequestBodyTest
Tests run: 1, Failures: 0, Errors: 0, Skipped: 0, Time elapsed: 0.007 sec - in org.apache.rocketmq.common.protocol.body.CheckClientRequestBodyTest
Running org.apache.rocketmq.common.protocol.body.QueryCorrectionOffsetBodyTest
Tests run: 1, Failures: 0, Errors: 0, Skipped: 0, Time elapsed: 0.004 sec - in org.apache.rocketmq.common.protocol.body.QueryCorrectionOffsetBodyTest
Running org.apache.rocketmq.common.MixAllTest
Tests run: 7, Failures: 0, Errors: 0, Skipped: 0, Time elapsed: 0.011 sec - in org.apache.rocketmq.common.MixAllTest
Running org.apache.rocketmq.common.topic.TopicValidatorTest
Tests run: 7, Failures: 0, Errors: 0, Skipped: 0, Time elapsed: 0.01 sec - in org.apache.rocketmq.common.topic.TopicValidatorTest
Running org.apache.rocketmq.common.DataVersionTest
Tests run: 5, Failures: 0, Errors: 0, Skipped: 0, Time elapsed: 0.003 sec - in org.apache.rocketmq.common.DataVersionTest
Running org.apache.rocketmq.common.ServiceThreadTest
Tests run: 5, Failures: 0, Errors: 0, Skipped: 0, Time elapsed: 2.006 sec - in org.apache.rocketmq.common.ServiceThreadTest
Running org.apache.rocketmq.common.MQVersionTest
Tests run: 4, Failures: 0, Errors: 0, Skipped: 0, Time elapsed: 0.018 sec - in org.apache.rocketmq.common.MQVersionTest

Results :

Tests run: 129, Failures: 0, Errors: 0, Skipped: 0

INFO: Adding excluded groups to newly created one
INFO: Creating new argline for Surefire
CONFIG: nondexFilter=.*
nondexMode=FULL
nondexSeed=933178
nondexStart=0
nondexEnd=9223372036854775807
nondexPrintstack=false
nondexDir=/home/ch61/rocketmq/common/.nondex
nondexJarDir=/home/ch61/rocketmq/common/.nondex
nondexExecid=uBETgzEzj2RzBDA2zWGkUM0fM8HeQ9BIQ6BDQRto19c=
nondexLogging=CONFIG
test=

-------------------------------------------------------
 T E S T S
-------------------------------------------------------
Running org.apache.rocketmq.common.stats.StatsItemSetTest
Tests run: 3, Failures: 0, Errors: 0, Skipped: 0, Time elapsed: 3.05 sec - in org.apache.rocketmq.common.stats.StatsItemSetTest
Running org.apache.rocketmq.common.RemotingUtilTest
Tests run: 3, Failures: 0, Errors: 0, Skipped: 0, Time elapsed: 0.043 sec - in org.apache.rocketmq.common.RemotingUtilTest
Running org.apache.rocketmq.common.CountDownLatch2Test
Tests run: 5, Failures: 0, Errors: 0, Skipped: 0, Time elapsed: 0.016 sec - in org.apache.rocketmq.common.CountDownLatch2Test
Running org.apache.rocketmq.common.sysflag.PullSysFlagTest
Tests run: 2, Failures: 0, Errors: 0, Skipped: 0, Time elapsed: 0.001 sec - in org.apache.rocketmq.common.sysflag.PullSysFlagTest
Running org.apache.rocketmq.common.RegisterBrokerBodyTest
RocketMQLog:WARN No appenders could be found for logger (RocketmqCommon).
RocketMQLog:WARN Please initialize the logger system properly.
28885
1377910
Tests run: 1, Failures: 0, Errors: 0, Skipped: 0, Time elapsed: 0.326 sec - in org.apache.rocketmq.common.RegisterBrokerBodyTest
Running org.apache.rocketmq.common.MessageEncodeDecodeTest
Tests run: 2, Failures: 0, Errors: 0, Skipped: 0, Time elapsed: 0.014 sec - in org.apache.rocketmq.common.MessageEncodeDecodeTest
Running org.apache.rocketmq.common.message.MessageTest
Tests run: 6, Failures: 0, Errors: 0, Skipped: 0, Time elapsed: 0.001 sec - in org.apache.rocketmq.common.message.MessageTest
Running org.apache.rocketmq.common.message.MessageDecoderTest
Tests run: 5, Failures: 0, Errors: 0, Skipped: 0, Time elapsed: 0.008 sec - in org.apache.rocketmq.common.message.MessageDecoderTest
Running org.apache.rocketmq.common.message.MessageClientIDSetterTest
Tests run: 2, Failures: 0, Errors: 0, Skipped: 0, Time elapsed: 0.004 sec - in org.apache.rocketmq.common.message.MessageClientIDSetterTest
Running org.apache.rocketmq.common.UtilAllTest
Tests run: 9, Failures: 0, Errors: 0, Skipped: 0, Time elapsed: 0.006 sec - in org.apache.rocketmq.common.UtilAllTest
Running org.apache.rocketmq.common.utils.IOTinyUtilsTest
Tests run: 8, Failures: 0, Errors: 0, Skipped: 0, Time elapsed: 0.007 sec - in org.apache.rocketmq.common.utils.IOTinyUtilsTest
Running org.apache.rocketmq.common.utils.NameServerAddressUtilsTest
Tests run: 3, Failures: 0, Errors: 0, Skipped: 0, Time elapsed: 0.005 sec - in org.apache.rocketmq.common.utils.NameServerAddressUtilsTest
Running org.apache.rocketmq.common.BrokerConfigTest
Tests run: 2, Failures: 0, Errors: 0, Skipped: 0, Time elapsed: 0.003 sec - in org.apache.rocketmq.common.BrokerConfigTest
Running org.apache.rocketmq.common.admin.TopicStatsTableTest
Tests run: 2, Failures: 0, Errors: 0, Skipped: 0, Time elapsed: 0.012 sec - in org.apache.rocketmq.common.admin.TopicStatsTableTest
Running org.apache.rocketmq.common.filter.FilterAPITest
Tests run: 1, Failures: 1, Errors: 0, Skipped: 0, Time elapsed: 0.013 sec <<< FAILURE! - in org.apache.rocketmq.common.filter.FilterAPITest
testBuildTagSome(org.apache.rocketmq.common.filter.FilterAPITest)  Time elapsed: 0.012 sec  <<< FAILURE!
java.lang.AssertionError: 

Actual and expected have the same elements but not in the same order, at index 0 actual element was:
  <"B">
whereas expected element was:
  <"A">

	at org.apache.rocketmq.common.filter.FilterAPITest.testBuildTagSome(FilterAPITest.java:60)

Running org.apache.rocketmq.common.MessageBatchTest
Tests run: 1, Failures: 0, Errors: 0, Skipped: 1, Time elapsed: 0 sec - in org.apache.rocketmq.common.MessageBatchTest
Running org.apache.rocketmq.common.ConfigManagerTest
Tests run: 1, Failures: 0, Errors: 0, Skipped: 1, Time elapsed: 0.001 sec - in org.apache.rocketmq.common.ConfigManagerTest
Running org.apache.rocketmq.common.protocol.ConsumeStatusTest
Tests run: 1, Failures: 0, Errors: 0, Skipped: 1, Time elapsed: 0 sec - in org.apache.rocketmq.common.protocol.ConsumeStatusTest
Running org.apache.rocketmq.common.protocol.GroupListTest
Tests run: 1, Failures: 0, Errors: 0, Skipped: 1, Time elapsed: 0 sec - in org.apache.rocketmq.common.protocol.GroupListTest
Running org.apache.rocketmq.common.protocol.route.TopicRouteDataTest
Tests run: 1, Failures: 0, Errors: 0, Skipped: 1, Time elapsed: 0.001 sec - in org.apache.rocketmq.common.protocol.route.TopicRouteDataTest
Running org.apache.rocketmq.common.protocol.heartbeat.SubscriptionDataTest
Tests run: 1, Failures: 0, Errors: 0, Skipped: 1, Time elapsed: 0 sec - in org.apache.rocketmq.common.protocol.heartbeat.SubscriptionDataTest
Running org.apache.rocketmq.common.protocol.ClusterInfoTest
Tests run: 1, Failures: 0, Errors: 0, Skipped: 1, Time elapsed: 0 sec - in org.apache.rocketmq.common.protocol.ClusterInfoTest
Running org.apache.rocketmq.common.protocol.QueryConsumeTimeSpanBodyTest
Tests run: 1, Failures: 0, Errors: 0, Skipped: 1, Time elapsed: 0.001 sec - in org.apache.rocketmq.common.protocol.QueryConsumeTimeSpanBodyTest
Running org.apache.rocketmq.common.protocol.topic.OffsetMovedEventTest
Tests run: 1, Failures: 0, Errors: 0, Skipped: 1, Time elapsed: 0 sec - in org.apache.rocketmq.common.protocol.topic.OffsetMovedEventTest
Running org.apache.rocketmq.common.protocol.NamespaceUtilTest
Tests run: 1, Failures: 0, Errors: 0, Skipped: 1, Time elapsed: 0 sec - in org.apache.rocketmq.common.protocol.NamespaceUtilTest
Running org.apache.rocketmq.common.protocol.body.ConsumerConnectionTest
Tests run: 1, Failures: 0, Errors: 0, Skipped: 1, Time elapsed: 0 sec - in org.apache.rocketmq.common.protocol.body.ConsumerConnectionTest
Running org.apache.rocketmq.common.protocol.body.ConsumerRunningInfoTest
Tests run: 1, Failures: 0, Errors: 0, Skipped: 1, Time elapsed: 0 sec - in org.apache.rocketmq.common.protocol.body.ConsumerRunningInfoTest
Running org.apache.rocketmq.common.protocol.body.BrokerStatsDataTest
Tests run: 1, Failures: 0, Errors: 0, Skipped: 1, Time elapsed: 0 sec - in org.apache.rocketmq.common.protocol.body.BrokerStatsDataTest
Running org.apache.rocketmq.common.protocol.body.ResetOffsetBodyTest
Tests run: 1, Failures: 0, Errors: 0, Skipped: 1, Time elapsed: 0 sec - in org.apache.rocketmq.common.protocol.body.ResetOffsetBodyTest
Running org.apache.rocketmq.common.protocol.body.SubscriptionGroupWrapperTest
Tests run: 1, Failures: 0, Errors: 0, Skipped: 1, Time elapsed: 0 sec - in org.apache.rocketmq.common.protocol.body.SubscriptionGroupWrapperTest
Running org.apache.rocketmq.common.protocol.body.ConsumeStatsListTest
Tests run: 1, Failures: 0, Errors: 0, Skipped: 1, Time elapsed: 0 sec - in org.apache.rocketmq.common.protocol.body.ConsumeStatsListTest
Running org.apache.rocketmq.common.protocol.body.KVTableTest
Tests run: 1, Failures: 0, Errors: 0, Skipped: 1, Time elapsed: 0.001 sec - in org.apache.rocketmq.common.protocol.body.KVTableTest
Running org.apache.rocketmq.common.protocol.body.ConsumeMessageDirectlyResultTest
Tests run: 1, Failures: 0, Errors: 0, Skipped: 1, Time elapsed: 0 sec - in org.apache.rocketmq.common.protocol.body.ConsumeMessageDirectlyResultTest
Running org.apache.rocketmq.common.protocol.body.QueryConsumeQueueResponseBodyTest
Tests run: 1, Failures: 0, Errors: 0, Skipped: 1, Time elapsed: 0 sec - in org.apache.rocketmq.common.protocol.body.QueryConsumeQueueResponseBodyTest
Running org.apache.rocketmq.common.protocol.body.CheckClientRequestBodyTest
Tests run: 1, Failures: 0, Errors: 0, Skipped: 1, Time elapsed: 0 sec - in org.apache.rocketmq.common.protocol.body.CheckClientRequestBodyTest
Running org.apache.rocketmq.common.protocol.body.QueryCorrectionOffsetBodyTest
Tests run: 1, Failures: 0, Errors: 0, Skipped: 1, Time elapsed: 0 sec - in org.apache.rocketmq.common.protocol.body.QueryCorrectionOffsetBodyTest
Running org.apache.rocketmq.common.MixAllTest
Tests run: 1, Failures: 0, Errors: 0, Skipped: 1, Time elapsed: 0 sec - in org.apache.rocketmq.common.MixAllTest
Running org.apache.rocketmq.common.topic.TopicValidatorTest
Tests run: 1, Failures: 0, Errors: 0, Skipped: 1, Time elapsed: 0 sec - in org.apache.rocketmq.common.topic.TopicValidatorTest
Running org.apache.rocketmq.common.DataVersionTest
Tests run: 1, Failures: 0, Errors: 0, Skipped: 1, Time elapsed: 0 sec - in org.apache.rocketmq.common.DataVersionTest
Running org.apache.rocketmq.common.ServiceThreadTest
Tests run: 1, Failures: 0, Errors: 0, Skipped: 1, Time elapsed: 0 sec - in org.apache.rocketmq.common.ServiceThreadTest
Running org.apache.rocketmq.common.MQVersionTest
Tests run: 1, Failures: 0, Errors: 0, Skipped: 1, Time elapsed: 0 sec - in org.apache.rocketmq.common.MQVersionTest

Results :

Failed tests: 
  FilterAPITest.testBuildTagSome:60 
Actual and expected have the same elements but not in the same order, at index 0 actual element was:
  <"B">
whereas expected element was:
  <"A">


Tests run: 80, Failures: 1, Errors: 0, Skipped: 26

INFO: Surefire failed when running tests for uBETgzEzj2RzBDA2zWGkUM0fM8HeQ9BIQ6BDQRto19c=
INFO: Adding excluded groups to newly created one
INFO: Creating new argline for Surefire
CONFIG: nondexFilter=.*
nondexMode=FULL
nondexSeed=974622
nondexStart=0
nondexEnd=9223372036854775807
nondexPrintstack=false
nondexDir=/home/ch61/rocketmq/common/.nondex
nondexJarDir=/home/ch61/rocketmq/common/.nondex
nondexExecid=0SX1Idv8Hkxf7KrPAOTikuMVT31c0NjJ6Yj+WNDQ2A=
nondexLogging=CONFIG
test=

-------------------------------------------------------
 T E S T S
-------------------------------------------------------
Running org.apache.rocketmq.common.stats.StatsItemSetTest
Tests run: 3, Failures: 0, Errors: 0, Skipped: 0, Time elapsed: 3.049 sec - in org.apache.rocketmq.common.stats.StatsItemSetTest
Running org.apache.rocketmq.common.RemotingUtilTest
Tests run: 3, Failures: 0, Errors: 0, Skipped: 0, Time elapsed: 0.041 sec - in org.apache.rocketmq.common.RemotingUtilTest
Running org.apache.rocketmq.common.CountDownLatch2Test
Tests run: 5, Failures: 0, Errors: 0, Skipped: 0, Time elapsed: 0.019 sec - in org.apache.rocketmq.common.CountDownLatch2Test
Running org.apache.rocketmq.common.sysflag.PullSysFlagTest
Tests run: 2, Failures: 0, Errors: 0, Skipped: 0, Time elapsed: 0.001 sec - in org.apache.rocketmq.common.sysflag.PullSysFlagTest
Running org.apache.rocketmq.common.RegisterBrokerBodyTest
RocketMQLog:WARN No appenders could be found for logger (RocketmqCommon).
RocketMQLog:WARN Please initialize the logger system properly.
28891
1377910
Tests run: 1, Failures: 0, Errors: 0, Skipped: 0, Time elapsed: 0.375 sec - in org.apache.rocketmq.common.RegisterBrokerBodyTest
Running org.apache.rocketmq.common.MessageEncodeDecodeTest
Tests run: 2, Failures: 0, Errors: 0, Skipped: 0, Time elapsed: 0.025 sec - in org.apache.rocketmq.common.MessageEncodeDecodeTest
Running org.apache.rocketmq.common.message.MessageTest
Tests run: 6, Failures: 0, Errors: 0, Skipped: 0, Time elapsed: 0.002 sec - in org.apache.rocketmq.common.message.MessageTest
Running org.apache.rocketmq.common.message.MessageDecoderTest
Tests run: 5, Failures: 0, Errors: 0, Skipped: 0, Time elapsed: 0.011 sec - in org.apache.rocketmq.common.message.MessageDecoderTest
Running org.apache.rocketmq.common.message.MessageClientIDSetterTest
Tests run: 2, Failures: 0, Errors: 0, Skipped: 0, Time elapsed: 0.008 sec - in org.apache.rocketmq.common.message.MessageClientIDSetterTest
Running org.apache.rocketmq.common.UtilAllTest
Tests run: 9, Failures: 0, Errors: 0, Skipped: 0, Time elapsed: 0.007 sec - in org.apache.rocketmq.common.UtilAllTest
Running org.apache.rocketmq.common.utils.IOTinyUtilsTest
Tests run: 8, Failures: 0, Errors: 0, Skipped: 0, Time elapsed: 0.008 sec - in org.apache.rocketmq.common.utils.IOTinyUtilsTest
Running org.apache.rocketmq.common.utils.NameServerAddressUtilsTest
Tests run: 3, Failures: 0, Errors: 0, Skipped: 0, Time elapsed: 0.004 sec - in org.apache.rocketmq.common.utils.NameServerAddressUtilsTest
Running org.apache.rocketmq.common.BrokerConfigTest
Tests run: 2, Failures: 0, Errors: 0, Skipped: 0, Time elapsed: 0.003 sec - in org.apache.rocketmq.common.BrokerConfigTest
Running org.apache.rocketmq.common.admin.TopicStatsTableTest
Tests run: 2, Failures: 0, Errors: 0, Skipped: 0, Time elapsed: 0.011 sec - in org.apache.rocketmq.common.admin.TopicStatsTableTest
Running org.apache.rocketmq.common.filter.FilterAPITest
Tests run: 4, Failures: 0, Errors: 0, Skipped: 0, Time elapsed: 0.007 sec - in org.apache.rocketmq.common.filter.FilterAPITest
Running org.apache.rocketmq.common.MessageBatchTest
Tests run: 5, Failures: 0, Errors: 0, Skipped: 0, Time elapsed: 0.001 sec - in org.apache.rocketmq.common.MessageBatchTest
Running org.apache.rocketmq.common.ConfigManagerTest
Tests run: 3, Failures: 0, Errors: 0, Skipped: 0, Time elapsed: 0.003 sec - in org.apache.rocketmq.common.ConfigManagerTest
Running org.apache.rocketmq.common.protocol.ConsumeStatusTest
Tests run: 1, Failures: 0, Errors: 0, Skipped: 0, Time elapsed: 0.017 sec - in org.apache.rocketmq.common.protocol.ConsumeStatusTest
Running org.apache.rocketmq.common.protocol.GroupListTest
Tests run: 1, Failures: 0, Errors: 0, Skipped: 0, Time elapsed: 0.007 sec - in org.apache.rocketmq.common.protocol.GroupListTest
Running org.apache.rocketmq.common.protocol.route.TopicRouteDataTest
Tests run: 2, Failures: 0, Errors: 0, Skipped: 0, Time elapsed: 0.018 sec - in org.apache.rocketmq.common.protocol.route.TopicRouteDataTest
Running org.apache.rocketmq.common.protocol.heartbeat.SubscriptionDataTest
Tests run: 5, Failures: 0, Errors: 0, Skipped: 0, Time elapsed: 0.011 sec - in org.apache.rocketmq.common.protocol.heartbeat.SubscriptionDataTest
Running org.apache.rocketmq.common.protocol.ClusterInfoTest
Tests run: 3, Failures: 0, Errors: 0, Skipped: 0, Time elapsed: 0.008 sec - in org.apache.rocketmq.common.protocol.ClusterInfoTest
Running org.apache.rocketmq.common.protocol.QueryConsumeTimeSpanBodyTest
Tests run: 4, Failures: 0, Errors: 0, Skipped: 0, Time elapsed: 0.026 sec - in org.apache.rocketmq.common.protocol.QueryConsumeTimeSpanBodyTest
Running org.apache.rocketmq.common.protocol.topic.OffsetMovedEventTest
Tests run: 2, Failures: 0, Errors: 0, Skipped: 0, Time elapsed: 0.006 sec - in org.apache.rocketmq.common.protocol.topic.OffsetMovedEventTest
Running org.apache.rocketmq.common.protocol.NamespaceUtilTest
Tests run: 3, Failures: 0, Errors: 0, Skipped: 0, Time elapsed: 0.002 sec - in org.apache.rocketmq.common.protocol.NamespaceUtilTest
Running org.apache.rocketmq.common.protocol.body.ConsumerConnectionTest
Tests run: 2, Failures: 0, Errors: 0, Skipped: 0, Time elapsed: 0.015 sec - in org.apache.rocketmq.common.protocol.body.ConsumerConnectionTest
Running org.apache.rocketmq.common.protocol.body.ConsumerRunningInfoTest
Tests run: 4, Failures: 0, Errors: 0, Skipped: 0, Time elapsed: 0.02 sec - in org.apache.rocketmq.common.protocol.body.ConsumerRunningInfoTest
Running org.apache.rocketmq.common.protocol.body.BrokerStatsDataTest
Tests run: 1, Failures: 0, Errors: 0, Skipped: 0, Time elapsed: 0.018 sec - in org.apache.rocketmq.common.protocol.body.BrokerStatsDataTest
Running org.apache.rocketmq.common.protocol.body.ResetOffsetBodyTest
Tests run: 1, Failures: 0, Errors: 0, Skipped: 0, Time elapsed: 0.008 sec - in org.apache.rocketmq.common.protocol.body.ResetOffsetBodyTest
Running org.apache.rocketmq.common.protocol.body.SubscriptionGroupWrapperTest
Tests run: 1, Failures: 0, Errors: 0, Skipped: 0, Time elapsed: 0.026 sec - in org.apache.rocketmq.common.protocol.body.SubscriptionGroupWrapperTest
Running org.apache.rocketmq.common.protocol.body.ConsumeStatsListTest
Tests run: 1, Failures: 0, Errors: 0, Skipped: 0, Time elapsed: 0.018 sec - in org.apache.rocketmq.common.protocol.body.ConsumeStatsListTest
Running org.apache.rocketmq.common.protocol.body.KVTableTest
Tests run: 1, Failures: 0, Errors: 0, Skipped: 0, Time elapsed: 0.006 sec - in org.apache.rocketmq.common.protocol.body.KVTableTest
Running org.apache.rocketmq.common.protocol.body.ConsumeMessageDirectlyResultTest
Tests run: 1, Failures: 0, Errors: 0, Skipped: 0, Time elapsed: 0.009 sec - in org.apache.rocketmq.common.protocol.body.ConsumeMessageDirectlyResultTest
Running org.apache.rocketmq.common.protocol.body.QueryConsumeQueueResponseBodyTest
{
	"filterData":"default filter data",
	"maxQueueIndex":100,
	"minQueueIndex":1,
	"queueData":[
		{
			"bitMap":"defaultBitMap",
			"eval":false,
			"msg":"this is default msg",
			"physicOffset":10,
			"physicSize":1,
			"tagsCode":1
		}
	],
	"subscriptionData":{
		"classFilterMode":false,
		"codeSet":[],
		"expressionType":"TAG",
		"subVersion":1635731795673,
		"tagsSet":[]
	}
}
Tests run: 1, Failures: 0, Errors: 0, Skipped: 0, Time elapsed: 0.014 sec - in org.apache.rocketmq.common.protocol.body.QueryConsumeQueueResponseBodyTest
Running org.apache.rocketmq.common.protocol.body.CheckClientRequestBodyTest
Tests run: 1, Failures: 0, Errors: 0, Skipped: 0, Time elapsed: 0.005 sec - in org.apache.rocketmq.common.protocol.body.CheckClientRequestBodyTest
Running org.apache.rocketmq.common.protocol.body.QueryCorrectionOffsetBodyTest
Tests run: 1, Failures: 0, Errors: 0, Skipped: 0, Time elapsed: 0.005 sec - in org.apache.rocketmq.common.protocol.body.QueryCorrectionOffsetBodyTest
Running org.apache.rocketmq.common.MixAllTest
Tests run: 7, Failures: 0, Errors: 0, Skipped: 0, Time elapsed: 0.003 sec - in org.apache.rocketmq.common.MixAllTest
Running org.apache.rocketmq.common.topic.TopicValidatorTest
Tests run: 7, Failures: 0, Errors: 0, Skipped: 0, Time elapsed: 0.006 sec - in org.apache.rocketmq.common.topic.TopicValidatorTest
Running org.apache.rocketmq.common.DataVersionTest
Tests run: 5, Failures: 0, Errors: 0, Skipped: 0, Time elapsed: 0.001 sec - in org.apache.rocketmq.common.DataVersionTest
Running org.apache.rocketmq.common.ServiceThreadTest
Tests run: 5, Failures: 0, Errors: 0, Skipped: 0, Time elapsed: 2.017 sec - in org.apache.rocketmq.common.ServiceThreadTest
Running org.apache.rocketmq.common.MQVersionTest
Tests run: 4, Failures: 0, Errors: 0, Skipped: 0, Time elapsed: 0.013 sec - in org.apache.rocketmq.common.MQVersionTest

Results :

Tests run: 129, Failures: 0, Errors: 0, Skipped: 0

INFO: Adding excluded groups to newly created one
INFO: Creating new argline for Surefire
CONFIG: nondexFilter=.*
nondexMode=FULL
nondexSeed=1016066
nondexStart=0
nondexEnd=9223372036854775807
nondexPrintstack=false
nondexDir=/home/ch61/rocketmq/common/.nondex
nondexJarDir=/home/ch61/rocketmq/common/.nondex
nondexExecid=M6KTgZQ7wv4g8AZ08hIcuBuDXDfrvYky9Vy1cjmh+Y=
nondexLogging=CONFIG
test=

-------------------------------------------------------
 T E S T S
-------------------------------------------------------
Running org.apache.rocketmq.common.stats.StatsItemSetTest
Tests run: 3, Failures: 0, Errors: 0, Skipped: 0, Time elapsed: 3.056 sec - in org.apache.rocketmq.common.stats.StatsItemSetTest
Running org.apache.rocketmq.common.RemotingUtilTest
Tests run: 3, Failures: 0, Errors: 0, Skipped: 0, Time elapsed: 0.046 sec - in org.apache.rocketmq.common.RemotingUtilTest
Running org.apache.rocketmq.common.CountDownLatch2Test
Tests run: 5, Failures: 0, Errors: 0, Skipped: 0, Time elapsed: 0.015 sec - in org.apache.rocketmq.common.CountDownLatch2Test
Running org.apache.rocketmq.common.sysflag.PullSysFlagTest
Tests run: 2, Failures: 0, Errors: 0, Skipped: 0, Time elapsed: 0 sec - in org.apache.rocketmq.common.sysflag.PullSysFlagTest
Running org.apache.rocketmq.common.RegisterBrokerBodyTest
RocketMQLog:WARN No appenders could be found for logger (RocketmqCommon).
RocketMQLog:WARN Please initialize the logger system properly.
28861
1377910
Tests run: 1, Failures: 0, Errors: 0, Skipped: 0, Time elapsed: 0.332 sec - in org.apache.rocketmq.common.RegisterBrokerBodyTest
Running org.apache.rocketmq.common.MessageEncodeDecodeTest
Tests run: 2, Failures: 0, Errors: 0, Skipped: 0, Time elapsed: 0.014 sec - in org.apache.rocketmq.common.MessageEncodeDecodeTest
Running org.apache.rocketmq.common.message.MessageTest
Tests run: 6, Failures: 0, Errors: 0, Skipped: 0, Time elapsed: 0.001 sec - in org.apache.rocketmq.common.message.MessageTest
Running org.apache.rocketmq.common.message.MessageDecoderTest
Tests run: 5, Failures: 0, Errors: 0, Skipped: 0, Time elapsed: 0.008 sec - in org.apache.rocketmq.common.message.MessageDecoderTest
Running org.apache.rocketmq.common.message.MessageClientIDSetterTest
Tests run: 2, Failures: 0, Errors: 0, Skipped: 0, Time elapsed: 0.003 sec - in org.apache.rocketmq.common.message.MessageClientIDSetterTest
Running org.apache.rocketmq.common.UtilAllTest
Tests run: 9, Failures: 0, Errors: 0, Skipped: 0, Time elapsed: 0.006 sec - in org.apache.rocketmq.common.UtilAllTest
Running org.apache.rocketmq.common.utils.IOTinyUtilsTest
Tests run: 8, Failures: 0, Errors: 0, Skipped: 0, Time elapsed: 0.009 sec - in org.apache.rocketmq.common.utils.IOTinyUtilsTest
Running org.apache.rocketmq.common.utils.NameServerAddressUtilsTest
Tests run: 3, Failures: 0, Errors: 0, Skipped: 0, Time elapsed: 0 sec - in org.apache.rocketmq.common.utils.NameServerAddressUtilsTest
Running org.apache.rocketmq.common.BrokerConfigTest
Tests run: 2, Failures: 0, Errors: 0, Skipped: 0, Time elapsed: 0 sec - in org.apache.rocketmq.common.BrokerConfigTest
Running org.apache.rocketmq.common.admin.TopicStatsTableTest
Tests run: 2, Failures: 0, Errors: 0, Skipped: 0, Time elapsed: 0.015 sec - in org.apache.rocketmq.common.admin.TopicStatsTableTest
Running org.apache.rocketmq.common.filter.FilterAPITest
Tests run: 4, Failures: 0, Errors: 0, Skipped: 0, Time elapsed: 0.008 sec - in org.apache.rocketmq.common.filter.FilterAPITest
Running org.apache.rocketmq.common.MessageBatchTest
Tests run: 5, Failures: 0, Errors: 0, Skipped: 0, Time elapsed: 0.001 sec - in org.apache.rocketmq.common.MessageBatchTest
Running org.apache.rocketmq.common.ConfigManagerTest
Tests run: 3, Failures: 0, Errors: 0, Skipped: 0, Time elapsed: 0.003 sec - in org.apache.rocketmq.common.ConfigManagerTest
Running org.apache.rocketmq.common.protocol.ConsumeStatusTest
Tests run: 1, Failures: 0, Errors: 0, Skipped: 0, Time elapsed: 0.029 sec - in org.apache.rocketmq.common.protocol.ConsumeStatusTest
Running org.apache.rocketmq.common.protocol.GroupListTest
Tests run: 1, Failures: 0, Errors: 0, Skipped: 0, Time elapsed: 0.01 sec - in org.apache.rocketmq.common.protocol.GroupListTest
Running org.apache.rocketmq.common.protocol.route.TopicRouteDataTest
Tests run: 2, Failures: 0, Errors: 0, Skipped: 0, Time elapsed: 0.018 sec - in org.apache.rocketmq.common.protocol.route.TopicRouteDataTest
Running org.apache.rocketmq.common.protocol.heartbeat.SubscriptionDataTest
Tests run: 5, Failures: 0, Errors: 0, Skipped: 0, Time elapsed: 0.015 sec - in org.apache.rocketmq.common.protocol.heartbeat.SubscriptionDataTest
Running org.apache.rocketmq.common.protocol.ClusterInfoTest
Tests run: 3, Failures: 0, Errors: 0, Skipped: 0, Time elapsed: 0.013 sec - in org.apache.rocketmq.common.protocol.ClusterInfoTest
Running org.apache.rocketmq.common.protocol.QueryConsumeTimeSpanBodyTest
Tests run: 4, Failures: 0, Errors: 0, Skipped: 0, Time elapsed: 0.021 sec - in org.apache.rocketmq.common.protocol.QueryConsumeTimeSpanBodyTest
Running org.apache.rocketmq.common.protocol.topic.OffsetMovedEventTest
Tests run: 2, Failures: 0, Errors: 0, Skipped: 0, Time elapsed: 0.008 sec - in org.apache.rocketmq.common.protocol.topic.OffsetMovedEventTest
Running org.apache.rocketmq.common.protocol.NamespaceUtilTest
Tests run: 3, Failures: 0, Errors: 0, Skipped: 0, Time elapsed: 0.001 sec - in org.apache.rocketmq.common.protocol.NamespaceUtilTest
Running org.apache.rocketmq.common.protocol.body.ConsumerConnectionTest
Tests run: 2, Failures: 0, Errors: 0, Skipped: 0, Time elapsed: 0.023 sec - in org.apache.rocketmq.common.protocol.body.ConsumerConnectionTest
Running org.apache.rocketmq.common.protocol.body.ConsumerRunningInfoTest
Tests run: 4, Failures: 0, Errors: 0, Skipped: 0, Time elapsed: 0.037 sec - in org.apache.rocketmq.common.protocol.body.ConsumerRunningInfoTest
Running org.apache.rocketmq.common.protocol.body.BrokerStatsDataTest
Tests run: 1, Failures: 0, Errors: 0, Skipped: 0, Time elapsed: 0.018 sec - in org.apache.rocketmq.common.protocol.body.BrokerStatsDataTest
Running org.apache.rocketmq.common.protocol.body.ResetOffsetBodyTest
Tests run: 1, Failures: 0, Errors: 0, Skipped: 0, Time elapsed: 0.003 sec - in org.apache.rocketmq.common.protocol.body.ResetOffsetBodyTest
Running org.apache.rocketmq.common.protocol.body.SubscriptionGroupWrapperTest
Tests run: 1, Failures: 0, Errors: 0, Skipped: 0, Time elapsed: 0.01 sec - in org.apache.rocketmq.common.protocol.body.SubscriptionGroupWrapperTest
Running org.apache.rocketmq.common.protocol.body.ConsumeStatsListTest
Tests run: 1, Failures: 0, Errors: 0, Skipped: 0, Time elapsed: 0.011 sec - in org.apache.rocketmq.common.protocol.body.ConsumeStatsListTest
Running org.apache.rocketmq.common.protocol.body.KVTableTest
Tests run: 1, Failures: 0, Errors: 0, Skipped: 0, Time elapsed: 0.008 sec - in org.apache.rocketmq.common.protocol.body.KVTableTest
Running org.apache.rocketmq.common.protocol.body.ConsumeMessageDirectlyResultTest
Tests run: 1, Failures: 0, Errors: 0, Skipped: 0, Time elapsed: 0.014 sec - in org.apache.rocketmq.common.protocol.body.ConsumeMessageDirectlyResultTest
Running org.apache.rocketmq.common.protocol.body.QueryConsumeQueueResponseBodyTest
{
	"filterData":"default filter data",
	"maxQueueIndex":100,
	"minQueueIndex":1,
	"queueData":[
		{
			"bitMap":"defaultBitMap",
			"eval":false,
			"msg":"this is default msg",
			"physicOffset":10,
			"physicSize":1,
			"tagsCode":1
		}
	],
	"subscriptionData":{
		"classFilterMode":false,
		"codeSet":[],
		"expressionType":"TAG",
		"subVersion":1635731802174,
		"tagsSet":[]
	}
}
Tests run: 1, Failures: 0, Errors: 0, Skipped: 0, Time elapsed: 0.016 sec - in org.apache.rocketmq.common.protocol.body.QueryConsumeQueueResponseBodyTest
Running org.apache.rocketmq.common.protocol.body.CheckClientRequestBodyTest
Tests run: 1, Failures: 0, Errors: 0, Skipped: 0, Time elapsed: 0.004 sec - in org.apache.rocketmq.common.protocol.body.CheckClientRequestBodyTest
Running org.apache.rocketmq.common.protocol.body.QueryCorrectionOffsetBodyTest
Tests run: 1, Failures: 0, Errors: 0, Skipped: 0, Time elapsed: 0.004 sec - in org.apache.rocketmq.common.protocol.body.QueryCorrectionOffsetBodyTest
Running org.apache.rocketmq.common.MixAllTest
Tests run: 7, Failures: 0, Errors: 0, Skipped: 0, Time elapsed: 0.002 sec - in org.apache.rocketmq.common.MixAllTest
Running org.apache.rocketmq.common.topic.TopicValidatorTest
Tests run: 7, Failures: 0, Errors: 0, Skipped: 0, Time elapsed: 0.004 sec - in org.apache.rocketmq.common.topic.TopicValidatorTest
Running org.apache.rocketmq.common.DataVersionTest
Tests run: 5, Failures: 0, Errors: 0, Skipped: 0, Time elapsed: 0 sec - in org.apache.rocketmq.common.DataVersionTest
Running org.apache.rocketmq.common.ServiceThreadTest
Tests run: 5, Failures: 0, Errors: 0, Skipped: 0, Time elapsed: 2.002 sec - in org.apache.rocketmq.common.ServiceThreadTest
Running org.apache.rocketmq.common.MQVersionTest
Tests run: 4, Failures: 0, Errors: 0, Skipped: 0, Time elapsed: 0.014 sec - in org.apache.rocketmq.common.MQVersionTest

Results :

Tests run: 129, Failures: 0, Errors: 0, Skipped: 0

[[1;34mINFO[m] NonDex SUMMARY:
[[1;34mINFO[m] *********
[[1;34mINFO[m] mvn nondex:nondex  -DnondexFilter='.*' -DnondexMode=FULL -DnondexSeed=933178 -DnondexStart=0 -DnondexEnd=9223372036854775807 -DnondexPrintstack=false -DnondexDir="/home/ch61/rocketmq/common/.nondex" -DnondexJarDir="/home/ch61/rocketmq/common/.nondex" -DnondexExecid=uBETgzEzj2RzBDA2zWGkUM0fM8HeQ9BIQ6BDQRto19c= -DnondexLogging=CONFIG
[[1;33mWARNING[m] org.apache.rocketmq.common.filter.FilterAPITest#testBuildTagSome
[[1;34mINFO[m] *********
[[1;34mINFO[m] *********
[[1;34mINFO[m] mvn nondex:nondex  -DnondexFilter='.*' -DnondexMode=FULL -DnondexSeed=974622 -DnondexStart=0 -DnondexEnd=9223372036854775807 -DnondexPrintstack=false -DnondexDir="/home/ch61/rocketmq/common/.nondex" -DnondexJarDir="/home/ch61/rocketmq/common/.nondex" -DnondexExecid=0SX1Idv8Hkxf7KrPAOTikuMVT31c0NjJ6Yj+WNDQ2A= -DnondexLogging=CONFIG
[[1;34mINFO[m] No Test Failed with this configuration.
[[1;34mINFO[m] *********
[[1;34mINFO[m] *********
[[1;34mINFO[m] mvn nondex:nondex  -DnondexFilter='.*' -DnondexMode=FULL -DnondexSeed=1016066 -DnondexStart=0 -DnondexEnd=9223372036854775807 -DnondexPrintstack=false -DnondexDir="/home/ch61/rocketmq/common/.nondex" -DnondexJarDir="/home/ch61/rocketmq/common/.nondex" -DnondexExecid=M6KTgZQ7wv4g8AZ08hIcuBuDXDfrvYky9Vy1cjmh+Y= -DnondexLogging=CONFIG
[[1;34mINFO[m] No Test Failed with this configuration.
[[1;34mINFO[m] *********
[[1;34mINFO[m] Across all seeds:
[[1;34mINFO[m] org.apache.rocketmq.common.filter.FilterAPITest#testBuildTagSome
[[1;34mINFO[m] Test results can be found at: 
[[1;34mINFO[m] file:///home/ch61/rocketmq/common/.nondex/uBETgzEzj2RzBDA2zWGkUM0fM8HeQ9BIQ6BDQRto19c=/test_results.html
[[1;34mINFO[m] [NonDex] The id of this run is: uBETgzEzj2RzBDA2zWGkUM0fM8HeQ9BIQ6BDQRto19c=
[[1;34mINFO[m] [1m------------------------------------------------------------------------[m
[[1;34mINFO[m] [1mReactor Summary for Apache RocketMQ 4.9.3-SNAPSHOT 4.9.3-SNAPSHOT:[m
[[1;34mINFO[m] 
[[1;34mINFO[m] Apache RocketMQ 4.9.3-SNAPSHOT ..................... [1;32mSUCCESS[m [  3.848 s]
[[1;34mINFO[m] rocketmq-logging 4.9.3-SNAPSHOT .................... [1;32mSUCCESS[m [  6.549 s]
[[1;34mINFO[m] rocketmq-remoting 4.9.3-SNAPSHOT ................... [1;32mSUCCESS[m [ 36.184 s]
[[1;34mINFO[m] rocketmq-common 4.9.3-SNAPSHOT ..................... [1;31mFAILURE[m [ 25.324 s]
[[1;34mINFO[m] rocketmq-client 4.9.3-SNAPSHOT ..................... [1;33mSKIPPED[m
[[1;34mINFO[m] rocketmq-store 4.9.3-SNAPSHOT ...................... [1;33mSKIPPED[m
[[1;34mINFO[m] rocketmq-srvutil 4.9.3-SNAPSHOT .................... [1;33mSKIPPED[m
[[1;34mINFO[m] rocketmq-filter 4.9.3-SNAPSHOT ..................... [1;33mSKIPPED[m
[[1;34mINFO[m] rocketmq-acl 4.9.3-SNAPSHOT ........................ [1;33mSKIPPED[m
[[1;34mINFO[m] rocketmq-broker 4.9.3-SNAPSHOT ..................... [1;33mSKIPPED[m
[[1;34mINFO[m] rocketmq-tools 4.9.3-SNAPSHOT ...................... [1;33mSKIPPED[m
[[1;34mINFO[m] rocketmq-namesrv 4.9.3-SNAPSHOT .................... [1;33mSKIPPED[m
[[1;34mINFO[m] rocketmq-logappender 4.9.3-SNAPSHOT ................ [1;33mSKIPPED[m
[[1;34mINFO[m] rocketmq-test 4.9.3-SNAPSHOT ....................... [1;33mSKIPPED[m
[[1;34mINFO[m] rocketmq-distribution 4.9.3-SNAPSHOT ............... [1;33mSKIPPED[m
[[1;34mINFO[m] rocketmq-openmessaging 4.9.3-SNAPSHOT .............. [1;33mSKIPPED[m
[[1;34mINFO[m] rocketmq-example 4.9.3-SNAPSHOT .................... [1;33mSKIPPED[m
[[1;34mINFO[m] [1m------------------------------------------------------------------------[m
[[1;34mINFO[m] [1;31mBUILD FAILURE[m
[[1;34mINFO[m] [1m------------------------------------------------------------------------[m
[[1;34mINFO[m] Total time:  01:13 min
[[1;34mINFO[m] Finished at: 2021-10-31T20:56:44-05:00
[[1;34mINFO[m] [1m------------------------------------------------------------------------[m
[[1;31mERROR[m] Failed to execute goal [32medu.illinois:nondex-maven-plugin:1.1.2:nondex[m [1m(default-cli)[m on project [36mrocketmq-common[m: [1;31mUnable to execute mojo[m: There are test failures.
[[1;31mERROR[m] 
[[1;31mERROR[m] Please refer to /home/ch61/rocketmq/common/.nondex/uBETgzEzj2RzBDA2zWGkUM0fM8HeQ9BIQ6BDQRto19c= for the individual test results.
[[1;31mERROR[m] -> [1m[Help 1][m
[[1;31mERROR[m] 
[[1;31mERROR[m] To see the full stack trace of the errors, re-run Maven with the [1m-e[m switch.
[[1;31mERROR[m] Re-run Maven using the [1m-X[m switch to enable full debug logging.
[[1;31mERROR[m] 
[[1;31mERROR[m] For more information about the errors and possible solutions, please read the following articles:
[[1;31mERROR[m] [1m[Help 1][m http://cwiki.apache.org/confluence/display/MAVEN/MojoExecutionException
[[1;31mERROR[m] 
[[1;31mERROR[m] After correcting the problems, you can resume the build with the command
[[1;31mERROR[m]   [1mmvn <goals> -rf :rocketmq-common[m
